25087
28397
9108
23867
11174
1973
12613
80
24878
259
5352
3839
3992
20644
22183
29724
11377
13249
9623
11957
21927
16225
13875
1709
17307
23087
25866
29863
8567
894
29108
16677
16322
2954
26122
7921
21810
8448
32151
17597
16833
22465
8521
18950
2050
3299
19308
19262
28854
19449
26585
6441
3227
6549
1131
30600
2180
18187
26035
12021
1966
13175
21485
30222
30802
7681
13362
30165
5751
27999
16879
27991
4362
4252
31893
14476
1328
23832
7570
15999
17371
3537
10881
2734
5532
18400
30621
5556
28856
18503
11900
293
21885
7913
11514
19130
17622
6874
20595
15022
1310
19417
309
4455
10546
15643
4660
14425
3530
19787
18688
31272
16649
18382
8693
1548
2130
9035
9393
17018
30814
2411
23756
13057
21387
3037
19139
30066
8823
10910
24884
6723
15054
3959
25169
23605
10336
8903
12687
31541
11383
23938
28062
16000
18279
31866
26270
25099
102
30941
17552
29474
24478
27135
29194
24655
20097
13402
7983
16509
21085
10708
28895
5469
21808
32576
12331
3337
28861
15142
3596
1768
28639
455
20308
24529
31262
25180
29924
18803
7552
2463
13344
12532
10913
32140
21408
30936
5894
18025
16424
2597
22959
10500
28123
196
30187
22076
22955
30507
10353
13250
16148
13625
27307
8737
22026
18017
16469
25596
11568
15115
839
2711
29770
6455
8591
2970
19189
16484
451
25617
26518
17584
406
27830
10896
1344
17064
17267
29114
482
14755
28195
16400
13297
13187
6809
3496
28282
17717
8163
21480
2460
22884
9423
10743
23861
20624
4015
1393
20155
26464
9050
29535
30311
22329
28019
23910
8089
25871
27118
12094
10360
21115
32719
28774
1240
25870
15157
9750
26722
30694
26776
4470
23534
19326
30031
7693
16948
1994
14677
5244
4004
9348
3660
25964
14738
11201
22466
8389
8342
2759
24756
27936
31283
25890
12880
4992
32182
7669
18431
29500
22625
2959
17571
29248
11465
2366
3357
15734
8573
23400
27667
28030
17128
6615
8944
25509
15481
5205
3116
29461
11521
25977
13005
10825
6748
10176
814
20676
18515
223
30975
27907
30401
30552
28301
26288
19189
17996
28995
6424
26712
9104
16241
27103
31823
11267
21325
14322
16739
27166
7992
14014
15776
10956
24386
2464
16442
5244
9199
13212
25207
13429
31292
12113
4040
30314
21725
17196
22841
14927
6857
26077
6156
31851
32504
18183
9121
17325
1387
20540
7834
19011
22894
12840
7996
5225
22810
21004
14103
27007
31261
11119
7657
25439
27582
31248
960
2029
6683
16414
20063
8432
30389
31915
17891
17952
10799
9823
29862
19839
4947
15977
15972
5613
14166
4027
29340
24567
1885
28279
24121
10481
7999
2980
8306
15428
24973
12582
18159
28424
5328
31213
29997
14806
26129
23148
6947
9431
29855
3405
32550
14881
19212
14435
7946
29252
27001
24032
11402
20255
17683
28104
10473
6393
24798
2981
25562
29133
25522
23677
24990
13028
20355
28929
27756
18601
15845
8199
21781
186
17870
25914
9960
32315
28318
6160
21203
18543
21598
3837
5580
10121
24901
743
7791
17343
16513
18137
13801
15009
28212
10235
28692
7849
2236
2498
9955
5395
18231
4708
17665
1518
14662
31631
9141
4724
13330
23386
9
17815
4237
31100
19243
13020
7931
1211
23059
30572
29616
15528
14438
20841
28955
25482
8859
16766
13059
3224
27484
27322
16145
6763
20527
9374
7823
434
341
29556
17775
9256
24818
23267
27279
22467
15727
16065
13627
28206
2845
17960
25588
20602
24859
29900
20591
785
15737
28299
29921
9707
21661
6470
22138
17668
28646
4336
31023
3341
8080
8676
16573
14433
17368
15740
25323
18492
12640
7391
20239
24103
29908
1562
11987
18871
31182
26483
25657
7799
6391
15609
10461
26147
20848
29792
12923
17175
12656
17164
176
5894
12846
8812
14341
495
2817
26249
11817
19789
16325
8927
2942
6031
28290
20843
9687
21447
8264
28677
30849
29094
8541
2032
23936
16808
9371
21424
27674
27020
13843
30491
8346
32007
16630
32179
12622
3769
11446
4915
13522
19808
21864
10856
32144
332
25453
1602
20104
32275
18001
22827
19789
23685
22259
28311
21840
4322
25830
4829
4193
12619
13080
11589
30835
119
10161
16482
9888
4263
13118
17570
4973
4828
13071
4387
11342
9799
21213
18120
25197
15361
12721
29069
5799
25340
19968
21527
1751
4154
32027
4496
8280
14140
29127
10673
23493
18110
5671
31520
1539
23969
15587
16381
6786
19497
28035
14519
4799
13672
20508
31013
20238
25850
31791
3026
31894
11507
11982
24472
7325
24598
11264
13168
4358
15432
20327
29832
21015
22852
4128
17046
12672
28559
31723
3693
20121
2991
28044
1741
8172
408
625
18304
13811
13415
5012
32418
6947
1618
13731
31809
29993
1247
1119
24614
19315
9557
15682
23025
5874
9584
28004
12140
32542
25689
13983
32025
26683
18389
28657
25869
14043
445
9507
8193
27813
18862
14760
9383
596
24321
13000
22842
8963
26366
27902
857
11431
31564
16542
27157
6621
31916
22970
24137
14566
32232
18247
7466
21487
23301
1404
16670
11926
20672
1915
13522
31915
10297
1075
23686
13875
19177
2693
27052
27827
21209
8357
3250
1451
27414
29380
31004
32352
5216
21740
28629
7390
8738
7211
17351
12862
935
4851
3241
21029
11658
3265
31768
9101
14190
23805
2282
11976
496
13601
25791
19649
30938
11806
28632
7046
17817
252
7981
7171
1522
12992
2233
23824
23280
14226
2585
22447
25633
20767
15701
24718
31490
11325
12286
21204
17079
461
4217
22554
24575
16102
17818
29110
28008
30768
9333
10048
32703
11405
14448
32335
20171
6911
20893
8068
22075
12230
19783
19658
732
19656
19659
3291
16399
28982
20137
12295
31099
1133
24027
4657
25855
18458
19302
15898
10474
13730
9774
21986
12911
19137
25870
25803
20563
2417
30504
32321
26089
12045
11898
19991
19008
26294
14515
32276
10139
31478
6724
5294
28449
19107
24505
12565
13526
1286
31050
18547
1994
28989
29869
18546
6801
17630
2351
17152
20466
19933
10755
1871
32739
29616
4826
19487
2230
21424
692
20287
141
31939
6389
3665
6931
3640
2235
31951
5998
15858
5743
23371
19055
2505
5018
5115
6412
6189
19706
16500
30481
3084
7894
15542
15890
20470
9102
27497
28836
7296
12406
3942
15821
15846
5348
24185
22712
23796
20360
12645
30893
20262
11772
29993
5441
12814
2716
16770
13002
22006
7320
14513
21270
15303
3656
5246
24157
10793
19903
1149
6259
7660
19362
16784
30274
6567
7227
31405
26488
6302
11977
32482
26749
10473
3866
18582
28840
28883
25948
19985
4274
9089
10289
15167
21867
10452
13569
30896
17067
31887
17044
9188
31372
2237
25056
23750
25814
32589
287
3190
27323
30464
9509
2379
6853
20357
19697
15385
18700
8418
13186
10927
32684
14869
25580
2980
21366
29435
21418
18260
28902
21874
30518
2597
30037
25018
1239
19471
26736
29218
22970
29019
27113
480
13637
26794
26477
23360
16040
27194
28373
28929
2229
15461
28832
26363
2033
8554
1697
3590
12011
21104
4853
22296
9420
11208
19256
429
18992
28275
1016
2412
52
15076
20586
5895
26064
10502
19036
30819
32616
8577
5739
25593
31901
23610
30838
2940
4201
10264
3155
16827
3947
24590
30400
14282
18559
12630
8860
5468
19346
5882
24151
28788
4789
11929
28071
26685
16751
19048
25468
26421
28248
25719
22583
20625
10979
22326
20502
7390
15740
32567
26099
10724
16851
10805
3631
16847
9079
30550
1513
7569
9894
3245
17011
26242
29540
17923
29958
31561
22218
16599
30388
31744
11937
27043
12447
24979
13103
28257
21609
9321
4945
14926
30955
13895
5834
24302
28458
21361
15067
3664
25478
28434
32020
2707
7989
16093
18537
11945
32240
10741
14472
29787
27628
7946
10090
7053
12
5573
14632
22212
1621
16231
23057
8421
3746
10925
25337
8256
21401
24310
22483
15052
3549
12967
29827
16308
1925
24783
31725
18963
974
8711
32082
16636
20236
19613
988
6334
2791
16369
25719
14694
2755
7966
7651
11909
21632
7901
32519
1075
6500
27303
1929
30035
15189
25882
13979
20249
12876
18334
15384
11722
26118
25928
16335
30403
20477
5375
13087
13245
31126
1757
24772
13135
10908
2263
12016
4788
23533
32417
18333
5327
17011
4300
6946
27244
1622
22322
28933
20425
31344
659
31505
9045
26626
18816
7848
22967
17061
7288
26714
29458
22659
25938
23990
21896
21190
21978
8543
12541
6737
2495
7523
20509
29870
32685
10185
31392
27976
11702
21865
19660
24283
13558
28417
10300
12584
30839
15492
8673
7917
6994
6837
4422
6164
10775
3829
9496
5163
29551
19801
8421
26900
21504
25856
10276
31230
31121
1700
14966
21140
24943
6510
17707
627
5647
4623
28168
19682
28660
16396
31559
189
24019
1369
31968
3251
30710
11306
6919
9138
25310
20230
11766
1438
17708
1821
748
16457
21698
21723
29302
31904
16165
30397
11245
11298
28965
8804
23104
10903
449
21480
1523
10238
17477
10094
22632
28359
17845
28925
9310
23106
14702
1677
22455
4440
6411
28769
14974
22905
31622
29591
7976
5589
26527
11006
26650
18127
9602
8743
1644
7598
21412
9919
21997
30870
17134
17435
31335
23224
24093
7445
8740
13509
8297
6167
20912
4520
24420
4469
7393
31604
27686
2048
28949
11419
20391
30680
21691
24930
9836
22401
16405
23953
24422
27449
29499
31343
25111
25225
28004
20717
24566
29723
26977
21538
21781
27595
874
28663
31745
24320
27677
36
14569
31549
19652
13147
16387
8947
16599
11970
31532
19610
2242
1447
29391
22527
23015
22896
15879
19936
28647
13776
15880
15798
17181
32065
10427
11730
2156
31150
9896
20907
24123
25967
2073
31351
19133
123
21884
30200
28534
1497
16138
20377
5627
5464
12198
10169
31225
25984
1800
5447
29816
20936
16154
17807
27745
6410
162
20051
12350
24627
27426
26142
7490
19775
5116
30421
14217
20069
218
16015
6048
24974
8525
29350
20808
28684
2997
6415
14199
4745
352
3046
8608
20797
32246
23373
5684
13413
22036
375
32361
14576
10551
7424
18234
32123
10972
9600
5039
15231
1765
20063
25694
24777
25919
3051
22578
23851
20674
28327
27243
30834
1368
18662
20966
17559
26978
21145
26015
58
13911
16230
10868
32075
5294
31482
28204
24587
12031
32671
5047
18995
101
31505
29879
18034
25126
13709
31808
2077
7318
28460
24284
21283
32568
10095
5075
8255
17447
795
29609
20849
17076
17479
8167
2734
13649
2227
6175
727
5806
16987
8234
24808
23073
7756
23476
31090
843
19895
17147
75
24825
25924
21715
643
28488
18088
10734
15515
9485
18554
19802
8434
12403
4162
32331
8832
26342
21204
16155
6086
27696
28380
21903
18949
21730
5561
8284
1199
18422
30351
26089
14619
25522
8087
87
2684
27088
2490
2751
22036
30427
607
29626
2981
18652
26497
6439
27177
22838
27140
20776
29890
19919
19017
1134
13300
1392
17152
15799
5906
17263
5693
21140
2550
16011
28878
2416
4853
5911
6093
24782
3347
30811
5233
23506
21106
26935
21033
30723
27409
4105
25324
12367
5043
28113
24010
12624
12572
21651
3016
8909
899
7421
22250
10884
11845
24394
12177
3110
26583
13158
23559
2724
26110
15443
26201
28329
23106
715
7269
22119
4768
25383
22067
12951
4735
4735
30345
5307
14309
32531
22969
12967
16619
4073
9918
17215
17774
1976
13959
6274
30984
3845
1427
6856
18750
10636
25534
2375
11259
6881
22107
9180
12862
32343
24706
8713
13071
5665
9643
6970
8887
5559
6780
17484
27184
27516
14304
9807
21211
19869
25689
12939
23153
3644
1943
22466
828
31438
31817
31925
29831
19137
21555
1001
32595
24930
8833
15531
23371
26367
16475
25938
12282
32072
16313
8900
15932
4859
121
4412
15858
6849
7087
21066
17402
10579
6460
15387
17503
16096
9122
3578
1228
16307
11798
19991
4935
24593
16599
13447
5403
1888
24511
18317
534
28303
16151
3352
8181
32177
15024
30092
21021
11499
17199
25541
4492
27793
13737
30298
8462
22668
20848
30238
20916
15103
16428
3565
27522
8746
25645
12197
3688
3470
24831
19058
8052
30289
4671
13903
5701
14053
25774
30921
16067
5605
17796
18182
17165
30783
7175
26887
4531
32408
347
25130
29734
4588
10908
755
26988
9077
14634
18443
6424
9167
25924
10889
29306
30041
14041
17777
19475
24030
16538
29818
5963
15221
4436
20501
31847
165
20349
10922
29365
15309
13069
29477
10505
11715
20879
8369
21101
13244
28791
3011
11029
2156
20918
22619
18833
8302
11916
21895
4166
9701
21661
30248
21279
22372
6472
18168
1408
19979
5940
1484
1148
28403
27179
15895
20807
3021
23852
3760
20462
30405
16059
31957
24133
3501
20348
30831
22305
87
32512
30103
21960
22082
27359
16218
19878
30585
21511
26553
19010
15545
32339
30964
27504
19154
11872
19465
29127
15695
14748
10359
28501
25689
23711
4423
28818
6617
19391
25421
12691
29149
12766
10412
13184
19005
4487
17816
17992
32126
15418
25184
23187
15606
21507
13995
12281
22065
2897
6657
13169
26516
5894
32142
8716
18496
1739
13091
17379
10042
30630
9598
21325
9672
21710
26059
25686
28958
6846
12907
24685
7993
20616
23283
27229
21260
11116
9592
15999
27610
4265
6410
25389
17379
27027
20862
15737
16962
32230
16497
24095
17430
18522
32649
6841
8416
31095
6142
18226
20012
7339
25433
9085
26228
5018
27004
20871
5953
23477
24547
26474
14995
21006
11817
29155
8067
26986
7118
31494
17959
1688
2871
26928
4790
30466
26102
19006
15340
13698
7756
24316
30896
29047
27116
31456
12533
3095
6658
3065
13790
7
13428
24354
17701
26409
12904
29819
23485
4789
2054
30746
7094
27019
22911
13053
18786
199
334
2115
9142
8854
19390
21148
7154
14153
2988
13823
12421
17576
27790
14747
28458
30601
9652
15887
25176
27553
29390
9181
28121
9625
30127
13852
24248
29540
25936
11630
12897
9937
11800
24370
22788
24156
26458
27899
30522
20554
16928
2112
27371
19445
21799
7765
5999
25956
27178
153
15603
32542
12387
23794
24351
9792
30800
6774
32502
29902
23731
28267
11261
28231
31964
15730
12447
2684
11306
7423
24016
25249
15056
2316
14833
13477
15317
8719
5875
12479
27743
1833
21440
17738
8240
8352
19670
23762
22385
28303
16437
17007
25006
12252
10364
8273
12835
30059
21327
19613
18742
30097
14075
22648
22340
13260
19293
5472
31904
20657
27136
1219
19161
5669
31109
26058
27452
5072
26696
21878
3738
24527
14912
13551
2636
20393
11815
18969
18035
15749
15835
20071
24964
11674
32261
24564
11525
26598
8440
2256
26513
23075
8412
20631
22562
22007
21771
3145
11920
32619
30395
24661
19796
32670
22750
10487
24722
20411
22342
15556
26199
12328
16653
15748
3103
8192
16948
27455
1434
26820
4234
11675
16559
4685
24527
18277
6850
21253
24858
26733
31538
20567
20856
4503
30502
17252
23510
32559
25226
22008
21025
3453
29268
19388
427
19353
21516
19373
9937
12417
24203
24012
17371
9833
16387
28951
24355
24658
19775
32185
27770
11742
22060
6014
26055
16739
9113
1161
22257
7230
571
11337
24831
5482
32500
29353
30846
11857
14420
21383
25379
10721
26977
21096
14514
6627
4499
4714
27422
22152
24099
10874
6642
5189
14470
2502
13551
3041
7732
117
12791
26829
9645
16534
23082
29107
21694
27479
29262
8017
11264
32376
17012
5512
2979
13823
16600
12976
21865
13868
25610
10543
28661
4527
24651
22346
3910
25
21562
20795
26239
22673
10416
20867
9961
9416
10216
897
28730
24623
4067
23620
5656
14183
9226
30110
24281
23544
534
8057
8077
16455
15917
7022
22846
20418
2637
13972
15222
30558
27886
13718
