96771331453
147689734444
82082279111
221777723131
13280788678
30582891520
46538493292
18702490888
57618414953
10512407663
31718853042
85157280745
162537728472
118623183605
2555649118
9251282875
2900738130
29898910555
14988454162
50779120283
153586351793
126933438225
3665241189
41928191514
117315050167
12678976857
17212300235
8989079534
648961593
6942242193
160086307083
155924190010
3050950041
13262118042
153211376976
104479443663
108966804096
44257588050
42251019223
56099049906
36008590396
100407435447
55433735237
88621058900
617692868
10750824696
87811979817
59968998411
50838540701
91733668344
56783554954
25544552951
73040361938
47643579370
3717752175
76943924597
6421390946
667778151
42897145189
67610728368
25056311258
20731805926
14398973497
655531317
20232693359
28232586832
1644711871
6052138117
9615876072
7702686446
21216386191
38390480926
55958364764
10628249560
11210773582
63749209690
4568394667
3260032521
9582425738
15776133090
34676726909
23249308131
804456527
8245326862
1003114386
12845558005
2048254699
10491217091
46235142524
1764119564
5497661734
9584153336
402512302
1101356835
3644501822
44291749402
6263054713
23423158069
702088853
32312905888
7901963988
545985974
29406881603
20272848051
4246504209
1255758829
12867488516
2338245993
1501039
5929782253
1813793569
185770622
2912558006
17455362967
15597357016
4757464843
72416976
71230204324
6309352
7473631831
6288907900
2151280075
230510498
800019686
25376898
5382391643
6063266774
2895260931
283566562
953413372
5583831553
16325782822
4543420227
1545159495
1257913562
6724760846
5572536334
4660812693
3275655465
4825575565
15879913514
224438903
7680953021
2296365727
1620210111
3524758906
3923781770
31295877232
10039111544
499042920
2626496279
51172158465
22723884220
37742388223
1415667324
15838364972
16939010849
12744356398
8170047870
857283176
4446433835
14823720024
11934278101
386872846
2648156487
16412939864
12917506500
12843495032
3840703832
7630161347
60342398893
2837643589
5106473516
65135451584
6105306738
70408784
5943208836
5759645267
3654809159
9343025691
857956763
31449078627
24065590233
18392127509
69321595024
655292595
19038919150
17659924167
9547787008
75762138800
16160346051
267755006
19079109017
250102530
43860995
24908175368
6002713779
71394861510
13581537395
2060732474
8316750186
2171995088
15535408636
339034215
3771119748
6389041831
15649667110
5112560520
22795590466
14627835307
2062672089
18260072075
15085875795
3119983930
3883601550
5825724033
4961111259
4442245253
31216433025
4080728221
2409340301
4009672665
460505770
233121215
6343865416
11634681711
1194124068
11414278440
3132489153
593737783
526253135
2983562996
69246176760
27320892296
106628690
17889463432
20983571830
25099601
5714242218
1832192297
56642852
1478564624
11397109050
6039684475
1278814134
2205304581
3509400803
4585050962
2081339931
1302405792
3236415007
40849561192
30946103654
2661426192
2604696459
9037824804
4885646400
4991044365
7460082295
1513989905
31752379264
760080289
4543289126
7656000357
9097720375
102039336
42809435447
12375525731
2728677689
7706371535
4851629772
29706618504
4310154037
7097642716
27397363232
1025457139
4559033654
3224304637
85319281
1403201688
856502233
2950857413
8800324282
2585952101
578494457
439460377
23464312193
304407865
3850451419
28230619900
3282531049
1831466974
6096286215
9513008905
22856154905
494945533
1913845323
5005854065
9493800949
2464526895
374880891
2066478957
3261274364
1337264737
661440101
8585676
2161284346
2258453418
7223106599
2056063126
527192046
6254489891
3417970023
4648993492
1222454031
109324738
6254217202
65853555
1456871868
4399383617
4597149478
5748996177
4320105874
14308167681
9934385015
8234303681
2223446008
8679220868
2418795894
1210294109
250772219
2541877609
2083902944
963824934
40383235
18856987997
12945937878
4956140705
1783438957
3735038850
2898157307
7518043174
1584876060
327908918
6572669993
6102353864
10716053495
1398793878
346750220
5297022076
1699793703
2174642885
11222053072
10424194140
1281534741
1381916828
623508096
3103749858
6760595156
8295681710
1836090957
828153864
4418036514
7595684243
6785422486
8949250586
6280164246
21784084284
135366338
2110948099
4274083044
2773808962
7119208412
8389355
4011514912
10693765961
2276314105
4002127018
10606550291
173243392
1439161827
10377580108
46957159
3605873472
4721302033
3377467611
3471600747
6834473413
613296689
13949199381
2224618596
7421666697
1257051614
3685657950
2334400257
3929959790
892911596
7914575285
6144973457
3469910752
2591144324
4496865513
4114723692
582690914
5141634951
3906719396
1727625163
5969127012
1727078762
9317341591
1851814656
277649720
7101627234
316918494
153266891
1691631738
6506500746
104968263
61764267
2323338573
3756205823
2544636385
5301683545
25007879
684590149
9271680107
6804849146
9913692
633039678
1305162517
2133969340
2356589408
13011240825
2137297997
477426159
5460181949
3074141370
1776039541
2713506227
87065045
1009076617
291123529
4869043994
3400345014
10111852603
7096948130
3149777723
4497994988
5102755968
8631953342
406592001
1670836113
321663575
1721132428
1487863714
280874431
4760916333
634227186
162978760
1654609066
4136869634
12341288754
184529979
2987135285
233913182
595391897
702206290
1892595406
307826979
7202075251
607302310
2103861130
50175891
534655739
376360866
1963809867
18737222
3360427512
2285838181
98001015
2647245903
2367987731
4647665659
5385542402
2802193309
232830494
599352067
396081351
5458968795
4963751532
7358059856
1619193828
1828382
181856596
1851005937
3298370672
2838533022
4548921562
31845558
3934785558
1529503885
3929078401
2068170547
217649619
5922330655
3997435682
2071777094
858875500
7363141543
1247003131
1930616319
1717885516
28411771
5282242509
3034423707
1090779662
3792333597
4567516790
480921537
1859920582
282246056
6585025489
3464713141
825606015
3155892137
1797953529
4596110651
24850495803
4714909339
3641289333
16141345
3520576147
9118199015
22677691246
656357634
551513461
3533592495
3271119464
1555338946
372497584
4125350668
918584681
5076615872
2643943494
2652375811
771463947
887502882
4930561161
828981194
7391677076
1240118210
3829038072
7602833652
2809654090
3743132852
356822945
34866408
301187101
10845844669
3396700536
2351116725
1497333513
2102515803
1118026191
2732520638
349067045
643682367
546164851
5896634432
279168813
9084993875
3344070700
10328475
1782458720
19329944340
2395236545
3062091546
4692891201
3185477544
268598951
23557675122
2211567236
4173592835
6490935520
68504611
24451398943
119686121
1214269059
1426016546
6959478964
10955023204
3330356210
4234189184
511411949
2274825962
4034752486
549172248
4940617830
4992765027
376759047
9149595365
7455076275
142270220
12370833462
303678677
5873900944
6592791946
186468630
1801542193
890543939
648952733
3604793747
2858699804
336042735
5898691136
2007983522
1942459317
3653910213
1748505986
820475332
40005601
840406555
4548255064
560078932
3873243383
6075458980
1739560377
3768298929
669442082
2354082051
3275926886
729507830
3907466992
1466334034
444211392
120333572
544009355
3718016108
831321619
5460842394
205372453
453439247
768852153
2414338556
1817889361
1548755387
3245939008
9155596582
536798443
291418168
3243090190
2050233233
41929768
94019187
15281698245
382704484
3036417183
2918016286
2230471442
671293347
3328722237
184704525
1113638386
166757963
3889406868
4442548981
3402687694
4482424497
211710913
7722922135
1497441172
560214032
6540879036
4860577085
3039675881
640379953
1440149552
14313821388
3688338298
2795457392
50333987
330808529
563991491
4637060205
3748466166
5281402725
4179678454
344461367
1208894896
916454210
3365665798
366815962
1406398297
14012124485
4738276117
362812301
1017112027
2559836935
11551062198
191945462
52171357
2326602808
1336730495
13197310197
159976071
584380022
1248175124
3633156783
2139802815
6699839802
953011555
2110085793
2237373620
884371714
16075514886
838353504
433838524
789474522
645267958
19258661086
5774198070
5204501681
1882829529
8951150988
4517423981
202557238
2423064053
2176970541
2718302410
79317306
342642163
110856715
493902834
1108041459
2516300663
1539914390
439205131
281391854
3038109264
288332860
2458463818
11212196197
1137938035
1405597962
64688718
9094415867
2077888180
15643709257
416131870
540121875
1899126793
123532512
129471371
6756156199
8208814
243479667
1123653415
881435680
1619745887
971982621
60574603
15347278987
4486925256
4597490084
103571778
2732498038
1131333216
2713960400
3579675550
6535857379
685549836
280623686
776727434
1856995693
39216487
15149873703
57888679
4167766272
1830915430
20296333749
453403365
4388743904
2498255034
1872777718
4268052254
468284066
792398668
2416037282
10356980391
657138386
3837267625
645315862
4097547669
2700307124
7545298239
3710756334
