47894377504
2924916085
7647911019
4544674961
44602909620
96317232920
4508675704
1252558526
32720876677
3911098825
56409155293
77338188253
170079477
2309785732
2164309512
16529122365
21404946985
31289527676
26491118613
10233346003
8707824529
2205296231
14775299440
11969999043
3199570231
4437287150
8825620268
14607724574
222008835
1307990400
3093552722
10759459648
5944902082
11777776860
14017056518
2272642969
12198797655
27470229990
7764100052
2341816153
315976681
2486795256
250310216
8936734204
7961800430
11568157123
1412796333
6310299620
5181347881
3584096965
6585371740
3040830014
38590847017
8911051165
1597721424
20210280723
464240406
10766101856
15230888724
4124857773
6523526358
1438224711
2955100275
1278186221
10964993858
8296440449
7523119332
1282995410
4230354363
19145014816
1139887960
4272775983
7378957933
1286012325
8923111485
5349198379
9926480410
3856292342
12254674991
3887226777
3854353804
52519882125
524238596
1933334668
1717480948
873212645
58264645243
43638558471
14216307390
10058327152
2750143876
522869205
7867356737
3455824623
10891284688
8890535995
36541288192
7483508768
7424128426
19098976808
3526860250
50440026
11267646121
12072858591
50966293487
4130588093
16836978757
21467081032
366483488
4280830746
1612902207
15325591050
1513417735
4816019648
13910998418
27078389828
3468429814
6968368291
3492028755
6041419984
3433728665
3415869934
47371630651
5200512063
774977925
1593231700
8687049922
15706027330
17186267387
2785633652
11434801508
1108659558
19283949720
2363586959
4724450881
42474999743
4223324366
4933347532
937569788
9682554360
4744407698
2179561042
12960995286
5879138473
2309614418
3463605823
6308369338
4107258265
3907551161
4885167808
10328456991
6346202778
25894300846
638731453
8983253330
270908522
6487411092
717600599
7424988466
2269542080
9511984922
3472648945
1465083709
13228141866
835549381
877451682
63750546
5831482632
5467696408
2887156299
3101251068
340754396
4707013910
974302255
6801173855
507220223
2434092157
2498305928
218127601
794679217
3312362994
506210139
18805447481
2738113525
207844388
12484701514
2646166959
5361969684
81734527
5838156976
7367308958
3308029466
9014224315
1423818752
2216418067
4230702819
4782205879
10872563
7491315351
4605016883
783662341
6370311668
30542069
5952439049
58422345
1431769274
1664857483
1124305950
2850943629
783839815
4551314210
6611563886
13067809349
3017110938
3445793602
4353656463
7015697688
377256610
6459122133
7749414918
7886610009
4333028574
8100523335
12501224096
8696710509
14091533873
11783577974
439544673
159518652
5822764055
4591448918
4609993385
8799218
6522675490
56565881
3490348633
4374023260
12539867
2012644368
4645007892
6637296842
8023891898
2162015110
10589338886
813287882
1567528026
5818203733
4970908847
333216492
2870733810
3518386927
2264249814
2764792592
7327794434
799373404
4487657833
808657680
6531927144
14762826533
9606533588
47098123
2832339262
21779770971
5115718766
177176376
8438711818
12065265522
8854045066
417808948
2270258996
62714838
5658513745
12058767323
676757715
8213998311
8964003567
9376546393
584894885
6126292264
5743605878
119066486
24921062
6112759554
60497035
1407153870
3182526601
1934715138
2900679063
6015552169
7219200966
579083667
4285560412
331478412
2436051348
630856313
211108641
7142917528
4874213223
1640285175
7007950220
2366187449
1941350187
5107819335
3285149856
55750393
8509498575
1199499668
2447395363
367289490
3268962757
3489005621
1934698675
4333651686
1485856774
7942796193
1026764966
323135202
8490588282
7182090135
502478964
3889642901
562489886
3470007941
444455979
1535616682
5299006777
7340368248
5695600839
2707643121
58964721
6411476288
327342571
1277056
4125812183
824044969
9634132952
6193048589
5854702155
6319833457
1124559022
1636969877
1900560529
4129734578
5724849769
1215250250
3582500266
9038326854
3126963770
9874275281
5818886695
4940988235
5671336355
7179819707
790900944
4415695386
1088945661
654166059
1092058469
1518279219
4546985545
196675258
3609515717
2113558317
135960917
521879870
1666966119
944896178
32463874
4116211481
971289704
132356112
1693286243
1194391311
583516423
2544916852
1469396675
5258050958
439479186
707494316
176858595
1627308757
126951851
3010822505
872471998
2303280407
38698839
4332178368
3053012
69776210
6632129263
2690025071
111076218
222533
1865297012
1460359551
1652827432
1001522419
241252878
302177065
1292187
3965362293
1784023310
739122798
1286722963
954867461
1740042330
1540229387
1910976345
1724951601
1676985355
11887640
560929444
410869232
26424136
968114082
3355488201
625970136
1319599105
459341302
1010829871
3712523516
425903490
168067692
790848990
7285869348
3986960001
32349481
3901949711
936675315
2551129577
68810924
30184171
3578585901
870947779
33374003
3449119318
854412874
1368879883
1279285949
1335691099
836912351
54261283
1661560713
1118188037
677832518
3601287154
499512657
202359329
3188617793
881673728
151158375
108334459
747140021
1606245844
4343274291
1295500574
533123051
3610893847
23709225
20836591
1075906213
4769096796
238783579
2707599599
68691073
5009389937
3927959099
3636471450
87507804
1038148624
1532298056
1499914497
110285893
1355395261
1035237805
4341784276
267639947
40666599
134686468
356971756
1924138706
3299655362
2780489869
547413506
1655946861
89488339
3823568367
1067116481
264657420
4105541375
768484081
305341083
10357469
3263390929
195364641
2170681378
1901566782
739430900
1234572846
1008337147
1769972
3487827873
220213794
762950000
4678910827
3596625426
4346938553
2301246500
1281054607
73174640
3933522185
2232100098
2045539456
760675481
2483387886
760768138
654562733
2952994137
1391393801
3141749092
2021174978
3785001
1183592831
355160188
5169567396
2980147701
112721564
881673728
1330014820
4475025217
62696166
7570890
138920515
2918289857
235857318
460224732
3533676152
2197390724
1573524588
3902790841
2899489332
3350015294
4532862261
2942334583
1237461845
114842452
456798252
79389800
107515402
1155273482
2196157657
2757323874
188257196
166910951
287366770
3357491694
978807567
4420699008
651167294
762184087
2459503871
204946976
5494016113
1862576175
1122863414
33633593
401485601
2160415297
2745433511
334266221
1975854117
2559862652
4928581540
255890015
2792830258
2782087299
2174960507
31561302
3071661617
3790847982
5653138507
1849956124
1474235658
4724415283
3838890261
2911296734
3042784249
500547934
85579713
654201237
2015611045
841418046
37810489
33258261
165751689
185049114
865777568
3014685697
5041395482
3911335336
104425818
243456902
1972113481
1052396674
1884374787
5552354915
3739199875
3903876129
1324264241
1689820913
545082316
1388996092
4467552336
2233850569
942789207
890325185
298156
181027621
1376985606
770625061
248536192
4946337374
798409316
641293562
3589800791
425394671
631625285
1142691764
1363395994
1494728058
959487168
885138466
78106537
4072006579
304454661
1607599739
4736710738
2816095086
2729704371
1563776119
59458208
381360741
2120049013
863510084
83127088
1081515350
1203929236
8085073272
3264016345
4819905600
1109477717
3294292582
4255226432
578619577
4954171190
3039451466
5938169178
1717480948
898535924
43145538
1092579959
278725342
2777511822
2478309419
3568343392
981568029
1462748721
876475269
1820660114
613618326
5206624144
582810069
38270680
923793441
607756080
3534893669
1003627624
985413376
7569558378
3582502210
1627121349
2774513711
1530603122
3513520118
886585111
165810840
2502459554
2165250633
716303643
4160642561
908049959
1148763096
1976753608
2463934369
1446645
2001509695
6235020134
405271762
981977702
131953120
1755151581
5380853349
930415118
1345426570
3050771610
1819893994
75472807
853653238
932103284
3470530535
152242221
1091332782
65659447
26241417
2443376335
724189852
5687136688
5060143671
689424328
23636292
108074676
326167776
156271669
122801419
257655374
973203318
545082316
17693092
212368780
291718619
451257273
84977608
1057910062
232048263
65659447
74886378
719108978
792014224
100035384
620858771
2293879413
756160756
113727924
1256219030
27943880
763648506
156036805
4556828
1278043484
149827484
301242151
1396449015
4583248
26770196
1037604244
142520189
255914997
724071176
824540322
176181219
1544169891
882454033
320176562
