155528024168
136050344268
58205975415
11579881329
36504264189
85331142413
34163474408
94508649717
6915784272
104023180656
17971886085
124858528830
416637310
65136539417
1897576235
3066654028
181038076365
69707486811
27730486346
57363975263
77135791789
107200160296
74612989749
20325142656
14565486141
46138152564
14017537196
84958591133
126913323276
121616460708
43447316954
15198921165
82769339597
86072844286
31755119339
36314140873
43222533040
3128190570
84180922630
33291378423
5444155915
132410455363
15506703448
25913323560
13262965965
61959861214
86321618361
59237634385
9079529139
5826000053
829397385
4938175916
8606995974
18906764310
35125641277
25534086687
4378648102
42553612237
31483944543
59589391478
1837628418
151781253
59278412563
28342443886
69178463181
8856744255
10828016957
8187842660
35058116078
1505351341
32984250023
95834538454
61706373711
29293115599
3330410407
25125559008
3881135725
7067792387
14379882349
35303627322
25116678201
3984583799
76084275980
9846646344
526409761
7915451457
18816156751
13760467892
6532171713
555275523
37969763124
17160500880
36942176810
22579691467
26618733685
475116073
16596813963
57732369815
63291789588
83430848288
2805264207
13357040758
61395778661
47409921380
60369594211
9775591091
24957170979
36306560659
11587560325
62062058466
81329672881
46908561
36453025452
1541445929
14690306645
3684635736
20136019406
38753427578
7843658514
16031121139
28100213161
3050431500
12869074044
883002184
8029975865
561683438
50912854143
50101413860
404184305
7801630382
919267242
11481722743
2299231683
4300114204
631300526
2270086286
17576117456
14324206747
1897851420
44541253250
1158994861
924835026
20788620765
5144144931
1519003998
425232635
15736708924
31968024171
4721469446
7673562799
32187470504
9062558655
1186774577
2536917646
2322021796
23471738301
505430978
12980932532
24616777568
6550500755
439171351
488909436
5495403688
9478433820
8927999975
19574658495
298258919
21937180
47277067528
889218989
19681665083
18710211077
238809710
255074692
5404259490
28765065010
13578488724
18828217345
429558705
39508548393
958456227
26822183914
26483227071
5789584237
8969604341
761428623
437820018
689116457
2133641052
7016301103
28842568749
7594173489
1131721130
6196670963
1539093254
42030098117
2434071563
5847672382
14226423865
15344128639
13025704959
7042018652
6443095634
14892164507
2479743176
15390362570
206163321
1746873826
2547600515
6653311608
5078865166
2342360496
940549773
6156024594
2947397864
3035128363
7668250003
555821248
11747930922
916925405
9580253491
1409016818
3828628959
4988153829
3522772819
1043074936
6801848160
9345712289
12788213677
3240723740
1522299959
1748124
8840897743
4089994847
1938189136
46509958346
2555609463
635700715
9216394255
927770366
4017603645
84937407
6072099771
1679214351
1129329521
39178702202
15154468267
9910566841
761860928
34012334108
146885418
11807192720
337251224
2317818074
8825015103
397186321
6967231017
13214140721
14041507451
805752739
31766160216
45267714058
263223265
2287425688
603810067
17668660
2032153527
15213898156
58137776
3156403358
2812332158
1279466169
2439332552
5318278441
2919895509
697062069
1149213049
605329859
2213079041
23399410947
15056763935
1380965173
1202777746
14666849543
15154429136
1044185004
4612305512
727109905
1766643982
13680191501
859784079
5907009749
14805062759
5668925851
8028638593
6458669281
4903687741
1064043434
50631073036
871147687
3542387097
1219387699
1479098687
1483699623
4583416246
1332085818
8434315813
3437850119
485780541
10231630065
5085375526
3431694694
242078564
1312605126
14860452611
3575238617
1341254178
8157259719
393274346
137497181
1356845279
14392835832
2320204645
180323811
4021153823
1059152711
7216094342
2939087206
1553552662
2686464061
2237133165
1743873467
1347213956
14530338276
4797215599
1521009031
1604243182
3399967004
7829420262
26978638520
708593866
13071895424
9378550511
4296795469
5127025011
32807173802
1228499842
7292427950
4843092231
12176616880
14820062171
6965533390
37106288847
2006870259
3835379539
4169371615
132216587
1417096164
1822009198
2116868410
544926795
2478217891
13259720899
369832568
3245457062
5243189308
7447942981
14765600470
6386406120
30850732547
616899888
7404044804
11039366841
1679386748
2426139584
6514235583
755689138
15512099756
857308030
10140290220
807174578
1312299960
2814012330
15562913443
55132718971
282065504
786453989
1581210239
26933917067
4149984129
30739883439
5226521999
3818594792
6620709666
11493089258
3185621010
1152751023
1559417579
6157537098
6898778934
12566434564
624006316
6610360159
264761063
43284207424
4615454650
5459704255
1887860290
1160366
2601757416
85031195
928687887
13418123812
2001535408
13408273864
254392036
3882410824
1563804787
818050782
6989400975
712506865
7936417522
8494259383
75736069
1076042321
1189694255
717423021
16980408863
810570235
1550288186
5693392221
1839411036
2168459454
3228478240
728746098
47144563
1914426859
3699385055
2347065762
3153128427
452997640
32095779183
4979755345
5238177525
5356991802
40791392737
1453432679
12902755546
1595857611
33693904486
25515760265
860223069
70390119
7401350642
18888551026
1826958422
4313246253
185133394
1164499127
8450134253
4558607042
2165708877
42722840022
3593502088
3964556702
7341764510
2509237438
71994040
147023035
402366768
23484095026
1567001547
25278668596
892277934
15549789014
3568464470
3693371196
3647915452
9524691002
255252642
2364236236
473473920
414003613
27643449686
1618451428
277156570
39400626
2402388572
90112635
943197609
1215296996
6783408002
351287575
5722567289
4401273
707504952
4560145
59719289
1654357181
34572115149
30505529
643626205
724604266
158205907
1436250
478637369
1003097737
442370055
13966120076
1049294702
8196826631
1409694773
3149815
13264174390
3298512140
367171753
1909705398
9170640569
19480100
339781449
1453401412
3034002287
2403594517
1116445026
9283827
45821245766
47897716
517412353
554738941
22831771
1924264153
612483108
235087486
3171829739
41722335428
660673456
2989736336
3558798589
2304398666
1759024247
14161280599
2882471486
755924208
2072782
1740215722
525454553
3506445818
447487007
366178755
528183351
1176000585
1881259665
613647859
2026199598
985533201
208260234
165694489
1725347193
4111082828
2415814044
41538029
837348028
224132363
634053272
541879726
4744181767
12850683165
1514632514
4241896259
302857495
1312360252
729681147
2466133849
3512182373
559809581
2008761059
105083150
268279654
15595227874
38158411
249601579
297615641
30057614407
42610045871
612624352
1868036770
39001385317
43095460595
2131488107
16455923
50489460370
2224673693
2531486487
6703496704
2964909020
70957591
3081730102
914591727
1289651249
8142931659
1529327815
750681895
40655722842
2704573023
254354859
93375037
58792088
1547663458
34115410888
7318483216
112504184
4257386275
3923314812
1197260132
4525326252
2711266258
10370461627
33150094366
1054319527
1541283672
1663560185
13335486679
293474642
167053020
4214019626
270649381
853585506
16459563941
35669321
7397485582
148641891
8870242472
1264142571
4696801476
7156617289
3474578293
3483254487
719145402
263071088
18398422448
4560145
1356082263
177408710
2722619297
118943068
2873296189
518477213
27635688430
977141258
1395420297
4055787045
817980917
48634929333
1987056151
37864265294
1178831296
1443052222
3750519349
550849464
102266355
641168096
678895646
3362649751
1730218651
1839336390
2668898573
2196514715
522262431
1965773332
113132796
427902655
1327406776
17406188546
3086906787
14767058805
4257826371
1923739230
32049208647
563997303
561252591
512315496
4096238102
145483077
1400753826
7623096895
41223848824
47304403391
26790396227
47932789681
48261784151
248991089
2774094
584466233
1032401789
1926793515
2221499494
447860565
46183815199
244284799
1790594728
506754978
174985168
2256536888
1136752070
22675131298
2230258563
33835457
5112930
484022830
1382239067
239512297
2753885847
1098224920
876816968
565381635
117929926
87391788
697701688
506667426
389729764
1319061285
837026338
26953957
39998357619
2114704271
2089137601
1634115424
902653572
530948122
1397981445
891654391
5314574179
1229941618
9864999694
586261175
296951421
18971505341
1261847539
1354539079
25655947
4270875474
386472762
2738827636
4370936815
367693476
148556050
2571854588
1125143325
5530147097
396640797
42889288994
674755304
2100226429
2687533201
705847443
472183203
106559741
39250597934
1343142793
3089329017
74630387
3271572784
1295140624
597636874
1469284
926858545
2435807517
2970499095
19865353435
545804154
2750106900
29030640
3852416
1145117486
7059925460
20752896750
3814381285
8974276641
2925816962
115574016
13270943613
60897927
4453491802
550146520
4554222908
719077178
5283554030
686003952
3134137669
14360110716
97565792
4581880022
153600174
4169748011
2500014209
19145217183
12256436412
1669945337
29894476611
