983760283
305557262
578299563
488259085
456332038
454469752
234199961
209018663
445743665
516198513
761783744
42752367
144413030
752265351
813694020
493736778
660765317
210821110
920412733
410616831
135019526
133235299
958318524
904983705
230206684
493910770
137002108
530567073
330728666
518768306
643977165
20773382
267978335
181676244
479636273
147151595
730564961
157575470
728659117
641115822
157376687
392219994
309512649
546374144
609410111
200694733
360512434
647594439
847363623
220423815
74949624
281099496
984170671
372428577
619475628
798449126
878216471
299218433
143770321
57564415
12594468
555357187
443519703
977768431
431749976
329818826
199005077
558113483
752481816
269640778
215957361
746443458
514593570
484314234
568075949
761832330
283386854
772569028
377043114
311465435
258595287
478925966
821005645
374715302
248959783
971875262
446216940
431914114
663222750
968226261
383059029
502042727
235017706
289168574
62582218
147992400
247140136
234662283
556263183
429146401
400761394
30386375
969171812
686193175
660029743
387632242
971533993
629339751
25562330
477729529
884817464
925073545
188416661
221321153
255316986
334346604
954314296
947777146
488881523
506476117
979644822
757899213
143904896
150340983
73626205
249617706
732327276
91598737
342028009
134125662
6537675
74891785
850704213
317966237
962891173
996164514
855804445
832841361
405859947
416093590
631295799
788774001
835658674
969978376
513510935
460938412
494299982
622555205
576135049
888150144
76849897
942470957
96102734
930155299
22665152
564394816
37826887
144870641
462831356
714099748
174450221
908551199
584598381
273738093
280283181
985079815
305701711
1694656
157573583
860196552
121471613
875779839
575783068
121553585
126500013
876812957
893552786
158042031
316896064
438836978
514384049
137366390
545548187
598866444
922902590
837645819
542187141
18275727
537496231
332225834
192352101
270808417
228099405
643347253
51109364
954159832
215126430
714325814
571790552
945714411
959994780
862608535
670245813
689236193
980103335
216122197
257763231
774658860
95771083
115953331
58283360
870007513
396880198
72349720
899960589
54410875
150075218
429916447
103725584
470528899
211702773
150162910
571265181
202093925
932274035
770705510
625427837
887580502
848092012
753945285
41043838
766502869
338013641
809457457
25065745
563948482
142928326
92576289
418827126
