517259883
130954637
592882615
917247308
622382837
219999054
527084214
338733419
638536430
390798705
925812100
798108408
306928507
768501841
61934452
665225648
367056720
594444981
963702878
314647755
470336618
282857016
777279689
725733850
343058426
821016898
397624249
472751376
35630238
783781124
368413857
258386836
602421187
85809640
381309269
132519581
332838688
611965801
855918924
508436170
366570140
137268918
628571270
569906902
684729114
612895476
361933766
263838914
981943344
3773479
968562969
74479683
284098965
429536255
745220277
641649830
151034158
773861565
27971906
704120851
157786275
845976506
440072445
664667127
988390334
103562759
60712728
461417917
206277821
509776310
583213180
889299324
136386342
173284237
612369765
406801392
537988452
853046047
979300011
232144900
414798185
187003398
892731801
706014470
352125463
142523400
850616948
225119268
854813309
118627012
929709379
559631072
231916496
843659479
262962257
71724607
816958551
884908228
153100981
350587692
34698813
558549767
556228722
688941914
43003000
913682730
829359598
85958131
904483163
429893221
672962210
571992943
464581246
800513547
17827277
839449843
316023233
993776045
44587719
929802609
560052090
616288582
937221856
435305060
460928339
530253462
362076366
925635311
973339962
690617693
698762784
34648426
959646521
613523481
499481130
908907688
177262081
972894706
895123842
241837211
526491427
645567716
455045244
758033333
239694700
9463730
963475651
446318900
551457360
607276646
396708915
652997327
166185699
927690993
163026853
710624702
161130420
261211112
667418663
324208359
577703577
792984049
515461049
748914453
50959010
892842284
334198857
100557810
135907409
704694748
359766074
611657226
418024037
170079224
5901533
630450780
98893454
387431951
624303101
445642058
577345273
125180447
261733402
332357535
790778128
644895481
584820568
388863244
744368278
833146905
559655782
993182136
65084308
792969429
469881753
487602859
946696007
997342824
452574935
16542355
70031742
914910344
476264960
598860959
228784563
789009519
514205085
208343801
789958289
335154232
567972810
542483442
697985441
8167636
8317184
478188498
324945170
169784197
409498943
298476357
