860736981
659167426
375383476
670767132
60119103
113849399
960524838
867470887
559936022
803351026
750274426
247574718
649593533
508918620
278245329
612424458
597315658
489886655
864206293
767143839
360306342
600696327
37137751
641816198
3312563
402298406
944303094
148982376
657782177
637405564
108914619
926424308
717780953
894236134
895635290
928445994
15134299
241687669
436917623
939495176
784572327
968624092
434051446
180929762
941451897
858838894
718663360
297667956
379282591
179675161
343076457
443040862
912466816
69721637
378623380
132457184
72094695
957992556
608112210
466825390
655832459
594266284
171395498
369632853
671693068
140680858
583949606
1086139
908333631
688319291
347174932
837324275
893338768
218671758
183150799
510344491
751778286
893745284
36529063
693540681
771687655
211008996
568726573
882304794
78022925
754970667
860390906
727875347
581897103
909129664
405611995
244332173
977685591
795428663
18736261
442125503
434611689
947391411
109767173
346534999
304588286
220536532
416657761
629428563
444969841
50244561
531221255
350250314
724069405
346583337
192705197
598381510
298149218
390542361
778647974
729778927
840932834
63113956
322354235
57704746
687127713
466010090
326028501
274561259
111145486
490181838
12284321
409632056
168917329
381344312
795597748
948869055
956778243
130957602
954404099
836835869
713018963
389340598
367602076
911607924
64503857
40781360
697338399
964529190
11428836
84031181
496327849
317526609
569342709
406002167
90401625
401800721
158009551
506746719
772076350
367730174
752755101
28853295
793371228
322463879
709899129
324769179
693350058
388830393
921400326
162728549
807708121
336905706
690359144
784218775
984949559
651471654
245729754
145546257
835930179
747755812
434801822
54982310
293593504
524231310
261060843
391717729
360319959
780360078
363146063
716273413
165580742
75775507
526641451
71395998
183050839
38613114
889818365
810916849
293914212
20963957
122787815
296323836
415177296
841113642
358626277
190271456
244749015
336486383
79528800
953159292
92594666
200201243
880477279
300917691
56935844
219161109
154780143
942605364
132203401
213182942
659460560
529307785
608752655
607579770
124169385
474532181
