350786
258974
261969
426783
383582
343779
266607
333450
444132
293952
282263
280286
270806
342896
287465
308245
307944
340919
352004
288594
318842
331836
316193
273151
357658
270563
388211
413439
334352
309375
280851
266212
301326
416020
286190
292006
405240
347899
297739
351708
341270
358245
378326
447550
410359
449919
320096
324326
260549
464444
366196
349331
336770
328876
330702
296796
468412
272836
283757
278983
389733
264489
321655
311033
311082
423914
276942
327584
289233
396878
300527
279178
390759
257170
292220
422010
290664
464138
268956
313975
290247
373060
307656
254077
319528
331197
298907
300271
269716
433557
295322
369457
267617
463008
377358
271362
295031
396077
336718
435009
449899
318473
340753
458869
388558
285183
262371
268255
333556
287944
308144
315445
275379
341165
349909
316510
283352
256654
444135
435800
274461
289633
301090
272464
363115
318995
396483
402972
416347
461973
391305
311779
377606
377438
462787
429162
288517
452617
402278
419383
427673
397590
361764
347533
354054
263901
425521
415607
402090
291794
423210
308989
285302
257246
280530
370707
333150
364069
299426
286849
396215
321394
281548
445837
372941
447819
368892
266671
256903
281662
326426
353188
333176
255379
328526
465925
297608
261612
328576
331375
403841
345509
485663
436225
334859
291104
375370
368063
433480
264053
471899
374272
350904
316568
345470
424112
324977
279234
275999
326165
306719
302681
304285
335483
426650
285592
296422
407201
308791
368825
284983
310940
342779
386379
284777
401123
275980
274466
358049
301826
305305
313516
261258
343036
337891
348404
362356
394600
318079
265175
395664
380474
330444
266853
389566
293526
260440
337438
407310
403195
410453
327709
352277
305723
297743
413270
346366
496561
485063
299481
311373
367777
343034
319254
274192
334237
356617
321192
291961
404673
382467
395443
338496
283177
410746
254576
316220
477499
283825
361181
260837
310804
460188
350122
293929
392045
265233
318065
293942
347564
381673
365103
262491
395320
340341
385949
292071
460426
276212
431964
279678
385692
262700
296212
357707
281513
343472
312637
386312
338882
463830
388854
334607
277761
254783
289425
260167
302187
353750
322391
301396
281769
431971
266721
329855
263177
329062
374622
263113
356549
255873
302875
263751
273287
375087
321884
292063
282070
317252
405449
317922
379221
315509
327715
429495
427817
284543
375280
323756
367838
265678
314117
334061
265218
366731
387847
409866
327279
292936
270885
284145
289729
347014
297308
331005
316631
268951
329591
371351
316690
293925
278185
483954
410049
295537
293110
287418
355258
261496
364593
335548
296743
374894
322858
267827
262422
301672
323589
433599
291507
308773
376813
293986
303528
340072
273578
328834
340564
386784
288139
262309
343040
265789
317226
291544
267690
307175
374657
296506
443022
334785
332337
273001
258318
341350
318112
464843
273962
361785
428116
334898
367493
312698
371287
305706
305773
417977
421816
432535
433157
264357
262732
387685
290888
372899
405518
355269
390593
354644
398930
284154
439795
360617
392250
393905
419255
391805
329277
413779
453373
446232
379401
283933
317639
473061
329486
301707
369829
309700
304074
333600
297502
264974
301022
334343
267483
278110
314648
311693
340071
269045
338772
288254
373199
423326
319370
311384
289444
317760
423013
339114
371398
475773
297758
320265
460139
295432
375517
370967
285155
257448
427188
349889
309918
415954
309148
285122
309621
313892
260642
289599
273404
274603
266587
352811
312951
254886
301096
325918
292922
281074
308283
313140
254312
301638
338907
297817
305460
357804
298569
373670
279280
398940
267296
391011
280996
279316
429913
270640
254626
336120
373105
303885
320146
274346
421311
407785
435258
386369
469260
453021
267696
263971
260808
416895
395046
263390
297788
442651
441253
338778
277171
491757
296048
275466
373664
317728
271771
294099
316303
341820
268680
359905
269272
402216
353719
440387
377092
310073
300480
496915
366954
366392
353653
327364
469285
287984
432982
338761
421640
467148
387041
275639
349439
327348
264899
275098
332692
336052
358650
331785
367263
367508
375488
321728
406791
270661
323419
286832
269947
384277
327604
302911
421717
315793
367293
352005
373034
321281
263380
312408
397381
265008
323372
285018
431800
395026
341538
285594
301935
289455
314921
261536
343201
418310
260055
384036
306574
382136
414265
265633
352056
313808
274795
471121
261759
256201
451345
331947
359430
355120
277951
347727
392172
299029
359763
453340
264156
305746
282851
260087
278762
374925
369832
452686
325101
257669
304906
326899
364356
409113
378698
442817
328940
493916
280996
318028
362138
262803
498449
359529
254726
339797
258866
284353
289812
382922
255907
328595
258029
268860
315307
256034
350801
279041
403214
308296
397280
310421
322722
283753
367956
403726
391653
409654
462345
436995
256762
272813
261938
298106
260508
349672
257415
364312
442819
460529
464728
265767
348606
313531
361330
343942
385566
430360
445999
311990
267380
343751
371945
274159
361138
305594
328582
441868
411072
315000
268066
459257
446009
346707
311311
323095
411010
461538
435294
283312
377356
375567
316231
384483
257961
348620
256619
254865
357214
342425
408122
269663
440821
297048
354692
457542
361517
284439
383526
356611
286627
383607
272393
311485
372161
339783
368623
318795
357375
470331
426234
265955
345916
380581
327517
290360
359267
329004
326860
331931
332065
465701
419472
303837
307445
410235
466705
304736
358817
298374
386697
348604
268844
366543
312725
327561
353692
336501
415803
303784
307499
357737
304045
343784
327208
409863
356551
313373
392197
409968
324200
258125
255893
287753
280469
475099
303526
396561
472648
339142
288875
357086
330484
333502
505299
373390
284598
381821
458901
308241
352699
405724
337624
398648
327609
280021
281865
487791
346524
264665
303943
367338
469293
286871
301267
267644
314251
294765
335718
362531
354931
305729
321958
433870
364583
274816
357085
379385
255623
400654
269274
289713
316583
268151
322431
405715
366050
483064
434799
381970
264017
296767
356601
277424
365405
260904
376240
293165
256462
269305
315148
373298
258993
344123
339363
409746
261100
304124
310013
323445
368119
371725
329028
305710
324612
293093
338389
329771
374751
269559
386312
372770
278864
308658
442495
305528
328349
468442
314236
353418
348785
272145
278021
381998
337106
395252
376336
287171
402293
277076
320862
402966
266646
362577
278894
275838
326520
266756
371380
264646
445937
411749
283873
297271
285511
421992
286003
340816
300365
311865
416275
296585
332529
338839
310268
261024
357856
322534
373076
350579
417146
342320
355239
309744
333819
311995
304916
286519
259858
296594
377487
394527
320585
393335
321572
407668
273651
372031
285583
364902
347702
331207
272624
374735
285825
369713
360439
255678
300783
383137
296084
430071
287610
487122
337530
286062
321806
316956
282626
271188
346799
259766
276984
375174
268973
331550
312344
297692
373997
470947
311980
265563
297231
326207
342087
310773
302695
266974
378750
288478
397757
363380
277100
329834
393673
429573
256550
329070
352522
275647
282046
340454
342465
440372
336291
317070
288799
495484
269489
322019
259489
452736
442381
261648
259072
264436
322044
333363
344037
262410
393445
451542
291435
337394
407788
317021
279475
372905
478617
373274
264388
306940
416792
368315
298521
373037
295342
391315
287538
479363
420456
262833
371667
300829
356473
410508
340466
284143
340244
397188
255143
299332
308961
415188
403629
345086
267802
286943
429167
358191
302296
258307
258511
424671
310005
290044
339044
299020
301572
286840
276278
260925
442156
275301
366603
325477
266923
366324
359144
398128
300725
304856
307622
313784
283233
467199
300444
299814
353117
495972
305123
255786
322811
279500
404995
326746
404569
288406
254999
380526
322059
377973
392671
354655
362138
269959
304569
255058
427435
327959
290886
394096
327176
288187
363195
359524
373477
324485
357558
260829
270399
267304
289178
390857
267641
432970
258538
304569
331105
269470
290075
312290
312727
390204
264920
398035
391690
461992
287400
501816
447447
357889
294154
325965
435297
425154
367947
319205
329169
347226
256147
335498
329863
287186
279562
301339
331719
329844
444845
414556
312712
311094
331726
326701
327092
260787
276422
373300
397384
357052
275200
355422
268932
309278
354402
405435
375436
273030
395105
361593
261629
367606
285450
342886
442977
320108
328081
256707
400969
262074
259216
279358
338309
389260
366819
276487
320081
479221
417148
434502
382582
264749
359684
286036
357160
254892
380963
284167
360645
309939
266508
348928
316687
287712
284711
429343
278788
314109
451307
300768
325341
310041
415111
371168
314700
378195
308959
282442
257299
285397
338370
346139
446165
305829
332599
366151
425499
278986
286220
278655
381599
259875
263662
410759
306057
270091
402722
399111
281342
265608
429075
262866
265387
457821
280434
328142
418977
291010
330383
327935
277414
373671
264025
316074
432433
350807
350335
284813
396749
323882
295701
431223
375634
399872
284996
402678
288693
269147
400638
285990
419960
333959
351958
371437
361640
316677
274989
390254
316787
376973
310232
312061
288647
305430
485237
254816
299158
300889
303638
293351
322518
252910
451915
311915
269881
309422
327485
292616
367285
402626
308196
332235
388876
337144
255741
370223
413688
282293
265301
437949
356156
313786
377668
434594
374019
279782
267861
297720
294471
360260
345783
286436
287204
353851
476843
389745
379067
277771
286831
337566
319969
331187
254131
405758
270967
272797
339602
268337
403372
370379
318739
270614
280530
463388
424145
319264
372887
344602
421883
302577
459286
466181
340788
340358
271688
289874
406525
318832
429481
366081
472396
378388
255246
291145
267634
263960
302202
434441
486683
487362
357953
257469
395059
360086
300219
346703
415147
443367
267264
495294
402325
394766
307873
403239
410359
291980
304536
264122
289819
399447
319865
349527
264447
410843
260424
394661
331271
296350
267506
290368
313878
264285
383121
301206
268832
344603
287129
462494
326337
297913
378127
350527
459905
347193
413168
259271
263226
261596
361686
319931
325031
443693
290254
299045
395601
302369
267939
301567
350469
293640
403375
333224
398959
298180
287033
481549
342908
324803
292313
305848
300538
333452
334780
272150
351794
302437
287071
285789
344287
256536
279536
294630
371453
453333
305650
432922
348514
422917
393394
269997
335425
280542
257113
272795
260952
385738
306357
325051
256225
333078
261192
352348
423238
285287
258397
265352
291843
440177
281667
278906
344796
306170
401778
358516
322716
277560
290958
331002
467028
478114
320709
365580
258017
265251
265174
314605
268060
292846
281206
338428
257353
288452
379531
433350
284321
302359
431405
308941
311756
368586
323096
437526
368380
299181
328942
348591
351339
314535
269147
461078
451055
258487
266217
306806
456593
294571
329990
281141
304883
323163
307622
257408
498308
293149
270702
308932
315184
320158
294614
313763
412331
392716
360457
321421
345465
309069
360264
313749
291469
319046
307893
255097
331601
357871
301011
292454
410124
363617
340920
479854
298942
267675
335760
350104
340637
255980
259469
315356
291236
388179
388518
293550
270110
416566
287173
385546
388851
299564
276815
287179
276109
262304
281168
268715
428400
350675
285773
417419
369943
265624
327718
410556
372388
283665
319851
264433
415284
298300
263286
392312
446273
333330
411839
362330
275628
313947
287383
387304
369348
260573
437743
331498
295207
274790
379919
294210
307776
306622
255533
276643
289655
432621
443665
301833
268488
396267
393124
468277
274647
286932
414909
349434
298285
412822
278469
458942
317849
382727
291627
366989
294585
391963
298171
362767
339503
321883
354212
276193
272138
363634
451940
262329
272223
332225
310344
293346
296407
257485
333083
317376
303852
359851
271787
317744
438619
267323
345663
302228
390406
401371
371100
491029
312337
437066
263584
315897
406056
303391
293326
345896
440443
300076
297619
264297
290176
303403
311776
301521
294935
300845
326574
310026
386530
276505
312918
488300
440667
347565
268021
259095
364488
457130
268149
290723
296400
280167
280075
279380
425893
339445
255205
419095
287604
294810
362075
289945
352542
297321
306847
255017
323766
354698
307104
329611
391338
421081
466691
405801
287575
325714
487311
266449
355761
364697
390067
257193
347321
323401
361574
421892
271296
281969
273865
268704
270173
262494
410582
320497
359037
429347
313834
262710
291889
295989
263393
389154
258407
316567
257156
263757
361020
423293
288832
281093
393771
370672
367637
319884
334198
367207
393627
280284
345031
265224
414820
408806
273484
300026
311141
335950
305542
334938
278125
313318
340040
482406
361867
264297
276697
282534
303085
339391
326205
427082
332712
300095
326545
278517
442647
374096
294355
371151
326362
327603
284800
312755
322233
321510
369919
275213
310439
305475
335417
387882
363809
342794
274139
269899
276444
317059
443683
264745
325981
333408
278138
325223
353497
385894
320106
309031
348970
493459
297161
489688
465043
333408
258544
414256
341990
374182
426709
364327
297860
349940
288886
268999
395477
443257
481442
276067
327836
457624
278075
398788
395367
318585
324578
302813
310883
486715
294862
324980
283404
364992
284253
282167
301045
368939
364032
316348
389601
277774
256104
358574
367110
291895
390977
303952
383327
371243
468447
318640
442092
376444
257758
400445
408562
296737
265081
453953
256239
278735
328255
365982
422253
325575
416885
415711
445263
311112
273627
374982
416080
255285
309584
358051
292793
292772
283187
285910
313877
285001
333150
442230
278255
465691
371287
258045
356202
474902
263719
324715
384767
347000
374437
335211
294562
328287
415211
257408
316864
453732
292430
387121
260070
312900
326364
284437
365974
267355
454222
291282
343436
396411
318983
307522
356801
357122
310060
258440
367174
446898
359759
324606
314619
291690
274109
258679
362632
278803
269758
334538
289414
300708
320493
323281
300771
269944
386917
360722
378544
272728
361674
373062
287954
408170
352155
294649
332019
264737
263958
321019
336559
391355
314579
388951
399260
263545
285229
307978
261555
297405
268418
434031
297627
394435
322960
356422
312066
325603
277486
300647
291795
382610
342697
421482
278425
397120
363933
385270
323236
433773
427974
304924
295387
434339
310682
392723
387937
316027
447450
416482
340265
350590
463103
323275
266296
439038
323733
360370
306010
271047
295251
352556
275857
329798
439898
359958
335140
404828
463741
297356
459046
338052
293653
269824
302089
415224
285614
390057
363654
374814
348316
300557
287005
438901
264314
286613
357005
289195
357166
423803
371518
461941
268972
277208
279124
267499
290745
276461
421513
276052
257190
267542
320404
385830
296747
462107
395418
391414
337034
271100
302612
411537
286652
267171
369561
323978
262671
255673
263623
463035
273798
406058
335339
294646
354825
320800
280052
271132
257242
362863
279117
368219
333522
272061
420849
328910
301229
339817
295935
313578
414504
267437
317892
278020
295504
284522
380919
375469
263668
323706
255797
362979
360867
287566
278093
311539
259311
347988
402204
414095
320103
277155
476075
274913
286486
437022
300656
356772
260186
282106
290631
269723
325577
425647
363676
304274
269200
278948
391864
267557
264381
320008
286431
257822
315118
365942
294623
357594
426962
307488
354852
339413
324265
376515
431631
331409
288332
383407
314031
262294
443042
286691
348004
458101
319608
254649
307907
287200
407010
353771
295266
337446
316259
423902
358470
348526
275432
365852
257034
479324
311965
339546
260565
298091
365094
461377
486815
303174
448594
367929
404297
271525
366140
355245
272718
423830
279688
395579
318359
382263
372376
359357
268569
318323
373472
311881
385725
273971
463617
385031
388855
262835
288930
349268
360528
345133
422242
342577
326751
260689
412427
309861
290462
293754
301094
263731
277656
370781
271027
421180
259929
296411
395142
276248
278676
337028
440944
293564
484247
338959
406021
478436
279059
472742
338275
291869
268417
330606
408199
341039
427972
389096
261709
332005
296875
431945
280071
348022
262097
424123
277236
372072
327410
396494
394035
308397
341581
284391
329376
425881
485107
308765
376867
339900
478131
327848
399691
327364
326164
426656
380124
311529
262690
409939
254731
347394
259592
289208
358922
462640
375277
288466
254992
380459
394554
279229
287714
458196
261839
363652
327411
264637
310629
278636
309483
255577
257274
374159
281588
352224
347211
253544
305711
303401
258510
262667
296819
322527
443282
393668
393998
315685
401215
281435
279021
340131
278245
302988
437882
255496
323019
260284
260334
375778
411173
305941
292447
445356
449926
288708
391180
264059
269205
365418
467330
412951
273046
319824
394944
382226
369576
356613
317787
282192
329663
340310
363884
385035
295718
289986
419276
278130
351424
322978
294293
401658
254835
275047
289587
328999
302893
316068
342964
318521
297092
328346
307968
485982
418087
315983
418723
423374
419555
311095
273987
295776
296627
449399
455134
378973
463211
349997
401369
318227
327691
306007
371591
301258
402084
372077
274815
291865
407083
411321
286707
265136
372458
260566
304248
324949
278459
316081
282436
382861
412675
289696
299623
276013
287566
409086
279422
301465
301647
391399
372633
325369
280240
388250
303217
254266
302077
325705
267891
312217
270616
308022
364440
264680
426722
312339
380360
336836
331519
300288
307218
315498
261126
259156
355713
310037
372624
394546
399525
369251
305182
295611
415351
266608
260599
375446
482167
284512
315409
341349
293040
332041
331140
330468
320397
292573
311672
305385
345544
299589
436636
305215
306948
352731
411088
406615
272986
330654
286032
302230
359854
326841
273790
308694
268045
375128
370179
327990
271570
397933
293504
353561
318240
360276
449735
296391
449280
263805
291294
336722
355271
479589
332241
387700
433124
269461
344735
328423
302328
320433
312944
324307
347411
267137
304311
293378
299723
334112
308328
457376
253690
483331
274552
313070
328832
295255
267844
313825
341445
390074
271628
420687
307957
421572
415711
383258
316938
367581
262912
443824
405726
260664
347852
284096
478480
303579
374266
327938
325007
257230
387545
280406
379618
380915
325137
326055
378857
313766
342034
427010
260109
431603
307884
283206
322556
301994
415674
493971
276330
443438
303135
339518
391823
255835
316343
336899
440894
344353
391448
437995
258821
273824
318404
275779
356158
365971
382253
261808
277974
343970
266450
446759
316468
428508
331629
262430
285305
258135
347002
325808
317617
365176
288751
304107
325162
294825
366034
275394
271929
327291
265589
487467
304444
310635
419361
417965
331189
387199
400610
335908
263494
344597
437783
284901
361081
352283
381775
268547
368860
278792
475362
293971
262401
274987
290879
419478
348152
407672
373473
463697
272301
298917
297488
380877
295714
274881
336191
311774
314431
303741
367676
291812
470726
335799
355483
313944
343777
418947
372044
295252
354002
377493
303452
279035
276988
287288
427950
296575
273439
470762
485380
475724
259301
266131
379972
294313
434350
286464
341350
300294
286911
315303
358875
297766
292915
492142
402812
275234
338685
326692
288102
277048
296160
295488
376855
322071
337800
374083
284644
284431
384692
412354
281185
319645
400218
291780
285164
291645
467390
343451
271139
332465
264442
298223
430945
283273
290536
469378
293865
384691
385298
290068
323874
280239
408610
418079
277681
426353
427788
427891
337727
267155
397010
266534
351820
324648
256953
418798
320609
317394
443658
323152
334472
268940
254119
310543
350607
284168
468039
275233
333970
281384
413449
280504
293902
334887
418842
423080
386675
311647
387974
270795
325220
455341
490928
347424
263007
313891
307975
268998
440400
361792
332182
274950
343632
326903
459467
267615
297296
485479
375246
431813
352109
274405
278327
350049
321541
258995
396733
414312
278503
395565
276329
304135
374407
430836
255176
349125
415125
332094
260977
280384
332286
311959
314465
358026
331838
419246
340932
261303
397011
308033
444572
391390
456031
259843
467173
305143
321277
305314
405365
287953
309304
309113
258511
277250
348405
321033
447592
387003
311761
497776
351522
397434
435310
327312
422690
297888
303825
364530
356841
362454
388853
414520
281553
416489
404087
480450
346819
277186
363251
297131
256282
362259
387042
316648
309063
272091
291624
283730
262877
479867
306546
429645
300935
256239
341258
344024
253988
336765
340818
461517
382961
348132
361470
285084
291269
261176
344608
260413
334279
405826
375029
339857
282596
266438
311641
258323
261905
265619
336635
266004
347633
319094
266303
309852
287339
358768
309096
357815
423648
304399
271787
440575
287708
406283
269636
419738
333246
279993
256341
367561
323230
299446
258996
469215
270357
468418
372962
288545
396475
368971
492142
352085
257591
290434
303430
324738
319023
425159
311319
307203
337107
343952
263674
282585
333082
328224
356459
282365
299734
433625
297417
324040
296295
381947
306259
341216
257315
346325
377875
454364
417263
288136
321263
263609
321918
303891
350736
354661
313674
340147
277559
276113
411053
485811
304935
378599
337198
370332
264504
363387
308616
266168
344775
340474
266115
499684
445679
342286
271056
265579
261290
359916
268161
432474
361329
325652
316083
339590
284591
384552
261682
416546
397453
437674
330062
333059
426239
412333
264910
271246
367530
259688
495446
371153
315821
264529
261647
404741
264586
363541
309008
262096
371961
325467
314354
472258
400817
324627
287212
441409
379439
280822
314354
302046
316422
348414
291322
355743
353929
267182
403225
256926
458419
404544
381162
297660
404093
325366
308371
296868
450822
400268
450122
266002
464708
373182
319771
386823
280761
406896
341635
268195
263068
322333
265666
363135
343916
402513
254437
441026
355285
336421
279151
317312
318225
301780
324241
279841
412188
406396
410420
386943
438733
334796
264536
378730
348765
327143
370265
377387
305781
283256
359746
343322
481007
326186
329463
288216
297447
324154
396615
279709
279513
304752
264230
408843
371909
275667
317280
352090
392019
294890
274348
294839
340162
294945
306691
257686
303170
365893
309661
313992
296152
338975
310428
322498
275237
265159
332922
395794
277594
361932
284822
343624
333694
376251
276021
320418
364152
340351
408005
257503
284599
301564
373427
347280
393332
337546
460739
475761
277676
292763
260904
391283
258704
374715
329356
352860
414613
433002
437751
402565
428225
446407
336050
363818
318875
303364
277222
309764
289021
326549
472332
274212
258253
389779
375934
450097
306936
380140
282300
443635
486511
388964
345130
320208
436066
372124
399781
383645
328740
307952
262725
270591
326325
276738
439711
310411
265901
273600
278004
356228
341795
326101
308085
281510
367233
394297
287203
326921
364443
419900
385902
266615
267736
319335
344138
393026
271377
298271
292117
428024
268267
285499
279631
384652
306661
497465
274980
279155
407187
327349
375732
280660
264232
310703
276319
439053
303473
362361
450120
332216
317662
415913
344906
414954
321681
359353
295226
400196
282469
269955
406691
326981
389026
359409
293931
297625
386700
411393
399244
399643
301900
420424
288217
282763
275476
333181
448565
343616
260720
304319
310558
260103
346120
388201
266291
400645
341757
492792
285844
304807
295868
296561
463767
265475
274858
395172
291842
316062
363057
432672
273175
311662
354714
322853
355733
367987
308059
387741
307852
405681
410480
343625
271252
490495
358763
284237
437790
300790
274673
274114
285637
354585
257146
257558
354681
451183
288696
359915
263622
321853
265910
277761
320649
346156
289797
266767
278025
390622
438289
271329
309658
325591
325468
346732
268988
319918
308600
382788
340288
286255
444597
282644
428467
298405
427586
276612
340402
382469
277164
293558
268295
293339
262357
318630
393451
309349
368185
334032
358846
326095
352784
453793
355709
260737
305125
287421
329733
338412
355882
276982
358752
270573
293716
410966
333155
294911
419542
483745
269610
281061
433307
351850
355553
341687
407979
262247
285680
352218
341268
327809
457099
315867
254622
288101
288537
272735
309096
371397
259469
330845
335818
294630
308362
308541
429686
274324
309288
447362
293778
299583
469041
396435
261311
257975
372984
279750
360672
412480
496154
326490
323663
280531
381311
374642
437342
454005
297999
350233
287126
417810
284374
393544
340988
266958
290017
276425
260736
430918
354322
371695
305786
289988
332200
255152
389488
311730
386392
370545
406021
380039
368398
361505
417384
359214
397553
283718
317458
261477
448129
359342
360518
406209
321884
282127
367904
460444
280838
263751
399447
364530
436578
304047
348724
260738
347838
446903
332468
263457
267425
496430
313232
264864
318659
281204
266425
316136
310228
263015
393277
343732
326394
302490
311187
449358
296694
325472
391917
322132
396004
454159
267783
277211
356339
368533
335935
400857
329448
421779
298401
393654
324021
447820
266921
300242
268100
413461
337995
330902
321383
350302
421688
447297
350175
409373
353909
292643
260256
268901
464176
403661
343830
268619
374299
415958
282557
339177
339164
380722
355051
460885
452279
416172
295092
398968
386606
267672
290534
324791
263696
351043
276207
362938
416760
276240
440961
363527
344652
330825
450596
266108
268288
380219
278835
467546
473357
347592
278861
351224
415180
295718
398424
375068
255794
370573
379522
347994
306112
357534
303718
345766
289415
268534
350409
278979
320380
255775
336273
300914
331237
349684
281357
425947
350690
355656
332877
289106
337943
327358
276579
260036
327381
275010
412069
413975
309320
318981
383844
356718
391306
362457
355163
378383
307096
298262
422491
390009
255771
353772
263602
426028
262294
297000
359841
321892
490205
271029
397167
258601
262049
292650
298074
269014
299566
292977
422518
326272
399517
308965
343549
272333
418038
257149
271827
337584
344929
308941
287303
267084
416826
282016
294066
256684
300253
277582
419037
296835
432578
395312
322916
299803
271994
334197
410886
377654
370965
266219
332181
307191
289333
266012
288162
338662
269708
342429
326978
296988
348374
383699
276642
430808
315102
388139
271809
432395
262933
475596
270503
270501
376389
422177
393788
310898
287860
397336
269126
368057
332256
465909
485067
272791
434297
361656
463535
416756
293040
266644
353125
320955
377754
267723
372305
420043
264589
282379
457540
363728
268417
304437
286429
295795
280617
423518
264727
397197
344022
301102
259460
397797
284645
473827
266819
487665
311493
308964
305765
267597
437867
263648
317534
363901
326183
355016
362972
388125
363125
272250
267975
268672
402284
292465
287795
261092
322998
365386
259164
432391
300648
299984
281895
264010
370007
376009
376344
384333
345227
321190
403168
288765
434046
349384
391222
267009
281438
367349
424880
335813
318129
310121
295568
254680
421586
391347
391444
283502
383645
363227
293173
437428
255262
308110
264631
367900
265419
307788
267112
466950
326497
342197
273104
290028
318953
347253
382873
324386
317553
284874
284160
419466
380699
300696
293683
268834
324706
357452
366568
257633
440361
269959
349755
268740
268531
325021
400110
302379
281973
355862
318671
294657
497869
303089
326294
310109
268613
458344
327975
411049
284612
333171
369942
283059
402940
412562
403838
391311
293655
333000
469184
320356
294284
384166
266874
289894
340265
276974
285726
410807
277053
433540
278003
347802
499545
416860
306237
336540
487574
426386
468293
350613
278476
262012
279775
257042
302571
429476
318525
273264
405126
379142
320177
384228
342491
286178
378752
278515
352272
316214
332853
259202
354680
454255
295961
445753
488313
284599
397943
396386
353214
402689
483392
418045
406244
312566
430559
370704
339545
344731
316332
419016
430398
321164
327274
323266
437743
352621
259185
263615
432175
285820
418266
258405
356608
331512
257140
286557
447593
281692
392592
267100
260624
260869
318557
494293
274087
311790
366264
313434
316766
277764
345776
303969
374888
268258
474943
312790
294211
260847
345950
323196
307210
270366
321655
278713
335903
371041
306069
384163
283665
307758
274396
440518
336368
447484
292547
303898
398869
343831
417920
266959
403683
504916
379791
257904
376355
338691
298301
308490
261416
254039
304144
369243
409595
314155
312299
368043
437284
409952
395708
300902
283199
443498
316074
254940
417278
337766
371689
299397
341751
283371
348599
316119
377080
280623
378313
308308
303356
256350
426383
287631
374853
333292
297581
455607
399318
406734
308949
332129
289462
314627
318414
357052
428967
257147
269748
282770
466622
324336
290487
283341
379972
409547
313021
306336
341515
345544
275474
377612
271934
267122
344090
285063
262874
274199
258478
299862
342293
395063
311679
330030
347541
310372
269810
387543
273204
406534
426742
415042
331846
405104
294227
260486
342050
370525
338118
270846
301021
334802
316489
401996
364257
354988
289058
308532
343301
406808
264925
364094
282635
318222
255268
317285
316914
318150
278455
450505
468381
288807
319536
295481
326263
412442
257294
290119
278133
385008
289125
438485
363978
452146
368047
325730
430119
394094
290491
446303
283222
346680
339513
478713
275714
304419
317360
432497
264867
378593
424426
295376
265230
338362
310485
267986
299584
390219
278521
342538
398424
387020
285691
412192
375071
460590
274439
397590
386813
345426
292893
315932
276984
417389
306640
286352
360037
323628
254228
280473
382295
322949
396568
362739
275073
338370
307392
261040
308546
298364
353877
268110
313015
341643
313740
395721
280795
284807
312149
328409
337076
277597
307444
287056
399032
498957
296286
348994
294464
258342
413601
306556
288242
307658
279496
486730
364115
367663
378475
435388
312753
258541
294654
334812
360778
298279
309034
382012
454154
379778
260732
285215
264658
495401
356724
288182
261546
337648
352709
319421
366496
280539
283990
464925
295488
389711
402208
300641
285962
396734
295375
420083
476403
258845
314940
277208
342500
339317
458346
259623
378252
418754
274704
298982
294903
347586
373367
393458
322901
352728
308268
392149
289676
266005
261114
302205
420815
314374
340673
429710
306069
353990
340370
314963
330984
284506
283411
330138
284007
260024
261238
362218
373651
279652
362241
272752
283671
317319
271842
337576
326879
295313
397179
322590
351762
486605
266220
462863
262675
404618
400567
305980
451909
276096
273324
372948
297586
303304
260783
322647
265683
427874
280621
270480
268234
392033
294212
360739
343933
414492
321484
292127
255985
358669
303169
354594
402062
358208
318690
321483
283886
457163
296770
341676
311340
282711
365276
295479
276449
311264
369556
281031
455433
322129
465325
281857
338973
308275
349046
282938
258316
345763
328282
361960
275462
428280
323578
341890
305454
267817
281013
333204
419092
284910
261659
343305
390405
263347
441407
267877
375926
311849
266182
263383
317086
395710
324026
279434
256896
448108
314329
321086
431643
432172
328136
311501
283193
393140
302541
287189
307692
350863
353049
304076
387142
339466
338703
293595
342442
383033
292633
277517
502443
355243
318910
348335
376790
345485
307064
322631
262333
374745
462548
362345
266530
458978
389212
299850
371355
446575
333773
315747
339149
442777
282789
322872
410469
406252
340341
279446
283516
288911
268397
263687
306746
318889
357147
259009
311501
375447
314928
374644
292124
489484
309096
444731
281940
305516
389055
276920
264705
290787
412356
472471
332214
350955
308846
269444
312010
303402
271623
379992
393879
253831
276606
368560
346238
357500
399124
330638
424729
439605
314253
405270
347827
394649
412509
403368
283716
410234
389295
299952
457690
304733
340653
432221
273972
438687
382339
482516
326981
326586
379113
329749
410117
461130
264338
256255
311552
483542
332222
291080
304731
428242
403709
312541
292974
258890
272540
301730
261790
269011
301173
342995
451387
258849
419122
302892
290523
397925
370419
340478
417075
265675
255800
461007
285814
376515
283869
387752
345986
256451
314323
346203
324907
268135
365923
263909
343545
422944
314248
271956
267367
375150
279226
388549
426745
258308
345065
376537
378772
257017
282518
346687
284980
418871
399815
276768
275864
270588
367932
298197
358886
267072
380596
302406
264366
271524
296134
259629
263728
289025
273493
262434
280325
342266
343403
316719
360811
321562
445565
410863
352490
353056
313170
262417
376239
362519
481843
333954
435059
309365
266783
338078
288778
299888
286988
484699
333615
384109
366610
410070
360521
330528
264469
447514
367587
288561
320398
290674
401745
328825
380952
342841
439059
363325
368704
270707
260145
364339
379372
273995
268751
259889
290585
346664
315337
318048
431045
353642
358034
350679
292054
339680
406916
290558
426816
295971
376470
282856
416669
341665
293441
353363
352559
425275
396722
289679
290704
254022
304790
341428
499990
342908
377353
287820
421930
377124
389297
261813
407488
486051
388682
289159
314273
386205
289557
270333
359116
309479
340768
418956
287850
387241
298720
302701
364245
443989
263770
388727
274788
269157
323120
297797
284828
296698
278607
321934
262385
348721
353150
260518
414112
337941
394263
365650
261547
337609
446284
359456
414653
399320
285813
442211
430317
271799
341677
288001
447092
393384
342991
282865
306631
336681
346093
346769
300460
400089
270007
390318
291741
296329
346866
407663
273057
384883
396388
443233
407267
273174
260243
405446
258614
351387
425891
298110
284966
415186
282092
328369
357089
423274
366716
255212
373231
272971
317324
266159
295397
316840
274899
317482
306107
413114
258143
331582
388032
499468
460259
414373
274793
358029
347624
405415
394821
320671
357330
322451
331247
340359
381422
456274
387080
454991
326136
467893
260105
290607
282002
333869
257089
369497
430579
298880
389018
300024
376457
453112
347486
296080
365512
410306
325992
362818
379350
463642
413395
272271
278895
317948
283617
287296
294918
340191
420511
318303
335790
360980
392192
324538
277236
362513
396275
272736
409290
383791
266708
439988
441509
264007
263378
284858
290404
454143
365420
301225
291149
361972
305813
373643
383249
256686
256292
257194
284485
443523
296654
364044
460619
270421
274846
261911
360240
360143
420809
270946
380230
385700
323890
297616
347138
262129
364033
337036
324261
355900
269271
312421
318639
294136
316025
314361
345943
363973
298285
408210
392450
263661
256121
472107
310054
286238
331091
360508
395074
280844
270063
426821
440350
285410
416953
283426
378205
337246
269358
263783
294927
297504
370416
319688
290788
269517
370957
327200
266670
276697
303173
469864
342251
320310
352338
402960
332067
358027
349524
331053
293487
258776
335604
359847
359048
349255
342435
352533
338840
433433
288193
341521
444860
285211
288575
343058
281771
340650
315102
339694
424917
315783
344725
304403
277690
396317
267300
358713
295270
350982
266892
320379
307618
346296
277920
275861
442045
421750
358801
307429
289237
367791
310814
441948
280146
276543
344544
359912
383580
382937
390531
479424
454773
286398
348437
321259
305248
494691
279076
266596
371535
318836
472242
384936
336474
345081
358309
352016
435245
278056
321931
482856
254354
288445
290203
338351
321534
449756
370364
339925
291033
372739
276390
373550
290763
329685
328468
354396
265844
363472
398780
307898
374508
428749
306337
315693
361615
320728
256045
482047
313615
439049
264333
476079
329882
291920
385558
298236
332974
286697
285836
296076
350869
334493
355203
363994
281192
262910
335723
352531
281870
281078
312293
333901
388888
289905
429250
356699
341537
256449
295524
262635
350766
259774
331978
296738
260392
356194
442178
367685
345965
309266
427315
285487
264256
420915
258765
283400
319295
264594
314172
264741
441910
362775
493481
341086
309592
286390
293602
421090
322094
335938
302429
450305
345082
298875
322311
437624
304451
345279
353124
387263
403931
285078
256622
306598
283909
316256
268255
310910
359514
357617
272501
313790
375238
393641
306886
258424
382827
407913
303796
366134
464956
310891
315041
290209
288590
459681
325416
271641
325470
365729
305218
274023
306333
295274
331717
317012
275530
376904
310288
409693
356171
283774
379700
396731
393664
392886
280203
292692
314884
317526
368267
412918
305660
312555
322461
442775
313749
424669
263496
416190
356357
337498
289490
393981
490069
301601
436653
270314
268009
263378
339512
256354
344566
285974
291930
387675
268699
293071
371368
389811
333250
298452
304812
294470
427010
276148
305181
359780
352786
304186
304410
356055
352503
276036
332754
272983
377485
321754
281920
257473
405298
258841
334035
266740
400970
314389
318983
270515
294422
322208
285711
352437
339140
265245
304474
354076
460917
267267
330153
383172
360664
264195
412325
367840
272335
434624
269160
364363
335258
314900
291349
378168
283208
331876
322236
394299
321981
278289
290327
270274
305314
456659
345299
312211
287410
264503
302167
424655
286477
454161
307976
270720
295255
356006
392409
355447
305974
310818
383860
374960
305632
356811
263689
492934
336884
459407
376356
297306
324990
348737
391284
295385
273693
375139
326632
323411
321064
277291
266036
357723
348245
392118
262239
262884
258143
265819
297720
445687
327695
355932
288200
406341
335048
395344
434532
258504
384438
369627
306826
427359
254855
293715
361891
267161
311080
335879
269296
345156
335741
376823
305815
397554
445339
466502
288359
390459
394307
363237
328724
323776
287047
297883
361795
315263
266789
305723
260359
330218
456303
297716
257208
343999
291907
341761
257183
301494
301883
315261
384800
385201
367943
330996
373223
265603
331787
334603
336278
335486
426433
277385
351918
351347
291559
303932
354591
348618
385671
267135
278335
308378
266366
366290
366146
328132
389860
369873
459620
272074
306898
352780
359040
298477
362704
318919
336023
310718
278188
328104
304055
400213
392462
442191
342144
261521
280884
313035
353696
333077
400895
277424
297412
258523
412049
311218
366357
364364
332107
295652
392815
333984
347513
423355
288506
447791
311178
424480
409691
277404
334776
291161
370291
344629
260631
505720
382350
269367
396791
350536
394743
384448
270675
372297
277491
448042
269082
254179
367294
415919
313623
337269
365788
376232
338979
270875
276744
370603
319613
427244
276465
335111
421525
361539
385055
294255
414030
335171
350393
398316
270019
260336
318439
305980
306414
474627
412298
279506
289594
433857
469412
390907
281441
305629
289290
434943
344973
416291
459081
293824
297308
423847
407015
281806
335959
316598
344678
305232
297443
335004
431520
306986
266780
345352
277706
320523
332140
256743
289508
455800
288547
333753
309078
477333
310998
463387
282879
381798
324358
263393
285793
254950
369519
377350
302819
257023
314423
376943
314694
293759
276251
414981
415275
307853
275468
280878
321749
263969
425301
340875
301302
273868
365805
279755
269815
310200
348539
314326
368885
271507
315377
316115
411343
296915
416302
337410
452114
278634
270201
376424
391809
284149
419707
407869
291167
405679
411643
273832
271480
334899
286380
346101
422404
382863
439103
262614
276595
289710
302016
361192
407192
305340
343293
317132
291642
366711
343985
262717
481770
502145
416501
358960
331669
298095
284396
257454
322629
296961
258959
257643
317224
347498
265677
394136
287536
306767
381577
334419
258717
416290
286153
271641
317551
332037
275540
279220
315615
411796
325844
283910
273647
282206
326211
327732
479106
258491
344423
376018
334463
449773
337836
257423
269874
380482
411072
355633
335812
315596
303059
291305
322690
453860
266321
319664
444164
442869
376909
288110
258242
332041
324827
295679
460069
380980
269343
262614
415132
323343
307062
312388
340813
271987
268108
367904
270231
299373
259639
268352
388214
283958
262759
325300
315695
292524
454755
330239
447931
278494
367343
304475
319159
289340
456195
335728
290549
351043
343974
395816
389753
375844
426696
255479
283434
261379
314559
403424
269257
307517
296176
264461
332013
415824
400836
336432
410496
314350
468608
426625
298611
280289
276416
453751
406311
380317
341910
427891
326930
456847
409286
320400
297120
455649
478960
478786
297167
339654
301138
329582
329814
318348
432775
393673
418897
382979
309716
326103
338767
333256
327136
261890
300509
268535
433000
359451
406746
266007
257222
429029
368535
481819
313264
267136
491084
270139
400365
296254
505006
439335
320205
301526
318668
378095
303204
274798
323359
280109
254546
325098
350817
462844
274005
354649
397678
348368
362453
319598
435922
336813
340866
467649
364668
382120
376679
272000
412400
282535
268891
328069
268463
347509
259977
406273
255144
270192
259409
398887
361029
297565
275813
315658
401047
447578
283164
333504
410089
285887
278732
350782
340404
344838
309413
304273
439434
304284
446786
382223
341906
350484
300710
274916
286320
329394
315399
391529
323572
393378
460975
356877
288323
404666
365841
327939
493291
383149
280001
350555
365149
372336
378045
271959
282086
409181
259787
340667
280939
289792
426312
264566
280971
304275
395852
262596
294864
264153
322648
280189
255718
320209
353014
275504
341328
395605
361814
256165
488815
288252
349289
410127
470908
423567
353456
268158
318372
279111
266285
420225
266867
343376
273432
364741
295230
375334
387786
436779
261779
400006
258208
321978
269212
260665
272116
285546
268476
343778
258394
389366
355455
278113
345303
279774
318346
455502
496437
257826
408771
255953
309661
367158
303260
334367
273341
302993
382459
287246
267660
288086
276952
365860
407451
306759
445365
381808
309819
320893
340883
299466
347078
368166
388807
257594
297979
449880
459249
289818
260824
354605
428941
374372
383664
353023
300853
430887
309384
336942
328489
274508
268049
306150
331746
417177
327505
304429
424966
356262
288024
280178
354898
366501
297695
313400
337161
384563
282710
290738
416096
281636
374273
394811
363649
364202
295008
339851
262453
381943
342446
322462
298937
342489
344588
380068
452648
400160
269356
257574
268335
398435
338208
325942
374740
325367
266267
297833
338428
259787
256750
323948
263621
286807
328040
493429
323274
331763
322002
271041
312441
364240
277946
277877
404536
440389
294717
304774
269820
457027
319503
293510
413053
275532
272765
366809
446694
360941
283682
379054
327044
370453
375639
292484
296242
425851
312348
258306
436787
324228
463319
342893
296963
346387
281973
375163
397636
412816
294535
290967
283993
255585
260514
352291
365182
287010
421902
336081
312491
267447
260264
324450
300973
268132
386382
362368
289278
316108
315893
392017
330144
395518
294128
305050
315777
401913
367711
257604
259530
272246
313848
407247
485168
441750
322014
297372
444670
316080
297373
285603
333727
284496
401508
337490
298316
316677
406357
263044
391334
339450
292313
281628
324996
297711
316951
338037
395276
293633
344790
310940
372412
331175
279976
414788
293985
329925
381383
348292
322463
294270
262513
466349
264769
257965
275081
260629
265556
368972
354469
400048
411500
440421
336707
421402
431879
332451
346693
380172
417283
388600
278848
384033
281701
406704
255612
268691
317582
262023
340538
367167
288260
267751
301656
374943
315742
412841
321719
404667
267018
404597
283741
328592
311996
296307
322585
306621
405554
428465
374534
267431
271057
284080
376450
281637
256629
261819
465060
292041
364529
366856
324039
388320
266117
400985
354826
303416
301609
351471
376584
340816
404489
373289
424409
386447
313155
281245
290448
343264
422744
291760
346715
302628
453656
320701
284128
260136
476779
358781
346825
410713
321964
365108
337295
348702
337880
371648
327674
289767
263950
369944
351733
349070
334436
338870
350396
351020
366814
346631
490850
465697
300800
293252
355079
258742
388769
344328
467133
297896
293846
349462
350316
311470
263754
285045
267005
380425
340472
301896
461156
296382
333761
317390
401636
284809
322020
318307
370709
313931
354677
343587
377826
263269
341780
366623
358091
363420
345386
302231
397308
379646
421470
350822
365858
371869
273028
302322
302195
327367
364087
427183
402139
325685
282357
264518
276349
286683
310931
297173
300071
336042
278020
263867
294501
369146
359935
440276
293002
330317
289581
305086
345753
277376
392070
302424
266558
347132
398303
340008
350548
300719
309961
437074
266990
271528
345129
314577
301357
276716
264810
302236
383804
399201
376431
279609
254360
292990
356387
326039
431027
339860
259361
344763
276593
370732
373925
284036
446033
266863
262190
287238
336065
389841
321371
361456
341470
291185
337859
294242
283469
388244
420901
325159
440299
326420
290704
369966
358470
375014
304416
285073
260454
332728
393714
395012
340323
369309
275874
343473
364538
402104
321334
259868
301397
399535
323458
327783
306543
375508
379721
315243
313830
397417
399723
288608
268541
325243
259800
318996
285895
334463
258940
310833
359696
305214
457007
349986
275181
292738
410923
351720
257383
430177
333433
419914
283351
356227
287300
359270
461234
368781
284270
254296
270052
299017
359646
309954
302814
459359
298920
376490
403901
273359
259119
256991
343808
283351
305993
263638
267123
316157
367051
254248
301884
308870
273408
432547
279948
262856
275496
317013
306063
413928
290805
328460
368786
298047
274536
367186
313599
395301
355129
266821
288598
389837
276379
407695
419092
416994
294842
478624
316975
293779
364439
443220
276769
290811
347971
473016
287420
334128
266434
363203
271572
369557
267564
288934
306135
416303
381311
359229
443750
297349
389252
504187
289460
254554
445770
262596
337705
299121
392661
290351
288113
254538
361942
376995
253637
288607
465997
384711
264337
275601
313666
366134
446062
407757
467154
440630
318718
375632
290178
464254
289944
438681
376990
359752
306521
257800
274473
350062
277785
396724
422037
491882
413120
301217
344101
279818
367885
327400
260751
327944
444670
259782
281217
304960
269355
253336
265414
325898
484457
356966
395902
256723
420915
436217
348710
394047
271516
297252
371156
346997
295128
338144
254974
328178
401071
441267
394291
288578
255499
401413
353653
410506
381365
347185
293075
364926
302804
281276
309521
336314
308989
258622
321614
267463
414709
299250
361233
317958
259698
261246
350627
285769
312451
286783
312079
384909
333189
422818
296064
484208
265210
292669
445240
319717
335606
305223
367484
440694
262266
324786
328226
274272
267430
314752
415289
382416
411538
319245
423018
290086
290515
365342
312627
424986
365248
454677
486762
412442
381328
303594
321204
298192
373784
259289
378964
374775
329575
271816
334854
368020
285024
267263
282685
284026
359426
371672
382339
383292
427285
427910
403949
292825
269548
308463
326257
444937
261627
260177
286455
357630
300609
287391
500605
401396
370285
334505
279577
318243
292305
331297
308998
270864
346002
280346
295652
336779
398217
428913
281284
437651
335182
410506
278370
271276
375722
410098
357680
406533
292588
380106
388918
351950
331435
315811
278805
393379
367390
255482
282817
283317
355369
336703
481090
317676
408168
307077
437271
264816
320307
337933
346980
278954
319310
393299
300476
348805
345776
294538
332808
257299
365768
418667
349715
349638
317040
323276
498308
309820
279948
271952
259768
290592
284065
332849
260088
434625
287122
338184
266235
384001
264622
416226
366782
282376
271700
293535
351292
429008
320000
296002
320974
314762
272882
368500
344326
395079
370268
289573
358316
287459
378062
349119
362691
321275
357911
302953
337985
268821
314557
356170
391928
315511
470385
266556
385534
298645
300384
287185
263911
294733
307566
353476
300683
471693
363420
302042
269304
405940
466009
285653
452362
354844
444712
383765
290985
332389
410806
346052
361662
388918
360751
305115
436288
343029
345728
356194
288237
418064
380202
278249
317881
381337
300917
255119
258087
398626
421586
296125
428451
257478
320861
256398
269002
293314
395217
349363
376300
285948
377383
411279
346113
295479
376901
295576
298724
286204
263934
326190
373566
473699
319290
377032
303029
371897
300692
287230
261175
319675
257771
305743
327478
303225
336848
371062
280235
297165
260091
264346
394036
302457
373543
262424
268828
444739
338515
364804
284062
389272
269717
292592
454951
254687
305975
394694
280032
262688
339650
284246
468933
323821
388571
262279
379376
332303
327313
267768
329385
306157
354946
426783
279726
279014
347408
260019
277594
439225
280615
359476
501461
341646
316497
476697
337973
305949
289295
267773
266240
280199
296733
404387
320434
273133
282181
361082
360130
322480
290708
297105
335929
313971
259742
275344
308118
386169
387567
271634
257068
345242
254559
341526
298173
468252
385588
258972
257199
327007
377302
264587
292515
386091
335967
386947
308894
306255
301845
301152
464818
282877
279419
470520
264234
308744
413127
387825
269465
347768
306636
257263
408835
440676
379408
272805
356684
360685
332982
474125
439561
260190
263558
355100
271432
342709
309281
283661
393200
431387
411499
397463
337281
333311
350056
365262
370406
436398
388190
281191
390425
322648
346768
313315
371084
308466
286033
491466
344372
295303
388279
332752
382262
385634
268298
269867
280540
322448
269297
315331
327945
355532
323577
376849
254713
317407
465461
255713
408165
393464
283990
336603
272291
355185
372150
265819
273366
391841
345410
469267
281268
287292
292535
345467
349299
343156
469707
313301
380096
390915
409935
268940
315642
351231
255992
262573
388523
305565
377780
376681
366387
352581
359429
373184
343137
300195
265466
298609
345002
284763
268249
277110
291572
372647
277423
494742
270606
287494
412134
355969
325802
475604
262141
296742
273433
293932
304656
310887
285707
374404
307274
353438
309673
291418
395887
309917
305294
466199
267520
408317
404190
292107
440338
328738
272331
315936
270977
254649
263764
338847
298278
316317
329153
332858
293241
277096
376252
315723
313103
280149
303849
384403
374584
325287
309763
258072
316958
312664
313616
364430
320567
264866
459294
261101
267641
314738
407858
391680
340346
421679
481793
312555
331809
302987
259500
374060
360526
320250
363154
377896
334139
408700
448193
263748
406777
282758
280984
317343
383335
349513
399026
304897
268604
433170
394971
256263
258317
393682
316446
286212
316927
360106
386434
367697
280737
432015
340688
285661
293890
376127
261313
340429
377503
406336
449401
314331
291546
342666
265096
376902
483799
294401
318945
275900
454911
279864
310814
279536
491638
298766
439352
299291
270448
431854
256596
274838
339067
278433
375908
412780
365544
435140
289356
416023
305241
358440
410309
306908
364108
405676
340434
308398
282607
272237
319827
311788
259535
340959
290678
313525
253347
278574
347863
275195
277403
280800
269470
347293
413312
388775
325197
397185
294040
374279
310278
310807
393345
286043
475090
366732
275186
413145
368604
268507
262204
263735
315092
300491
304312
339298
348561
280178
322568
330784
357154
277010
267849
286429
309776
411881
289262
345374
336617
301634
388387
377818
441289
351633
316743
408066
442014
340364
269198
253883
344864
346486
286282
262668
364809
338697
354555
436288
412214
335118
372209
253395
353530
331359
368194
260358
295530
277811
281114
292742
344132
456908
299592
308421
306811
380951
257763
310954
321402
310758
296574
339622
271415
335319
361817
380660
346471
335782
291877
369170
266187
353160
369098
458083
402940
409403
272966
301983
264742
263677
349193
451591
265394
315253
269583
314259
306387
315075
281054
287955
300688
484599
327800
274733
357857
325421
370338
311308
322034
307271
324981
332159
278942
261684
328427
364935
362855
294029
443171
310739
297859
417555
439447
269641
429668
259958
296443
361459
317483
303842
315136
425752
468173
308006
284292
354245
261933
310454
388374
359255
256670
270461
335767
273306
435590
289181
383517
386708
271347
296215
277500
263331
373599
350545
285886
393651
255171
364570
295312
494594
267827
344717
254190
268613
399883
272295
407301
306507
362747
268892
456292
315865
355729
289576
375866
265166
322365
355389
421766
350633
303318
378109
279746
304741
316029
402132
282426
334931
404866
330936
273669
355925
264379
382068
268451
364707
393395
386350
264842
406101
269259
345942
277765
352229
462420
321474
389107
278611
320422
385132
388435
476503
347183
390234
390733
309567
420073
268707
451517
318917
305137
318875
426551
348740
413876
274645
301425
377269
299360
325525
264112
291722
259706
328751
374036
358274
268765
324264
295985
444686
473222
287506
273027
352019
290613
351092
385465
276908
325353
396215
294038
379840
316242
261925
265414
342855
298140
324336
386589
433751
259075
401010
309396
320570
434332
383446
364399
440992
262815
327924
346166
424142
285527
379338
412610
336458
296515
410438
490902
263613
350653
319542
369252
287608
384877
285432
348190
444375
410041
362596
254541
469124
415171
292399
278722
255327
315682
497504
342121
290862
273834
280931
430400
330152
327830
334860
295891
350303
348503
283894
444571
364409
299343
270504
367960
257943
301007
422733
254176
305179
270773
450738
344459
422188
388088
301508
434381
394191
310100
336250
283467
420402
359327
312394
454657
403215
363995
427089
259033
293191
297553
260342
486711
396790
323743
328692
376830
290888
263251
458995
335910
358068
259306
310478
307368
379211
440961
313203
359884
271073
284538
280058
306008
427245
373288
413359
270493
383404
371805
380788
337223
376217
322565
257415
273347
280329
290825
446237
362561
351587
490466
312289
283349
358863
374527
269441
317267
350134
258155
261988
333790
320803
278259
324709
360687
308406
328852
385671
325395
398822
433440
311910
259178
471550
343497
262186
321334
449280
318643
400216
291547
293053
279902
280778
406292
325732
270693
380005
465376
387864
261902
302070
328858
301400
350560
307441
301773
380224
411521
409234
318499
328804
471821
317843
365471
489901
259182
360802
327726
392394
405765
338324
362172
370348
282407
335880
298230
483204
394695
317479
331892
413583
352824
269153
336102
260964
270039
403133
276652
366393
276428
332497
429146
364678
456420
433753
264235
342419
337860
280683
265555
312024
326924
390499
345264
366084
255943
392552
258943
305458
432146
275548
281300
408958
339848
341165
475836
290873
330082
379350
287972
432272
254574
357615
446608
351034
364958
356777
310416
330226
293679
434752
327707
258865
491638
315223
297488
259560
260794
321233
264361
357519
257713
355533
292380
469942
281087
263456
389435
294222
385356
318858
376875
439551
304554
356590
256028
351125
303602
326893
266275
272095
323041
277515
381606
451663
404477
340680
348079
283367
270042
290439
454412
332200
446697
414898
356839
307331
444743
308513
357624
483120
294279
467403
378769
320314
416511
406790
395201
420578
261248
355460
379372
255803
336134
434783
374479
378466
310365
278872
335991
330030
302059
423846
267347
390433
265577
382818
369155
370971
461829
473118
365337
407139
285754
280217
291235
353273
386898
314192
338877
337747
287776
349686
394141
280375
352322
376330
301344
275610
412193
326282
275771
462696
280667
372618
282910
388311
305197
438755
365078
348127
255034
299646
263838
341886
266698
268149
399450
355861
307800
266073
393202
424535
325124
286010
302507
319603
263503
351973
374329
286022
293789
368772
272695
386131
286689
480778
288211
304552
337475
263017
459321
307223
353924
350809
287685
359794
336262
260731
299855
259659
365858
464820
256345
408407
319584
263639
406009
263404
257616
291551
352132
299458
350034
377357
403815
276332
393059
320375
366254
330363
267480
262948
258789
302626
314237
374193
360132
378015
266206
309210
426384
331259
385282
290716
316910
428801
338679
324723
307061
466505
372283
363443
289290
334279
327898
295099
450877
326897
370027
281252
432767
334497
255042
261571
350094
359695
296725
314864
392373
283281
336737
287609
323012
397944
276847
493454
284202
453439
401698
304371
471766
299139
326671
303516
401766
350703
426547
258394
373909
329431
256134
280905
256967
459942
260644
456092
449560
258404
405923
278038
286249
391932
296362
376644
384317
305269
360066
335236
384344
353179
296286
393959
370412
354055
260073
285950
311526
302290
324817
258986
283604
352544
299492
395470
296022
296549
274574
370420
407330
440264
358280
288288
365871
277462
298139
404186
260360
349436
333230
404558
388003
261023
325634
260629
416489
342223
326197
290377
348706
420947
334610
284468
483232
293132
393695
382346
291129
380418
433684
308482
277086
371219
366508
391646
340727
357885
271428
312952
420859
383213
428861
277288
356495
294030
269339
263034
304263
348554
269684
277942
318325
413406
371939
415481
321592
357967
310070
374191
314658
319957
342939
481450
327962
473388
421069
311536
491195
306051
310847
324207
282754
387530
354683
310268
403083
369315
287268
292422
397445
317215
254906
319885
258837
342414
345604
389995
269731
260066
260913
377539
316106
387011
321265
300214
274447
423916
350322
269889
297705
307550
334292
474010
265365
269174
367833
388504
277751
362701
293175
266379
357004
403079
313935
317882
263027
402085
342069
300956
331192
309402
332985
257855
254595
291141
311851
257718
272341
405783
305671
356765
352421
286480
258816
374273
281515
423406
274647
335167
394756
355637
378584
271985
282344
365209
276719
319394
396794
351579
442624
438951
286899
323816
354599
334522
399582
259195
391675
294404
299596
263141
342331
354014
253757
433147
316504
427358
311128
284739
394656
377176
261284
323306
402434
305205
477054
360988
443284
391473
316770
302055
461010
336435
466148
351257
258344
330380
281968
364451
264085
386984
256646
413478
326874
328582
330987
475667
383038
273829
264912
259819
285362
330542
413480
324266
400355
323506
373091
346903
351255
258064
385888
305759
311417
504075
380904
379137
269867
263982
424138
469664
276466
267698
301013
368168
404623
285691
269193
273015
441292
298367
367795
306996
278564
299746
341534
388904
292046
308578
383370
349935
314944
424679
290179
333038
319327
361190
317896
427155
332477
307514
285636
342375
354110
389472
350893
348710
358926
323798
470657
410501
265693
381005
464031
311031
365475
308447
356951
273639
328110
259551
361782
280595
338490
328959
280406
309985
271508
457249
316171
265272
276334
258827
277267
315405
331248
396705
415228
370060
306697
288753
276657
463615
396444
267211
263234
260009
319409
468043
261201
331700
290501
284816
264988
297102
270333
314863
301298
305247
278422
389769
341487
303127
342852
262913
259987
325952
366539
260385
311852
299499
306672
396731
279502
259303
259509
414612
301636
426413
383317
310696
293504
270293
272696
434348
344496
305746
456214
365203
297290
304545
452127
344576
385360
301645
403508
288245
270521
296798
292213
290741
304321
296574
351751
399275
359260
335603
407849
428043
423425
404770
405976
432093
343175
336187
357847
304712
259114
268762
287988
337203
303092
363021
326263
329720
329956
431918
262222
264023
290159
300151
312703
261875
433222
366210
345435
259711
424361
428007
282028
274799
496375
270623
263359
394936
299386
259744
348649
412669
292693
368243
337421
297722
268391
298389
397817
331902
422847
255092
275703
409719
289345
330392
338318
376635
334096
384231
328163
360294
330317
311435
425386
417515
267145
489069
305658
442158
422069
382913
336928
420394
291185
319897
278675
401679
269471
293826
270306
474509
400074
262374
332607
445593
407904
386924
492972
337546
267482
414781
349890
483026
308633
299219
260281
364291
331876
282829
260754
307591
331829
274333
339012
314017
314961
293644
468576
455304
395678
315346
263644
351558
387595
279530
377027
350823
290313
279457
434412
280550
379814
410870
261154
285351
443720
465908
369837
454798
382666
347493
280109
322637
310606
381799
362532
265841
401650
306640
316689
450728
340740
369826
344162
326639
369546
455836
412745
315329
276505
344580
308733
340034
356754
254929
286481
365688
409336
322385
342123
375200
294753
336249
445469
285076
333844
477065
293927
345614
264652
260461
296123
332847
281037
406020
363772
307433
294201
339707
265788
326703
254857
340810
310026
295606
262436
456972
278230
261613
381480
472439
392883
404085
369968
255529
260840
464308
309934
347647
434483
284843
363624
291411
353936
314982
455190
286790
349339
315415
380899
266784
260428
313962
296473
261160
291102
288142
308000
364593
459878
367264
257181
317837
319915
299343
329184
346903
451119
324352
447190
254815
275165
337438
257596
376282
425762
407032
282272
273739
424020
275742
274370
425369
282011
363131
361350
330255
288961
301726
357628
298325
314639
280509
325672
362631
437598
331910
380115
455999
388913
389097
300561
335230
287085
273787
346295
257927
384104
369617
381467
277358
296647
328914
484874
328460
286437
449614
377332
365052
272752
470937
278009
288213
468138
302841
337642
425205
307075
322776
322505
357629
293067
295788
410744
370725
280762
420869
272398
349008
304129
336187
343541
349725
253522
311418
330299
345649
262672
337337
430048
285072
468575
285568
277784
338751
328484
259241
427608
324263
282296
424706
462778
268823
332651
265958
260014
366626
452547
281320
440088
502099
336031
371794
466803
368215
310392
376203
346580
369991
320589
317083
457220
312575
319708
297066
354202
325492
340828
291929
289378
298611
360788
301189
280686
296768
436108
316560
449250
254801
278673
280935
298015
270407
325706
419603
278182
444024
418290
265837
351285
340232
458671
485931
339921
362113
413005
280365
485878
284075
379413
257521
366419
281381
441048
260010
305944
357630
360900
280870
331405
276048
260586
379942
405636
343867
388398
441329
292859
358530
267956
479097
288910
254423
311074
381965
306434
364676
295337
399745
267703
278247
392085
264323
410660
299732
366261
255624
387565
316042
274683
503435
470261
289282
371308
269305
480205
316988
337171
332565
368707
376677
387569
259236
332944
282394
290333
293153
279844
312256
363866
322154
311505
360571
280738
289842
275875
327631
388297
259494
286058
392703
428089
290614
299912
318410
362931
276591
267730
347935
285745
260553
305116
312311
356370
288005
316403
461141
254615
313537
322207
414731
264607
263922
282474
381397
330179
366397
377312
365266
453902
344706
351365
367241
260868
269280
256704
261617
273963
292671
350558
296972
294635
277791
271634
389572
435723
379392
458983
325934
376016
337172
280188
304174
278103
299182
292627
306443
391054
366593
391843
408855
288392
304272
340506
274805
369845
397543
427531
286481
438290
348182
395634
354025
462979
279943
383262
340832
325374
490748
392565
307204
372814
380059
386631
322337
304337
308943
298698
288473
301277
264700
317250
376903
267725
383037
358929
379869
373765
443148
287908
320524
350556
271130
360861
271008
257778
296747
327881
283632
347598
278516
308336
308801
265086
306987
358607
444308
302548
305738
373701
283380
275894
333040
431747
316773
301557
266093
318913
256760
315572
296990
295349
322471
451816
329831
262202
261557
301962
279532
427002
275360
375760
256466
278423
399115
381535
297504
396774
303389
273700
289209
263034
440097
466374
323160
315366
367305
359815
316079
345369
259481
280296
263895
270794
358679
347852
303963
461218
390549
426857
408302
291561
389258
312376
389682
258962
305263
311852
331122
307078
277292
347035
443300
421151
344161
325021
255045
389206
264897
262519
389299
299949
280155
396113
279209
346264
278303
277804
333309
401155
280414
268821
398226
291941
269671
311051
405416
345005
355915
305418
387069
384147
333319
277039
341772
265394
423564
478182
269839
380296
304290
256551
271967
254964
328049
338770
393521
412332
321164
379898
442897
256693
300153
336508
383009
254921
447702
297915
281311
412352
275279
491101
354584
307714
411225
321901
295438
321315
262661
306113
317734
374232
406698
400972
342839
262238
356293
390292
395431
263965
269738
346381
317412
348332
301873
268427
345828
280754
265784
297069
352312
364955
484053
307469
369415
372746
435339
276578
258513
354654
289437
362710
296939
364077
284029
319551
265797
394887
476877
291150
283188
384694
396151
317914
355308
369159
376336
356644
260379
280632
264853
398236
258296
386509
345419
322701
277257
346538
399735
280010
443244
288470
322623
278050
266374
355387
377924
301636
431507
273258
299640
263741
279431
312094
267080
384206
313985
303122
381776
257622
301271
314285
315352
450885
280552
347896
290518
354029
280959
443274
431971
268538
267898
345907
290840
395255
328886
419849
462249
326526
317110
271795
279110
374668
266058
343368
301491
319477
346761
380785
344418
331048
424740
325682
324414
343069
254859
274297
381246
323594
264463
289998
442096
362989
302278
392364
419423
312078
310161
303011
282662
378539
366955
310429
357842
361995
300846
258791
385746
303223
402666
462675
433005
390132
294724
263668
306695
290242
285746
263670
357149
258987
258449
352648
411089
301481
312635
458380
396421
300030
275203
371731
373634
401620
345184
340569
464253
296829
385253
414738
285696
429117
314027
498490
256696
292127
305580
254936
276877
276121
396678
438531
261549
400691
261235
280423
294703
325348
458265
262921
381686
311366
447662
416253
385616
290806
416990
352379
306260
283925
311093
332760
323288
349169
279296
345844
406456
293148
336202
292318
317926
357972
394726
315277
443296
443663
290487
318670
406501
450037
264949
287580
271380
303816
257819
428227
297057
303145
392186
262212
297570
410089
288081
337988
426687
286328
268357
423183
430332
312572
372748
265307
312403
320239
256298
440753
353389
407103
359594
291714
278755
310966
315167
376722
307421
270046
276621
370934
404439
445238
293727
384949
348942
388432
277051
286389
391170
291576
266513
321444
317463
347207
439785
411629
264015
406763
271891
254863
284178
279559
287012
279364
391844
415271
502428
385123
302817
438455
431831
350043
290377
283383
259698
366415
298847
464050
306389
317403
303204
354554
286668
429183
261965
315995
387620
476181
264006
284345
323043
415516
269887
322873
319065
267857
295112
409548
338173
337504
353164
491846
332278
298433
315124
315263
295200
257580
332731
409828
261193
270253
401983
316316
303569
357268
350204
336581
405878
284953
270269
261586
434544
320653
377847
336198
368142
334409
272592
274584
302631
268148
428244
312117
258646
438832
275765
288714
347796
376668
466294
278199
289557
441802
287093
302968
431067
292352
337951
367247
337966
310693
258733
257054
262040
365540
264317
284308
303152
273520
308289
305869
358428
371989
460171
396819
351756
375967
275500
345223
281857
293878
322471
493983
318733
283581
372078
270090
357234
461665
305602
347294
469206
338208
396303
268854
256120
278177
369319
365119
336325
404992
334475
369262
260602
375228
273086
290723
347387
378046
367581
275856
324602
346861
357032
310996
378825
306929
407038
265283
299071
276322
319562
381988
338320
294343
343670
332601
449737
344421
270655
268612
284100
409726
368884
420288
414649
260187
358683
314033
489876
264260
314020
401022
393344
356169
270950
327477
271186
350868
401955
339257
359283
442708
291254
346123
296023
386612
334380
350609
289243
374604
316716
291320
432911
277812
380915
463859
476224
469122
272829
372376
391739
383081
416635
295358
343654
301936
426686
261797
296457
336920
339721
408625
257892
359399
347341
288317
339044
376721
279623
359741
425166
314189
357154
353319
299228
273326
276002
314107
359790
258867
282306
265607
260801
292228
379095
281114
268641
263385
454429
332888
320277
398726
420194
293308
488608
318486
347093
418063
415167
341233
383729
337346
308649
482683
363529
444458
366835
319951
310954
263032
348077
402652
436554
258923
325199
274337
354994
444347
339704
270952
259157
259634
356185
301958
373331
271191
294128
341369
437903
265012
336289
303324
473326
274996
425004
287753
301593
272236
295713
330914
285335
266375
426065
307663
281572
327182
306390
307637
268076
336668
365277
282266
261698
494688
280030
459343
344651
295035
263675
286975
333953
416021
420059
294249
416450
375034
385888
298832
471298
391656
364247
274934
473037
321703
293680
360996
471855
305313
452240
449018
272741
451404
258287
377292
461482
267883
319364
320970
301751
266923
428259
382134
283680
398987
266123
300700
331281
331926
290040
373653
340408
343374
339877
376768
314719
373288
261617
259195
403801
299119
417688
308505
332826
427424
392727
287747
274423
487726
368018
308351
327816
350960
304494
316671
350932
264602
301483
273471
339491
266050
254588
411677
413355
314857
281873
325066
329023
396316
298257
399890
328147
407743
338005
280565
479149
426997
315457
313404
425244
263419
282318
394364
299486
306828
432890
283119
277273
418454
278234
281219
324688
402539
370693
422794
355470
293203
441965
351084
260144
306427
260927
327725
357711
256445
325637
324838
274801
280508
483364
405094
284928
274477
368428
380412
261382
321952
287948
333463
274446
286079
325925
283949
332593
279309
384179
383877
319302
358807
267080
283484
289442
299595
438424
335149
281368
265808
305273
430035
421177
292022
306574
276021
341094
307998
351208
372458
433612
325052
295691
376807
421919
360884
286844
288692
254942
367925
256936
281336
413683
351280
364005
401839
265830
417201
325068
257504
470777
387433
293576
297793
285469
355598
425180
388995
471034
279663
304627
401823
387668
311826
456214
264065
328950
488687
329634
279298
319707
352653
259882
402243
374962
382802
285275
276738
345587
264709
314351
331225
393382
317158
283555
421959
272905
256509
373276
311900
388087
383619
425356
434046
278870
423543
270254
303201
268628
261416
454578
285189
473188
402843
317209
443032
277257
319382
302876
378704
414457
383286
269221
353566
449818
268517
352837
291459
419791
257578
282476
457058
264394
319987
342383
259750
408355
268408
306949
415732
314255
265719
434203
276102
306692
415954
322151
340309
340305
428763
280784
372649
274169
265569
487543
262300
386768
339121
298687
467442
299413
286090
321061
305714
256666
473358
318568
463705
301517
335751
357782
293719
324998
484733
395024
334843
299365
294594
428114
319725
381361
348900
323297
257472
298524
264621
288138
490463
295826
332363
390163
412604
292777
434891
267515
370884
269758
420577
280685
350953
343138
403467
303342
275934
365669
274719
385754
280635
474933
329186
417516
296268
286376
319060
411179
260221
398768
449408
311570
498018
391338
355566
362667
259171
288629
373647
338429
360349
306181
352497
360761
327657
310815
333155
502801
278849
345540
295030
337002
286560
316992
346951
358743
281133
431843
338224
304058
459558
310823
288479
296884
299745
301510
340560
340775
314254
380556
277842
432809
298550
352365
457449
269761
369489
487825
299434
406429
272367
327125
426087
302939
315671
293857
377106
326959
317756
464457
398743
291962
279305
397594
272982
290077
310400
361718
352279
390081
321764
305627
393522
332389
