577070836
652767189
817058759
770161155
751262119
938452683
795259828
554672076
660966739
575071083
817158840
614969108
672966135
651567328
565271576
739462738
577471001
648267231
552472207
544972753
527173472
901154615
733163233
662066634
705964530
611869042
696665004
628368337
719663693
571671214
863256511
758061822
575071102
792660155
604969625
601969763
506974558
703264686
705864494
733063030
683765649
608769384
579770779
606269521
635568049
831058156
569071424
567771492
782360586
575071137
572071264
869756174
779760710
699764888
567371508
711564206
734962953
575471063
828958233
918153837
606569509
625168499
667666308
668966382
576970967
527073380
747062337
569471378
923553577
557871806
688465251
574871056
572971263
590070171
682565564
605369592
619068910
857756784
650567129
817758807
509274378
692365103
755361949
539872798
682265756
629568227
917353821
575371092
683665526
645667453
907454334
696765000
812959051
878955720
652367274
545972499
763961505
747162299
861056586
776660858
545772557
514474098
504074549
609869312
531773278
507974538
666466482
712064206
500974845
606969585
502474794
793660010
578270869
645067537
508074366
686965426
524573493
752162094
689165253
644667688
741762631
614969106
581570789
787560345
683365547
539672871
523973653
651867137
591570133
660266809
762661535
501574630
569171246
617968946
684765434
667866349
671266147
562271713
519573910
704664478
555571952
568671283
828858279
507574412
556072135
524073653
787060371
558671861
646167512
546372530
603569690
648267421
624168588
607869267
652267181
599669848
584870596
773861027
827758338
558871794
586870530
629968347
798959704
849157202
606169455
549172266
528573521
659966762
780260651
517273929
624368669
598869863
642167734
547572379
530073388
619068818
646967404
857456792
645767558
517373948
500474722
592070312
525173453
560871638
737762857
777460817
542372702
796559837
563971567
627768454
591470241
714764059
545872653
690765117
522173649
546272551
879255715
709464392
610069353
500774877
787060365
839257763
530773287
693665150
546672527
960651633
783060479
503274731
601569678
800659592
640167734
724363478
558471836
508674343
719363710
676365974
719863645
689865243
579670909
716964048
579570868
625868559
527773346
881455632
720763634
753362009
561571772
875855868
583970713
632168235
548972270
501074882
624068496
589170364
825258367
561271814
751962069
762861521
611169302
785960429
507974500
745662401
784160555
848257275
571171205
869656188
684265520
787860222
659766817
556672007
883055507
516074103
526973567
625868414
758861776
920053674
501974798
696764904
587470445
736662843
863556528
564071504
643967600
631668136
619068792
581470642
529473356
642567683
639267898
560971728
680765713
688265245
510774364
777860794
589970334
682465790
665166534
704664491
687165368
686165529
626968451
616668990
749662191
572671200
722263563
688165411
522973789
684365501
723163585
634967993
893254961
595469902
542672741
639067870
524773577
654567024
655067060
545272577
738962777
627968300
746362527
521873704
553572221
764961412
502874706
679265883
579870894
547472440
962351553
644367471
553072181
810959108
679765758
708364443
557671920
587870465
504074660
517873877
533473186
703764632
549672326
506674583
564771631
950552100
653767108
681765730
814358981
868456239
790660177
575371107
943152491
650667231
577070984
555472134
615768928
886755304
677265930
594470113
976950780
638467849
746362558
775760906
534172998
681465791
649467323
595970137
575271117
570271391
622568654
814658928
514774185
766161363
847157330
541972686
504374682
525773582
731163176
506274441
529073289
735662903
790560134
587970438
568371480
500874792
567771451
653367081
505874618
569271424
556271895
861656616
501674654
534673003
895454891
584470590
552472260
793360007
833557993
655966887
510774304
752362071
653366993
552072319
797159762
598469819
628168283
813958938
833258035
673066184
735662939
528973415
719263915
580670892
715763855
680065791
501074724
593669994
655767075
575571118
687465432
779460664
525773620
662966703
930553177
670266300
758061809
502674754
801159597
510174383
764361482
608769261
700364830
521273809
597869945
507274540
679365744
947952250
770761139
837257816
583170761
699264753
630868171
873255962
873155989
584470677
549572330
711364090
578470795
769061301
589670222
536273040
748262303
941452571
577671012
556772062
598769806
566471575
720363892
524773593
750162221
689365277
560271746
639467840
732663108
676066083
794759941
527073425
723163705
727463220
683865520
788760275
715863869
510874262
521773839
576571086
636567935
695464876
909554209
654966922
717863824
619068823
555572089
857256822
688465439
641167590
584270699
731363137
504074616
662866689
630068374
564571515
540372844
600669709
567871493
529173464
787960209
583170622
684365496
548472371
936352830
645167654
799159729
617268957
633668129
904854392
632768077
562171700
606869538
603969586
806759365
593770127
568671450
679965789
542072743
530873174
772661056
536673033
524973589
929353225
903654472
708864277
908054313
599569956
701564666
627468341
566071589
556671990
838557749
657866804
684765480
663066603
766461468
660366689
606669523
826458356
510674163
818558796
562171779
574071064
938352746
754662038
571171233
696464902
586870465
565871541
620568758
730963165
500874732
560371704
578870932
892255067
532673198
544972669
514873942
661666727
570271210
686565425
509374484
643467532
507374550
644467526
844757461
788860294
659766768
678065837
766161371
601369816
557271949
507774527
890455164
813758982
832358029
949552166
632768111
799559716
691365153
724563614
607969393
777860819
586270603
741762665
738462706
841457600
585270558
637967880
547272465
602569783
671466199
650167316
613269148
730663100
529673358
551972236
798559768
601469722
910054210
660066811
708464362
666466538
546372521
581670712
501974708
823158526
540272818
514174136
802759507
627868491
678665749
789560146
510174245
657466951
713763996
600769783
681065719
581970685
568971347
587970493
596070017
727163454
874655914
573971087
653967022
900054665
549972336
563871581
512774251
624068601
731163148
506374606
677165873
537372977
796159887
723863500
591770148
675565894
954651877
943852436
586070523
622868744
622268674
636168045
552672146
611969159
720663708
726963375
878055767
555172102
556571861
523773689
804259529
640067785
558371931
666566412
725663484
774160945
541872752
859156681
540372826
671866231
538972874
602669741
531173296
789160189
637267862
540272860
712964221
661066621
594070147
528473456
828458273
519873760
724663661
542172679
777160867
761861550
534973115
769161291
509874299
584570565
504374689
623668694
504474622
817258785
617868791
573071220
583170589
556572065
894354970
756461889
781660625
546172541
661166735
781560668
535672962
675865953
879755636
602869761
760661687
528673493
577070955
594070160
520673774
787360262
599969837
572071141
789660231
900354619
831658093
627968468
593470209
521073688
633968184
627568426
852757001
853556986
782860522
856856766
643967545
822058626
538972900
559671899
806859425
572571253
611669060
768161307
530673232
508674336
615969074
869556148
626268401
528473407
517473875
671466143
841957562
696364894
508374499
605769474
619168913
778460822
504074739
643067712
738562755
759861720
882355587
522573767
788960308
825658448
605669591
597969947
654667108
554572192
867456261
821058670
762961678
632468148
656366955
546372612
777660798
786660316
528173426
631668191
699064897
622668625
560571761
663666529
708564301
703764557
513174331
748362324
518973934
520273868
534073011
552772217
832958022
551772266
507774553
784160440
755861910
582470756
762161617
689565394
586570430
534673075
889655131
832158055
514374017
878455752
527373574
869856190
771761052
602569669
523473576
858356758
508674355
620668765
567371510
582470702
875655910
866256358
639967715
794560002
907054309
622568606
554872172
852257037
543772534
706064530
899854673
745962537
509074531
808359282
551572169
675965985
645967515
544572657
520573804
536673014
565171529
520873796
507874373
838457809
692365182
530973279
770061160
528273355
583970609
741062695
665766608
581770756
861156621
760061660
628468422
526873513
593070140
720763740
727463407
687665345
852257050
626768343
683165704
593870041
726763494
757461862
654367177
712364026
637567876
909754161
663366648
599969719
765861379
608669311
830958153
655167052
562571696
733163022
747862455
951252090
644167621
766461418
694565118
550872157
810259171
505074464
735362962
794160001
913354032
533573252
693665210
783960474
570271160
607269483
610169267
540672744
747262493
571571300
673066104
767161399
518673970
503874737
860656602
589270359
507174560
619868869
710364200
551772206
676466063
809359207
594470127
878255702
735162844
526873523
597269985
549472357
506274507
729263246
669866331
641767689
502874794
570171237
500374794
570271232
719963861
732063116
786060426
637467864
767061342
736662847
577070976
607969346
676466014
735462965
573171214
743562556
684665598
734463077
541872667
525273663
504074557
591370203
603669676
695264925
827058300
581370707
759861708
764761416
678165764
524073725
765461428
509774388
717563872
933652927
645867543
686565500
626068561
546272516
758461794
736862804
514574211
506074575
657166892
758761794
732163201
807059383
823658510
536373085
718863800
669666273
686265544
988050259
689865251
535773096
506774633
537672948
662066666
796259812
949852188
784960472
711264195
526673507
734662977
538572793
611069195
544772736
570271365
577471006
776760835
773561076
733062958
510074432
597469901
511574156
702764692
539072898
590870268
570171297
714963971
581970659
581570794
583070574
577970911
527173378
654767014
536473066
663066643
598069966
857156827
615169094
560671755
580770821
606169551
739262775
917253754
712064118
500774729
557071996
552172188
734562993
685265560
940052617
546272514
579070874
530073185
734063074
794659920
685365507
768161316
627468464
784460458
624468694
553372130
591070139
647667383
651067221
793360055
681165703
701964666
774060981
550972290
521673798
690765147
711664132
599869837
727863314
579570922
824958381
779260782
569971339
648067369
576370989
505974451
722463635
631468199
847257328
528573412
656966938
791660112
687165344
532473251
551372245
561071733
608269419
777060798
648167295
534273041
658266925
704064625
603169693
883955402
651167121
538473024
512774251
601769798
728663290
924653416
520573685
734562963
665166607
612369118
665366414
663366672
546072425
627868433
587670447
529673283
781260606
547472537
651467082
829758202
541972650
882555566
643567538
571871205
672266052
630568272
545072573
687665356
594770055
540572694
545272451
560771643
549272409
504774784
804059451
531973275
523673522
774461015
608969343
764761437
954951904
819158695
562271699
624968472
771961167
725363515
836057884
633968040
606069486
668566458
521873791
536473087
754561999
649367246
882255545
680565664
922853481
659066811
928353231
922953550
603469568
807959301
656366946
597969905
614469096
569171287
758861707
786460289
780060663
881255528
696864945
513674234
641167739
652467123
525973571
536672887
689865288
576071075
502174705
873755967
664666539
534473154
568371333
654867059
671666118
854656932
940452649
945752354
530873187
672366148
543572655
669266384
640667757
705164594
656567008
608369349
737962859
845757336
588770266
708664447
550272308
540372738
553172017
531673286
600569786
862356539
627968450
540072803
709464262
572971195
827258364
598969886
601669730
509774171
632168184
537772839
803159589
908654249
881655596
776560886
646067517
683765555
510874289
732263075
654567041
603469618
696264907
761161729
500674712
544172738
709464397
748362287
880155673
537772854
658966850
563371695
710164281
673366037
680565818
935452864
867956225
596469972
669666234
586070429
588270305
774560987
598569902
974051013
630768166
548672346
541072925
518073855
623568722
652367047
518073806
609169385
714064013
523273722
547772461
603869578
568771371
800959587
869356276
568871386
516473907
794159983
696265010
799059731
774161051
838557776
551472358
707964478
880555656
560371812
558771824
700064824
722363569
808859206
843757445
611869282
598969808
591970245
638367956
650967354
712464169
758561768
701464649
599369804
884555406
644267585
800759627
911654061
636967932
823258541
675166098
534473075
711464122
960551610
724263536
902154546
591070336
603069687
829058179
512974159
526273520
626868357
662666706
603469664
759261768
667766338
559771724
671966107
648167340
674665965
896654858
583870642
652967182
549072473
627468426
640967688
691165345
769761229
614369100
757661814
588170413
607369471
855656912
568371308
573771099
783360447
993549999
680365793
595970115
726763458
819658708
779760748
626768470
709464256
580270858
700164785
653267203
740362867
808959265
635767925
584470660
723263638
575071125
637767800
576571033
801959623
910054220
503674705
589970401
666566498
753562057
703764610
538672977
664566573
835857852
655267039
763961575
925753396
527373518
622168770
787860231
554672099
729863208
563571713
516174141
665566468
613069051
743162590
757861797
538672883
741162589
671166252
815058871
616669057
966051314
886055323
667966440
773860980
857856763
634167942
853557010
608969439
529573211
602369554
800059752
627268459
745862450
619968828
703164649
834258020
639967821
530373419
753962064
633668089
576770946
506374465
604069516
562471724
656466835
750262136
598769937
508174392
557372000
621268778
712364079
796959887
628068407
526773521
818358768
963551464
597370035
509374468
603369696
683065570
598769998
731663031
965451339
626068474
631468255
660166810
537872971
657266904
575071113
592270296
599069906
867556287
932753056
511174347
673466118
842657556
695865040
705564368
908254293
790360178
693665170
609669366
711164252
619068895
570971189
901454630
657066882
623868550
522873796
825758341
838757767
719563895
565971530
898754746
939552700
624868556
694065019
663266692
740162782
612069210
692765146
649667361
756561876
852957030
554572194
880855617
558371924
624468523
617368973
938152759
516474051
625968489
566471561
649567374
755561947
592670218
777960737
601569779
620168831
600169851
770161155
564171688
716964008
529273291
799759710
798959712
641467691
791260147
510674252
926653347
563671743
557971993
581870841
647267534
508774303
746962488
634967958
634068123
729563230
610969279
702564579
647867367
581270684
702364713
650667170
741862710
749862178
790760183
576371009
650767327
717363916
609669210
749362273
668066319
716763962
574171041
582870729
853857013
571171326
516073980
612769267
745062419
786560341
793459950
605069487
595569988
631468266
531473268
705364502
584570631
583870659
592070193
670366285
587170496
812859056
696764943
591670320
713064093
597769959
591370369
602069676
681465596
772461013
535073045
837357768
626568441
639567888
619468857
913054024
694765055
633768132
721563768
502474797
552372190
745462471
768861279
570171340
735763098
550172391
576871032
871556097
841957569
897754781
580970798
809559210
556872017
633268067
854556937
785660351
688565278
843057508
777760842
659166683
520473936
543872652
597969853
534772977
619868745
613069146
657266901
595470127
909854161
786460438
550872293
849157134
657866830
588370431
569271297
745462384
585470399
882755538
819258714
586770487
597269990
694565122
847257282
610369340
658866871
565671520
723563566
820858637
851457140
529073483
557471892
890755152
641367745
626468502
861056653
543172698
544772617
667466438
547272467
502574752
510774464
821658639
758661756
595970012
625068531
698564973
554971953
779860685
692865027
534073204
957951734
743062529
874355931
620968652
517473949
585870398
541172703
529473451
859356697
502074803
644167682
790560153
543572519
807459256
653266990
583770621
781560679
717163880
744262512
933453033
566671474
560571818
553072039
771361082
547172507
501774656
580170807
568071401
838057755
921353624
770361224
504274698
685465565
557771894
809459167
510174238
537672848
839257763
606569557
677465983
911754073
501674834
838457741
610769315
642467698
674266116
546772426
807059308
580170789
737862912
950352113
599869835
983950491
668666299
811459058
724963584
510174393
522573833
893754971
685965482
621168784
677165996
509074322
552172188
529973397
597769954
510074237
666666337
563571642
931153090
565171584
600669780
598469815
684265638
536272991
786960315
646867493
621268795
597969977
608369447
530473404
722663518
756361889
586770520
543572661
502574835
518573914
512874169
904054420
651967206
790960049
570271348
750162332
883555514
855256912
507274515
538772926
829158277
646267347
810659186
621968723
563971638
629268370
695664931
661666695
598969904
714863905
710364146
533673043
735663053
838157764
616569024
576670999
621168781
591570368
659666865
931253116
528073403
564971655
856456829
598170025
671066259
572071123
509874403
571471344
924653396
707764511
634568180
724263549
594769996
718163830
787960282
598569796
522173587
762561605
889555146
501474916
658066955
601869837
551672321
704064550
849657166
552972191
525173675
536173061
878155772
942452525
531073271
793760060
552372240
611769177
595770174
610769219
528273525
503174768
513574036
855156964
678165800
666066513
510974187
623268629
544372676
570271366
941452612
696064938
724963486
712164111
798459740
563371678
770361233
642267671
655067146
686165502
573071231
549772329
653867083
650767190
611769164
647367368
574271085
608169392
503474736
522373750
671966132
702664581
705264436
722163643
644867587
630068250
523473776
761061667
756661903
677465875
615668917
560971679
570671348
717463945
751062262
607469518
946752303
583570634
615968955
597569913
906754364
861656589
753762012
776160913
676265879
763561535
871956033
504374639
950052169
758861728
682565587
657666963
746262357
533073231
670466127
916153814
503574582
509774468
509674506
855456935
593870139
696764873
520873780
682665734
686765424
604569625
685465424
595770059
563771538
520773863
662566675
911854107
786160392
633068153
716363933
636467943
752462039
746562379
716163912
728063293
538172920
927353286
981850541
559071858
695764927
738562726
612769191
914353986
855956898
525073643
710464285
791160162
518773944
563571694
813858956
514074186
597369973
514874116
850857120
566071560
781060693
541572802
638167884
865356447
541572693
699864654
622668753
623068540
517873943
865656390
731863298
582270624
577870865
820358671
696065046
512374266
880255611
730263176
839057681
552472287
600869784
704864506
615569076
557171912
622368706
589170336
643967634
686865419
767661380
535572958
708864427
516773913
810059200
858056792
627768447
647067482
651167285
527173513
898254790
524973452
744562509
638867888
502774583
754662043
725463449
593870215
638767887
561371848
738162940
684065694
633168220
868156289
571871259
708764356
796759937
504674526
558771962
624468556
648767434
523173655
634467988
509074535
780760615
603569667
568771457
696764873
508274437
767861316
967751286
767161363
646067512
804059537
507174457
727963321
599169945
822458535
746962359
665866449
835557887
601969732
777760739
683665631
522373695
547172433
663766665
570671226
500574859
728663261
724463615
725763408
670366317
639267754
882055584
539472863
609069308
589670352
833258019
596969938
761061594
610669319
720063746
869756176
530173368
524573499
560271833
534973172
546372581
507074518
576571015
571971267
614869065
665066617
582070638
565571649
526873416
535573130
778060779
594670138
569171336
775860901
760661727
523673539
545972513
897554850
762361621
670966352
515274192
623268555
632468086
532773231
546572546
650367220
704864589
658566840
708764419
593770121
727663433
566871467
843357528
554672060
520473922
650567194
683765600
613969132
712864141
618568893
742962603
760961681
812659048
727563333
744962460
781960637
862056576
556272039
608469407
551872212
831458081
642867676
582070741
767561375
667466387
519173942
599469925
606869482
544372449
587170513
906854339
676765857
795759911
564471504
887955244
568571384
535373063
848357272
506574522
605069712
630368315
531073300
537172955
766961317
506674330
511874292
711964135
502474809
579470889
522073772
592770098
737362816
822258588
609669374
719163727
914153958
760761741
546972517
683965580
561271738
793459945
713664021
901754573
621368789
648967382
596069928
605369623
570571298
562671760
670866313
515774197
783060574
609969307
667066528
752662184
574171042
550972227
682365744
578070973
619668876
760361640
621868671
544972444
882755517
676465883
547272486
597969881
570071173
793559947
677665837
606269517
505474757
567271466
532773004
575171011
814658963
520473825
609169440
602369644
616369017
747462291
698464794
759561755
529773251
512674053
526773579
502974640
797859697
834257967
583070707
679765824
604569604
518973856
612769152
553872226
589370311
753662045
657466928
592770186
665966551
500174754
540872686
847957302
841357610
873955925
551572290
542772699
686265584
500774726
521973691
633868002
666966296
526073440
681865745
763061540
551872119
695765004
577271035
686865475
671666202
540072716
815758903
669466286
824458460
616569029
588170412
762761589
716563896
588770328
546972448
825158413
630768229
694464952
537272858
591370267
937952741
700164760
782060559
606669441
667466500
547372403
636467979
759761755
555971990
508474425
670966190
636467898
907154302
519473768
653067210
862356530
559171979
613369207
517573980
532673115
653967077
763961496
889655192
644967459
733863045
591570161
706064506
750962121
736562834
863856429
906154399
877255878
545372662
635967951
677165995
813859012
890455130
560471875
526573526
548572380
616468980
544272634
726063413
791760140
638767868
521973685
630768249
696465063
576270999
609069409
523873684
596270042
501574785
568171396
645067596
874256033
827358315
693465181
676965826
923453507
687065404
656366951
697564815
551972216
587170553
785660429
732163169
536073056
744362477
857756796
583570619
755761965
507574553
665966521
532673273
747662341
623368677
746062349
502674798
699564915
561771749
588170528
548172331
641167869
581070811
553272180
715264044
582670707
501674765
978850692
926053348
596270115
748362270
726263401
624668594
578470885
592970143
517373840
688165328
750162187
907954326
660966763
535473103
506174453
755161923
786660445
724863419
696465015
782460635
522673682
676265972
767861305
798059875
553772187
657066914
709964214
542572575
547672486
571371297
579970804
741362613
672466225
523373783
519373804
540372833
785560396
502074940
647767459
508474365
717763841
731963115
589970214
845457419
880555653
526273589
520673820
905254346
755861904
684965660
702664656
582670711
645167460
764761440
917953749
578171005
630468146
815058966
930853130
513074228
792060102
682865642
575871049
588670412
761161659
629068311
523473756
576471002
601069782
721463632
648967306
856956840
674266187
554072170
787660296
788660213
554372227
659566771
556571912
762261531
646867429
551772262
841257623
789660214
807659262
563771696
802159574
554872078
799759690
580070754
782860480
781560605
529973174
827758276
872356032
704964576
586370509
628968426
558371884
528373452
632568183
664666539
778560758
899254663
737162870
566171557
699964801
629468418
857356818
808659273
759961750
569571198
548972463
917853750
868556216
693565144
588670387
646067588
672266224
681865792
525273650
867556324
557871967
928153300
586670539
760761680
606969475
518673837
623768589
941752586
874655922
696464921
840957652
676565911
661966764
649867344
821158627
647867446
508074366
681865709
526673504
800259697
906254406
643667641
587670449
565871540
759561668
528873430
603169511
821958537
509174347
559571846
954951903
751962134
746062393
770861123
611969225
777660841
722163640
587770522
536173075
834257907
884655397
595470127
547372508
885455382
534373169
689565362
629868364
945552383
650467232
765961403
746562426
567371518
890555119
766461434
717763876
664766533
862856532
622868649
828258311
519174011
573571196
610669291
571671310
741062570
802659622
500274700
734862991
584370617
762761565
809759156
568571267
660066789
770261159
682865663
908154286
596270036
517873976
643567664
518273982
572471279
576071082
604969501
601269791
558571893
811259077
550072369
508274474
571671248
549872233
522873728
889255220
515474047
650467278
594170029
522973744
750762162
595069906
623268695
703964509
797959833
546872563
638168013
668766395
647467426
595970094
624168640
585670581
590470301
662666722
602569732
595869967
810759098
676665888
610369214
549972374
577871002
533173332
847157294
728163451
555471961
557671945
775760897
830558216
611069207
779660768
527173531
529673245
506874482
519573939
698864804
573871064
778160712
577270861
520373831
797759790
543172816
593270145
578170973
596270040
725263389
861056609
704764405
787760273
503474692
913354057
507074396
551572287
704164535
573871090
931353113
779860688
768161351
501474849
502874640
719063879
569271356
560871848
926353353
611569170
556972055
671466283
645067633
684765431
694865065
634868072
792860012
677765985
898954778
502974588
776960861
817058771
556672046
656367036
572771179
782860534
734062914
506274584
724663577
608469402
749562225
858356734
793760021
676065888
733563151
514973976
517573938
708064385
557471979
643767541
527873465
642567515
619868692
577870961
603469591
701864638
602569631
676765891
549272433
838057778
785460413
587070493
550372388
681465758
584270640
526073534
675365869
606369587
652467191
684165547
715163996
757261851
776260963
545572444
533773175
520973909
715063982
601569787
951052121
830358126
571571331
523373546
754661975
501074700
614569000
615468888
742762591
787760290
714064047
761661594
666166466
588070292
590170325
612869104
514874037
887755267
572971239
505974453
607569478
853856982
644167522
670466242
861356636
829858175
828958227
551672352
526473538
722763611
527273502
562971728
776760859
603369592
650167325
732962993
680965785
621168763
737362827
576471056
676165863
727163359
820458682
534973210
693865168
593770118
649267402
515073961
914753876
509574339
505474634
697364959
537372997
555471927
671366279
622468640
775160900
554072139
725963426
691465283
613369131
789760213
680565801
673466170
510674232
590770192
926353320
606969460
726563356
749262257
657366962
727363385
755161964
827558259
647867384
676566022
884755390
654167131
642867689
528173422
788160361
677166027
882055560
559871852
560671800
522573600
728263209
579370734
720963705
617368976
667366509
567571543
731363191
586370494
526173542
531073296
748462297
953251997
714464021
513674095
641267679
691665207
827858280
539372899
527273505
988950176
803659504
631268325
528173471
551472266
553872139
962051606
520373684
550872267
687465484
714064030
692665073
815358896
757761750
660166833
739862862
818158769
727463427
574871152
625768515
531973128
535872947
588470463
514474062
849857220
702664582
575570958
722663715
526573471
662566626
581970616
665366598
740862566
658166900
540572672
743562512
630768262
941052578
643267574
516774044
870256131
565271628
637367922
600769818
772061155
601369726
738362788
544772567
717864024
679265714
850757088
715463944
518274055
532573251
505874540
680265812
539572795
549772206
530473277
817258782
671066257
897854811
691965224
845357395
506974540
544672618
827258282
573171046
769061286
533073215
554572131
760961599
523373599
606469471
579370725
878155722
684465569
612369217
766561410
889355192
583870631
879955606
628468280
548772454
868156249
615369112
633868209
521073774
829158199
896054920
687365337
888755229
559771868
507474492
664366507
586970400
785560378
704564529
919353666
696564989
546972448
557171990
535272919
795359929
534273142
638767871
751462153
533373203
564871569
765061532
657866770
781760519
572171287
656967016
685165491
690565235
512574168
567571485
563671513
726263389
717863995
513774005
908554300
901654558
546772520
827658252
695165009
522673753
634768032
551572365
830858112
622268715
515774071
553772144
565571623
784760454
605569505
520373878
756761816
708864213
740962676
520773750
746762430
537972836
587270455
740662745
561571863
909354250
764461455
625368539
566871483
566971417
515674078
590970213
524073731
554572194
662666738
629568330
563271677
685365526
575971089
601369860
552072271
977250768
955151927
591870211
939252700
598669971
619168864
837557802
544272616
505374593
502774636
733263069
741362625
565871580
611169329
870256140
960951609
531673293
687465494
718863781
709364376
734763111
740362710
693165183
670566325
877055819
724663524
719363810
787760337
752662121
732763117
867456282
643067707
538072954
633568175
548972341
904054454
660266700
553972141
542472742
567071550
560871845
549772311
503074783
783360504
640367841
756861886
898254751
528473453
915153922
822458587
574370999
747462371
747562336
648867306
501974630
506274376
685865504
743562525
699464883
740862732
804059411
540172897
928053242
505574505
535373078
675165923
644867582
526273612
847457283
683865562
810559152
631468230
565471586
567271549
564171697
894154955
681665754
826558348
616968865
614468989
862556492
613469021
749662276
563171686
658666914
537472964
633168181
592670225
585270572
604769547
655667067
738762805
508674329
627868325
824558421
685465594
828158297
518973953
770661147
595770079
814558970
674466156
640867669
675365895
946052334
703564455
841757566
886255406
699064837
596570003
717963987
874955990
609369361
599769881
634068078
516873910
653867111
740162742
536573020
725363421
858256772
698364856
824058476
501674954
505074616
753262031
849057237
833457989
610169305
909254195
550172375
571271274
523873661
806259326
528873345
551772255
790660150
594470114
934652888
749962217
707764243
571971285
549872341
523573690
613769146
718263828
766861386
609069415
625068492
529173386
567871430
698164817
556572014
574871128
802259546
922453615
718163802
867256331
697364953
512874190
587270526
609969325
679865782
766361352
848857218
742362504
589170479
870056168
567971454
674265995
560571681
508374424
746862392
632068215
554772133
925253440
701864553
719463748
754461915
737662830
635168061
644567538
723763551
833358039
784160450
664266587
806959299
627368467
602569688
808159338
860756643
681665721
504474672
866456315
728363277
722263617
575271120
597370039
612069201
713563983
767561382
800359666
529073222
513374304
688865391
777060836
630168240
598169890
715463951
522173626
864656404
539272913
771861131
509474278
905654370
608769357
667666482
699664679
829658206
534273024
807359342
872256038
624268521
546872516
562571665
525473526
699264864
928553214
634068177
862056615
596969981
787860321
625468537
618268942
619768771
609269342
708864276
612569131
820658675
663166644
512074290
765161420
903554453
691065222
507674429
850957140
621168662
675966011
509474442
647767444
648467364
654166967
657766944
526873574
585470597
531373312
811759063
509674386
612469225
694465152
705064602
507574566
684365593
646567391
552272268
780260636
641467769
795159863
643467655
589970357
575571022
506774434
919553705
755761912
674666085
577070962
530173381
589270402
559671876
538972905
521073719
680665697
901154625
555172024
596169834
552372240
960551635
741062649
628868228
589770387
698264829
637267907
673066166
668166463
815558962
771461174
640267828
502574764
525973442
800559687
790660155
725763520
833158104
600569738
567771482
565971488
519873925
506074590
783060472
516474023
679765929
500074978
775260919
511474267
631668259
808059241
840757634
645867583
519273859
516473877
654067049
506874427
536473034
523073735
506574578
517174023
782960534
798759763
657766821
827258342
603869647
611169318
648567299
837057851
584370631
679965815
586670577
594670213
606169568
982250525
521873765
596770007
774261038
874955922
726663361
632968243
763361562
626168553
548172425
708064421
590670296
679065720
525073466
711464224
818058796
590070295
598869899
547172538
615469011
833358008
817858795
625868419
559571865
573671178
731763034
678165910
719063779
704264494
767061359
581070850
560171775
669166210
784760427
681965751
638767739
734463006
794359953
941352590
505974540
626268511
984350438
821158633
597269900
522173815
764561472
612069125
888655211
704164475
819958656
548872428
723163589
523773727
708664312
759261751
746462419
582770711
565871526
771361104
544272612
615869024
662966645
647667395
806259371
660366795
581770740
530673328
590270324
670866223
815358888
519073759
770061198
788460206
569871251
639867707
665066577
725763446
859356681
734063033
691465277
561471623
623668619
627168539
881855611
711364298
637367941
559071890
503074611
622468749
729063265
542572775
920053709
651067275
553672115
895354880
552972149
533473065
652667196
715664064
776060864
657166807
594270140
599069974
726063455
623268617
778460746
681165682
784760470
970051146
527073517
810959090
952552029
923653504
559171923
722963470
597969758
825658414
827058301
638067886
520573840
613469176
812459072
798359717
542172828
541872784
824658392
501974814
591970146
645067572
538072879
519973840
506174631
890055225
796759756
764961413
588770400
545672411
742362581
659966869
604669564
800159713
862556506
676966020
597769940
613669224
603569674
667366488
684765507
504674670
682765654
708064458
780960707
736362916
540472719
602169607
580170717
882955512
845057422
555072091
827358339
678665791
764161555
522473641
503574550
879555717
625968525
972251041
616669021
522973615
568371437
527873536
583770581
673666163
544672453
860656621
651267352
823058539
622468755
896054918
643867594
501374654
632468196
856956808
686865436
511974333
540372876
682965571
670166174
515574043
629268357
614569184
637367966
749262222
639467896
719763824
572871270
652967078
845757405
524373477
679765691
537772907
626968461
858856705
636167949
873955987
812559039
664566515
884655469
658966886
704964503
661966653
769561206
860356624
528373444
635567985
506174606
805359476
645067569
563171688
986850332
732663163
506074718
513874102
505874445
654467047
918053743
563471603
536272906
805259403
830458152
822058536
621968669
837557765
859556643
580670858
691465098
873056065
614769025
667666495
531673395
500174747
717663945
763261499
634468093
642667568
644867475
606369528
854556967
805859427
622668568
650967289
759461751
604769529
557671979
526273533
923553522
614969090
718863773
611869234
761561564
558071971
571871131
816058889
750862220
841457628
581570800
600069860
758861719
675466001
740962653
580470747
519973889
947352298
598169959
559671896
620768698
705164491
819258742
556172060
572571157
674866069
570471185
553172198
501974733
835657896
746762386
666166481
850457118
751462105
623168668
630868113
585670395
724563544
764461511
961151578
635367905
645167657
813059081
549972272
757761884
757161885
512574297
870256137
580670816
631968173
504074690
740662633
827958298
577670960
714063962
508574467
661166765
599169781
596169956
519673893
521673793
599369764
792060134
837157818
768061269
569071330
631368277
842357568
502274831
505474657
638867904
659566893
736162867
656067036
546772547
644867578
570571316
734862979
508774403
960451623
531873323
627968295
504474705
789760178
579070908
502274732
570571208
516174110
876355812
698664902
594170055
725163524
649567323
538372926
677265986
566071474
718563758
611369223
675966009
594370099
661866725
568671361
634268021
556471997
729063311
613169101
788860289
540772670
687365341
584670489
665066586
729963294
653667076
532473192
633768071
623868500
851357085
543372713
657366870
584570557
523573750
969251162
598269851
624568648
659666688
822658510
581170711
744562518
672366217
592670196
973950944
858656718
681065639
656766961
705364480
698964698
894454938
586770515
736962855
552272129
919753697
713964115
719263742
619968877
519473735
511074391
517473827
556671960
632968088
780360669
693365094
794859890
595570058
940652634
736962857
685965540
749062265
633568211
583670746
625368532
886355360
763261526
726463525
626068549
568871405
595070007
757561929
601869614
791860118
575971141
687065330
554871988
567271311
548072476
518673949
602269728
539672865
890755107
611669180
524473726
627068354
746362386
591270142
655166934
552672308
711364094
611669260
673566123
758561770
732863054
537372982
703264548
585970492
553272223
666766408
805959397
634268064
831958079
609769273
528373467
542372723
558571987
547972433
764861476
516573899
663766616
533573215
666866512
622368747
764661447
542172840
654467103
839657691
576371031
812559028
587770427
606969479
746162409
536173021
781360689
505874586
804859417
557071954
520073869
686365411
723963612
742462590
559071729
578770871
545172606
572471231
636867863
725163469
542972663
592970292
682665743
618168984
642367717
786160450
689565342
605069514
735262858
682365650
870456128
565671469
529573377
616169051
630268283
552672189
550372212
807459260
533473192
640167799
508074284
590270243
609869258
556672077
588870274
508574492
673766083
881755580
719963699
675866014
686065483
808259231
949952175
838057753
636667972
598569965
898554700
533973039
699964858
710364272
591870236
638767888
592570272
559571858
601169797
505674595
770261157
834057990
892355069
537172985
719063922
550572342
647467352
799959690
568971442
811659128
681665596
837857755
551572292
661766760
816558869
735062970
552172146
971451075
533773173
628268276
694665103
818858729
641767788
577970847
752562100
509674457
525373613
501874764
534772995
672666151
706164360
545972511
951252085
513874088
528773390
655567045
608069248
514674038
772861000
905154395
667866337
833058012
543772654
519773741
755361893
601569773
776260953
660066862
934052959
670966193
883255539
783960526
746862340
865856337
599669735
625768562
640167798
702164558
691565140
988950249
543972652
709564215
667766466
847057259
592470221
657566809
639567762
557472024
537472946
712664136
608969297
523873680
748562301
654366939
875855857
536573014
642767578
574171014
826858334
582870758
509574311
582870589
577670992
604269585
929353252
632668169
677465990
556672025
593470055
532573205
553372166
536772987
686365338
559471898
576371035
772061071
708064303
547072504
748662220
563971670
551972271
725663421
506774557
655367027
836857818
598869857
554571949
632168278
781060661
890555161
507174584
745362437
641567708
792760007
725563400
507274579
790860087
605169606
605669534
668166480
503974703
544272600
655267002
532073207
571571270
608469374
622368687
873556063
638967855
748062294
501674665
532873056
557072026
703264698
732463053
681765655
719363863
769861182
860956652
551172351
638367865
671266276
661166809
620268694
552872230
687065363
743562558
645267585
703564653
598269846
532373304
607869386
652767213
886155362
608469339
522073731
609469212
534173205
928253270
547172345
790960133
702164694
898454797
664966513
804159420
698864778
881155630
702264689
843757468
642067727
739262741
519573798
644567566
593070100
518973861
783160548
679965810
608569444
840357621
619868817
626668495
629068343
509474359
582970700
662366673
606069400
757761815
523473554
730463178
894654886
534073051
584270662
607469479
596370117
534673095
792760066
637467993
588470315
708464372
647767466
587270449
817658794
581970625
834657951
523273673
560771663
739462709
606569546
590570205
518473793
508874435
783060560
544772660
594870111
835757901
546372523
603969588
733163083
753462028
556071933
622068614
878955685
559171709
520273900
587170436
831458112
536172918
527773475
549772453
521773840
811659105
561871717
802759594
506674487
748862208
500274833
694164951
774161009
782460587
797759884
603969659
689665334
710164211
818658722
514374167
672766194
643567617
506274582
589670339
971751039
817158821
840557669
504074711
594169947
611469286
668166399
571071300
748462206
590370290
515773968
632468152
654567023
843757500
515373957
601269738
785460388
674866048
796859808
797159853
699164859
721363616
909554203
659266749
586670433
832658075
712164131
651067277
691365265
772661037
733663117
530673355
704464522
644667592
792860074
719863694
507974293
513674207
684965502
595969988
644767655
843457550
504174722
637167985
572871090
590270280
586170544
599069813
715864018
521873813
670266318
539072882
538872905
799959711
663866540
704464649
804659460
569171411
968451274
523173691
951752016
892055013
582370707
659766866
587370478
507274515
532673331
823858515
736962870
526473544
652267215
681065780
744362514
868156285
791860127
587370473
518973931
930553144
502774598
763061581
515573931
545872544
882255601
536773040
540372692
693365135
661466602
673466224
713664014
904954400
743662525
606869477
641367726
569871246
718763856
712864134
731463119
676165883
666566526
793960041
548772468
810559182
677865950
886855307
691965158
685465541
558371924
555172146
537072982
579770850
738862853
605569505
680765757
649467230
599769912
772361037
584770573
759561721
816258835
828658261
806859357
524673699
613669180
600469686
875755901
816058868
523473772
595269979
568671429
550772309
578370867
683165584
642767700
745962361
789460185
617368924
610369307
668766385
727863407
562171785
597169953
697664777
700164836
521273801
712564241
619668849
514174178
641967740
796959783
687765283
561471784
541972810
722763572
512074213
793460037
639567851
834957902
597069868
842557572
957851768
552072253
613269139
688465251
632668140
603969565
532073284
713364095
674466004
573771118
660466722
620668760
696964842
516874050
668766415
520373849
784660464
667766382
538173023
657466816
774760924
729563267
572371170
782760503
800559672
761661560
687665288
510674375
723963496
608169388
546672521
564671644
756861904
778360773
562871620
786860326
518174011
612569003
758761815
758561722
568171337
694664977
836757818
737262734
568971393
592270255
518074068
772261127
673266136
854356924
651667248
509674358
739162742
703664519
643367673
578470942
619368799
632268106
563571673
707464432
816158827
776760891
750762251
588770475
957851782
511674227
753662015
673966150
565371604
561271706
555571969
686965458
549872435
746162509
585370591
587870451
547172497
621568761
508374409
987950274
654867021
655267018
712864030
601669603
774660919
580670758
676166049
892454989
519773901
560571864
510074294
617368881
515473936
534373136
563271542
557671923
791660068
628268465
557972059
696464981
614269102
696664890
503674724
532473175
872456010
508874514
698764763
839157667
757161864
508274466
741962644
702264719
626768400
502974698
852457026
630068359
613969011
734963010
514674032
590670198
870256092
553972232
954751895
915253844
629568362
676066051
766161403
631368201
511474334
608469366
707664409
778260847
787360348
620468759
517473863
833458004
646067442
654067119
620768810
532973314
534273119
519573798
868156231
783360493
607769268
813559006
657166848
628968322
780260687
643267649
513774203
760361669
773360991
758761762
623468635
621568787
975050914
720463722
603969655
650967275
744662447
678665854
603169711
506974550
695265073
598369773
743262706
621368681
580270756
733663078
535073067
858156740
672466099
737962805
564471663
502974566
631868126
608569378
669266231
761661562
824758453
712964121
647667378
668866311
755361899
528473432
611369120
692965025
553272182
539172757
560371717
500074732
885555405
940152656
684165623
531973311
528073448
610069354
554672110
719763889
811859067
532073133
571771188
610669376
534273137
557072009
795659903
822058571
780060706
827358322
629668402
544972500
727463511
742862657
793959965
602069777
770961120
706164487
702764648
559171832
871956128
551072324
617068861
552572286
809859135
602369698
636967893
585470474
523473671
679465736
980050689
767661312
701764642
584970672
512874225
780360720
853457005
535973044
821358600
686465443
669066300
536373039
624968603
580370901
736262876
704964507
624468586
882855568
581770759
955251891
798959710
788360211
914153942
692065283
834257934
849157158
854956928
665366589
588170441
635568049
510974316
505174640
582170751
659566835
516474052
570371277
588270453
822058585
726663401
698464818
650267326
736962765
873455920
605069509
548772449
736563091
518573979
839957646
677565988
521373804
510374313
795959866
554372068
750662178
841057626
558171941
568471468
566271561
597669985
637467897
936052861
578470975
526273600
613768956
530073415
740462805
734363106
602069597
800559667
608769422
607169380
919753691
926753293
608769429
711864193
775560963
589670245
513774181
549772394
627068435
519473837
604069658
594170123
603969622
535473090
878555701
669666261
791560069
517174016
845657395
773461059
574271090
524773581
564671627
611869212
517873952
590170415
556871821
549472376
638867805
650967172
508774342
690265164
798159722
593270115
668566405
552672257
716763882
598269933
593770140
563871620
536273009
708264351
577570934
636567995
552572254
723663617
531373251
565871543
528373418
708464233
544672685
559071835
613269059
545372415
532773246
874755954
647467467
770761205
947752326
565171564
737562905
584270576
841557576
685165404
752662056
585170640
535573122
742462618
525673593
589070389
689065289
521373724
666166495
503974823
570071379
912154129
577470990
579770807
720863609
530873325
624068654
701364653
607169394
828858252
660766761
618468870
582370707
728063189
616769053
725063549
506174603
787760319
856256860
957451766
721763588
737662809
765261517
727763417
544772525
581970798
587770409
615069080
614769135
554872046
758461777
629168326
701164592
639567772
828458257
568171444
773360998
549172399
897154768
749562240
744662441
826058420
697064807
518973909
507874525
711564135
762061545
726863560
538872794
507374485
644067542
775660888
710564232
930853151
827558334
869956127
510174405
658466753
544772634
814558964
788560261
527473482
611069218
675065953
745762432
839957704
576870998
654067063
548772357
581270720
776660831
833957987
595970025
575171113
616468980
571271348
636368049
767161335
857756752
550572309
561371756
747462281
726563362
770561223
671566251
705764413
716264088
689765148
588570411
816258818
926253375
794059997
839157674
575970989
782360603
842457560
902754585
590870309
733763023
544972605
672166113
505874440
676465897
757961853
628968245
521473681
532573363
549572335
725663447
788260219
781960574
780360673
620468877
645567531
785860417
531673170
588170501
637567859
572071275
736162905
847157276
726663468
649067353
532073266
506674590
613569140
904854479
708564321
521373842
670766295
751262177
586070604
632968235
512774282
693965090
599069696
545372581
572971229
554372138
692065196
774261041
698964792
632368075
518474008
571171295
708064315
512574284
676965832
775860885
669966329
621568816
688265271
808659248
595369976
541972785
631768255
637168037
664266655
624468484
645067449
646667482
761761559
563371574
516774125
556672007
605469530
570571307
763961507
693765064
837257837
732563078
605369462
669966160
657566878
554672092
660766751
541172764
568771476
711464198
863756465
610869265
772061068
522773632
872856035
527173398
667166390
789860100
854556944
611769260
537172889
860756616
667466454
809959173
501374851
721963712
558871939
704364478
640267748
634468062
706464408
630968317
667066489
561571718
791560049
594870018
654667027
551372299
717563837
545972555
762461567
632368144
606269374
574671131
608069319
535473016
852357083
715864036
641567786
714664084
742862722
750962142
915253940
858956701
577970965
603569491
555672086
503274597
632768187
664366656
531573119
534673176
525673580
604269431
614869015
813658967
712964094
657866947
743262499
633868120
721863706
875755828
756461821
537872970
514374079
818358818
544672606
546272647
793859972
630168192
535973102
521573828
576071078
850657139
636067982
552572175
514074165
649267393
784360477
894754869
540172823
960851581
622268636
756261913
596669839
803559503
783960479
517573926
610369291
598969876
630268337
551072382
595070135
755561882
559871878
505874446
926553285
719163772
526973547
643067532
626468553
723463505
526373505
636667951
720863656
588070436
542572750
589570361
647167421
610269414
554272105
627768442
865356409
615568996
550972293
537073019
624668602
840657609
730163262
775460924
548572405
654967108
511274259
567571446
668666394
888255262
597469970
559071873
723563578
508774322
637267936
782260546
539372826
841057628
893455049
583570529
720463648
777860851
625668517
802159585
646267574
678665770
719563737
713764131
651367146
933053020
902454536
697264990
665766468
609869296
576870895
536972968
509574427
508274551
697764854
527773480
689565284
567171530
765361450
618368873
640167721
569371397
556971979
543772548
857356794
553772094
659466854
763861528
824358443
626168493
529673263
553872145
500374752
783360454
558271838
647267419
565571620
566371551
577171016
630568263
579070935
910054160
672366120
644767612
521273648
685965531
563571726
643467484
551872288
530373181
756261906
806159392
625668585
572071277
551172314
824958423
653467149
843457454
844657440
705864468
638467918
513674160
560071896
604269539
516373940
764061420
746962359
806459406
531273292
704764413
893055021
703964602
730963218
653267179
726663448
613769106
704464605
667666367
608469361
678565766
783360458
551772319
631668089
772761007
584170547
529073298
779160733
554972064
513574024
620668833
570671365
761161585
644567479
558871937
507274470
588370463
650867286
596170036
799559652
791160176
753862017
711464322
570071275
501274998
615968919
592970198
896254884
911954050
697864828
610469304
512674095
598069847
574071170
593770146
753662081
712764161
545772480
533073216
794459909
537672967
680665756
650567246
589170379
510374249
678365879
869156210
644567598
748762218
900654580
735862936
754961959
606569391
695265107
782660523
707264371
526773367
692265157
557571999
621568647
582970705
557071948
831258136
664666482
631868246
531073163
511074329
691065193
736362977
730663177
927153292
563971639
605269617
606669581
767461280
548572273
691565234
554772119
687465483
612069321
540672694
680465653
580070841
571371219
574171134
701064673
755361934
589070436
610669229
594270045
710264318
854656927
847257297
512074327
509474357
731763160
598769999
504574648
708264386
606869423
618368881
808659217
504774536
901854531
738662709
732163084
625368433
814958966
869156144
773061040
652567214
781860514
854256966
651967256
747562347
673566066
660166797
513774203
645567557
585870476
566871433
755461974
627968453
512574168
625568434
846257381
741562626
606869552
657866923
817158822
789560255
545272645
709564253
617369032
686565530
869756235
782960504
597469844
826658300
705264484
501574943
566171580
607069407
757261785
724263549
759661838
559771901
598469840
506074610
506674384
519873946
694665122
613169165
508874288
563871690
603869647
707464316
595170010
571671221
555472071
526073377
928953244
768361316
575771062
787960319
502774567
605169575
638267912
720863845
796759788
653667072
597469913
531473248
741262706
794459916
515274167
881955597
544372479
563471715
549172401
510374264
650167279
542372742
770161164
751062314
846357351
522073767
504374527
656366996
915453878
613069038
798459804
867156302
714464008
604469624
634368033
875955850
535072990
816058888
809559243
587670315
679865707
686165365
933152965
687165448
928953283
641467783
780760658
811759077
526373437
709164244
690265272
576471001
718563864
669866348
821658599
583570721
520673894
778760726
543672661
764361417
921153593
828958242
756861820
623468697
769261263
714763954
501074731
610869334
557971890
827958281
684165501
573471165
524573621
706464463
820958588
645167558
606369605
855556874
692965174
585070594
848457251
669766211
527073594
648367434
700564814
912554006
655467044
731863099
796559863
612669243
608669466
690665170
501374843
769061251
690765329
668966277
909354243
777860785
714164010
665266424
617269061
576371036
815158928
912054039
687365302
763361623
545672604
962051550
709664233
564171653
583270538
570671284
569471392
590170294
665666380
626168595
842057611
587170354
590070406
737762828
612369183
767061302
790660123
741162598
668666441
876955790
662066634
591770310
505174674
816358863
803559466
691765236
621268715
821158634
618268972
510274213
803559532
664766534
565271511
848757179
641567692
612269224
583570705
573871030
629968305
864256460
685165649
537272972
514374254
649767266
811259095
667466319
793859947
508674435
512574234
933653019
650067267
558671969
882755510
690765148
503074801
629668374
500174750
581470858
567971255
519473909
664966401
868756206
578270954
715164085
773261108
823358502
699264772
785560416
591370314
961451541
680065677
707364434
609969353
514274121
591170289
735762988
558371984
647167466
535773063
526573418
952951987
581970740
789460246
572071303
663866597
518773782
576571050
736462883
751562278
657366963
778860714
681465640
697764778
618668914
731463036
521073715
515873998
747462332
628168383
787060305
696464882
703564556
536373106
661666786
701664570
785260427
541572843
647567284
797659749
667966412
583070792
753062001
577070930
595170049
580370833
719063728
753562030
726163412
672566208
724563452
941552583
558571908
765561388
609069368
618568983
855556886
737562794
607169460
728363367
870256122
555072128
621668627
669466392
900654654
571971198
656066852
659166786
782260618
554772065
625368564
553672090
594970065
637967918
632468093
688165455
872956047
801659580
500274847
580270853
569871353
506674526
627668362
555472086
654767113
501474781
815658855
530773196
791360126
760361779
817158770
538272939
570771353
553971982
509474362
877255845
818058793
773261054
579570920
600769835
572071252
616369090
555972068
520373927
932453032
538572953
746662405
721663635
644167602
569171383
591870217
923453539
586270470
605769549
590470360
560971797
660166671
540572793
583170750
774760971
514873998
512874217
765561451
624468662
780660643
730663228
807459275
770961146
884655376
552872082
554072128
758661809
559371919
652667176
718163842
626068577
717963854
634268078
659866772
579370921
919253652
564671670
851657093
561471856
697864895
711164101
763761469
612569240
618668841
669066196
561071860
895354849
598969830
707264348
861656574
670066326
919853707
554172080
776460832
609969222
701364658
554172182
604769478
738362820
661866702
858656791
698464903
661066690
597269856
778260687
503474740
521173865
718063926
510974220
738262729
534873196
537573039
844057452
544672693
544972529
546472526
689365174
584170659
659666800
536173047
688365419
532473119
596869903
903154516
537572949
741062728
578270868
638367880
526373602
730763373
663566551
572371253
947952223
544672496
649167352
697664848
714563933
636668063
504074516
559171933
726763400
772461019
569571244
725763475
737362851
651867070
814658973
504174705
638667892
711464221
532373163
636868035
787660313
617768935
810359112
561271838
948752171
506574531
710764359
694564986
556571930
746162527
553672208
664466577
513374262
574871110
709664207
721163757
847057323
624368649
550372202
884455374
527573482
641767741
914653971
623168555
904154481
512874141
700164751
709964145
790160120
556971947
532073269
501774616
622168753
597769934
706164513
780260728
907954269
563671661
916153788
508374492
863656527
591670272
586270462
824558465
563271485
749362228
556971923
798059715
587970449
502774781
732363231
543772515
688965268
830558189
675665961
853757027
544272703
510574207
704964560
793759975
643667556
737862744
500374837
916353837
685065528
553672201
602369736
874755924
599669818
761261618
667666376
594470149
664566516
520173884
724363508
733962897
544472467
643967653
808259252
796659860
573471196
589870322
663966627
601069805
613169191
720563732
564571467
601169681
951952061
838757762
826458343
530573379
781160628
612869142
767761329
628568285
898454794
717863910
696765022
719163848
510074297
517474006
727163403
669366426
685365534
646967449
701764769
607969469
776160855
547372323
547772417
610369134
866956323
578570878
550972300
865056424
809959149
593170130
562071745
683165534
647867451
634268126
538772958
570271415
570371338
583270750
593870063
876355865
818258745
512174382
551872292
625868415
615968954
556372024
537572978
731663125
658066914
515374030
536973087
692265193
553872094
554172010
620768747
838257768
697064803
516474103
959151708
617068938
602069694
818258818
739062727
562471782
634568126
664266611
546572427
529573371
716664048
514474019
635068048
614769086
751262127
601469818
744762648
851457090
628468427
538172930
728463468
503574642
770561148
599769859
546972472
591270321
648167416
550572366
626068427
667766463
551872277
600869814
594070128
588570360
706264314
564171568
667266514
784460465
814258972
632068170
525873395
572471212
868456211
574271177
515374084
569571289
605469599
657066892
743462543
676565899
920553669
730463327
569371320
630768194
634368044
724463574
603969596
525973660
715564006
687265452
730863225
520973797
591170342
663866572
606769615
680865765
636367934
798959697
778160728
564371696
570371255
667166512
535873012
600869727
502674874
744362490
623068635
547772485
788260210
630568315
760261641
714264017
622168609
604569418
564071613
523173577
656266963
665666512
714364014
502074837
661966620
707764420
520473679
823958531
743362703
659766858
629068424
544072607
531473172
591670241
612369189
572271239
850057196
675265932
595669884
539972879
916453804
681265665
537272979
578670994
758961691
551172258
517674089
762161585
641467728
671066198
630868356
693165094
876655837
810459139
678865846
643467574
674666112
515674083
692365122
620868852
688165375
615869018
614069041
611069283
548572422
545172464
740562731
546972514
673166165
570371273
570271342
773061017
596370059
663666581
651367249
646167501
669366256
540772722
677865945
894154917
516673919
637467964
545172588
698964943
511974233
730463190
687565453
617668945
566171565
564871535
560071847
705464605
580470841
897154877
759361698
543272662
870256164
627368347
705664461
664866463
603069676
519573753
551072325
598569812
631368212
794859982
910154150
837757767
580670742
698464855
603669652
745562483
775560883
530173435
550372289
763761503
694165147
635068137
502074746
688165403
614369182
540872679
769961133
574371094
511674319
601169758
836457909
503374660
675166100
711364143
723663533
523173605
616368928
783160541
636867888
742362593
800859647
666166410
534073178
737962954
678865890
513774082
749862203
802559586
883455542
530073402
841057628
601869666
516374102
627468458
594070168
553772234
582970599
695064938
721063700
577470992
538572949
697465006
590070257
636767896
943252468
603369569
755462015
951152110
510474134
723563560
579970765
747262375
900554667
566771499
638367924
760161641
681565837
844557395
714364081
915353862
571171338
574071216
781460687
556672124
651567180
600269701
835957862
731763002
520573767
724863506
580970797
877255816
840357647
706264455
500874742
541072646
641867628
808059292
609969334
508874428
554972168
738662765
644567589
825158478
543772663
523073658
769061200
712264200
568371465
642867667
879455719
618068900
661566757
524773642
790560181
693965003
778560746
525173668
656866968
809759139
677266012
624468629
726563406
510174493
604869687
649067373
754361945
515474115
594869897
661466754
565071646
513574114
507274561
563771686
761561616
905154353
604569527
566571528
592470039
870456083
544272645
714764047
698164758
539872833
871656055
648967479
735462997
511474251
786460285
674366117
897154811
672066219
707464440
594469981
500874905
548672434
828758268
915153889
526273484
518773800
644267621
782160640
721963620
517573972
551972240
515674192
864456414
625868562
707664423
578870797
545172613
571371337
538072960
879855631
704564622
762961489
538172808
628268377
609269426
640967647
562171570
785460384
736962950
902454529
852157043
511674292
842457563
635368048
629668264
608869313
564671533
707064311
730463127
623868588
596269983
512574043
618568961
793160060
878755752
556471975
629068331
824358430
769461203
688365233
524173671
744962395
805859398
687465329
874455877
721963598
522573788
710464167
799059761
768861242
852257081
863956450
565071565
719063775
597169892
616668909
651667144
622468732
548072445
808759210
520573943
743862543
669766308
523873691
719963698
756661923
647167317
567571425
748462261
753362065
876355821
728863238
539372880
589070372
705764539
579470750
783060503
806759314
589270283
826458389
621268778
600869606
529773224
675866040
689665342
615969047
683165745
740962697
661466633
502074697
701064682
741962666
500474733
593470163
591870221
561871833
760561707
876155885
560871865
768661275
756061845
814758903
608769327
611669277
593570106
688565308
664266600
581770744
692565022
525173617
903254473
595969954
657166899
659766719
534073164
871256125
732663241
517173942
656267000
620068687
942952492
539172884
859656652
697064991
535773071
714663910
547272482
566771424
865056468
744062510
748362234
721763649
581670783
542372786
533673061
530773333
584270669
713664133
596170003
898854715
528873335
774360970
922153532
747062405
624968614
652767198
771561123
793260045
826858370
673666010
939552636
973850930
839957667
557671968
771561134
520273753
543572513
525473613
506774501
571671305
530373191
837157810
934652940
648267333
845657361
735762910
567771465
602369787
555472139
679765868
770161176
654067141
574771046
552772195
567271488
507674541
628668419
583170686
633668052
778560817
580570882
587770462
567671483
555272095
589170364
545172482
564371676
529373455
517674089
573571097
728663330
629168209
602969592
644167602
623868710
624368477
650967339
629568209
553972183
755261955
811659164
964051422
689065284
506274629
656366967
710664228
757861763
501874837
540072944
580570874
578870922
639567893
500174882
826958348
712564196
535973037
543872558
795159920
792660074
529573402
836957833
824958484
558971955
604169608
546972552
665366512
581370720
775960913
503974548
898954687
561671741
602669619
623268685
611969198
707464409
575771070
910954145
663366694
558971867
855156872
738362777
850357161
711564290
719063785
780060742
710664330
869556174
742762500
806559356
733662937
551972258
762061565
751862244
806259418
591470283
711864035
543972654
552272249
603069626
531873217
640167817
535073081
607869435
678965872
765561355
726563366
685065536
526073511
744562471
561471709
544172710
582070721
526473555
579870891
690465272
507374382
808059289
582570617
736362855
665266560
783160493
612469227
512874343
599669960
801859555
704364479
556971983
503874568
592270219
655066999
512474084
745062425
675966007
721163610
668566424
697164888
570471303
565571478
618468799
894954946
630168385
516473917
555072081
568771428
588970400
630468270
758561775
573371145
507074438
626668371
664366669
586370416
817958809
592070112
598369957
521373868
604469622
521473639
553372100
694265188
513574308
570071283
540872851
965151373
583870715
627568304
603769579
852957027
559871780
746862542
951652042
615669011
707464479
520973856
785260468
598569934
505674605
542472827
657066952
581370822
527473393
589770397
674666055
597669990
677265879
578870869
775160995
533473238
846857294
582470697
627668321
816358868
673966143
771661093
668566326
597269981
519173901
748462447
532273316
556072012
619268853
949352208
564971560
574970947
680165839
651267220
667266427
553672169
559071925
692265061
972651011
720163800
771361073
741862798
763661609
566471518
552172341
543072723
588770281
886655279
697964832
776960781
756061873
751362302
634468151
681465580
594670103
713664028
582370690
666866397
799859671
526273507
567371498
577470949
649767373
814758943
823058503
503374656
737462824
576470995
784060510
543872648
744762482
701064801
858756736
583670616
554272077
624368649
500074753
771861071
813058994
812059005
644767504
580970681
818958719
639567760
773661056
603169591
633268221
711664212
726963321
670866190
558771926
741562642
937152798
826758326
501874734
788460243
624768609
721263824
763561534
712964158
500474864
891755079
767761381
657066910
814158992
609769328
809759246
530273179
795859879
741262611
567571447
749362351
829958130
777660776
576471002
609969335
714064100
820758616
697964736
665066501
678965762
831558108
543472755
773461094
611869205
777560845
728663360
916953805
947452267
677165997
616169058
594470001
631968308
631868171
623968714
524573534
673566163
881255558
531173305
634568070
592570084
778660704
870956106
730063168
610969189
854656934
641067695
791060140
560171850
595670025
500274773
541972751
709964184
596570018
748562234
836357836
782460533
978750723
731663190
700864778
683165541
630168202
784260483
548472427
580170856
528273490
738962827
758461796
638267875
600869795
536473059
564271543
520373866
567371534
524073560
523073626
647667464
676565876
754262134
775160922
873855990
639767759
794160030
664366596
720363661
893355057
522773767
588370427
553872203
653667174
653067059
609169398
563971650
577071003
593570208
609669393
659266881
656966988
592470241
928453284
830758161
736662873
775060883
558871849
793960011
701164599
743862506
751262134
697464810
569171309
761761597
618168886
530673339
808759223
902654530
563771652
612069125
526673562
613769185
757561928
783960449
934552900
518273957
721563670
928453295
541172793
619368791
722663621
647167447
552372241
528673478
815558878
730863125
910154095
635367975
626768412
598169856
540372827
749662172
922253507
543872692
581670760
912353998
697364838
614769172
913153980
574270967
631168303
661566736
684865516
760861626
746262339
670766143
521373805
724563456
676665911
521973759
736362889
675566067
503974507
770161232
655567051
526673509
544072610
705264531
665166546
762861536
514374038
779460697
591170176
509374450
650267324
709264334
500274720
530773199
559571895
567671350
567571473
692765048
692165176
949052155
509474438
641367785
594670163
796959837
624768489
893455019
802159562
684265638
609469305
949952120
897254843
857456786
685665413
503274579
587070567
507474529
888155267
768161341
718763776
703164696
805659387
855756851
654267201
681865751
757061947
673166004
584070643
700564813
548172510
667966355
631468151
507774356
759161729
800759661
513274233
712364084
641167780
569671210
845657386
669466341
537672975
528673366
538572929
702064607
827858301
518073998
565171628
513774180
657466921
507374442
591870257
588870416
783660459
760061701
537273038
592570301
737463026
555872082
547372471
929553198
567171495
568371430
640467725
779860676
502274781
565071598
745762321
807759328
560171828
814958956
683465516
517073860
845157418
713564129
503274576
550472180
548972412
775960911
762561576
518773988
871656092
606569529
599169803
670966295
544272652
903754520
842457565
997249843
542172755
557872007
781760601
641267796
593370273
719663658
541872836
572371262
862256580
875055900
659766788
810359145
660166882
830558156
743762651
598969924
514374049
890955084
502174808
602169629
625068562
558971880
613869057
584070625
572671206
539972728
682765548
731263171
628468364
516974040
686665476
809559227
593070173
571671223
649567223
622068797
857956845
562671559
686165570
809259238
662366611
771261102
540072700
870856059
619568860
526573395
644367546
736362866
748462336
695564956
696265034
513674294
542472670
530873329
708964270
592570294
541772795
788460191
780960612
893855005
628668430
665566525
869956171
550272351
725763498
684765648
514674183
702264539
867656266
678965896
530873341
754961948
771761114
562071760
616468968
672566227
776260810
672366101
732463170
603469569
706864511
760761607
747162418
677165823
839857687
706164600
504874470
953551981
696865021
505074596
765261495
837157826
682365647
951052150
718763946
504874591
611569240
779660697
775060892
825358420
853557024
523173647
594970058
513973980
550872237
961951541
781660665
831658102
789460192
632268277
577670844
651067238
562871729
746062419
550172433
729663397
857756819
508374518
879855687
890955050
530773356
787960222
597369797
502974761
562471734
564071639
513874190
540872747
809459274
512474283
649467336
630868301
569371275
565971583
556072029
719463882
770561112
624468606
685165468
622468686
689865339
680065757
511874184
710664261
741662654
680465710
530873266
623568671
550172346
777660761
761961559
520073770
780760616
644067666
558871908
628268302
625468508
675865876
536572996
567771481
508674323
638867768
675066099
576771059
739562709
618268837
619968781
550172328
721763758
791060154
621868769
641467764
553572210
931553136
810359185
575770946
518773787
771261180
923153483
577170933
773560975
692565140
636368005
932353080
841557623
785760399
786460397
692865032
585770459
561171825
723363637
745062412
620068879
523573755
942252532
532173070
820158668
836357820
800659650
693165156
587370472
571271233
890255152
621568721
604169631
596969844
694565009
632868198
625068591
578870859
623668541
574371131
625768546
919953647
535672960
632768184
585670455
709564222
553572193
736562973
639367797
508774475
846057392
561271788
648367477
522773626
838057772
537972975
589670444
692965128
710364272
535573168
807959239
899654642
631168146
654467059
607069507
780960624
791260151
508174507
568771338
797859790
674866099
530273343
741262748
522973734
765361465
668866400
502074823
634068054
596469924
674066082
550172278
544272738
770761156
852957002
613469072
608169390
540472847
595570091
639767880
655867046
749862153
943152451
615169003
843357533
796259814
581670774
626668398
547672454
857756778
636667944
743662535
913254056
665166473
607669306
727363414
623568631
873056043
501574761
591270276
769661211
852857027
690065221
802659609
792760028
637167927
827858328
628668385
625468546
817958838
791260101
542272768
653367094
605569540
632868125
710664280
548472456
524973633
726763411
587970340
738562946
526073573
801759604
605269537
540772843
664166480
695165121
685865623
826458338
864056459
669666385
579970802
673266154
518873893
605169549
507574420
518773851
780060684
859856727
767361373
554972145
760061672
596870036
627368473
541072848
618868914
569371301
925553406
720063728
590070433
510974313
597869843
789660158
623768636
508374428
898154787
602769675
610769343
602569639
723463544
755261916
735262949
691365303
718363879
752962067
808459299
595070129
830458154
534573134
794059974
861056604
719563905
525673473
559471875
634668092
714464049
576371064
609269448
685265466
691365144
755461972
596969975
568271402
590470399
642567725
538273039
867756248
536873039
742662559
885555409
535573064
909954127
508974487
650167337
611969245
507074541
662866690
552972100
941852553
512474148
631868270
905754411
789160165
532973208
623668688
551172180
612169207
815658910
852557051
688665470
871556088
979550748
622868640
690465249
831458142
626468430
588770245
754161991
607569468
516274047
830158159
613569112
802459578
619968843
735162988
661366749
785360453
601769745
809659167
563671570
847057303
599269878
525673612
628568365
768461258
601469661
522873690
629868195
927153357
702264635
888655269
919353664
587170532
503974671
852357038
565371565
746062323
517873993
887555287
567371456
624768610
606569518
642767630
746062411
501474830
642867696
634468105
508274478
790960113
730063203
699264708
570271376
512074301
770661133
794159932
585670548
707564249
659466875
546872517
783760453
836257863
590370273
826458332
548572486
852457075
625468582
549272403
846457372
632468101
650567291
598269944
616268994
937652779
574371205
567471459
526173542
654067018
610269337
872056058
630268233
577270975
872555965
513174147
525073636
571571278
627968432
691965197
543072610
816758868
507174548
781060698
615668986
509474365
500774786
648767442
832958045
772761128
716363805
892955005
624668582
682865526
755961949
870256133
532273146
623268523
621868731
582570669
721663653
916753899
509974286
806759320
551972203
522073823
665466378
824858458
530473355
675965912
760561702
583270677
632068202
723363480
986050345
894954948
540072870
565171651
520873768
721963668
866956375
533173040
534873131
795159961
693565019
656266993
587770335
732463090
875755900
770761147
547772529
806259322
957951759
555871952
731963100
567871378
803759470
528273312
741562616
688865435
631368292
630468339
837657820
695964985
669566361
527973365
658766820
555072154
573971153
546272546
862156571
574771123
709964167
532973174
606169435
879055731
592670206
633468117
579470909
852857035
701764667
672466048
580670782
595270018
603969560
626268543
582270723
558971943
604969626
502674610
570671271
584670570
819158688
680965701
621368664
605669665
804459525
648167329
673466151
940552587
629368396
548572495
698064940
509674401
531573121
523873620
516274047
825458410
749262246
562871694
823258570
758861775
666966375
576670899
634868015
833557996
551072358
629168308
805359402
717563905
537272819
681865641
806259332
541672791
725963434
581070677
839457737
507174560
556172067
704964514
700564690
668866351
686665363
769361221
670666213
569271359
577071019
532173329
515374070
756261913
754761992
694964968
823658491
535473060
714163995
543272649
769161236
662266521
698764893
501874826
652967097
578870780
906954300
756061936
542672758
724263493
838357797
535773057
680665827
543872692
535273120
513874050
601569656
553072284
605469453
717963888
551872360
573671133
578170815
510074372
609169342
554672130
768461313
552072235
500274905
595570052
627568470
576470942
605069401
976750819
537573034
701364802
768561241
651867097
610569241
912454096
930053198
720263616
707564359
617268944
831958090
736162927
527473325
514874012
540272698
978850691
571271134
618068797
841357605
927553295
757061851
676366020
632868198
904754414
643467632
784260422
725763434
926353368
623568535
603369638
856556840
642367676
559871794
739962693
704164537
918353745
715664060
723163633
915453880
609169363
513874151
503974661
614769001
595070108
812259118
639267844
527873307
500574970
550472361
523073746
856556862
647767300
502274764
948552197
526073585
618068818
589870364
896954766
695564896
740162733
619568867
554872038
557471924
862956504
524273567
949452202
786760346
546172413
534173043
671566186
545372684
593970146
591770308
581770765
628968389
676765846
726763426
594370182
517674019
611769259
812559087
718163844
770661116
592470208
810359215
738262954
629868291
781060621
602269621
505174637
613469086
789260246
643867632
589570194
837357803
796659791
825158376
674765969
603069661
555871998
742662555
760661652
579170769
644267590
609769282
688465301
795459936
697364775
583870718
788460259
599169936
881855606
536373039
828358237
720563711
541872809
632168190
646167411
502674810
532873239
921153600
653767129
729863294
552672048
524773632
613268995
741062687
769261189
521673865
755361952
756461970
539272873
702564726
528273523
613969059
799059745
778460738
857256800
639267773
597369913
543272528
542772727
552672260
714063940
648267322
596870018
837457807
574371167
557171820
548272366
889955139
619068756
749062214
586170559
664866477
923053573
511374338
732563160
516473912
800659617
583170580
776460817
727363405
604269625
531373294
644767564
633368070
549672215
771061153
865856430
523473784
597369853
624068626
914353928
927053344
689365359
638367988
706064431
581370815
500674716
525373497
602869728
748862370
589070392
538072982
569471449
797059850
768461295
575270983
603169632
549572408
680865670
764861419
647767434
685465417
517174095
705664466
644467650
711464128
556172113
764761517
675166061
733363016
555672046
509774410
620168769
791360141
752562124
576770873
642667714
727163364
512774137
602869678
538572953
503174598
696264906
511174347
708964372
708464467
691565105
501074905
725663307
792460051
689565217
571471158
778460758
682565578
878155793
762761570
680965681
569371415
825158431
692365189
861456561
898854711
918853723
791460116
720163749
692365025
724463593
601169760
600969758
788260265
528273318
784760499
889355137
696864795
539072982
658266848
594970175
583670549
571071197
545572422
885455412
802059543
500874913
857056816
817658851
746662304
668066400
683165565
966451339
652967132
878855673
528773395
751062197
528273333
600669678
755561923
515574124
681065773
726663440
501174758
604469589
695464913
576770895
688165394
592970174
862156613
502074680
785660366
733263109
826858326
572271111
705164497
575571085
870856087
833558000
856556833
603469714
510674290
613469164
882355502
639267769
515074147
551472318
960551623
619268831
679365729
597069846
607869369
529273285
583470715
555972059
531573357
937952737
663366628
654266986
521873794
631268315
625568567
675266067
674566148
624168606
600869818
592470100
845057438
665666599
821258603
842257599
863256481
572071140
785660375
845457393
662266548
533173175
745562425
684265470
615969033
535973087
754361989
529673351
765561458
663766561
532473200
579070750
709364293
741262823
801559692
604169590
803959436
562171796
691565171
700464811
946252340
683365596
518574012
508374356
540672764
610269276
895454925
505474648
836757838
532773178
657866989
621368648
732363128
568971229
592470121
523273694
816658868
583070660
794060080
653067182
551472129
518373792
607169529
690165316
511874332
607769369
793360046
585870515
590570322
669766361
748662210
512274077
801059696
822358554
696764897
886555338
758061856
589470428
758261801
830158145
678065869
655666979
659066850
742762749
584070528
562971626
601169838
586670472
511274104
530173406
873056008
876655838
911954052
845757412
500774705
652267070
534673125
670566294
599969902
635268048
886055368
512374387
771661151
744762525
601269891
507774494
893354975
696564981
594570060
532873223
977850746
532373236
958351705
866056367
589970340
523373684
681965621
513874127
742062680
578270951
755161907
528273316
511874287
582770681
582970687
521273653
599769754
636567943
592470225
562971651
593770121
737562807
736462973
813859040
666066469
565871547
548372390
587370355
732463262
685965365
867456314
813858965
614469043
529273477
676865905
545072565
569671359
606469540
553672181
665866378
593670144
968851217
657466954
819858718
771061199
574271028
618868915
503674769
533973167
653067193
559671819
804859389
858656768
779560669
698064944
585670446
520273859
538873010
564071612
960351625
661866601
802059547
548272434
529773342
860956617
534073194
615369045
539172923
527173469
688965236
540672849
795959928
587770508
675466139
609569363
556771943
589970298
834457956
520573845
680665669
800859580
629168343
555872112
715663984
526073476
890955116
627268493
583170693
780360750
506674532
640767718
587570445
586270625
523673739
845857413
745262469
686865441
963851437
780460690
843157490
722463537
608169362
906654287
555072017
773161042
554272174
894154989
896154857
546372420
710664115
672866094
894854873
722563552
601769856
531973353
558371932
663966519
598569873
501274861
609669328
681465622
544772653
668266435
690365141
891755037
793959997
726063423
643567714
913054085
632068213
597969914
988850187
744162515
533673060
522373605
757361912
567771448
627468455
512074199
624068571
536572883
606969438
786960376
584770605
522773585
524773681
507574379
629368254
550872241
555172121
569671263
650267360
703364520
714263922
554272158
654167110
515074111
529573459
566071469
679065879
762261555
842757558
864356451
640367689
594569991
721063851
582770703
515474192
668266452
609569385
868856216
825458433
534573178
600969741
584770575
560971701
505374506
640467673
669066336
557672001
527173573
516474012
510474373
606469518
549172326
586470413
573371223
528173477
803259496
600969722
509774291
570571294
773161040
698964777
603669656
541772763
883155522
804559508
526373542
609369299
827858314
660866782
610169293
753162048
582870713
606669621
943352512
511074265
521273663
592070167
874755926
828158294
628168339
763961435
739462836
785460413
671566300
628968402
526973547
780160661
765761365
632668122
575471124
701564797
715263927
776860840
602369683
630068306
692765076
642067719
742562587
532673255
587970441
515474125
683165707
692865150
724463532
552872129
547272514
683365548
877855786
698164927
543672660
786060418
891255113
644967576
632868189
553471993
810859115
651667189
632668259
612169262
623668684
822258608
617469022
506874594
703164639
868156240
616868951
714564104
775160949
577870990
604669660
872056063
555172089
699464859
607269520
642367727
926753281
778260742
598469835
627168472
593470160
878955667
647267460
876155881
727863273
807859305
651967192
725963433
747162366
820058640
866056343
754261955
681165799
507974511
915253938
919353688
640967813
596369918
643967504
640867657
650067282
674566103
601269706
663466708
884455455
831358086
543972669
750962197
542472637
554672047
688865374
928753257
628768386
622168785
793960011
774260993
541472780
820358689
501474889
886355303
626168393
566371501
676265914
633268051
559171932
759761728
612269222
815758905
725863440
855656894
650667331
697264990
634568019
588870467
619268804
526073552
601669692
517173947
794959968
663166615
544872666
814258982
667666349
581570763
676365978
541972738
507174557
728363198
629968364
679665770
569671390
827158310
752462050
657566972
766261361
556572009
793959993
680265710
583270709
653067172
733662991
820858622
525873654
664566601
501374878
722863543
540572892
644267636
515474022
776260851
869956146
683665498
569871186
569371433
501974658
807159340
685865419
685765552
538572905
644667697
793660041
631468261
641267749
859156724
949852164
710964144
656666839
549672263
759361855
718963726
711364088
693365170
634168127
611369237
710864200
601469712
853657001
640767868
731163127
902354505
776160852
536573070
941752577
796559861
707564274
913454023
527673453
794659965
746762364
569871297
826358335
580170788
640967659
501374692
717963865
812759067
675765985
592870114
586270554
608669401
629468244
718363969
655166994
593070165
522173847
698064953
643767465
873755941
535372945
711664080
518273969
504174606
791760130
586670507
824558415
594470016
929653161
571471227
518073963
568771463
707464373
806459402
553972207
584070620
558971859
563071728
771861141
690265139
678065948
875855902
653867143
518173875
617768844
773460990
649167348
579570832
526873577
631168241
836957822
896654786
724563566
711964163
600869713
702364603
511874270
584170609
620468783
525473519
790360198
921153631
586170466
566971391
663966629
675666074
524573610
502774639
577370966
780560653
713064109
844757402
603769651
518973895
773461023
954551924
822258562
623868608
630468183
746162371
865856348
584970557
634468107
828358247
745762367
849957180
642167688
531373385
714464002
535473227
570471252
536073073
941952530
774560984
746262401
887255341
566571566
672866168
578070839
574971048
659866777
618868819
519273844
781060703
738862659
925753353
765661432
509274210
554671962
527073388
882655477
741662564
835157941
831258121
792360002
719863750
529473407
897554831
502274715
626268552
524973574
721563666
538473011
578170915
641367706
518273867
520973724
899554703
606669554
508474410
610969356
599269934
630368172
942252511
811959090
513474070
588470376
618568960
641267778
733163086
856356842
615868932
721363555
551172329
718363739
665866560
636267974
635068021
655466968
681865745
612869115
569171397
659666810
836757828
614069116
810559156
610569297
893254988
790160151
744662470
683865579
918553781
832658053
578670975
500274886
957551752
515574002
709964133
619668809
711564119
606169455
535273162
582470616
673966042
579170882
770861164
661466785
550872335
899254713
616569029
752562081
653467175
709264337
640067833
672466098
660366735
850857164
590870387
567771458
872056048
709264245
715664038
658666722
715563913
637567944
571471183
519873732
723963482
714264002
575471050
612969170
540772687
587670327
732363100
625968564
582370624
571971115
893255020
727463349
911954135
512274305
600169899
563871632
849657179
526673391
860556663
569171445
708364300
618368927
698564927
603569555
838057832
715763891
517473974
569171427
565871565
516874058
515074136
780360672
656367057
653667099
890555167
703164575
581470790
940652624
957651743
574370994
733563094
659166693
592270250
795259943
568771352
687765322
585670564
549672378
731563080
570971328
510374260
927553333
549972323
770861150
678165937
634968082
750062142
578270952
594470103
542172797
515074023
751462173
527973442
636267925
604469634
820058707
681365771
550472252
581770756
518973919
764761476
713864131
580970767
541472789
509874291
615769015
554972133
572271233
632168176
863856461
641267753
512274287
700864679
595370090
580670830
529873421
951552059
557171910
522673609
914253943
597969886
708664416
610969203
736462951
904354482
628068428
924053497
506274435
545272577
814558970
683265533
641567725
770161234
609169311
652667193
534473164
969351173
580570884
822258539
582570787
713464009
674566008
605069592
830858121
775460855
826058405
559071823
552772213
850357152
520773871
600769821
738162734
561871766
591770263
732763202
713863980
770161235
530973354
912554017
598869943
904154435
773260964
768861285
579570878
514774161
710264185
525573651
666466507
546572397
536973060
681065838
599669808
632868113
899954641
517774023
627968486
667066393
882955523
784560516
599069964
568271390
633668206
715164006
591770248
617468980
633168238
719263783
597769923
538672929
611069323
712964133
673566154
651167097
759461724
617868936
736062948
556871891
638567907
561871745
721663730
572071287
754561933
637268017
773460979
617768948
572671253
642467546
668666259
691565126
547572483
596470103
678765901
589570351
688965297
790560200
514274174
587270357
533073199
559071903
867656228
570871227
947552254
764561522
604269644
875055891
619068827
533473160
821458573
621368820
638567904
757461826
604669569
601969781
583970635
572771155
631468115
555972098
715063950
867956249
565971478
589870221
509074384
630468286
623268568
773460973
769361224
506174575
679165869
810859136
710164298
716763852
826358333
610269400
773261055
554871978
821658588
704464522
736562838
708964259
657966811
635567976
824758447
585570555
536773077
762861578
813658953
634168044
578470819
721363680
894554952
526973470
710964196
632468180
684965571
596469951
608369231
890055172
950552113
861656623
552372248
628268440
793559942
528273292
771161089
630968305
643967568
540672731
769961195
583970625
548472420
555572064
708764313
652467220
659366802
790060184
586270520
734763033
571371318
932353024
877555760
801459563
790560077
690365193
815858912
909254170
529973344
792460059
787160278
715764018
845357417
527773483
643167638
671566120
734163104
885155429
515574139
524973562
873256029
653267126
586470524
574071042
677565823
754761976
906254364
534473212
791560119
583170580
535073114
534472959
566171573
868956194
856456822
688465288
573571129
649367254
583270671
535373026
817458825
501374834
896054914
675766052
577470994
690265339
643467526
603669563
821758550
771661078
705864597
819858685
803059501
813059042
501474865
577870806
938252739
608569279
539272898
609569298
791360129
974050931
524373675
573771179
688165261
807159378
630568351
785760437
764961423
600869808
594369994
632668144
679065801
828558262
575471104
622568720
536872983
613969117
686465458
837057804
584670625
559871843
824158473
581770728
547572275
574871183
906054346
838757781
771861168
662466736
943352445
775460896
615668939
804459407
602069750
616768965
566771477
696764795
671366245
627568393
536373049
568371369
590070271
727463368
624068586
501074861
552672131
744962471
645467509
859056728
614069178
940752582
624968645
619968791
826258407
649067357
719163776
809059245
537672950
551572141
665066592
536473082
552072112
575970940
740462670
575671100
801159631
533773235
841157645
935852936
752662072
730963195
813159041
731263277
727663396
963351471
838657716
518873968
673966104
653567116
610269352
729563282
519773740
699464755
577470874
750962151
837957773
545972568
678465834
505274697
595969871
638767744
719963821
549372230
610369227
612069233
669166239
684865560
760861691
588270459
504774709
903254474
558171902
679065895
877755807
617568887
548072413
528873491
736962835
792459983
638767848
575771038
503274659
727863358
843857483
941752568
909254170
574571131
809659215
529473441
502674797
743962519
846757334
634168127
815458940
752562170
781760669
812159066
758861706
593870015
898754691
615868941
764061441
916053866
559671883
622968657
522273767
606369331
500374849
966351306
701864788
816058851
505274446
687065506
554972111
504874546
925153384
539772896
824558411
780660617
546972334
657866847
938652729
783160568
793160049
519973894
570571352
515374159
554272167
753561976
565271628
751762094
584070511
546472550
655366996
677565969
616068973
567871310
924853439
806759319
888055260
714264064
549272403
612069235
765161480
575571071
520673721
791260158
859456697
897154855
680465764
601569751
538572931
703764449
503274624
613169117
729563260
543272718
526873372
748762246
786760362
691065299
778260683
921653529
565371463
562271722
509974444
524273739
544972488
840057694
813659053
580470830
584570564
628268488
790860106
882355588
618468802
521873868
837057864
525073593
751762113
574570990
678265910
643167642
516573952
623868652
589370308
625768490
816958840
640167894
867556246
575071079
592870174
700264883
520173773
592770122
761561612
651267153
500674694
929353179
804659480
576270965
847457279
640667660
649467330
580470730
855856896
630668231
693765107
917453805
683565505
552372232
715363984
551872224
727563333
692665240
720263758
766661434
501274830
647967389
698364736
706664378
552972202
584870593
582470686
772561092
738462707
589470368
505674661
728063299
728963312
789160264
508474472
778960794
737562929
532173123
901554530
525573536
512874203
810159110
928653299
874355911
660766624
805759427
534872996
693465174
525473461
714564087
771861067
701764702
914853930
707264363
554372216
524273501
906354405
585170459
546672525
821958616
730963183
536872942
771461198
582870611
643467669
766561360
649367308
605669528
628168284
593170142
615869037
547672542
608569343
621168759
751962205
705864545
773261006
603869637
739662707
669166307
517174083
572571219
516473896
529573261
540572786
810559099
551872262
902454554
596570056
585970566
721663676
510774399
525873397
823158509
557471980
628368430
796259907
695664933
681365653
603169575
602569582
579670854
510074263
647167385
620668671
766861376
651767235
597969986
899054743
922253521
668166398
629168393
871456028
685865594
539372903
553672212
517473821
818058782
859156689
633468058
517173806
593170168
614269106
830558124
896854774
579170923
676565906
506774548
761361664
567371389
706864297
628468410
551672348
627768477
800559627
721563814
517074088
526973479
778160730
845457389
779660634
635667953
654266982
711564141
790460169
698864861
668966286
687765325
713663953
753162083
618868851
527173495
527773317
837857790
957851732
586470509
536973049
601569661
547472373
613969184
591770343
514274116
874155988
606169531
549572358
591370239
645667562
584370513
568971425
959951626
821958617
591570224
803159548
781660632
570771354
612569189
636468045
586970388
693965103
664866630
652067195
625168489
917353780
567871368
613169131
598669849
794759901
826758322
888555223
695765005
570971302
675965891
618868791
741462633
799859655
742662496
630968236
810259199
515574021
583270755
608169271
545372590
760361644
639867839
705264443
558771911
659766797
716063854
640967774
683965526
683265608
730863133
516674063
803859439
537972989
614368998
958251737
664566515
624168489
716163985
875355900
533573192
600869664
621668749
867556275
793159979
833457999
552672116
590270225
504074639
815958850
829458234
516573938
506974434
670066364
761961715
968851213
572171249
540172717
846057379
903654454
571371226
651967199
702064627
732963041
618768943
721563684
515474197
666566507
847157338
674266041
509874350
775760949
815258912
674866058
880655649
504874614
501674778
796759839
747962318
752762057
572371267
837057804
685065412
617368928
711464105
504774660
640267801
586370553
530573333
577970987
608869248
545072682
599669942
914554029
703064605
802259565
534473085
531573282
664266438
509274274
584570537
529973370
671966203
615368966
805759443
555672099
563571737
506374573
636968026
735063018
519973731
609369293
795159943
629468371
504274701
656166995
521473772
911254088
668166365
943252469
626068530
507174542
583170705
547072500
506674612
539672905
642367595
740462601
551072260
648667366
607469478
519574009
663066650
822858512
608069377
887255284
593770117
532573261
866256324
895454892
745762422
567271476
506074591
575171068
654967073
704764463
569171434
655066972
521873764
803359530
778660724
503674732
558671945
508374497
607769430
772561061
864756389
704564596
657166929
511874261
787560392
547572520
512874206
540272880
701864736
608769318
787760313
809759167
807959291
508874305
558172049
955151892
569071382
606369438
691265193
699064882
716363847
653867068
572071317
619468885
528773316
749762192
832858032
675966012
630768233
508774332
504174533
508374463
611769225
723663519
771961147
629068305
639767795
891955097
515474098
923253518
624368638
541672684
514274203
678065814
853157023
704064526
564871649
577171027
828558263
513074121
536273049
590670313
540372730
623568687
505274632
559171845
900854634
566571536
661166678
931253120
687065288
616268977
699964830
968451217
504074625
571771261
570471306
796259811
729163248
698864912
569971394
558971857
708764207
722263621
538372955
703364580
756061845
556772032
538072933
753062103
887355312
839957643
630868238
640467791
890555155
639267825
726663339
618568851
677665879
658766920
630868185
500774743
867756250
705164539
613969065
855056924
840157679
949752149
545772380
583270656
597569923
819858664
761261598
852657070
809759166
618768768
817258806
910154213
574871007
764361469
589570369
566771400
595870061
697464981
715663950
599269819
539072971
740062703
733463066
824458439
563671650
705464465
669566172
620268902
703764700
641067672
641567673
691465278
543972717
764561461
591870267
730663204
744862419
693865051
641267778
873955991
807159285
603069651
614769109
732863131
681965715
578370871
610169320
719063798
634268065
898854744
725863464
534173138
623868559
797959759
803859552
586570395
884955420
519074008
506574662
695564990
500674820
526573515
844957461
692065136
775860905
794759883
665966459
668966231
628568411
555972166
621468598
793160054
742662741
555872124
501774687
911754086
761561632
637067906
567871382
512774245
741362643
812459033
539672760
680565704
766561391
618668885
582470698
772661034
618268914
804559479
739762724
786460325
582070801
849057235
509074461
851457118
706464421
538672787
526173613
666266442
615169066
580370729
620668802
686265378
608769358
776160853
627368375
871256161
861956587
679265729
636867953
646067516
555971961
657166935
861256582
572171128
817858799
664066613
559271907
611169296
534573134
889655206
666366531
673666170
732063090
711064129
511674235
509974299
701064769
814858944
637167976
875755950
676865966
735162934
755062037
596769944
825358383
778960795
866156326
822758481
953551939
742162606
737662972
578570826
652967106
764961430
536872877
592970132
765761362
534573153
609369283
719463675
769161284
613869102
944152422
536273080
631568283
864556431
561171728
764661548
864856430
789560269
508974340
500374877
561871798
650567284
712164179
879155798
782560535
948152235
616269033
700364632
576570885
680865836
670366280
500874708
894055007
715063908
768261227
745262568
631068317
770761137
719463773
607169396
756661963
542472740
779860683
596969991
869456212
917953760
511774227
676865918
537872793
517873816
546672380
506674594
541472810
623168591
507874475
541772847
959651636
627568380
595370175
829758140
594770047
668966395
713964016
526873514
635667990
571171125
727163338
519773919
864356435
624668520
532173213
909854148
861756569
962651539
619768766
559271792
649667369
815158886
690765194
645467493
627068383
870956058
589770370
560871771
837157795
930053106
680865749
622568746
628568426
693165003
800159705
558171840
579070927
917353741
509974407
706264501
621468771
684365619
804759414
617668997
560171741
539572771
629068321
521273744
810559109
553372197
833357990
667866345
819558677
773361049
585970510
505174422
743962461
706264445
586970534
511574204
508574472
955451879
866556314
531173292
513074150
784360436
703664526
780560594
784960394
540372845
588470363
719563890
845057457
587870409
652767109
687465307
504374695
502874778
610469334
536473047
669466353
698164808
784260554
623168681
559371841
751662146
586370420
625168604
814258970
556372140
552672190
897354792
684765449
543772647
852157026
836557827
501474774
611869274
610169334
687365319
636667795
634468038
528773250
653167162
680665691
834457959
618068956
664866470
501974796
614469071
507174556
686765472
532473129
559671845
592870222
681365779
702764720
551872215
597469896
533173068
544772507
563571634
790760151
612869188
651467137
888855255
717363843
636467935
730463194
697664930
538072988
648867404
521173893
878055736
544672722
741762642
728863317
798159777
748862274
792560074
535573058
919053767
842157556
887655245
729763417
673866143
674566134
530373394
521173846
508774495
619568711
662566704
752362149
581070674
560671848
562271817
522273743
683065653
827158293
619768820
607069298
667466444
617769030
541272781
665966535
611969247
761261612
709464450
632868116
631368209
759761658
707364511
772061126
533073149
808159245
573371191
518473879
705164566
563671696
510574361
900654628
691165263
952952007
910954145
738462945
532873245
833258025
727463316
675765991
724963477
539172913
654367159
574071025
737562820
853656989
728163453
691765124
577471057
738262775
516274057
505274530
553272291
782960541
629468369
636367941
920253658
699264846
594070141
519673719
698764766
593970120
721463711
560571715
581270750
643967528
810959149
765261430
700164704
618568933
859356708
943952460
639967774
892155020
651267236
736262879
659266916
540072868
657466885
588270373
804259450
617369012
536573055
614869122
598169960
558771895
747162323
565671520
551372253
744562506
643867510
868956263
657266816
733563036
558171915
505574637
555572040
651167263
763261602
561271843
517374041
708864273
583370698
642067746
852957008
902954561
874855961
723063491
641167693
562271732
750662144
616068991
801859545
720363732
591370186
640367833
653567164
748562306
713964093
929753177
656366915
525873414
725863387
892555040
569571401
824858431
729863219
574271158
973650958
608869250
541872744
840957633
687565287
508274471
533973202
576371047
529773369
796759906
643167706
544572589
572371241
636068073
550872305
602869613
629868297
780560632
855356917
707664345
854256950
808459273
736162996
664266671
575370974
532573188
526573617
676565929
781760623
501374811
609269297
748562191
503974554
923753485
629868321
627368318
807859324
679265735
780760655
624168626
669166413
604869444
803159527
778960798
539172856
807659260
765461403
627768303
513674137
748062278
521473802
586770509
576070941
749562219
556272119
895854878
509974401
759861757
519573836
542072725
765661353
713964168
847757298
811359138
595070134
632968198
820258700
728063289
527673367
963151516
563971699
538072963
547072478
573971182
512974235
706964441
648667420
751362167
755561921
865656366
602469789
836557872
775060938
778860809
699364934
749562132
731063283
730363079
568671443
542472677
555572073
610269231
951052115
792260086
642467762
572971149
661366678
635368031
839657716
594370110
541372885
668066416
785960412
553872082
502374723
718663742
549572363
533673205
646867394
754362079
501174790
604469631
602969727
536972991
769461222
540172713
561871750
733563038
615569061
521573774
793760026
521473769
666766492
694565064
600269879
927853347
880755587
832558112
614369101
883455467
851357127
685265551
623168531
520273707
809159249
671866284
507374405
530473336
718263847
599070007
779060678
501874782
539772895
564771617
733163190
505674582
699264937
537472967
583770535
504774618
517973931
597269929
707064400
659066865
847157250
555872053
691465247
643567622
604569642
534073154
517273819
750762151
602669644
561371749
554072208
574071185
534772972
653067181
879055771
980750660
838857754
512074225
725363533
509474412
502274797
535773123
673666160
502874676
573371124
706864399
618968826
556872000
608669449
750962221
704964448
640267729
768461343
561271664
542372733
852157068
662566631
646767466
514474175
844957420
691865201
530173377
691265197
695265081
553372173
822958582
584070549
648967300
616868897
776360901
815958838
775760898
625968485
672266072
524373567
717563882
506474476
562671630
589770346
504774669
795659856
558671919
568971251
775560923
571871276
817058860
526473590
779260767
778060841
573971017
748362203
582170748
593770095
643967638
836057907
701264595
739262811
722463609
501174696
667066511
815158936
709364336
635967965
572371131
866956342
771661158
561671700
546372375
886955341
937952769
526273596
871556072
830358169
510774213
641867615
687365324
641367735
609169369
743962525
706864530
516674099
865856431
528173275
511674306
692065080
819858659
679465894
569771339
501274971
705364539
625168611
517873855
592770251
501174859
508274480
668366390
685765531
664266655
578570910
623268730
849557180
707264366
653567021
870656105
650067294
856956839
564071524
886055394
576371029
597569913
629268334
566371410
687665325
