17625437
12908206
20416755
17250725
19268726
19449500
13784310
22526625
19586079
14515877
17053816
19144726
20221561
14800453
17601643
21442621
24347413
21544255
16100407
17424048
19193410
14909310
16733349
16027037
23814811
16518236
23939090
13534482
13175522
14897146
14419590
13706607
16650311
13080067
23445168
17338824
13135347
14381833
12914405
16068382
19420613
21043400
16623186
17411147
14267341
18760782
19072122
16918313
18652412
16315019
14566219
12983207
20809370
18119143
16300209
15128473
18485530
14874026
13720708
23320816
13024395
18408547
17249955
19180589
14464391
18257350
19795993
13728968
13379184
20971335
18522405
14219198
16302903
17096903
18982972
21125643
15927821
16780060
21989134
19167205
17559244
20177604
13573157
18763742
17707357
13980507
14240056
17319492
16867010
18242829
20669432
19142839
17860016
14783099
15110167
13013820
23083863
23265268
18414716
19626829
21071368
19714999
13556629
16145113
14108704
22968805
13134442
13265724
24358350
14401341
14892912
21188653
17720694
17459095
16842219
22343065
15224448
13077500
16000828
19179769
16607510
15705649
18002905
13748538
12862331
13649220
16031859
13453769
13559850
15479538
19178625
19648431
17642029
14445738
15856752
23145184
14690768
13113109
20050632
21026736
21109537
14305420
14831699
18844034
19681386
16857202
13527394
13023910
17749135
14826019
18624919
18548153
16047425
14388333
14436421
22314356
16359944
13632922
14628051
17452734
15486260
13088825
13728554
17019734
17238393
15138397
17572564
13665836
16448616
16712823
21505610
19652690
15651236
21952853
17770481
17802655
18541298
22570755
15674353
18245582
15875108
16092017
16211141
13930569
17567796
14359946
18767308
13642598
17013008
16171964
19812383
19985248
15442959
17524015
15674458
18553781
18592213
13949775
14170934
17888720
21421483
21359131
25538444
17889206
21889630
15474766
15470661
17145022
19225946
15858222
14938067
18384247
21706672
17718534
14821064
21847056
14170812
15078837
18897205
13560509
14238490
15280786
15480444
13148652
22850897
19557577
24999458
24472311
19169176
21653641
17889250
16641589
13645894
21266661
16408900
14146954
13560178
21073171
14930666
15179472
23642716
13184430
17364070
19714454
20050499
14913638
14289421
15547864
18257350
15904151
17751583
16163459
18191831
14110287
18191492
23732974
15075281
13573840
15311750
20753134
15933152
13007323
24020177
14851809
16932033
16558268
18066586
14592455
14321244
14851809
15461129
14249645
19692216
15397994
15367104
18814132
19586079
16089227
13304729
16228282
18418251
13141618
16437746
16984641
16615842
23555336
21406832
17299829
14173275
14305281
14136886
16619294
16871224
13365506
12959392
22794797
15032720
17079984
18371448
15595729
18781312
14004826
14085030
15888352
24358350
18448029
15095569
12937542
13687675
14990144
14485593
22285518
22167073
17202889
12954171
22182841
19141347
13895247
16160718
17122508
19000139
13846649
16707702
16400043
20430392
16530998
20641558
17913279
13533325
24175245
14187033
21198341
19501859
15278271
13323087
19628111
16708040
17015088
13964703
20552380
17095670
13799960
14423632
22670482
17923846
14055590
15218184
18912030
21733972
16423931
12909818
14481938
16596191
23591734
21185085
13007614
13943034
17300619
17037017
21661945
25226103
19947132
16821145
15747457
19611912
15140369
18101625
14034412
15790237
14289449
14921416
13827389
21242454
18334987
13561386
18299169
17886550
14363016
13465120
21910807
13912156
13035615
12868247
18722728
19821762
15153497
14628885
13980912
16786240
19252436
14026024
15788120
13072189
18502000
15280004
17774572
23514746
15858432
14574250
21792477
19633320
16015250
17033421
25278732
21308678
13168185
25249371
13798114
20743219
13410040
20952715
17419521
17985833
15193690
18865661
20717237
16445151
16928153
24965825
20474782
14271122
15914761
19143807
20944939
22216991
14059058
17331115
15867035
17721699
12960819
14716483
15953609
15559623
15169490
20720734
17711588
14225607
18042162
17054717
16114430
15688744
17412518
19111898
20965358
18014386
22297508
21033838
15685585
18096439
23413562
14189837
22086366
14328740
20711468
16838423
15210965
13488735
20496862
13871650
23137302
17455646
14879525
14804489
19671675
14727866
14935638
14658009
14633862
16791304
17328480
20871571
16611837
14601508
15087837
15709769
13238958
20500230
22421442
14130952
16604449
18862770
24612127
18056216
18095970
16010925
17598738
13309680
13730221
14921793
14794189
23721300
13294755
22592537
19058353
14610736
19274194
18238484
14608331
21186277
16867782
