15
10
2
8
53
17
17
4
5
30
31
14
10
43
13
6
20
23
22
4
12
12
17
21
20
11
22
15
56
0
21
7
25
28
26
26
26
24
4
21
26
21
23
12
36
27
18
11
41
13
33
0
11
44
47
36
42
12
23
28
30
13
20
16
31
27
16
15
25
34
1
6
1
24
27
35
12
13
10
41
29
50
8
7
20
35
52
6
40
9
10
22
49
34
34
21
31
11
24
27
10
7
28
23
50
22
19
0
4
27
46
13
8
19
16
20
58
30
6
17
46
15
37
9
16
32
9
21
12
34
20
21
31
30
16
20
7
16
28
34
42
4
14
51
44
47
38
7
46
12
16
25
8
32
36
31
26
3
28
52
34
13
27
0
25
18
10
18
35
25
55
15
18
27
9
26
10
24
10
29
36
9
17
20
18
2
9
12
55
38
47
48
5
30
8
13
18
15
30
35
19
28
14
47
12
10
29
33
10
10
7
32
7
27
29
18
15
38
23
46
10
24
9
23
21
36
18
18
29
12
10
32
26
29
16
14
20
15
16
12
15
45
22
5
41
28
20
36
31
28
33
63
13
22
13
23
5
7
58
19
32
3
25
65
30
70
31
22
31
24
21
18
22
19
23
43
6
26
43
20
36
75
10
36
34
33
63
1
34
2
48
14
18
24
33
12
15
10
47
30
15
26
11
30
17
20
17
3
25
6
47
21
8
8
0
20
12
21
17
65
63
31
40
18
24
26
28
33
17
19
50
19
28
11
25
21
16
36
70
7
9
10
31
43
13
69
36
31
41
34
14
7
14
30
33
21
17
26
28
34
27
21
43
35
41
31
15
15
15
29
11
13
38
49
7
37
16
40
4
22
47
4
29
19
29
15
8
7
38
17
35
19
9
0
35
28
22
24
33
9
21
47
17
32
8
25
17
45
24
12
24
18
0
40
7
41
32
20
17
10
6
12
13
43
22
46
19
18
44
19
31
54
25
18
10
36
8
26
53
24
43
20
4
27
36
16
30
25
25
30
6
20
5
31
29
15
43
66
10
26
50
17
13
54
36
12
26
18
18
29
13
18
27
47
34
30
14
31
56
15
20
26
15
33
28
12
24
15
22
17
27
8
25
14
33
7
37
0
19
10
