2499889
7599672
5799679
6999598
4299774
4299821
6799604
4399786
399984
6699729
5399749
7799648
3899798
8199610
6699643
8499637
5299770
8599574
4699776
499972
2399862
1099956
799979
6699659
9699512
5899773
7499609
499968
8899552
2999846
2099919
7199668
3699808
4599781
3599847
9499553
5499696
1699901
899970
599963
1399943
3399894
7299594
7299665
399977
1199938
2399853
899943
599964
199995
2699856
5199655
1899910
7599610
899941
1399936
8499518
699970
6199675
9899493
6799704
7199632
1699945
5699745
699958
2999853
2399903
299983
5699724
4999805
5099764
1299932
6599683
8599528
7799625
8599556
9799506
299983
7699644
999943
0
5399763
4699761
9899546
5599744
7399648
5299729
3399807
599984
7499673
7499683
8899494
3099828
6799664
7399595
2299913
3499842
4199740
8899505
3399816
7599621
1899898
6099698
5999679
2299882
7699669
6399693
4399822
3899777
899965
1299957
7999632
7299633
2699884
6899621
6099700
3099851
7699633
6599692
8899518
3199796
9399577
8899589
100000
5699745
9699573
8199580
8899552
6999644
6099733
6799660
2799829
1799923
7899634
4999727
3199835
5799657
8299590
3799783
2599884
7899628
7599579
1999888
6399653
1699928
6699678
699968
1699893
7099690
2199846
6399704
9499543
5199770
5399730
3999822
9399563
999927
1299929
1299949
6699682
9199486
8499536
5199696
6299701
9499457
399980
5699719
5999729
199994
10099562
7199623
9399559
1899920
499970
4899743
3599811
2699832
3499829
6599677
1199950
3499857
8199632
5999737
9999435
2899849
7699671
9699518
299981
1099957
8099629
1199923
199995
2999868
5099705
7099690
5399723
299988
2799865
7499573
1699897
9399532
9499569
6299679
7199631
2399892
4599715
1399936
7599571
2499891
3799860
7199654
1899943
8899597
5199770
1699891
6599663
5699751
7899580
699962
1499925
8699525
399973
9299480
1499940
7599557
7699639
8499596
3399827
2399876
9599489
10099513
4299752
9599605
7699637
7399640
7999595
7799626
1799925
9599525
3499799
3899798
4299756
1599917
299989
5399729
8299602
3499860
599961
9099537
899967
9699530
8899594
9699507
7899632
4199805
1699919
2699874
2199892
9199556
1399897
4999771
9099586
4899764
4499779
2599894
9399573
8199573
5699724
6399698
7699679
199987
1799930
4899761
199995
2299881
6099712
6299717
9999503
199989
4199788
2399846
6399658
4199761
6799664
7899643
1299944
3599784
1599874
7299639
8299560
3899825
8899560
7199690
1399890
299985
2899842
1399891
899959
3399827
3999798
7399600
8799607
2899877
6599671
4799799
5599767
6099662
3099900
899938
9299576
2599863
2799867
2499909
799966
9199557
5099712
4299768
4699798
2599877
299986
3599805
1099961
5099767
4399814
9999487
7299605
899971
2799888
7099700
7599616
1799902
999962
1099955
2599836
499972
8199580
7899647
8399573
5699747
6999672
5999694
9999528
3799807
0
5399782
3899789
1799899
8699554
6899700
4999699
9699470
3899791
7199650
5699706
1699907
9299564
7599605
9799508
6099671
7899602
5099693
9599527
3999794
9799442
10099445
3499839
7799573
3899781
9199556
2599866
9399565
7099614
8999556
299977
1899899
8799558
5599749
599979
1099941
199989
9199501
2499880
7599619
6699628
5899735
6199639
9399550
5599764
8199584
399988
6399696
2699858
4499719
5399747
899965
2499836
3199817
9999508
6699645
8099592
6899685
999963
3099843
3799815
9799522
100000
1099936
6599673
3799830
9299447
8899533
5799757
7999572
6699648
7699582
8599548
8999576
10099522
8999558
1199958
9299542
5099765
9499534
9799515
299995
2499873
1399958
4999760
1099945
399989
9199580
4199769
4299819
399973
2199893
399985
4899743
5099792
3299822
6299624
10099550
1899880
1299925
5399697
1199942
6799647
1699949
8599553
4999754
7499627
399981
2499869
5299746
999959
9799464
3599843
7399701
5999702
9799553
299987
2399883
9899511
9199565
5899711
4199809
4299797
8599533
9699527
99992
1899915
8499627
9899535
7799553
4499781
4499733
5999737
5499735
999930
5699776
6299685
4099789
4499793
99997
6799649
9099515
3599856
299994
8099548
299985
9099570
1899907
7999603
1499922
7399575
4399801
7799656
399988
9199484
9399509
3399877
8599573
3899786
4999694
0
999942
3399817
199983
8799546
9399477
6799655
1099947
6999614
9499468
7899653
8299608
1399918
9099540
999955
199987
1299914
1199932
4499756
899943
7699588
4399785
199987
3099867
3899813
299980
799959
7699667
1099920
8099651
5799702
7699646
7799660
4299789
3399829
3399776
1599938
7199669
8099602
7399589
9899545
6099659
5499731
499983
2299864
3099852
9899542
9199476
5999663
5899671
299992
1399944
4199785
5499714
1299953
399976
4499795
6699709
1599917
399989
1199970
1799933
8999571
3999831
9899498
7599600
3499831
799963
499974
8199536
2499858
2899878
699964
499989
6399730
899955
5299719
7399647
6499688
5999687
9599544
2699845
3799824
3399856
6399712
2999867
799934
2199910
4699718
999960
4199799
9099540
599954
1699904
8099625
9599530
3899795
699969
399992
3999769
8799601
3799826
2599857
7899631
5999715
4499753
2799866
899949
4099757
6099712
6699691
2399914
399980
7599648
7099655
9099546
5999711
9899490
5299748
3699809
199993
4399761
399981
2599885
799974
4899756
7399640
8899586
2999824
8799582
7099659
199986
7999587
299987
999953
2799815
3399822
8599549
3899803
4299787
8599577
7699611
2799821
8999515
499976
1699897
1999886
1599892
4399748
399972
5799674
199989
3499825
7199600
5699738
2799851
1099972
5099798
7599648
299983
6499639
799973
6299668
1899915
299990
799955
9699526
7599592
8399570
5199713
3899826
3399802
6699653
1699903
3999812
8299538
8499608
5699736
199987
3499803
299987
199991
599983
9599538
1499933
4299771
4399790
1499963
7699604
9399480
5399731
1699913
5799706
8599611
8799511
3699815
2199884
9899545
8899582
399991
3699835
2999851
4199821
9099573
7499656
4099820
3299791
4699770
8399505
9199538
5399770
6099681
8299546
2199904
8199654
1199952
8599570
7999619
2699814
2099876
9999487
5499730
9099572
6299724
1699900
9799572
5899697
7599591
6899637
7499664
6499656
6399684
9199505
899940
8499562
4399741
5499757
5099773
299986
1199940
1999919
8299517
2799817
4199855
4299799
1699925
1399936
5399781
1899906
5599712
399984
10099564
999954
4499730
1299941
4599761
7999640
7099635
6399684
6399685
6499680
2699844
899955
9599524
6399679
5299731
2199872
599958
1299927
9499514
5699655
9599584
6799652
9199487
599963
299981
7299645
799973
899956
7299625
1799900
199987
5499715
599966
5099735
7299644
999932
7499611
6799708
1399905
7199677
4499777
3099889
3999830
2199860
5399714
299990
2099902
2299902
4799717
7099649
9699473
3699808
399975
6299642
1099933
399975
2999837
6299716
7699595
8699566
2399922
9499525
3099877
699977
5899724
10099442
6599657
2899830
3099823
2499873
6399697
199987
8999548
9899493
6099638
599969
1799906
3799775
4299833
3099827
4699793
6899665
1299936
999972
2899887
8899495
9299509
5399722
899954
4299761
999922
3099899
2299874
8799566
5499716
5799737
699972
3299832
299990
3399845
5199786
6499637
1399912
1299919
2599826
8099635
699976
2499870
8499616
8899599
499973
0
6399624
2599924
1799894
3999778
3499832
1299919
7299612
6499632
5199676
6499679
7999626
2799851
6899709
8299605
3499855
3399837
6799714
7399570
3699860
799964
9999500
6599642
8399588
799951
2899870
2199848
2599871
499977
5299714
9799474
5299760
8299571
8599608
899954
6299690
9999532
6599728
599974
3599816
6599691
10099437
9599484
3699804
3599797
8299621
8299586
7899600
199995
599983
5899673
1799921
2899847
1199927
5499714
3599859
3899773
7299637
1999894
5199742
8999540
4699775
4499805
6499677
4899732
7499657
3199890
4299792
8499662
8899542
8699592
7199613
4299790
6999715
9999459
4499798
6699694
5499720
4399764
4099764
5199783
1399925
9199494
799965
9299487
9199479
599955
8199575
6799677
4799776
3399806
9999511
6599680
6999645
799956
2899859
4499798
2099887
199989
299978
1999885
6899701
9499512
8799542
6799698
1099962
5099753
2499838
8499610
7399676
799976
2899860
3799855
599988
9399548
5499774
5899700
4399742
5699727
9599537
8099626
4799760
2699899
8699492
9699471
9499480
399984
799950
9099512
1899873
5199744
1699909
2799886
1699941
9299575
5399722
9499493
1999896
1899923
799941
8499623
6199734
4799789
4299772
7499609
10099461
0
2199907
2599903
1299929
1699924
899944
5099727
3699809
9299554
7399604
5399735
5799746
4899788
4299811
399981
299987
3099837
9899449
199983
3199827
4799730
5799725
8799493
7899624
8899590
7199654
7899638
7599596
7299658
9799533
6999663
499971
4399725
9499505
1999892
1999908
1099916
7199671
8699529
3999765
5199745
3699813
8399563
4999780
799956
9199571
5999699
2299871
7299662
8899511
2599896
599958
9399526
6699707
6099637
10099425
8999519
9399499
1999928
2399900
7299659
9699458
4099789
4999767
7899621
9099580
5999687
2499904
7199640
6199689
8399619
1699950
2099906
599967
6099708
5499713
9199588
3899763
7599584
9699510
7999562
6899651
8099593
7999578
8399579
6199644
1399934
7999589
8699561
3599796
8099618
4799731
899972
5499763
2199902
2399878
1199949
9599478
4799755
9599519
7999583
8299539
7099617
1999921
4099780
4099823
8099626
5999724
5599709
3099827
9699505
3099846
9099510
799949
6799704
6399668
3599804
699973
9199581
3999802
7499619
6599676
799952
1399939
4099833
7199661
8699538
4899718
7999636
8399581
5699718
2299876
899937
5699677
5999702
8599602
3099863
1499932
7699656
6799674
2299920
4399769
9099536
799975
8799565
10099433
3599797
6599714
4799803
5399682
9299481
8699551
999933
8699577
6299691
299984
2399849
1199926
8999537
1999881
5799722
4999749
6199726
5399682
499967
4799768
4399779
2299895
6699653
3199843
7599624
8099586
9999514
1999889
8699572
7299605
7299584
6099714
9799449
399978
5099710
9199582
8199579
7099616
4299809
6099724
9499588
2699889
1299906
7399624
9299529
7699608
1999897
5399723
3699821
5399760
3499835
10099438
4799732
5399789
7399677
3299826
9299531
5499733
1899867
2399859
3499742
4699771
9699543
9299537
9399574
6399678
6199640
6499708
9099554
7499667
7699602
299985
7799615
4899668
1099956
2099910
5499746
9899477
8399569
7299670
999948
3499830
8599577
8099564
8099591
599970
9899527
6699718
499970
2899838
399980
199992
8599591
2099917
3099873
1299910
1699920
1499913
499972
3499832
799956
7799625
8499594
8199629
6299685
3099866
6199731
499971
7099653
1799928
899963
6999692
2599903
5499752
3599880
3499761
999967
1099952
1699866
1999891
6899651
8799602
1599929
2099882
3399851
3599825
1099956
4499762
6999634
6999666
199996
3199839
5999675
1199933
5399749
2599890
5699703
5299771
799954
5999715
7799640
1999893
1199939
7699641
8099552
299980
2799882
1899915
1199918
9199557
4599766
799968
699963
5099729
7299640
5899771
4899748
3299832
2499894
7699611
6199692
7399653
6899692
9099506
599969
6199724
2299878
6199655
7699635
5599751
699971
599979
9499474
10099527
299981
1299922
999940
4799773
1099968
8399531
1399961
9999495
4599761
9199494
2599858
3099830
2199870
3699849
6299657
3499790
8099596
5299718
3499875
5899753
10099438
6299679
5599734
599965
9799533
2599861
9199601
1799909
8999539
7999557
6999647
1299937
5299779
1499936
3999802
7799608
8299626
3699825
3799830
5999765
9199526
799945
5099744
899939
2699835
399981
4299820
6299670
9499588
7699636
5099753
2899823
8999566
999966
7599570
1299925
10099498
899937
1999921
8899544
299975
7899569
2899839
199995
7599672
3199776
7799639
1399928
2599851
8099633
8599557
2699906
9799500
9099562
7799597
4999771
8599615
5499731
8299612
6999584
1899902
4099806
8499624
9299531
2299895
6599729
3599812
299987
5399740
8699567
1199958
9299525
1499914
7699608
4899801
2199872
5499738
8199582
6399700
5299763
8199584
5499705
299982
9099569
1699914
8899478
1299936
1299928
8899500
4999726
1599915
9099578
8599573
3599790
399988
8399569
8599556
3599814
3999741
2999879
3599807
499979
1699903
3099856
999945
3899834
2599850
5999681
499971
7599650
3699840
6599677
8399515
4899756
7899614
5799688
7299630
4299820
9899497
0
6599625
8899583
3199833
6599669
4299798
6999639
8999564
10099421
3399843
699941
8399616
4599794
4499753
5399759
5199755
7899543
7699652
5099781
9199467
7799603
1099928
599967
8899571
2299933
399962
2499872
4699763
799957
1799883
8999510
899967
6899622
3099869
3899779
4299822
2899882
3299861
5499765
2699854
8599552
5799734
699966
799951
6499623
6499666
2899844
5099755
299985
8499564
6099682
3699814
2099928
9999498
299982
5599776
499969
6499678
7899583
1699928
9699495
6299705
9399591
1999897
7899608
3999814
8699565
9699534
7599607
9199499
1799910
6399716
7699679
9599486
2999825
8499572
699961
2499894
4899793
2299899
599973
599963
2599863
4499773
4999788
5499776
9199593
8399631
9799538
2599884
1199953
1499917
399968
7999586
3399841
3299880
0
5699725
7199671
399971
1299953
8599608
5899744
3699803
7499658
1599910
8899552
6199735
9299486
499975
4799756
9399558
0
3899848
999935
3199873
1599889
499977
8699568
599975
5399720
6799675
7799583
599985
9799585
3499797
9199590
5999667
7999625
8899544
5999694
5799695
4499769
799953
6199713
5999734
7499648
7099608
7499602
1899918
5499765
7499670
3599783
7299672
7699611
9099535
4399803
2499897
2099902
799969
2599865
2299880
399987
5299790
199992
5599746
1299910
3799811
4799786
499980
999948
8699618
3999820
3799813
1099954
8599507
2199893
2599872
3599816
7699602
6599633
299987
6499659
4399769
8299617
2299888
4199785
7599624
7799601
4299824
6399681
2899828
2399860
1899948
8099563
1899900
799955
499977
7299576
1699916
7199634
9799512
9499499
699972
3999840
1699955
7199660
3399829
5399699
4399818
6199706
899958
4699752
4799746
4399757
9799502
5299731
8999526
299983
299978
8599604
399982
5099718
6199665
799945
5799661
3899808
3799831
699960
6599687
1599889
7599578
9799496
4599753
8099641
3199848
799940
4699721
3999824
4299769
5699703
8799590
1699886
3699782
8999567
599975
1099945
8399602
199989
8099569
8299579
7199637
9199515
3999782
3499788
3499865
9399493
6699657
299989
5499724
6299729
8899601
5899692
8299552
3199816
2399888
7399683
1599907
599959
3399853
1299923
699962
5999727
7999560
4499770
9699488
9899552
10099574
10099482
6999630
4699748
7099628
4899784
8299659
10099488
1699889
4299734
8499609
7799607
5999671
3399825
3299826
8599612
8899575
1199936
2899803
9199528
1799922
9999485
7999645
1299935
1599913
9299475
6099709
7299645
299985
699963
4799806
7699652
5099774
3999771
9699509
3599821
6199681
9799527
2299866
1399946
3199854
4199749
1499926
599951
6199731
1199945
2599862
5599719
5999666
7599610
3499814
1099963
3199836
299979
4299770
5399734
3799778
3199787
3399800
7599635
8999528
5699743
1399927
4999716
7899653
1299920
6199676
4299818
199988
699957
6299713
3399845
7899630
5499673
9799464
5299727
599954
3099877
5999722
4599762
3199871
799948
1399937
8199595
6699656
2099895
7299692
7999546
4799757
9099589
599968
3599819
5499705
4299729
7399648
6599661
799970
9499529
2399855
7399624
7899615
399984
9499466
3199869
5899673
4399781
1999865
4399788
399978
899943
299982
3299864
8899553
599964
1999923
8599556
7699579
4499757
9299540
5199740
9899487
3099879
3099848
3999818
6699715
999962
8099540
99999
4899747
1899934
9399503
7199610
3399863
2399897
3899790
9199510
1599906
2199901
9099607
1799895
7999586
5399707
9399486
3299871
9199562
5399765
1099937
2399895
9899470
499968
799958
199992
7799545
3099846
299980
399978
8899601
10099515
699969
99994
699983
2999816
1899909
599985
899955
3299844
299986
8699541
3199849
7899590
2099921
8199543
1699908
5599735
499966
7399602
8199604
5999666
8199563
699960
0
9699461
6499628
999952
1399928
5399698
1299936
5499719
6799655
5399761
2599870
4899786
7699608
199990
5199685
3399878
499973
4099770
3999841
5699730
3899817
2699869
5299759
8299565
9599520
9299522
8299515
9699562
6999642
3699831
299985
7799579
3599801
9299576
9999506
6099660
699975
2199906
9199568
7899605
7299621
1299945
8699569
799964
1499917
899971
199988
2899839
3099854
8199614
3799793
6099717
299986
4299773
5899725
3899823
3599778
8899535
5599722
3299856
99997
5299738
6699724
899962
5799700
8199551
6699668
7999600
1499897
4099809
1399908
2299871
899968
2799850
5799707
4499779
5999713
1799885
5999696
7199669
1299936
6099746
899932
299981
9299543
1399945
3399816
2099848
3299838
299988
5799700
5799725
9099525
6799641
9999518
9999516
299984
6499635
6899639
8599525
8299619
9999430
6399645
8299554
1199923
1299911
2399860
3499868
5199783
9399495
4099733
8499630
7299733
1199925
2899853
3299832
9899512
8499572
7999585
699958
499978
6699606
8799556
4099816
4099785
2099875
9999506
4599730
499978
699966
2099888
499980
2199871
8299589
9299541
7499606
1699940
1299944
7199685
4399773
3099837
1799919
7299630
3099870
1299939
5399760
4199829
5699716
1599912
8099571
8699538
5199787
7499595
4399803
6999631
9999529
2399871
799962
6499680
8399594
1599926
199998
9299537
299990
9299581
7099622
2699842
8099607
8599578
1899880
6799708
4099779
9199565
3999781
599956
5999675
3599819
9599538
2499834
999952
4399734
3799801
9599550
5999733
2399879
8399586
6299683
399985
499969
1199953
8699576
2599881
2399853
6799650
4299774
8099606
9399441
5499720
6299664
8899567
699964
1199937
3899788
4899803
799933
7499615
5699714
7599588
1099945
4699816
1899889
2299899
3999806
6099736
3599818
1599898
399973
2099892
3699853
9699501
1799894
8299575
2099888
9499506
2499881
5899720
1199933
7699615
3699791
8099632
4799779
1299907
4099834
6499653
7699604
1899925
6499690
6999625
299977
3999794
8699576
299976
8099591
8999577
4099793
199988
3499805
399991
9099570
299983
5299733
2999857
799945
6099691
6899659
7899620
799975
7299627
9499523
8099598
7199602
8199611
1999899
899964
1999910
2299880
8699578
6599711
399976
10099546
4499802
7399623
4299764
6999690
5499726
3499782
8299603
1099951
9899513
1399923
4399807
699976
3199882
5599717
499980
7399683
1899865
4699778
7799608
5699694
5299732
3799861
2099882
299978
3299849
2699884
6499652
8599500
499975
2799845
2499835
999956
5999702
599949
3899799
3799860
8599581
699961
7899682
6199642
4999727
5299739
7999588
4799765
3999806
5699708
2199873
1699906
2099916
8199664
6199692
9899476
1399913
8199571
4599739
499971
6399621
2099892
199991
1999892
4399787
3299856
8499546
8799546
1699922
5699672
8099597
9299525
8999496
599966
599971
2699857
8199591
1999867
6899658
6099727
2599846
1999849
9199526
199992
9499559
5499696
8299570
8599560
6299698
799968
699973
699955
9899522
1099943
7999666
1899915
6999695
3699865
6999718
399969
3599859
9299552
4899819
3499787
699979
9799506
4599803
5199729
7999552
1599935
1099938
8199590
3799825
7599635
299993
6499632
7299655
9699451
4299808
1299910
4999780
4399787
5199746
7199638
2399910
8399591
8099531
4699809
5499739
8299618
4799738
7199657
5599741
799962
8299605
3399877
5799711
8199617
7199625
9399461
1899893
9399553
7499579
399990
8999491
5099724
4699771
2599878
8799577
7299614
1799874
4999797
599965
5499746
8399515
6899703
3699841
6499735
8399581
8499574
7699631
6299733
7899547
8099553
8299515
4599766
5699740
9199610
299988
7199615
5299785
8999526
8599548
10099474
9699461
7799648
8399539
5799683
1399919
6099709
1099936
8499590
9799525
6299675
6699655
1399933
799962
8999482
399975
2199888
4999778
1299902
6399691
4999754
4699747
7799636
399967
2399853
7199666
399984
7199698
1399931
499966
1199940
1699930
8699573
9299559
4799702
3499832
4599752
5699758
9899512
9999517
6999662
9499534
3499823
8299566
9799561
1899951
6999681
4199740
3999802
4699777
3999818
299982
6499663
8499563
6599646
8499632
5599681
4899740
3999805
9699532
299983
8599565
4599728
1699929
9799428
7399640
3699807
8599538
99996
499975
2499878
1499903
799961
2899870
5099725
8199587
1399943
5699714
6399722
7399656
599964
4099755
8099580
699972
3699818
8099614
1299905
4799751
8399545
3299838
699960
6299620
899967
8299591
3799852
9099578
899941
8799569
599963
499981
1599933
8699481
9699479
599968
5199753
8799563
6899656
8199621
7599679
4399796
799971
4699770
5799697
3499820
7599662
2899823
3599822
8899557
8099587
1599898
6299634
3699808
1399939
3299840
8199576
9499589
6299653
699962
3399779
3099856
9199491
8099544
5399727
9999452
1199946
8999563
8399550
6099733
1499938
3699840
2599845
399982
7099609
5699728
8499536
4699721
1999916
4499807
9399588
99993
5599780
7399631
5499691
4799789
7399578
599969
2099898
3699838
5799710
7499655
7999593
1399919
7499686
399981
2899842
3499813
9999529
8799529
8699509
7999599
8299548
4299724
199996
6299680
8199605
9299521
1199915
6199711
199991
99994
9999528
1399915
499973
799966
2999838
3899779
4099806
2199861
799954
6499638
9999511
699985
6699653
899960
3099863
1899893
9399548
8599602
199987
5899713
2599861
5799729
5599689
8399534
6699713
4699758
3599827
8699612
6199711
7499681
2699840
8199595
4399798
9099497
3799800
8099603
6799651
9699541
5699751
6899686
9599470
7199619
6099673
5999688
7199651
9599520
1399921
9399565
6199678
8299605
1099966
5499718
3399829
7999574
2999897
9299479
4299751
4299818
4999722
8799591
8599568
8099599
5299689
1399962
3399837
8499539
7099603
4399769
9699518
2099878
6999673
499985
3399805
1399921
7499627
3699779
299991
9199566
5899709
5299746
8199571
2199874
3199872
399977
8699547
7699601
2899865
7499627
4499736
299987
3799767
599975
9899519
599970
2699886
5599756
7799631
2899872
7599661
3799797
6599677
3999807
7199665
2599874
6799674
99996
7299645
5799720
1699895
8999541
199999
2699860
3499862
1599920
5199770
999951
299984
5099736
9599480
2399860
9499580
2699819
2199880
899972
8299627
9399494
7499575
2099895
2499926
3799821
9799471
3099838
8399620
6999688
4999781
2099910
599965
9499554
599975
7799615
6899695
7299574
7199675
8499618
1199946
7299600
1799872
1299934
5399768
299988
6199720
5499751
8899513
8199643
399984
1099945
399980
1499945
899947
799957
499981
6399612
1999882
8499564
299984
4399787
1099947
5199741
5099770
7499647
7699577
399984
699961
1899914
3699842
899943
9699525
6399636
8999575
2599841
599988
2699846
7299623
6799652
4699752
8999582
9899501
4699752
399974
5599705
5999660
4499739
2899880
8899591
8899512
6099631
5099790
799940
4999777
4099804
5599729
9699529
7399672
5199741
7199631
3699788
5299707
8999560
100000
9399530
8499556
9199502
10099436
6199681
2299847
8899550
9799495
1999914
4899749
5299776
799958
799970
4399814
8099642
5599693
8799567
9499561
799981
9799538
2199875
8299558
5699705
1899931
2699841
799956
6999631
5999669
3399853
2899849
8299539
5699729
7299638
7599631
8699574
1499921
499978
7999609
2299855
899975
7999598
9199627
4999770
9099508
399985
6999684
5599709
9899465
4499821
2799878
1199950
7299687
3199847
199986
4599743
899945
599977
8799577
10099499
1399920
4099788
7899581
9199555
7799600
4199785
1699900
4899720
6199708
8799613
299986
7999612
7799601
9399562
5999694
399975
5399752
5199763
6699720
8899523
599975
9899495
6699641
1099968
999934
3799789
6699630
6299646
4299825
6299703
7999659
6499709
9299528
9799523
3099817
1799899
6399696
6799685
1699914
2399876
5299668
7199595
5699741
7899665
8699498
599974
5899691
7299622
799955
3599828
6199725
1299934
299985
5699771
2399866
6799694
6499666
6699667
8699614
2599859
2099886
7899592
9699528
299987
1099960
3099866
799948
699957
7999603
4099794
6399673
699954
3499832
7199644
2199915
8199614
9299587
9899473
7799624
4999780
1399953
4599755
5099758
3999789
599972
9699527
5099750
999934
9099601
3899795
399979
4599823
7599655
8799558
4399813
8899552
8299614
4999739
5999715
4199823
1199945
5699730
499974
1199930
1299972
10099470
4499772
5599685
4699782
1199931
9499543
2799882
6799693
799946
3899837
9499573
7799620
1699907
3399834
8099618
8999524
299994
1099972
9399523
9999494
1899885
9499511
2699810
499978
3899812
6999644
1099974
5799702
9099515
6099675
99996
8099603
2199849
5399757
9899573
2099876
1599924
1899904
8199611
4399813
3999797
1599942
1699880
3399827
7899603
4599771
5999681
4299838
7699601
5799676
2999876
8899557
499964
6499651
5799743
1699922
399975
2199894
599970
599960
7299572
699976
5099732
8899557
8099614
6499665
3499801
4499793
6199658
6299668
1399932
8799598
8899538
2199894
5899777
499984
1899893
3899824
7099621
9499534
8799506
999927
7499612
6399709
4099795
9699519
1799901
9899531
8899514
799944
6999671
4499792
7399623
4799761
9099583
9699560
4099758
299981
1799939
3499845
7499604
7799639
7799555
5399683
5699747
2399898
5699697
2899800
9099579
599973
3099889
8099597
8099658
3299857
1799866
2299914
2599887
6699659
3199797
7299661
199985
2099894
3099832
6399665
8499620
9299603
5699719
5199731
1499915
6399668
3999810
8899604
4199790
3199849
8199601
2999830
3799746
7199612
799970
699955
299982
6899605
3499840
1099955
599985
6099681
699985
9199498
3599867
7299634
8399587
899965
7699622
7199649
1099943
2999842
7999624
9199567
399980
3599824
1299929
4599763
6299637
199986
9199562
899942
399985
9099524
399974
399977
1799899
399963
8499628
6199669
1999896
6899673
299983
399985
799966
2299903
5899735
4799743
2799853
6999703
6499684
9199542
999958
4999731
3999775
6699699
7099681
2899898
2699912
10099501
9399538
8699583
99995
8899596
7099611
9599466
3699853
3099868
2999843
5299725
10099477
2999858
6199743
1199948
299980
9199519
5399739
6299726
2099893
1599936
1099921
1399942
9699459
7199620
499980
799950
8199586
9199545
2899868
4999718
8599614
6299675
6699670
9899512
2099937
299991
9099516
10099445
7699661
2999870
7399670
3999798
7499612
1499932
3099870
7199604
1099923
9299591
1799915
9799521
2199927
8799540
7699590
8599595
399994
6599681
2399869
5999662
4099751
5199752
5999703
4599730
1499947
599973
1799928
9499510
3899800
4199783
9399531
599975
2899861
8899545
4199755
10099503
8099554
199982
1399918
4099819
9599469
1499900
3799836
9099520
7399597
5199781
9499531
2099924
7099670
299984
599982
899943
299982
2399830
2099898
2099905
199989
8099622
5599775
3999786
8999551
8499582
3999810
7799608
8699544
2899814
4499767
8499540
4999773
9699508
399977
9999524
6999603
9099490
499969
9899433
2599895
7099731
2199893
7699625
9499520
1499917
8499652
5399762
7899626
1399909
6399686
4199803
299979
6799611
1299937
5399707
599978
1499944
3599802
9099543
4999744
7299603
8399636
6299631
7999577
6899703
999963
2399890
1399958
3599823
6399734
10099458
9899498
6499681
9499532
1299937
5799709
999950
2099921
8499573
1899882
6399687
199984
9599512
2199919
7499633
8199612
10099485
5199791
1099918
7299643
1699902
799948
4699738
8899572
8499603
1199948
1599932
6099731
8099575
799959
9599541
4099771
6799622
7899530
1699936
4099789
7399655
6499686
5699719
4199754
2699876
399984
1099941
299980
2299904
4999742
999933
1299927
9699541
199995
3399843
5199701
199988
3399848
9399566
599953
2299850
7199629
6999636
199987
399976
2499896
8199613
3599772
9199498
2299888
799938
3299849
9699493
3999796
9699500
8499620
1099958
7899650
3099838
8999597
1499940
399961
8699589
2099886
4099796
4899761
3099831
8799556
1099942
8699597
9799558
1299944
2099879
7899668
8399613
7099642
9599533
7299666
8499618
6699632
9599549
2499892
1099966
4099795
8599568
1599920
8499564
7999633
3899793
4699787
8899610
2899873
3099831
3799804
3699790
9799514
399978
7599595
3799779
5599746
2999818
3099839
9999464
8599538
7799542
6499732
0
999931
2899845
2299847
4199751
7899667
1099941
3099794
4199774
9899481
399981
7899573
5899698
8399570
999956
4399786
6299683
5799740
5499684
1399921
2099872
799940
3499832
8499638
7499616
7699629
2199938
8399628
7199618
2099891
7499650
4699777
1199927
9499480
2599831
5699749
2299878
2699855
799975
6299725
8799590
6999662
6599664
3099823
5199727
8699618
4099796
7299589
299985
6299710
4899711
7299661
9799539
7599645
999933
8199603
7899608
3199848
8799553
4699779
699974
999933
2699878
8999574
9199471
1199945
8599617
7599679
2799844
1599904
1899921
3299821
299979
6099697
9099598
4199805
8299528
6699659
8999566
199995
9599550
2399887
2199888
3799786
6099639
299983
4599731
4899798
9899534
1799924
4699762
6999655
0
1399944
6799657
299988
8699519
1699902
3899813
1599890
7899586
7599624
1499930
1499921
9599459
7199634
7499609
1199931
4899779
199989
1299963
8699588
799960
999925
9399541
699973
3999781
699969
299975
6599617
8399610
999949
399985
399984
9499530
9899463
7699671
2699837
9199502
7999560
4499778
399992
3899780
199983
2099869
3799802
6399708
7499650
6899681
6599665
899951
5099777
899959
9199540
9499526
2599869
3899816
3899773
6399732
6299692
2999872
4199786
3199797
5999735
3399830
8599556
3399795
7299617
4599735
9699513
3999812
2199898
7699643
7099588
5799697
199982
1599912
899958
399982
4799789
9099532
3799791
999949
1199948
4199797
4099827
9099499
2699879
7599590
8299563
399974
7899636
6299660
6699690
299978
5299714
7699666
2399914
699957
1899947
5499692
3899753
899955
2399926
1199945
399982
10099438
4299761
499986
2299877
299981
4199821
3899742
8799517
6999704
9499475
3599783
8899610
99991
7699652
1999895
599982
2799872
10099489
6199687
5399699
3199844
1399923
1099957
199994
8499616
8099644
499973
7999591
1099967
9799516
9299496
1899908
3399848
8899510
6999618
899957
8199576
5499754
8599500
1699908
6199709
399987
1199927
499967
1799936
999921
5999732
6699676
7999694
4599763
8699537
9699480
2299893
6099735
2999871
8799576
3599810
399989
1899888
2499881
3199833
399978
3599833
799958
7799672
5599726
899945
4599754
2399845
8899566
299977
999974
2399871
9099474
299991
5099710
7599605
1299953
299991
7599660
1199946
5299779
8299575
7699647
7099625
2699825
7399629
5699690
4999742
7899626
9999512
6199691
4299789
8299620
2299853
899972
2699863
499977
2299919
2399851
1299951
6099680
8899593
5599722
99995
399984
6399658
5099759
4299764
7699636
7799615
8999502
399984
5199746
3099860
8799616
499973
6899649
7399660
9999487
3099800
999945
299986
9999450
2699830
9299491
8099604
3099843
9099523
4399768
499975
6499679
9699518
1399928
99991
8999566
2299885
1099940
5499719
5799691
2099872
1799901
299993
6199726
7499592
5599708
10099491
6499657
999962
3899830
6699662
8399567
4599782
4999764
199991
899944
4099820
4199778
8299605
499980
2299886
3299847
599950
2499880
6399686
4999731
5699774
199989
9299548
1599934
6199658
7899617
499974
3399846
8899564
7799585
4699757
699964
4099848
299982
7599615
4999751
799958
4099792
5499725
5799681
8199617
499974
3399835
2499873
2999830
3499800
499982
799941
599971
5499723
5599673
6299678
1499937
2999842
5099775
4499807
599954
1499939
1299913
8499561
3399863
3599831
3399810
9799506
8799605
3899834
9399535
8299588
5599734
499962
6299654
8799576
399982
7099661
8399592
9999498
9199519
3799771
5899730
5599680
1999897
6899688
5299682
1899914
99991
8799599
199988
5599707
599976
2399860
7399633
1299942
5899698
9999465
699960
4999709
4799681
9999576
1799899
1599894
5499674
699956
4899779
899954
4999698
2699881
9999478
199984
4899772
5999673
199989
399976
99995
99990
2599905
9399534
1699900
8599553
299980
5499698
9599488
9399542
7799536
599975
6699666
6999627
5399712
699969
4899759
5899696
599971
2199918
6499637
599953
7199635
6899679
299994
599972
2399883
9699543
7099668
9599465
3299809
4499809
4599799
3899818
5499762
2799828
8299629
2899870
8399586
4599772
7999578
5499684
2599842
4299763
2499836
699976
4899759
699960
2899825
5699732
5799734
5399708
5799703
7399651
8599570
6799703
5199766
4399760
999938
6299654
7499620
3899796
4999798
1499934
6399718
4699786
999953
499974
9799525
399982
4999767
399999
3999774
8599536
6999690
699970
6999674
4399774
6399654
6599674
7599619
599956
2999807
5299772
5699695
5999679
2499838
2499864
2699822
299980
7399660
899943
6599667
899967
9999478
1199941
3599780
2499878
8599617
9699523
5299744
5099692
2999830
9799480
8299613
999960
5299764
2699872
8199611
9099552
199995
6599689
899947
3399831
499978
2799856
7099685
399976
9499461
1099944
5999683
199986
5499713
6799662
5099747
4899729
8399567
9499513
9099600
4199839
4099735
4599722
6799667
4099789
2699836
1599917
499982
2699829
799964
3599839
3199843
299987
5399720
3999777
6299690
6199663
3299840
0
599961
7499585
6799669
7999548
5499695
3799797
3099840
8299588
6899627
7099615
299987
9099573
299980
2699854
9199513
4299774
4399785
7799600
6999667
2899821
2399914
3199851
4399761
1099931
9399482
599961
9399506
3999815
6099670
6799720
4599752
7199652
5499700
7999599
4099821
3899806
8599614
9599488
1899930
9099546
7799563
2299866
999970
7699667
3799800
1099947
9899467
3099829
7499611
6699698
6499661
5399688
5899744
199983
1399949
3099884
6899671
4399799
8099606
3199848
4999715
6899659
8799503
9099556
8999511
2199925
199986
1799922
3599760
299983
6199732
499982
6599671
3699835
7899588
3999840
8299635
4999764
5199737
8099579
2199916
6199674
2099855
9999536
8199609
6499661
5199697
499982
6599695
8999536
10099412
799953
9999561
2399897
9399539
8299604
499955
9699555
1199961
7199676
2399836
599978
2899869
5599744
1999913
5399791
4299800
3099867
8899583
7099620
7099646
9199573
299983
9999501
3099893
7099600
599982
5799702
8199685
599976
9399560
399986
9499466
2399903
9699456
1199928
2699823
3499805
599960
399968
7899626
299987
4499808
999943
4699771
4599774
899941
4099763
3099848
1499940
8399552
8499649
599970
399982
9599539
8399540
8499619
199987
9799476
5799733
2099869
8999619
7699610
599965
299975
5999689
7099660
4999772
7099609
5399734
2999833
5399707
6599674
5599763
2599873
699946
7199639
7199628
6799667
299977
5399686
6299719
7599565
199992
1199942
3299864
6599679
1099938
2499845
3699782
3899808
6799650
2999834
1699907
6499647
6699700
8599584
8599535
1599889
299990
2899882
8399554
5099762
9099579
9399569
5899636
7199641
6699669
7499599
2899833
1399922
199988
5199745
3999789
1299912
8399597
399974
1099944
1299942
899978
5999680
7499662
6699646
4499753
8299623
6599682
9099572
499984
7599610
7899606
2499905
1799913
299986
9499535
3699792
8299530
99990
2799835
8499524
799965
1399941
8699590
1799897
7599565
199990
6199675
699970
7399614
3899818
1099960
8099629
7799615
499980
6399722
1199958
6399650
2099930
6999693
299982
7099618
7599643
899950
2399898
299990
1699903
4599734
9399565
9899452
8699631
6899638
1399934
9199586
9099580
10099502
1599921
6799712
4199803
6899677
7399660
799958
2199902
9499603
7499663
8799568
6899651
7799603
6899688
5299710
8099591
4299809
399986
5299696
9399517
3999839
2099881
6099705
199981
399976
3199859
5899695
6899644
2099907
8599549
4899735
799954
4299814
999949
5999715
5099766
7799581
799958
799941
4099815
9699455
6099709
1699883
6999670
5899693
8199572
5599676
2499854
5399739
2099863
2599878
3299819
2799865
5399710
4199794
2799862
2099892
6599621
2099902
199991
7799603
5999635
6099736
4099846
7499593
8399605
5999686
6899674
5799665
199991
6899715
9599517
8399505
7099653
2499874
7499615
4499742
5599699
1599906
9599543
7099622
399982
599968
9299628
1799897
5599723
2899878
8399646
7099698
8099551
9799547
5899696
1499934
3199858
7199612
2499872
6199671
8899616
799960
7199652
1799883
5299727
2799832
7999602
9599577
8899509
3199891
4899770
3399805
9299497
999971
5599696
6199696
9099471
7699648
1299922
499965
3399832
2499898
199992
9699574
7399688
4399796
99995
6699642
8399546
799949
7899635
7699615
1499901
4099802
5299726
8699568
9499506
5899698
5399749
5799713
9399465
8199532
1399951
5299729
5799706
3999847
3999805
8499601
7499684
5199711
1399911
599971
1299940
4899762
5499718
8399548
1199944
9699558
9899522
7499572
9499504
199987
8999568
10099553
5399696
1299947
2099894
8099545
1099935
4699748
7199596
499975
1499906
2199887
599963
199986
399975
999943
1899886
499979
5299776
8099607
1399949
10099494
5299701
699969
699978
2999855
1099925
9699497
3299824
899946
4999763
1099952
2299866
4899749
9599546
7699645
6199748
199990
8399562
1699875
5199766
9499582
4399769
899953
6499692
7399657
9199587
7699627
7199633
9599506
499982
8199572
2999838
599966
1199938
8799538
9099515
299990
7399633
2699893
6299675
5999696
9699523
1199936
6999634
6199653
7499664
7299676
6899672
6799638
8499532
1299946
6099628
7599626
8099563
3999813
7499630
7999619
5799682
4099784
5099789
5799745
1099925
7999601
5999699
4999759
1399940
8999523
1199920
399973
3999789
8099582
1899949
8499545
899952
4399723
6499717
299980
3899776
5099748
2399843
4999713
6299660
5399689
699952
1299970
6699705
1299917
8599578
399981
9499496
7899644
8299581
7699615
5799761
4099798
3299823
4099821
8599576
7299603
799952
3899787
5499733
399980
999962
7799595
6099730
9299502
2199884
4099745
3399827
799951
2699863
1499939
3499800
6599671
1599908
4599824
1199928
5599748
2499867
9999576
199989
8499546
99991
4199792
6299673
1699901
3899875
6699631
2099846
5699682
5599723
9399544
9399546
899948
2599835
699970
399975
9399573
9199554
9499483
4199780
8399564
5299763
999946
1899907
3399823
7799594
3199859
9499484
4499744
6699674
599970
5999664
8099558
3999765
8899542
2799919
1899871
7099625
4899811
2999891
3499812
399979
1299938
8199603
2899843
1399934
3699810
3699856
9599562
5299766
8399547
5299800
6099718
799969
4099791
6299700
499979
6799718
9199502
6599647
3699770
499980
4799740
6399667
2299899
6199699
9399534
5499708
4699790
5499732
1999881
9599488
6699642
299980
6999691
7299643
7499665
2799850
5699736
4899781
1099909
7299632
8799513
8699609
1399925
5399746
7399590
4799790
6499645
5399676
2199905
8499581
8499515
9499480
7099665
1199916
3299842
8199549
6499678
1599920
8099595
4799754
5899746
3599815
6999679
799965
9199600
1499923
5899671
1799942
6499662
99992
3299876
8299576
9699580
5899662
7699613
6699697
7499678
799959
2299935
1999914
5199782
9199516
8899589
4299780
7399641
9799473
299989
1699940
8899587
699956
399987
8299581
1799882
8699572
5499774
4699765
6899660
6599685
4399767
6499638
5999711
5899713
8499561
10099452
7299646
1799929
599971
7599647
2099946
9899491
899951
5999693
6299734
3899803
5899664
299995
8899537
1899946
5499743
999946
1799921
999968
6999676
1299936
1499939
7599606
7199652
2699865
4799758
7499616
4699836
599974
6099703
1199928
9199487
499981
3799855
5199730
599976
2799881
9199589
3499813
8899540
1499940
8799617
7899599
4399768
4899758
6599675
6299704
9299568
7499616
299982
6099659
8999524
9699465
9299543
9599449
6499704
3899783
1399938
1599945
599977
5899719
999948
4499734
999961
1999929
9399557
199989
7499572
699955
9199474
3499796
2899841
6299683
4599752
399979
1999871
8899601
999945
5099731
8399519
99995
5299738
1299962
9499540
7299637
2899876
5899667
8699592
4999699
2299874
5699742
3899827
9799568
499963
9099591
9399481
8999569
1299926
4299724
1699907
7999550
2299873
3799802
5199777
8199609
1799925
8199621
5999722
4199807
1499916
9999526
6099701
699956
599963
499971
8899589
1699885
8099613
6999682
699963
9399543
8799565
7999622
499975
2399907
9599559
5099737
8299642
4099777
199982
699952
9399536
5899687
5199755
2899842
3799785
199993
1399913
8999503
4299781
599971
9499522
8399574
1499937
4299793
1599949
7699623
399978
3499806
8699550
499971
3299784
2399899
1899872
8299561
399985
4499825
1399974
999975
4399800
8399525
8899552
3899857
6999646
499964
4999775
6299707
5299685
399976
6299699
299985
1399949
6299692
3999826
1299913
7899624
3799817
7899631
299987
1099955
2399845
3399842
5199742
2299870
3099825
5299762
1899918
1999918
299986
2599870
1799925
6599679
3199832
399972
6299671
8599569
99995
899953
9199530
7899634
1399949
7999636
3899798
1399934
6299704
599975
2199869
7499572
6699643
6099724
4399758
7699682
6799668
5599729
199996
1499944
399974
7999604
7399681
799941
7899593
8399564
2399904
6499692
8799503
9399546
4299847
7599592
3199839
7699594
899968
7499593
5399723
7699583
2999789
899941
6299708
7399649
8299565
3199828
6999641
5399696
3199814
9199544
7099639
4299821
799956
8799519
5099778
4199785
6399699
2199906
7999595
7399624
7599568
6499713
4299824
399987
7299617
4699772
8799572
10099460
6799634
9699519
399984
8299598
1499935
799972
8099562
5199707
7999614
999940
2299895
9999512
9699555
6399695
2899845
8099639
2899846
4099752
899941
2299890
4199814
5499723
4399780
1299943
1999873
7299624
9199518
1299935
7299626
3299862
4499747
6399656
9499546
6099714
8499606
5099751
3599836
5599769
9499544
9699518
6199679
7399657
7399635
1499950
5799735
1099980
499979
299993
6699661
899949
6799682
4599775
8899511
5399702
7899617
8099589
8899540
7299682
5799729
299994
4699809
7499668
4899733
2299889
7199645
9199512
9999566
8199641
9299556
2499850
9199593
9799572
499969
6999624
2399873
1599893
8999534
6399697
9999559
1799924
4799799
5199721
5799661
299989
7799600
5999685
2499821
4699778
7599636
1499929
599974
2599883
299980
3799813
6699675
699976
6499668
699956
1399948
8899560
999920
9599550
399977
1199933
5599726
6399659
8399591
499970
2599861
6799705
5999720
8799603
9299523
799965
2999832
7399668
8999563
6199734
3999828
6399714
4299809
9999492
7699550
8799537
399977
8599575
1799901
8299595
599963
1899874
99992
599971
4899725
1999918
4099775
3799797
499966
2999832
1999881
999947
7699617
8299565
9799517
299984
4199816
3999846
7899644
499961
8699550
2999808
5399779
7799644
4599774
9899559
1999862
5899756
5899674
8599511
1499933
8099639
8499538
3399832
2199876
8799593
3299811
6199641
899961
5399709
6199661
1699909
2099919
1399943
7599615
7699559
799943
9499564
6599702
599980
199985
9199575
199993
7699627
499994
4999701
2199877
899929
5599761
9599585
1999905
599988
799972
9799469
2899811
9899536
2899845
4499770
4299771
9699607
8399601
5399722
7599605
6499743
4399750
6799654
1499907
899968
9599551
9399552
4399798
499982
5399725
8899559
1599930
8599527
7999562
7099680
8899538
5599682
399979
1999866
9599513
899934
7099633
599972
6599723
799964
1799908
8799563
6199669
2299882
199991
599969
1099939
9599526
9999504
4799771
5299781
6899632
9499470
3699852
2799856
9399488
6799635
399979
4999771
7699601
8499500
199992
3399828
8899548
9299567
9099587
8199616
6199727
9699508
899963
799960
299986
3999785
10099541
5599723
8199653
4499762
1699922
9099492
4999758
7599591
9099596
3199846
9399522
4899771
5399711
3599871
2899835
1099944
1099946
7299570
5299744
9699523
5099783
9399548
3099775
9699540
1199941
6399685
1399939
599977
7699621
10099453
4699736
9199538
799973
9099477
6499685
6299714
3899792
1699920
399991
5499723
5399772
999931
399991
8899569
9199568
6399653
8599600
199991
6199721
9599534
8399593
4299784
1099954
699959
8299640
2299863
9799521
5699719
4399759
3299870
2099897
7099651
6099667
7099682
799977
4899761
6799690
5499669
199982
5399748
4699780
7699635
3299859
6799672
2799871
1199946
6399684
9499587
3799885
2099870
1999907
199986
999959
8799551
8099606
9799478
7599550
399988
9399470
9999506
6799690
5099770
7199642
2899872
8099600
7299631
4999703
5899690
8499618
3199811
1299937
6099703
8799557
799956
5999695
2799889
9599514
3699751
1499905
499968
6799640
6699662
7499631
4499804
599975
8899573
199993
8399606
6499718
8699586
8999527
8399536
7799604
9199534
1199947
1999883
2899847
499977
8799582
8499601
8199586
99999
5199765
4499781
6999646
6499663
8699550
1599910
399975
1499932
2099885
899963
7499604
2199917
6699610
899934
4099804
8699562
3199880
4999699
8099608
899947
8999546
1399926
9899484
1799893
3599820
9699563
399990
7599613
5699730
8699569
399977
4299753
5799654
2599863
2899813
7999607
3999810
7099630
4999764
7599594
5999727
3699823
3999779
399972
10099461
299984
7199650
1499937
4899737
1199923
5599759
5599728
1399921
4899730
8699561
7299654
1799889
3299790
3399833
399987
7799617
6699690
9899524
6799667
4399837
7399671
299988
799976
8099612
7199670
7699648
2399921
9199580
1899895
4899740
9199573
9799544
699975
7399617
4999780
9599565
299989
2899794
5799727
1899920
8299625
1399925
8799591
999957
7399638
7199615
799951
8499512
8399583
6799697
3399824
7599660
0
3799775
6999668
4199721
9799442
2499882
4999759
5299730
1599885
2699892
5999680
8499573
3099843
1999846
4599810
1299946
4899753
1199964
7799608
8899551
1199901
9399533
1799909
1399888
4099829
399985
8699598
7599608
8399558
599967
5399742
9299591
799960
1399944
4399820
7099646
7199627
3099827
6699678
2099896
1199920
8699600
499977
4999735
4799756
3899837
599979
2799897
5599711
5699736
2899834
9099556
5399692
299986
9899561
1499947
8499572
599963
399980
6599666
1199927
6999660
9499507
2099894
9199473
9799542
799956
4699748
7899616
8399608
8699538
8499588
7599623
5099729
899951
7999629
199993
899945
599980
8999536
9199516
399976
4099788
1899870
4399789
2199899
7299662
7999635
3599847
2499915
4999794
8699587
9399552
8299621
6499660
799956
599962
5999690
7099583
6199662
7199671
1499939
699962
4499777
299984
1199915
8799510
999960
199990
4199782
1299914
7599602
9999466
899959
599968
9899529
399975
5399774
2199838
8499596
8899600
7399608
9699486
2099895
2399844
5999762
7399623
8499511
999959
999939
9799502
2999869
7999569
4799750
7599662
5899667
2399885
2699880
199995
299985
499983
8199604
2799865
8599602
7399621
7099676
8899559
7599619
5799714
799941
9399539
2099891
599966
8299569
999957
8999581
8899518
5199733
8099632
799962
9899511
299984
7299663
5399754
4999772
5299745
299984
6299727
699976
7499635
899947
1499933
199988
4399785
7499654
6199684
5899663
4399743
4599777
8499605
5399769
6999620
299983
3299849
2099894
5599686
7399629
299986
3599841
4099787
799990
7799554
8599528
5599706
5499729
2599880
4599815
2899888
7399569
2799900
1399925
8599505
2899838
8299581
8299649
6599666
2299872
9299556
3699819
9399520
9799552
499963
6199746
1099928
4999795
799964
5699783
9699470
6099689
8599550
1799901
9299496
9499459
6399658
7899635
8899589
8799570
499980
1499929
499960
6499669
1599936
2699870
10099506
399969
6699658
399984
9199521
9399552
9399456
5999720
4199748
8899575
5799750
8299584
299991
199990
1799890
5699719
6899647
4299809
6699621
6999705
4699756
8099589
3899825
9499502
8899557
6499682
2699854
1399902
4399776
2399869
5699731
2999864
699970
2999854
8599563
5799724
1099947
8199638
6299636
9699509
8099567
1799886
3199869
8899581
7999541
6699674
8499605
10099554
7899620
5999667
499974
8999536
9799502
1799880
8299577
9699483
3599832
799966
9499490
299979
1099945
5199760
999953
8499575
9999470
199992
1099933
3799812
8899566
2399890
5299720
8799564
6499656
7599660
6999578
4099811
3099814
5199777
4299760
8999625
9199490
7299660
4699806
4899763
2999848
5899726
5799682
3799806
8799542
7799588
3599831
799967
6099724
1199968
9099581
9399568
4999733
2499888
4299779
9399531
299988
9699504
3199790
1899923
7199612
6099683
6699696
5099744
7399678
2499849
2199898
7399593
3199874
7899579
2299916
399996
1199946
5799759
6399653
499978
3699803
4999760
9199550
9199568
6399677
7099661
799958
4599772
6899664
8699604
3399846
2999880
8199596
599958
10099593
2499905
3699824
1099947
799942
10099511
1899959
299987
699976
2899869
4899793
6299673
599970
7999594
5199739
5999662
7399643
299989
4999746
199993
7799648
6999708
3099875
599972
4099776
1799927
1899888
6799652
9399507
899973
1499913
6499684
2399866
4899775
6099666
8599517
5999673
6699668
299988
4599810
1299920
8299603
8099589
6499723
3099819
5399752
3499852
3199840
9899524
299985
899955
7799594
6699646
5299752
2499909
399975
2999855
299986
7499605
9899494
2399863
4899728
2799824
7299631
7199592
9599539
8699510
4299756
9799533
699955
2099870
6399675
3099881
1299948
9299491
8499621
8499570
1199950
9599500
99999
8299559
1099932
9899476
799956
3899790
899949
5899681
3299825
6099673
3799774
9599563
3799820
4799818
4199798
6199703
4499815
9499435
4699723
5199743
7099659
3699802
3499839
8499616
8999550
8999507
5699655
2199950
9699535
5199753
7299623
499980
8099608
1099914
6499633
6899664
299989
7699590
4599734
2599860
7699649
199988
1399934
1199928
599965
6799615
8199637
9799424
5799706
9899456
7899588
7799625
7899632
6799690
199981
2699818
6099633
5099799
1099950
3699814
9199578
3799812
8099595
2599881
399978
4299825
7299633
9399612
1699912
8799564
5999711
399971
4199759
1399913
1499942
199986
4999710
7899611
8099532
8299614
9799561
7899615
3399837
10099496
8199571
10099543
3099809
5199700
1399961
5599676
1699933
1099931
7799575
2599870
5499709
6799699
4099789
7299631
9899507
7899592
2899894
3599836
6999642
999969
5099777
899965
3999781
499984
3399847
3699844
6199719
8999530
7299641
2899855
9199542
2299891
8699578
7699596
9499530
9899483
6499617
3799782
8199617
1399945
5299688
7199662
7999537
2699876
2299864
3899729
6499668
4199777
5499732
199993
9399545
3499783
8599593
5699728
499961
9399525
9699558
2999895
399974
9699518
1499928
7099639
6299665
9199536
899944
7099653
9899525
8599541
7199688
3399808
9499571
6399645
9399552
6499659
1899925
999952
4799749
4099771
5799677
899964
5799685
999956
6899635
9599538
5399733
8499557
5099729
7099607
9399520
1999931
6699673
9799519
9099547
9199536
7599583
9399473
6499675
699980
1899896
2399933
299978
7699636
2799846
9899496
2399885
399980
1399928
699963
8299602
499996
2599840
2899840
1099956
9199561
4899774
9699556
6999651
6599700
4799714
6199710
399987
7499589
999952
7499668
7999606
1199915
2799888
5399747
5899714
4399755
2899841
7599641
5499696
2299841
6799713
799945
699974
599978
9499480
1399914
1999922
5399735
1399918
299992
5999671
3599804
8799592
5299721
9999446
8099635
4399828
299975
99990
4699773
5699775
5899723
1399927
599971
5099744
1399951
2399885
9299528
6699662
899964
9899512
1299952
7399615
4099813
5499700
8199656
5299729
5799760
8199564
9699570
4999799
10099479
1899910
5099697
8199607
5299711
9699522
8699547
9199570
4699738
4399785
6399718
2399857
7499644
6399636
7199609
6599670
6099759
2999865
799945
3099827
4499770
999950
6499685
199990
599978
9399574
4999773
1999872
5499712
6799672
3399844
499983
8199586
4099743
7299648
9099566
7099676
9099564
9699503
3599856
9599489
1899915
8999608
1999894
4099782
499972
599969
8999585
9099557
1499917
4499787
8599538
6599631
7999592
7999588
6099681
5799691
399973
2599884
299987
6099678
8199539
7199645
7599590
6499653
7199682
2699851
5999680
9699548
1299927
7599626
2299868
8199561
4499775
9799498
1499916
7599581
1399924
5599725
9799523
5999694
9199544
3799802
599969
1799945
7699655
3399836
799960
5299702
1499935
10099509
1199940
9299559
7599612
10099488
2399893
4399778
5999719
699978
399985
9199560
6599690
6699755
2599877
499959
7299573
8299581
7299671
7199622
799972
1099933
8299582
3599852
9399555
2499873
6999684
4499787
4999740
399987
2299852
5699675
1399961
1899947
1799886
2299856
7099611
399984
5999696
3299819
9999487
799947
9099554
1999905
699959
3699825
4399781
3099865
7899645
299979
199988
4099785
3699808
9999470
1199941
499982
5999738
2699810
7899575
399968
5199690
3699829
1399939
1399934
9599552
6699653
1399927
7699683
8799548
3599859
799940
2999838
7699571
8899518
4099808
1799925
9199505
4999742
1999893
4499775
899957
3199822
599979
8799542
5699711
9299587
7599619
8599583
1699900
5899694
799975
8699573
4799756
3799776
5299735
2399872
7799619
9799548
9899491
1799899
1799919
999955
299987
9199506
7899554
5699675
499981
699967
8199574
1599939
4599753
9099539
9799536
499975
8899543
8899593
9099574
8199594
9499599
999944
9399566
5899697
2399897
7099633
5099716
5699728
299986
7399656
999949
1499917
8399608
299987
8199579
9199547
1599945
1599902
499974
9399544
6299705
2699861
3699790
1899923
6999692
5899663
7299674
6699632
4899746
7399596
799954
4499780
4499760
8899558
8099595
799967
6899612
1299934
6099724
2099872
8899533
6999615
499959
699962
1899917
10099466
10099465
7499597
2399860
7199644
2099858
4299790
5799743
1499925
3899790
3599776
9399509
299976
4099792
5199728
1699941
999941
1699901
7099622
8899550
8099583
4299723
2099924
2999848
9999510
3699795
6799657
699958
1199901
5599724
4399824
3199840
9199539
3499840
4099794
1899919
4299791
4599781
299980
6599706
2599855
1199937
5299754
999943
1599926
2399871
5099745
3199838
3299818
5399726
9999475
599963
7499592
5399767
3099812
699987
8699580
6799699
9499578
8199618
4699751
9399531
5199785
7099641
5099758
5399692
4199809
2499919
599968
9899474
1099954
0
8899580
9699550
6099631
1699918
7599598
7599609
2599898
3999778
4599774
1499897
999943
9599489
8899522
9199599
9799451
8099635
4399815
7699545
2299894
599967
7499605
1699922
4699789
5199711
7599665
5699756
7499654
299983
9799532
1299917
7599662
1299911
8099601
1899949
4599758
1299935
8999628
9699484
2299912
6299688
1599915
599968
2099931
3899795
299992
8499548
2699855
3899849
6199735
8099629
9699563
199994
9999522
199995
7899546
8799533
6699650
8999589
3899798
9699561
8599626
9599477
8599614
5299693
10099529
9699458
1199944
5099745
3599831
399979
399981
7199639
4099735
4799792
3299825
4399757
199990
9999512
4399812
4199749
7999622
7699672
9599532
6899699
4599806
7899644
5599719
9199529
7099593
6299643
1799903
1899916
5399718
3199825
3599854
4299768
7299629
2699825
499976
8799578
5199774
2399891
1999862
7599671
6699644
5799689
4999727
2299922
9599521
8599585
999948
5999742
5999669
6299673
1899919
5199747
7599672
5199783
9999512
10099526
8999526
2099906
2699866
5299723
7099618
5399713
799973
2999836
6199662
8299570
8499630
7199642
4899768
899944
2899840
6499702
299978
3099856
5499697
6299682
3799829
5999745
3999817
9599520
1099935
8299584
7599653
5099753
7199679
6599670
5099743
9499522
8699514
3299807
2199877
4899759
4299719
1099922
4899716
9499502
9799507
1399948
4399820
4299734
2499878
6399746
6199714
4699783
9299543
7499589
6299673
4799728
699964
1599916
299986
5999711
199992
6599701
599969
3099839
7599576
299981
2699811
4299756
2599846
7699605
2199883
3899823
4899734
5799705
6299674
999939
1699919
3199816
8699585
3299782
7199645
899964
6799696
199984
2399864
3199862
3299895
9199541
10099577
299977
4499743
6499644
9999511
6099749
3899838
2999888
9699464
6299699
2499875
6399614
3799831
1399925
7999576
999960
7199645
1099987
8899547
5599713
2399926
7699646
8099599
5399773
3399878
399984
4199797
7299639
8099640
7699635
7399686
7499682
6399669
499975
8499531
2199880
3799795
1199923
3599822
6599696
3199857
2099863
4399776
5799694
199987
3499808
4599776
7199621
1999874
1899900
9599560
1299943
9799477
199992
899938
1799915
3399836
6999669
7499671
5999707
7099667
4699803
1899889
2599851
199996
5899705
5799757
9599522
4299809
9099502
299983
7299616
8399614
199986
6099662
3399868
8899609
1099943
799942
199984
9399468
5599713
5199751
1099941
8099595
9299542
199985
8699582
4799789
9699499
4599781
4799777
1199960
2599871
199991
8699577
6899657
9299500
7199595
7199641
8599583
5999710
7299595
4999781
5099745
2699842
8899575
299985
7599589
199986
299983
4999751
9199619
3899798
6899682
6699658
3099844
3799773
9899477
499966
2799872
1099919
2399864
6099716
499983
7899644
1899911
1499934
4999740
1199943
8799601
2999816
4999736
5099814
8099640
8999572
6199648
8399550
5399699
6099701
6999622
4999726
7699600
799964
2499892
7399648
1999901
8899511
2499853
6499739
2499869
699961
3799829
3499796
2099861
1699917
1999876
2399889
5799718
499977
3999811
8399573
4899766
8299537
8699564
299984
2199891
7699553
199991
8099604
9699539
8699589
799970
3799865
1799885
299987
8599593
2299889
399980
9499528
3099865
499968
6699675
1499916
7299636
3699807
699965
5699728
9799522
4599815
8799550
6099690
999946
7299667
1199942
699977
2899845
5999686
499984
2699857
1499936
9199494
1099955
7999593
3199887
4499775
9299507
1999943
3099851
7599658
7999566
7099688
6999671
5399739
7199621
999961
2799849
4899750
4999754
2199907
2599869
9299577
7799607
2899843
7099647
4099805
1399902
1099924
5399706
7899629
5899681
999939
3199872
899932
5899703
799962
6099664
3399796
3899784
7199628
6799670
3199860
2099876
899930
999961
2599885
9999500
4999708
4099797
7299692
7599662
2799912
5099747
5299731
2599825
1199945
399982
699945
199992
9699494
8499547
9499547
399973
8999551
7899640
1399932
2999850
7099595
8599573
1799898
6899626
1099938
7799665
3699837
4299749
8199601
6499693
2099927
9999488
4499751
6899657
3599830
2299927
8699525
4299790
6799630
5099712
2899868
6599663
1399953
499979
7199689
1599885
3699795
9299570
2399935
7399589
99996
1099937
599965
6199651
2899889
699956
2599840
4699799
1399942
8999579
6599696
4999737
4399712
4399767
999951
7299640
7599583
8599561
8199630
699962
1899895
9299590
999967
10099543
799970
4799769
3499856
9399529
3099823
9699536
6799671
7999593
6599638
5899668
4399776
2399865
199993
6899667
4299776
5599716
5399715
5399724
7499650
3499795
4799778
6499612
1099961
1399929
1099929
199984
899948
8099644
599963
3599821
299996
5099690
7799550
8399522
799966
1199933
6599645
1399947
4699728
9599528
2699862
499976
1299930
9799479
6599690
5799677
4099788
8399573
499984
2699870
1499915
7499633
8799515
4099798
6699623
799957
8199592
7499627
1599927
3299839
1499927
7299648
2799886
2799879
4499766
1299901
599962
1599911
3899820
1299930
3399826
9199561
1499930
9499476
6299675
399985
5699747
1399911
5599738
999961
6999711
10099431
7799585
299976
8599565
1299932
6399684
2299867
1499930
8099572
1399937
999967
5199726
8599561
8499520
9599529
2099884
4399755
8299584
899954
9399482
9399570
2399867
5599687
1499928
199985
799949
9999434
8199538
2399851
5599686
7399631
5199686
1799897
1299949
3699789
5999761
7699574
6099683
3399837
2399919
9099547
5999753
4999759
1299937
1599948
2299885
199991
8499577
9099527
5599729
2799825
9799523
9499512
9999500
8199565
3199817
7799628
4899736
9799534
2299910
9799456
3999786
299988
3099823
8699571
1399926
2799820
2699897
6699649
7299609
999965
8799574
9599551
9599521
3199801
999965
1799892
8399600
5699727
4399815
7299570
9599537
9199581
9599536
7099678
2299916
10099452
10099491
6899646
8799607
7099684
3399808
1899872
5499732
3699786
3099884
8599603
9699522
7199635
3199821
9499461
10099540
6299686
2499892
5399756
4699749
7899657
7199655
6199704
5799766
2299898
6199716
499976
4999757
8499597
4099789
8699600
7099609
7999590
2899842
9999539
1999917
899967
5199721
8699539
2599916
9199555
1299920
6099711
5299763
799952
8199535
5199807
1499901
7499574
5399690
999971
5299735
7799631
5699700
9499529
2399900
8599612
499973
2399924
1199920
5899715
4099811
6099676
4299783
5999655
3999800
5099686
8699536
3299850
9399489
199995
4599807
8099550
2599866
299985
1099955
7899550
6599710
5199730
5999711
5799692
5099708
8399571
2299856
8099582
9099571
6699684
4699767
9199566
7599573
3399850
7699653
399991
6199689
4599778
1999908
5799666
10099485
9599463
299976
3199836
2499882
599947
9899497
6099741
3199850
9299551
999969
4199772
4999766
3499824
399984
9099538
199994
4899704
6999639
9099488
10099438
3499834
4199790
9999529
399979
599976
1299952
699957
6599710
3099816
299987
299980
9399478
9899472
1699909
4999785
8999496
4099789
3499783
7699639
8299633
6199749
2499894
3499876
10099468
1599895
5299744
199992
1099933
1799917
5799663
10099418
6799730
7399615
9099534
3999803
99997
399973
9799505
199998
799954
6999592
7499566
1199943
3999765
6699628
2999833
399985
9599534
8599544
7799636
7099651
8399588
2099882
7699597
399997
5899735
5499680
1699885
5999647
6699645
799936
5499676
7099641
9599452
999962
8999516
199992
9999489
8899518
2899886
7999582
5299699
4499823
1199940
3199813
9499542
299979
9699477
9199560
8499584
2699870
4099785
3599796
8899502
8499547
9799499
799964
4299788
3799826
3599826
299984
3099836
1099930
1899911
1399928
7299666
899952
9499560
5899721
399984
2899869
3799829
3899798
5499681
7299601
99991
1799919
5399717
2699861
5999710
4299810
4899775
4199772
3699800
899957
1599889
1699929
7899620
3399785
8999551
5599724
199995
5999704
3799843
6599652
2899838
399980
799962
3399860
7599640
4099779
8099590
9299601
1399957
8299532
7499605
9499479
6599689
9499557
599982
5899763
1499963
3999810
4899781
6099701
8299622
5199695
9199544
4999698
2399866
5299694
599955
2199920
3299830
499980
9399578
4699736
8299533
9699545
4099746
5699714
4899772
599974
9799452
7399616
799942
8299594
9899459
5199753
9399527
1399945
1399913
2099892
4199845
4299767
199996
7999651
3299822
9099550
7899653
7499650
1099955
6399669
1799904
9199537
5199744
9699507
4999705
8899559
6999633
9299513
2899835
2199920
8499538
9099599
9599556
8499562
1199930
7099676
9099514
1299918
3799803
6199704
5899727
9699509
1499913
5999708
5899700
1099942
1299903
299991
8399602
4599788
2399885
8799542
9999533
5099780
4299787
299982
1999889
9799447
199991
9999458
2499935
2299864
4999802
999963
7999553
6799641
9899483
6199723
1199960
6899688
699971
7199634
3099839
3799846
2899840
7399623
199985
4199796
699970
2499866
7899629
5899669
1299954
8999584
8599572
5899662
7499620
399972
7299679
8599555
7199629
999924
999958
2999889
4599809
4299747
7299600
8199603
1899889
8299528
5099775
799958
7799599
7199569
1199937
3999808
699945
8999495
9599575
199990
9899522
4299834
8899569
8299625
5199755
1399912
8699553
299988
5599721
4899810
8899579
2299901
7399577
9899507
4499758
8099533
299988
399980
8699578
6999651
1299945
8699513
8699521
1399924
8099617
5999733
6999681
1499939
8099573
4599791
7999545
6099633
2899856
6299657
3199865
5599737
899950
7299640
4899709
2799823
3399835
7999602
3099840
3699815
10099415
99997
8999607
3499834
9199533
1799922
2899888
1299938
7999572
199985
4099800
7699603
2899872
3499851
3599816
5999698
9699543
5299733
5699696
6899698
9599500
6799684
3699851
9299507
399986
7399666
2199861
199990
6999653
4799781
10099506
6299723
1299934
6099735
9799505
7799592
4699795
4899722
899977
3899793
6699672
499982
2199906
899942
4899736
8099640
9599527
4699754
9399617
6199686
299991
1399949
4699809
8199592
2599838
6599671
8099617
4699735
5799752
1499947
299974
3999779
2499871
5699660
9499564
7199658
5799705
7099583
1799891
7799663
7599618
2299874
7099650
4399766
4199721
699955
499968
9899461
7899605
8699539
5899764
7299639
6499687
1499897
6999583
1199963
9799566
1499899
3999770
8799528
8699540
9399572
7599668
5699747
699969
2199897
5499729
9899467
5999694
299988
799971
9699526
1799880
5399759
1099936
5799718
6199640
1699919
2599876
5399735
899963
6299681
8699524
1599933
499974
2499841
2299899
5299691
199984
5899715
2299879
6399695
6999614
6099707
2799864
7599672
8199536
6699631
2499888
7999565
9199575
5399697
4899769
6699712
1999905
6999662
3999812
9299561
1199931
8699599
6399702
399979
9799531
99992
5899698
699963
9099578
6699651
9499498
6199709
8099555
5399736
1499924
9099556
5499709
9399541
7599650
4299806
4099799
6599704
5199774
9899509
3299848
5099754
9399528
1899938
2199868
3399806
1599918
199987
7799636
3499829
399980
8699582
399978
6099688
9999476
5599743
6099673
9799521
1099968
9999424
1799912
2199901
2599836
9799524
9099602
1699915
5899660
299990
7599598
9699570
10099490
5199675
7399553
699950
8399615
5099752
7999577
6399733
6499706
3399829
3399799
3699820
3299835
2199906
7599635
8899535
6199679
2699872
3699778
8499591
8199627
7699603
5499737
5499738
6899674
9999558
1399928
6899619
9599552
5799668
1199962
4599752
4999771
6799611
1599913
8299597
6599700
5599731
1899910
4799750
8399540
1299945
6499681
9999493
1099955
6999654
99991
9899483
2699830
9599553
7799583
9699478
7899581
7399609
6699680
6499668
9299557
5399712
5299721
7599625
399986
1499949
5199766
8799538
6399627
599974
4399772
2599887
9999444
6199710
299986
299987
499974
699960
1999938
1999879
4699762
3799807
2199912
8599520
4199770
8099585
3599830
4999780
299983
1699891
6099759
8599571
9799468
9799533
8799530
299985
799971
9899505
6899695
7699616
8599576
8799525
699967
3699826
499967
5099767
599955
8099638
1499898
2299889
9499565
499963
8899544
2899858
5999650
3999774
9699535
1699918
999929
6799601
299993
5899694
4199755
3499808
199989
7199645
9199537
7699599
9799532
9099565
8399607
6999665
4099785
3799804
1399945
2899872
4699763
8299600
499971
1099943
3299819
499972
3299843
2499866
9899497
7799599
4699785
99994
8499527
9399578
9499554
8599550
4299739
4199783
499958
3799787
2299893
7799619
4499746
7099629
4699788
3799815
8799505
3299826
6199680
2999826
7999588
3299806
7999599
1399942
2299866
5199736
4799785
7599632
6999644
599965
499978
3899784
6899651
7299675
7299630
3799852
299978
4599747
199985
399977
4299801
9199481
9899546
8399626
4399792
3899817
8299565
4899824
7199653
6299747
5699680
7599685
7499647
2299892
5199692
8099590
4099824
2199913
7799620
8999595
1299950
4899744
499974
1999931
899977
5899684
299985
5899697
5899758
6499694
8699529
699953
3999800
8899514
8999575
3299855
9599437
2299889
5699718
2099864
3199842
7899592
6799627
7899650
8199542
199983
4099775
1499930
8599536
8599570
6299648
8099602
7899570
4999782
2699872
7599604
8499551
799968
4999763
5699700
9199552
8299567
3799781
8999482
3799821
4299724
8299521
2199925
4899747
9799528
4099786
6699669
3899862
6299667
7299604
4599758
10099536
199995
299990
9099560
799968
899948
2099911
6399676
2699896
199997
4299769
4099716
8699540
9999521
7999617
499974
6799665
1499916
4799780
2099891
5299679
8299602
7099621
299991
6899657
1199945
6999638
4899757
7299662
6399704
3699779
5799753
6999679
399989
8899512
1299943
10099434
5699703
8299598
3699819
3099853
9499508
3999806
3799825
199995
8199574
2299878
1299955
8899492
5699737
1499926
3099850
2499866
8299613
2399860
9199467
7499638
6899651
4399756
499972
1299948
5699731
8299585
6599651
5999680
1899878
6399669
10099480
1899886
4899738
9899544
8699581
1699922
8399651
8099623
9299497
799952
6399670
5399712
4999702
9099501
2699827
2499862
3999803
5699674
299985
999971
6499681
1299919
699958
8199574
7899596
4599722
7399593
9399564
299997
3599809
1099957
8399617
5499738
9899547
2599898
8799578
7099598
5299760
1499891
4499738
2199889
7499575
5099741
7499635
1999916
8099542
8299538
4399768
7099603
7899606
3999800
8699578
699977
399984
8299600
9499473
4299796
5099773
299984
5299726
1499899
299987
4299786
7099661
7599614
2099855
1199945
2999848
7899609
4699765
9299523
1399939
999931
8599570
4599737
7299592
8399565
9399543
599975
9899504
7699620
2199921
7599638
6399691
3299840
3599836
599963
1799928
1799900
5599812
8399574
8699538
9499597
2099901
4499774
9699467
1399934
5699680
6599673
1399899
7799662
1299929
2699852
3599842
499979
6999617
9899522
4399730
2499857
6499598
299979
8699593
299983
6299686
9099573
7199620
5599715
2299898
9999470
9799568
99996
6499659
599975
7699643
1199913
6599667
999957
1199928
6799696
3199824
5299719
9799454
4899769
6099744
3099883
499974
1199962
3699820
5899641
599970
1899874
3899815
4999726
699957
9299547
6799600
9699512
299988
6099716
2699870
5199725
5599730
1299930
1699884
299990
2999863
2499834
7299592
8399632
2499920
6399705
199990
1399928
6099651
5699663
4899750
7899573
1399904
6799652
1599905
3699835
3499880
6599728
5599676
1399920
6699665
5899673
6499698
2399895
5699741
8299622
5099700
2999833
9199546
4799817
8399576
1099942
5999693
8199604
2299917
7599624
999959
6299684
6799653
3999810
499970
6799641
899978
1699918
8499589
5099728
1299936
7299613
5299757
799952
9499523
1699919
99999
3199839
9399560
2399902
5699725
9699571
7099633
9099528
2899827
199983
6999648
999966
6499661
3099901
7099625
3099898
8999517
4699770
6499705
199998
2799832
7999602
5299723
1099977
8999593
3299835
599975
9399523
9699502
5999710
9699458
699960
9499516
6799677
7399661
8999565
2399875
6499652
5299712
3899784
1199944
99993
799965
199985
6099620
2599888
9099506
7499643
1599930
8699535
8599607
7399602
7799579
2299863
9699525
6599714
299984
2699834
7499611
7199622
7099657
8299584
9299498
8099535
9099568
1799918
4999715
8999555
9499520
499970
9599464
5799705
6299700
2599839
2599874
4799760
699961
6099658
9899455
9299518
4299803
4399788
3299804
4299785
8199599
7299674
199988
3999848
2799822
3899814
399976
4699727
599979
4499755
4199765
7599642
6999630
2999824
9199555
4199799
6299683
4199781
5399681
4399808
1999878
7199579
2199847
10099521
4999732
6399679
799960
1499925
6699692
6299674
4999746
999950
7499654
4299788
1099944
5099713
4499798
7799612
2599862
5799686
4399769
7199626
7199625
299988
8799626
4399786
3099814
10099517
4099762
8499604
6699667
7199619
8199633
1599937
5399712
6999594
7699616
7899568
6999639
7099646
5999679
1199938
4399797
4499777
4399695
5599711
9899523
7399609
4199782
10099511
299991
9799540
2599859
6499679
4699770
1799925
8799558
399980
399988
1599891
1999911
1399926
6399712
6399698
699956
599972
5999651
7199687
4899752
2799860
4899739
7999639
7699635
6999659
1499932
6099732
1399909
9199539
7999587
5899771
4499774
4399761
6699677
10099497
299983
5799706
4199817
6199684
6199685
7299640
4699786
2699844
1699902
599969
7599602
5899717
6799646
1199914
1699903
9499572
9499544
8899578
399975
4099785
10099429
9199580
5199693
0
599981
1499912
1299956
4899718
7799593
2199899
9199624
1099930
1799896
9099534
4299791
1199898
7399633
9699493
1999911
1299934
2199899
2899845
2199911
5099764
7899654
1699936
3799848
8499561
2999846
699955
5099737
9599566
7399618
8999584
3499873
6799689
6699680
9899536
6499714
6599667
2999871
9899487
9199555
8099580
9799550
10099471
3499819
3099823
2899869
8699551
299973
6399667
499972
3699863
8599561
1699903
7599553
3199847
3599786
899946
399992
499975
1899896
4599744
6999645
2699842
99993
1199941
9699502
5599653
5699675
9399545
1099944
3399827
8399634
5299733
6599676
5199757
2199877
4999728
1199927
7899581
4599788
599970
10099433
299973
9399503
4199777
299992
2799851
299979
3699812
699979
7299599
8699613
7499631
4099818
4299773
399971
4899751
4699766
6199746
5399721
5699733
8599590
1199956
7299629
399982
7099690
299978
1999879
4299750
3499799
2899884
7899632
1299926
599972
9999493
199992
7299591
4599806
1799924
1299958
299980
2499880
9299478
2699873
3799843
6799659
599968
2499836
8499570
5999656
7899618
6199666
5399730
499969
4499759
3699852
6499679
599970
7399606
999938
2799856
5099766
299979
2099931
699973
8999594
9299534
3599852
8499549
7199651
2299864
3299815
9499543
9799522
8899492
5999702
5699643
5999703
7799587
3899812
299993
2499884
599959
6599663
1199946
199989
8099568
2599887
699954
9799455
3999844
299977
8899552
999970
6599712
8599546
2999845
899938
3699860
299985
5499728
3399836
6799678
599963
8899550
4899781
4199800
6699703
7999602
8399533
2299899
8699532
7699629
9299522
9899499
3499870
399990
6799660
3699837
6699614
7699603
7299665
8099654
3599831
4599722
9099537
9499513
4999748
3199848
4899748
3999779
5299700
4799740
599977
6199727
7099689
5199725
8499605
999943
1499898
9899527
299978
2099865
1499915
3099857
6499663
3099868
5399775
799951
8199559
9499533
7999608
6199686
1999895
2199902
2699827
7499589
5899739
7799556
599962
4299753
2099899
599978
9799549
7699643
7899601
6599722
8199567
599972
8199599
6099650
8099580
2299869
4899727
7199649
1399914
7999610
3399834
699976
6099728
9599551
199998
3799814
9699546
1299927
7999609
6599652
2099916
2499888
399975
7499671
9799476
6899617
9099551
3999784
6499688
5099778
5199721
4399795
5099713
8399618
5799722
5399718
7599601
9499472
5699715
2199931
6799664
3399804
8499532
199990
4999734
7799617
6399700
2099887
7499633
5099732
7799656
3899858
3699853
8099632
4899727
2799859
4699767
1599921
2999828
399984
2999865
4199774
599982
7199644
5099740
7099674
7599645
199990
8199623
6399671
8799496
9799541
6099688
7499560
699971
4399813
2599830
1099937
1599883
6599686
3099814
1899873
2899859
5299700
7699625
599979
2199923
599972
1699909
1599947
9299569
7399649
2699846
4099773
699972
5099711
3499819
8199597
6799701
999945
6099753
3299852
1099934
2699843
1199941
199986
6299679
2599926
7199585
2599862
2599877
7599598
2699874
1699937
199983
5299744
5999648
9299549
10099497
7999632
499976
1899861
3399827
7699628
5199755
4699793
3999808
3899829
5599685
7799663
8499519
7999601
6999674
999936
1599918
4699776
4999713
899955
399985
5199763
4999761
1899911
6399688
6399721
7599595
1899919
5799678
9799540
2999894
899962
3699794
4099777
1899880
6199720
2499866
9899509
9999518
2399848
6999652
8799510
1999887
699979
6599613
1399929
7699615
899941
7999578
8699533
399990
7999619
2799865
199986
9199533
6799599
3499842
2899867
4399730
199983
9299507
199991
5199762
8999510
8499567
9599539
7499583
99997
4899747
5999684
2699876
399979
6799642
6999671
7499646
3699796
7699665
8699630
8499588
5899742
3399847
5899773
1799896
8999545
3099828
5999711
3399849
199988
499978
0
8499558
6899601
9199507
699978
1899914
7899612
799946
6699621
899947
1999882
6299723
2699920
9999482
2099873
3599843
8699557
3199815
7499554
5499665
8999523
8799581
199988
9399523
5599752
5399777
799957
8999516
7199594
3799767
9999506
4599771
7099669
6299698
9299561
8299552
1699930
199988
8799554
6799630
4699773
6099687
8499543
4299842
299997
8799481
8899556
2599864
2799863
899970
5799692
2599861
9799449
2299907
7299650
7899584
2699867
8399580
8299582
599959
4099772
3599842
6599636
8799605
9499526
9399527
9099507
3299774
7699632
1099927
3499837
7299576
5899691
999948
6299702
1499914
2999851
4199806
1499930
699945
8699578
4199822
499972
7199684
8699610
7099650
8199593
599955
8899585
5399729
199983
599974
9199486
6799683
5299714
9999524
3599825
1299969
3799782
1999914
6299677
1299940
4299791
3199779
8599581
4899726
2799860
4099766
8399602
3299841
4099817
7999618
4199810
9099575
899937
6599678
2999844
299984
3199834
6199737
3899786
299986
8299573
399977
4999762
4899721
4799738
6999598
5199751
3899792
3299844
2199909
6499693
6499648
299985
7799632
4499765
4399821
6599647
6299679
6899627
2099867
9099531
8299631
6199645
7099621
6099665
5099752
599956
2499850
9799501
7299671
1399920
7899610
599976
4399794
7599676
499970
6399734
1799962
2699852
9099548
4099814
7799641
1599951
8499508
9799452
9899463
8299603
5699730
5599728
799947
399983
6699676
5599744
2099875
2599861
8299598
199999
9999512
6799685
1599913
499978
5999679
3199828
6399693
2599857
4099787
9399465
2899874
6399653
10099494
499978
1999929
5399682
5999694
499965
5699662
2199908
3199856
6699606
399979
6799660
3899837
9599483
2199885
4399785
8899637
10099490
599981
5899728
4899764
9299507
5399709
399992
4199798
599988
899960
8599597
7699577
1799888
7899597
6099724
7399634
9799470
2599827
999939
6999644
8799545
6199676
2899839
499970
6999680
199996
9799549
7899598
8099606
5699759
2799807
6899615
1199917
4799753
2299858
5399728
699979
799984
8399584
7099611
7099703
6399636
599950
2499889
9499528
799965
3299849
5199706
2899830
5299751
9599514
6299676
6199707
5399759
299980
10099529
10099542
9999491
8799610
499973
7399673
7599627
4399805
9299535
8699566
2599896
3399836
8399594
4999726
7099648
7099580
699979
7799579
10099523
1499942
3699783
6799611
6699606
9699471
6599670
5399765
5699700
499975
599972
9199567
2799840
4899721
4399763
199995
5499752
599970
3499825
5199684
999968
9399528
8999535
8899542
1099935
5099713
5199770
299976
1099952
9099576
9599519
7799580
6999684
4599747
299986
5499728
9499529
899969
4899772
3399793
4899744
3499802
9599458
2199861
5499664
6799655
399981
3399831
3099844
8999579
2799872
999951
5399745
4699807
9599518
3899807
1999916
8199599
6399708
1399926
7299612
1799887
2599905
299981
4699768
6499667
5099742
9799475
6299690
8399587
699967
7399603
6999607
8799579
5699700
2899831
4299794
8899581
699970
8999579
8599581
10099475
2299911
1099958
3999802
2799845
4199810
9399562
4899737
799961
9299488
9099522
2299870
199992
7499596
5899709
9099585
299977
5899732
4399790
599969
8099610
5799721
8299557
7499610
199990
6999675
2099906
599960
7199678
9799538
5799759
3099839
7699633
199991
3099846
7099609
8099527
7599598
2099930
1499932
7299650
4899676
7999621
8299599
9899504
9999493
1399927
1199939
9999473
3899772
5699689
8799616
899951
5699707
9399508
9099538
1699950
1299933
4899729
7399592
5999712
7499612
6099727
6799656
1399933
6399692
4599772
899922
9599530
399983
2599868
8599559
699974
399986
99992
3699804
199984
2399881
1999955
6799643
5499723
299986
7199599
6599723
599966
8599555
299986
5099711
8299580
799950
2699909
6299680
2599869
8399627
7599644
8899521
9699536
4599794
8099598
399983
2899869
6199641
1999893
6599706
2299880
4499777
4699765
1199925
5899724
4299791
7699610
7199616
4499813
299982
7999626
9999467
6799705
3099899
9199548
2499843
1199951
6399647
7299631
6199699
3699813
9399513
3599825
3099884
7199653
6899661
9599534
5599728
6799752
99998
2999810
1799875
8899537
8699568
9799535
9699525
7599658
7799561
2499870
6499718
4599793
8499568
7099657
799979
2399892
499972
9199551
5799691
3099854
7399606
3499857
8899554
5799696
3799836
1299941
999924
6199675
4899718
8399602
1199912
4199814
2799798
4999790
3999750
5499756
9699508
4599769
8799590
2699846
7199622
9399531
2799814
3099808
9299566
399982
6799633
9199532
9999440
299976
5599704
699989
5199764
7499572
1299924
1699898
7399599
6999704
2699842
999961
8899596
399989
299982
8499587
5299748
6899651
7499616
9399572
5699743
1799880
799954
6199695
5999636
8799495
4899727
1099966
2199859
4799751
1899867
3399823
7599601
2499887
99994
3599843
1199929
6399623
10099520
4799764
6599645
2099853
7599664
1099931
8499523
1299909
199991
3199828
9599519
6999699
4399815
5099770
4799791
999962
499967
399978
2599866
4099779
6699706
7399572
4499780
2799856
999921
8899550
2999826
6799655
1199963
7799578
7099610
7799631
2699926
9099491
1499904
1099959
8099596
6699707
4499797
6699660
8999539
6399663
5499739
4699750
599965
5299696
4699751
7699580
499976
5899708
6199684
5399772
1599927
1199948
3899783
1699907
4799769
9099546
2799855
6399740
3899795
8799563
4899792
1499927
6999605
1599923
299990
4599783
5799714
1699919
2699865
1499920
8199642
399989
4699759
2399906
999958
4099801
199992
4799746
3899793
899956
1799887
4699767
4299791
5099715
3799854
5399729
8699560
3999787
199985
8799525
2699851
1399935
5599696
9399553
499978
2099890
7199654
99990
8599534
5299771
9499511
9899535
2299878
6799673
6699693
9399530
8299575
5999675
3999786
699983
4799758
799966
7399669
299984
499987
8299572
5699677
6399688
5199733
1999920
3699861
199987
899958
999953
2399832
3499813
6199655
4199832
5099723
9099562
1799894
2199897
10099530
6799664
6699722
7599608
1799914
3999786
199991
1399913
7699598
4899753
99992
4099794
9399479
5599698
5399734
2999892
1499944
9599480
2899841
8599612
1299915
1399924
6299742
6099739
5199744
999981
6099726
2299897
8999490
6599676
6899681
299988
8599568
6499626
9099568
2899871
3699796
7399570
9399548
1299917
7599633
8099607
8099599
199988
5399738
4799794
1299934
2899847
9799539
5799728
2899822
4199788
4999695
7399607
299992
7799651
1199950
2599875
3899788
6199729
6199695
9599550
2299856
3899840
1599930
4499782
6499674
1399929
5799748
3499787
3099870
2399905
3599857
8799545
3099868
1299950
7299642
299985
8899493
7699634
499973
1199923
7199678
5499774
799966
2099889
4799734
599962
899949
5799686
6099692
6299732
8499617
7299641
5199737
5599716
4499782
3399824
5499740
8999606
8399544
6099663
9399543
9199576
6499647
2899865
6999619
1599943
8599580
6799620
1799905
2899846
5199712
4999767
5799689
6699653
7099588
3999826
2499908
8199560
2699857
9399577
7499587
199986
4899755
1199913
3199839
9499550
5499724
6799630
6399715
5599744
4599783
9199578
2299876
3599832
6299717
6599661
1999919
8699510
2699848
6699661
8099577
5799741
1699909
899956
9499519
7399582
5499725
7599587
8599521
8999592
3099863
1699952
6499693
10099433
8599603
699960
5599714
8999603
5499717
3799811
5999662
4899724
6899700
9799523
3699817
5999663
5099771
9399525
2599885
8599605
8499555
1099919
399975
3799801
799980
3199844
1399948
8199558
1799924
8199606
9499510
1699891
199985
3999743
1499944
6999665
6399713
8599603
9199586
8699512
299979
7199638
5399748
9599499
7999580
299987
6699633
9299480
3899794
5499674
4499795
5599760
6499633
3099852
4099821
9599505
299992
9399491
599966
6899659
7799612
2299892
4399809
199988
4299782
399986
8499542
7499622
2099857
4899741
3499849
6399681
3499754
399978
7299609
2799872
4999713
2899838
5099779
599971
6399649
1999916
699973
4999795
6299737
2399871
5699663
999949
4599791
9899424
1799871
8599527
3299818
9799461
7299665
3699857
3499806
1099952
6699628
6199741
6899663
7499664
7799598
3999779
499974
799967
6299657
2299866
6799668
9299557
1699870
599972
8399538
2199907
699951
4299774
2299881
7399623
6999637
1299939
1199921
999955
2899878
7699657
8099523
199988
499972
3499799
9299549
3499840
1399950
6799655
199984
6599674
9199531
2399928
1799928
9899431
1699939
2499877
3899779
4599775
8399605
6299676
6599667
4799743
9499541
6899658
8799554
4399773
4999707
8299567
4799821
599987
9699573
