240603620
421086826
279246452
264716792
287816355
257697480
278663247
347873358
249361370
290273892
415407848
310343210
349096669
297931737
429360546
316548194
262809909
239286634
301198859
244292323
334091428
244600316
349988102
274730161
380758238
254844361
402261189
279111063
261702148
346598002
332031145
326369856
275298158
303550111
289759337
354312235
381664616
252188942
375539423
259682572
366018445
378230372
370568886
307115065
303778011
363497592
283176669
301672430
243767163
260557227
266204605
238638750
317048510
308240707
256877605
294256854
247370311
344005555
297442563
247356814
289377156
315893165
388453409
284814294
280906363
261950507
245569441
302303983
429816541
297916617
392036438
402800214
240334155
247020028
391713004
278592021
309259551
252604893
368755346
246939779
254949969
360011847
246599496
267063543
369359056
288655023
292406956
328642310
251555902
249695404
287824928
293312634
303922040
428196964
364202641
302715150
295771463
336377906
337661169
270363389
246676646
265436409
280679033
271596153
331667809
323843969
416760834
265909147
402677347
308467116
346877392
376719936
243982670
313137264
238563567
315511569
352151238
276701700
358381111
320256934
298903960
303133120
384396299
314809712
261429924
264970541
268967680
272214732
326004431
318157187
268168424
350803842
319759290
318081480
279478735
308749079
271298091
291629270
345258078
307887672
362696553
262788125
284424537
270397368
349692402
386786957
330843568
248239059
326353285
286231890
276231581
385089086
239202095
292502491
285077511
299117157
352772832
310448130
341867128
351938571
284017073
279321579
281840218
264696121
258998156
332268013
259959282
413844699
343773763
340649374
247701995
365632188
272429368
281857681
335575761
340941264
382452740
381956433
356816410
269240220
305855687
321514769
303173307
313544053
394782252
407254680
299292541
343890857
308684186
421963497
254693308
323206677
363579301
288360414
264806900
250722327
319707019
297419141
294629691
337200025
238236936
325448863
257819091
365445201
283769883
387113042
271378721
347145700
280045293
249162687
351081763
379340008
353253781
286280738
326169074
332035581
277418470
240518325
395463929
353900231
254041282
348737552
290925778
410942368
284852432
326986527
332515139
401739147
264774931
289680264
272981370
255133452
241771654
334073215
349661766
327931285
281001917
290451865
254637127
307961871
327199361
344575911
242708316
269365409
245008207
313285909
240346687
250205472
397504710
435713617
435326789
313013249
436932947
379849976
269796022
309742573
377157128
363660021
332008481
301360038
238372520
273766822
380412933
313030625
252211645
352673130
245896596
344501673
394627350
426848124
261813397
314413791
280716542
261810518
346385713
294087636
312765174
307231873
299594201
259187334
261587817
296496809
245027828
336315373
252157310
369936629
340385344
317108659
407051935
271953280
308456943
292835047
299997672
273003773
291487285
244052526
249288521
351826769
275113634
327121413
308552568
261882084
238990821
282172982
269473477
248901426
275720612
394397637
294459235
276269008
307640722
446000225
259812506
279414424
258659301
259882708
315415820
252477868
279924114
302109448
362807885
296358656
316610636
312367794
336759467
289864550
285358436
270498255
389520042
278058272
268384010
241736523
358352900
266348510
277138791
254699735
291982281
408132213
389115001
265415544
266480365
266745860
352322245
312630267
310009684
312250322
280866920
331740342
327310003
282091868
376012066
363152618
304196537
290235470
403717615
353539253
319619860
296974980
246328578
300509839
340669093
326894776
284103849
356267403
276625837
275267982
323919127
247903224
412352201
315626791
237047728
416014441
264805808
273493576
416051861
376185408
290247962
280981061
302358465
273564844
369423614
357361147
293916867
263392104
259710878
397620641
254528200
329441873
308370925
303758961
261068916
294230733
264270401
366192333
259188549
269849900
258521837
373609861
269175415
280009732
348947771
245273665
307960759
255210835
432372448
240015475
385974566
313071137
238765808
275721742
383215955
258450490
306394402
319954553
329768591
252167008
382167110
291712675
435011075
300566844
330643253
271775891
353041806
384226329
319566787
396451567
249898806
424104833
262819967
291211294
252551119
265084522
326745248
258160808
267200796
356985818
371831875
385429075
282139883
272152398
279434105
244672475
285756387
429136735
420050929
369364837
286235751
253108532
264571468
283077763
386560759
275578492
258192312
300814310
384266972
344359153
300040912
265252983
295844202
256557500
247803725
259130433
263736179
392280079
237747782
347923179
275517000
263549198
253701709
246420936
297902523
293033835
375042986
350665413
362703378
296884475
329864379
333782404
338629632
343738064
420919498
342848012
306721685
277108839
322754573
259686962
253925032
323202246
382229034
281104187
256531871
331282902
255781451
276978182
377143493
252601363
328358458
360665943
310681403
368325782
272255672
363088174
239196666
395163624
244199380
334648512
280077154
348783910
278424068
391123598
316021315
286301876
280486404
364126863
243051433
358264174
240153898
279152979
285934716
383211502
248287750
368598383
239043892
396357413
311946557
264252811
283358075
407831565
322644204
277520816
312568453
340319340
349409728
275192658
329958241
274407533
351143058
366909837
317003145
264690922
283115673
288068247
303917104
306268864
318521937
342939961
339278042
277457898
257016182
241324914
283744781
393161009
355896730
308342719
243522894
308762500
289027624
403573681
239613883
325950432
250945913
370734613
245537319
302419128
342941798
279529436
322486094
371138993
353132586
255923774
318273146
302557011
249428635
293663986
276496436
277696675
379297188
356816877
395074758
378829188
242034381
354417710
328997375
366053925
320142825
397943738
313551345
405563373
275262058
290127989
250214194
252547985
398582542
245763062
244394207
262803419
368834362
285628845
239928707
337353070
342409143
264783376
243014671
358366326
337650277
366473900
340937064
244983451
242018153
334690325
260474149
243885976
356004901
309393470
258642247
334593089
299639993
307649236
243052270
256762806
388675608
362409088
278904256
287955798
255324399
346520744
248819072
354374157
276591444
395336457
305534114
329283145
251112936
326954853
273006803
397025890
286241508
356054102
329136467
270564409
332281187
246416910
445260454
305513563
310517356
255576800
390940399
280445320
311974267
314350509
261671721
274298247
246517245
374121633
260084448
312606352
269585459
414192037
254037218
374468219
351488458
289053088
269598874
281527735
310872975
304783459
331561781
384531832
255018417
315587769
259124751
275195535
289241623
321264987
316891279
295189921
307260533
440344136
241015317
419201685
298987846
291304283
259715799
256118844
289265933
239113055
386541624
320984323
339957932
292161774
333885352
251108982
273398737
253272562
348295782
292054736
353965363
404998595
252695445
420530945
344374553
292226652
255101630
316975235
270176004
420521763
362782874
268903194
400472113
317912416
307272353
327995936
292274241
254998108
340255629
261574310
398838641
258399641
280631232
300961471
240563895
306336530
348632817
280514798
282950074
239665185
398666756
258519336
256408965
258819991
238441488
343820440
336563952
270727690
274890805
351526164
241985815
240130378
248334591
269801165
282442923
267684653
306550976
252650445
325501480
359601112
377346271
379690977
408365582
255632178
290017597
311476891
245877543
306650129
384798376
306240296
430092301
337301871
239899538
255699709
268285491
354331939
255211608
244905544
351239116
283043433
312787147
284823866
271130735
382090326
382162816
338384976
325113340
251084539
245297670
364611751
300950752
277740865
247737420
261192046
257948641
248753760
307336775
277398562
424104833
363623473
378892958
385568543
261395216
356806269
374729291
416918621
381555726
268817057
321485436
318509167
392528761
310792979
256299992
304214464
404784759
327480184
403577218
354312270
266575537
295525344
330257745
246070559
256162433
286469682
288947802
307421804
286380104
378756140
307129591
239618857
274845364
415115960
263451654
372457163
383267937
257279503
246627771
353399354
251730624
312312668
245880157
241508433
366451218
318532403
276830282
265837808
343022574
330703209
329070764
305266004
333419174
341233080
339128330
312540050
247903442
351440351
427894955
409953104
247097167
323431512
283182581
238533814
274315237
360422556
273559440
288538312
385145043
297864034
439811893
385575825
276710425
317140067
405703344
278485363
274496227
245198088
269249749
268444920
331534101
343776556
378822154
364084343
248315263
256623579
287248030
388020579
322903360
419592866
292519977
298719637
326370971
366474744
369915857
271321654
411290138
307171029
259585679
290607535
367579383
350091202
307787219
424823026
322405872
289878078
246622687
240827670
317801039
264407783
395620679
279563502
295388572
269469600
279492406
287716411
327215919
425993322
344137404
291091960
418313053
367407895
257033755
440191074
271332229
272869091
357300466
248165220
240286504
340372492
239931126
384671162
240544039
296459011
277221589
247560796
277424095
248583654
327447447
250701471
317204256
269534420
366808538
248861469
339238569
317541915
287063774
278319245
359079165
241669156
292850794
347403393
337012502
296385313
257784759
402476380
309708418
331171140
264522888
246551359
288378597
335783384
373658238
267672081
248269112
323841189
258086697
266645489
245359697
264939974
310319739
359912917
305455115
295471402
248385705
360491211
319182284
379590275
425419559
267427849
325399239
265992064
280027503
278583165
249329201
289551895
331480665
266309113
331960000
274489231
245470931
266721833
362631807
406458225
275376928
294564212
245046915
384035258
334986286
363959880
282071454
332536586
368210593
285961360
429676283
270834643
248064760
385452694
280620982
263905237
335117531
334391035
286627503
431050606
261677916
253625239
390883160
355663786
249979096
242618707
316650035
361503357
314369026
336146939
251125824
262123597
293001485
385289314
316066295
360424214
303125358
405315689
251689819
409056710
255138927
344859277
244328070
297132567
305464917
341242062
378960758
239566387
260233910
316012935
258695457
250589783
266864969
371170393
253785960
263011303
427255949
290966856
321360108
256799427
300642660
316101452
308612930
315231331
385377315
266315040
275787443
266994085
309023842
267394505
381784527
316054664
314088641
260674917
246812669
388830477
256247523
296909646
255095658
370253414
321930957
373355139
284500380
332490661
347438528
239221886
301774290
359627774
255299249
339966853
322840944
314198037
301498312
393577410
320222056
335117234
398481723
300650779
307117387
385372188
275938975
330801790
248183658
299185977
355985174
394697950
341039169
376111587
416348313
346736916
396148961
301910494
268067681
329602421
334257358
259741593
284877345
389143173
314628184
431419702
306186644
268367539
258084674
279491658
336420697
355951242
320254010
283359442
373837732
286365999
294843199
332079442
245855535
260969043
248481611
319978372
284498949
249997663
257762639
258221101
291328190
370640716
243154099
260118179
285318411
358236061
353531290
360852019
372322707
245334178
330217283
304542542
319356772
310794647
245624887
358074223
281915867
328143953
281295530
317805621
358492921
322216729
290742603
281609009
257080639
279938180
240743462
239445305
239447304
362202790
328943197
364681629
299205921
309978880
254706431
283857413
408524246
296640856
258361143
317995466
378672574
314951349
420462793
414210983
334695254
367955345
287324198
319931201
244992276
262371240
244439195
257267464
246190136
239684790
368157155
260441124
279158858
392420674
432581980
343223704
305512898
261350681
269247420
393576073
239224719
368500707
248025396
281128213
239682630
295979732
346355160
358485363
325275762
242987834
245713989
321614776
314488784
258271826
395020475
392465917
380271996
283218995
336820053
306480158
251226706
262977287
292282451
363975275
265314658
335366029
280898895
271046619
350757256
367778824
288739059
247776725
288589539
301735505
338580673
336481871
405852729
422840026
429836581
258681794
277854841
340902246
287006261
326360529
252699871
312532780
348362295
247783979
238914563
426278951
331078277
255581249
326796682
243172025
287295212
290702199
311074831
429902801
321851827
344920411
303864214
252392517
333608512
284880734
250324137
383301865
339926000
343338794
257517139
310251918
430425568
257221668
332294519
347250541
308379614
237423186
284598187
326750266
354997938
292796396
248439823
286093701
298297633
311272755
268901193
277884700
297351461
330845095
280217739
324677179
314218849
244257716
322520995
326424958
339955097
398560239
301617698
405451081
242252555
409612146
307848432
238753363
298186237
257715105
341039116
250630363
263749934
254507279
251976132
268078679
326957474
402391493
296919793
267380127
275836427
328527085
239540158
336928393
299482837
383419146
331159102
296899048
297943268
410166236
348299657
314036500
314574561
239494736
262309994
353981946
358520963
287029633
337433120
375678011
274606422
266317004
239403978
367601179
328293746
247931314
399180156
242204608
253824464
265623986
247152050
297118957
363777933
244004479
348651091
338022971
313280434
414261954
263471282
341747513
305321148
358579143
257839309
283783662
257203933
317051723
279821198
259244885
296504353
298889632
405287564
333252779
238745007
383840165
240457041
268806617
302556631
296316367
279908806
338076467
287090236
384835657
269779742
285541623
274960780
314881135
263127470
260447663
261303230
308633166
251863837
249658737
260435090
294806249
337076696
303919126
242432383
254938861
420679747
249958191
313009251
347576538
280388176
299713202
253925450
285896533
349561126
303981593
238575843
242701140
260087654
367018917
441675377
340062120
335942153
419866110
300355687
298651973
245749725
256046561
246774139
260752615
257715229
356652873
244139730
328931430
248379074
266029254
388933546
240420451
363138008
299072388
325101870
273446331
413084334
310820720
288580898
416452911
279798024
256575097
347582459
442982860
247582053
281587423
294804440
343615137
317141655
290413145
269824401
289645068
294010884
240239865
333612390
374387594
307020755
269104733
368522433
385899644
358734239
292584617
268679365
293874542
282454903
249288427
329709742
288278265
329465641
399104112
323441139
270569365
396637231
249221317
397661963
290623458
288377462
318409541
344844121
257525490
331175290
371116562
346391021
301795579
266485760
383547231
306112519
302857623
357280270
274504989
293653934
278107086
276018477
297983167
241144632
240921343
310321896
323524675
349638446
390404062
302897533
335059286
328351746
351374405
343639762
289990644
308514555
259648765
292887939
320854889
312418752
284122811
354398154
326527189
362608264
344966596
395440499
379269126
405851843
250453414
342860846
353207555
427299537
241480632
358814074
265321719
287710063
242753332
317243753
307764059
239085986
391418479
292836622
298167918
244907215
263911003
313917598
247536950
269845963
258119394
287254786
332029112
411428781
399390477
322805901
261044617
278524288
400382787
358035925
330612542
286199745
318191592
259660330
338753599
323261259
262364878
336521363
252272396
379445579
414879412
269004166
301943972
255531288
290132243
381472949
248364379
302195167
409839235
342406051
329883462
372418256
402638104
239346610
398139625
422109518
322006686
264482289
389571062
381257907
260032048
267840933
306143632
265896313
392333621
291339541
284117448
270569216
383415956
417165164
391628018
280366087
339139820
250787408
289078203
329278662
311407283
353551905
282206369
380003664
245166197
366036354
258494517
254760579
256692176
277736889
347654113
409644038
284846120
278377158
242833928
251619823
249623606
263509759
339342266
321973998
313909814
324370784
396445826
294209925
397585846
249177589
279823701
340882977
320596251
304963168
310424496
264011398
380672187
298612658
308457629
292548830
311140813
373369550
369732226
323707867
271319008
237629216
368183174
309268132
331943377
302864808
380947272
245524562
280370063
362291736
328763899
270851174
250667643
261787521
344166164
279947689
303748083
334098910
271432468
389582423
291003709
332452908
257738374
308904264
273627730
282067738
315994205
293858071
284571888
308105528
378947658
248846966
349988865
381024763
266219277
257613588
370478486
289023408
267247004
296682657
391837333
388602701
323027966
259457949
329067612
377703444
428219780
357639310
305040485
236496254
261699401
346095659
299301417
270512033
374542078
392399275
326111352
272787955
421608463
255665600
237428371
320260690
251033031
271866888
347192249
303408669
329559205
250412203
403302934
280088666
308308310
329211793
396474480
299332483
251850613
268580217
358271984
252807378
256310057
313047105
308246495
371212535
387644406
255885154
426764181
289809218
370113060
251268120
317304368
421180534
366324489
281072919
253896455
265241489
291647323
259733007
262519957
298725726
270059919
283534999
314379535
362421385
314365382
340906655
432670137
371302507
239217542
292530988
324906949
286831379
440874745
340523902
331013159
325471382
337362093
364020475
286598531
383366793
291451773
281123918
384388068
363966028
367564241
282480248
245217342
352397866
314558845
335744952
339611385
265297413
282744749
365069153
323516417
316759170
309631614
282793368
360149897
281495041
418915179
246228076
288600551
265131228
254682059
314428011
268212767
246608678
348571621
339522413
324781229
292480952
300974876
367194496
238456810
396037787
255243621
264945422
265515997
339477389
290030866
298133920
238408961
287251502
393859100
353666781
331945027
264965037
247740374
376301801
361207024
280218340
407022958
280573734
352212580
409644975
297407888
244718734
341947862
374006145
290913099
292942442
246744696
368325322
270207245
299451557
274069748
294956425
304287434
249059160
272795241
293432578
271854131
313392388
273586435
287305942
416369795
250655385
364333230
420282055
283111294
285815945
244511636
272033912
321105309
385841032
346207426
280917448
322029320
337403934
264473507
326660589
290971114
371616492
283369484
372548678
297841902
259836310
250117306
269864331
262424777
269005515
244776795
244325248
375682614
386559128
336413583
278907737
255058796
314626398
407697009
309042901
241725245
246249559
267326606
368251016
275650317
338922718
268826450
324812581
284350543
262764313
315534882
270908458
287417058
272764336
332323325
269267002
281764080
275401834
378006479
276084053
262656545
329055378
271234733
319589473
316182045
350432498
375234197
245559840
348598080
246283540
240359287
310598682
260226796
295784099
306949565
326624654
253847330
297446092
244481793
393379734
358980209
275152892
398091946
399896057
253281280
288054096
262267812
334390750
324206560
404930032
362044025
263916523
279689538
269682889
291053263
267989656
278558517
241168450
253582709
259837136
309506161
310329329
268817265
360406926
261221907
282769882
332637347
363335454
391143990
315970619
252096516
238068569
308869320
299347142
347573604
324850266
276766637
442458656
310789947
285103410
380408103
343591645
416824848
312602017
432262145
241819277
301885337
407704477
335611310
423047045
299378644
292348700
287808810
296743922
256214109
296594926
442536372
302883042
425865040
338387989
349215374
277312293
290765319
291876977
337688312
342310592
259388545
298229345
255453459
286711826
244840628
373259085
433653937
293430781
303100955
347211551
382939360
357877976
243410151
314286761
293174619
346234681
340362506
371043182
334486573
238739958
363110054
377296580
249737489
330217866
301330948
240099067
265688743
275272295
347158889
317629135
314150976
310910466
320129246
265788050
329220837
268924422
250494861
244517742
381220523
291759852
352491542
254482139
282705456
237312475
352912509
271018340
358942326
392312935
244047414
267529336
271269334
356890865
350773330
417526082
291562976
355031448
278360946
274418326
276821857
413487463
291248999
363269667
293981088
377934968
312554328
260464734
297065427
315505150
381987058
295935993
261309614
282160094
348264356
256515509
349665934
263112577
263416003
252461792
268124911
256250978
276106611
269379863
299937608
291978704
279858551
295155041
424970936
372634583
359295615
351193504
291826883
275083920
309871972
358289883
305246586
384410977
370450732
380210028
344218943
273322319
284764871
340293415
264249185
340346931
301414396
339756627
325465998
370728536
321365534
259487187
272443645
369407441
423163721
285407717
355181951
364605942
257598739
267489436
329779362
322704348
344276419
323416095
339808515
281903432
275421143
239965386
243272127
349541262
317838950
296356162
356529321
299794254
258482447
260069986
301971123
253158628
283641257
307504554
254910359
258636344
404438508
291042465
342807967
268962683
338649727
434785867
364391976
347156002
284662916
325345129
236279040
409719277
317676988
351209472
246360221
278095569
261184187
238747449
248006596
331484853
360020242
251913896
368721274
283516374
321945139
347677069
392164391
434548618
358361115
329136755
424088541
358591669
411135897
306838859
238168217
284051896
331503798
249490415
370585285
278422795
264518259
259374222
237927112
250594531
302442440
302345877
252161529
322665955
246811308
249480753
356145838
297109135
282020200
363624768
353714418
391378429
267491470
368293874
312787103
405587709
253987052
285258281
369451186
275787482
406408448
288437048
273349559
240158327
352938259
347572686
272916294
244770286
364605302
314712907
306253150
343100156
403150768
267934746
319873399
434350075
378476983
350857649
400783133
349990254
260267664
313467265
352221447
383298695
278499515
406419030
261026787
317861270
346737541
259295418
319321098
284941895
357347123
265227847
268374255
301290778
254296893
274944863
378418478
296429288
375767373
308401454
390362746
299205402
261515529
265367132
270643340
277257922
267242886
292169777
268386251
316637268
247435459
375026779
246627533
408673575
286101058
378040800
237103003
301797713
267958341
272875775
283049680
254507674
243163981
257842248
286809777
255504008
281852346
301266214
338760902
259240445
274436881
294355206
292418959
249493088
271196618
374463764
240809961
263436675
265757775
323774016
310308104
277353890
242714458
286596534
295237602
334018318
452725643
374891937
398437290
373351535
263637018
357108462
308783820
248510740
267008180
314707222
246147591
384643820
382608822
277215671
398767669
249045448
350400773
267388817
430458147
348857129
335393221
264155557
318796921
295414608
310522644
337497876
247820306
316682253
353759317
271651971
265408425
281691626
297819682
353547797
250750349
417344583
243600447
266830260
315253056
265447807
256798222
284828282
355731020
273563398
314924878
399829876
310848172
309959136
255001387
357171746
289334530
307511803
243932419
325774676
323109523
281758921
303209270
448724249
332025771
318554094
417091215
252448278
259852810
283569866
295952245
250180400
282103335
260651791
318183187
358225312
283785306
352769095
264313790
416676671
391232982
309048540
239347134
265166830
329909468
244922490
238301230
321343622
318311316
300226435
363134352
382326652
358957522
336967041
241068106
397990258
245251546
247827018
249722315
316958286
305636842
257913176
257437056
253278394
284466718
284559493
241788013
371169273
327197163
330784950
341537577
240725682
352343360
311934953
258332470
339898754
359497441
246974127
303023442
399787480
302387290
256622878
245963370
341784212
353658604
305812471
342203997
403654603
402340908
286270794
271240870
332414246
382106005
371990724
262368027
262164068
413535952
265737132
355985255
325212930
330795528
254014645
316194311
354935345
255909843
327236280
385822422
258492594
312028963
270570851
330831521
390803654
330264464
352867066
243244730
303690037
293981823
265349597
269489681
394769627
252006564
294658359
279215158
303962374
339044007
368254162
265077806
263957321
338664800
274127129
256003280
246732493
334743800
275171428
266928302
363346550
275100312
292647827
243000178
260176027
354248129
281456452
335088401
262271773
339765986
298927745
244385947
279028761
237066635
298767103
259414685
281322423
434161969
294700546
289650105
345252328
343398979
358588632
271679351
287194301
268024473
334346554
264100742
261104039
261520227
438593313
273126803
311515256
338851523
277028661
238595731
250536838
248583347
342753332
276433110
338494691
248390859
291577074
348354528
270241107
387737812
263836479
253051934
392904279
304641108
245897651
374073068
271466754
294469191
292553256
290682927
271656261
263773355
290971910
406102658
349513468
393843833
362537409
262452939
400115718
282891141
285204454
349015027
411102045
321237059
350383096
341303816
256570502
364957287
298381616
317564711
365387414
278960939
295334475
255822117
389374185
270653248
239906927
239953104
349229166
381726816
406794357
335163005
283900674
269617788
245233564
350034206
255162868
454375577
355538976
299137822
260087382
259433312
249669297
380145505
359341355
289708460
271490579
328045083
423091717
334795100
277923595
239528518
251577124
357547754
255630302
355472066
268380959
370946065
245613542
348255046
321631022
283198195
296991989
380653816
344797439
301792907
280502077
241504385
346035061
265535958
275679824
302411922
248994475
382658169
368567123
321987263
354747139
252861486
353702901
267248970
368081418
315122788
298504704
263046843
333425654
330494816
371603110
389791052
325324728
255061610
241321864
326735048
387329931
287717443
278023133
262360315
356680394
396217192
340504563
335513408
278374969
399386970
238772747
252260116
371560409
263757609
326886904
371660794
282211470
352744528
265810508
254803794
330510503
270789234
262832454
260956455
317888517
276781021
267715312
327572657
251731272
244086405
258778629
299665044
353138037
308025756
328275171
341274844
252194650
261106286
269302809
366352056
238897799
271250327
254900966
347631364
280567120
343431024
323701566
315122182
303298792
302729363
244057008
304767159
408574194
256909591
267626738
319606800
269154042
379984191
444089044
403362867
341238946
339308003
388759099
280036094
311884213
273132923
252964640
317787545
260469708
288578075
346239932
291092350
313502227
313328045
255108929
360166787
398112550
325126318
431902935
278898473
282174553
285856365
307886921
262708815
293754159
339340562
277474954
261018583
273202453
244177235
250949420
283094528
244399314
413685982
281067127
256668026
431407666
241884096
240338703
298588333
292652977
292292670
268487943
269224656
268111742
301366794
374996076
274481040
274614584
324663919
268305445
250807648
306562379
392922637
317344095
380578300
359230680
325694210
275115354
341848288
303571640
244408496
317224038
409151246
282792636
316011788
280971018
357979477
298788263
410965650
278430731
295690097
429125659
330313462
275438727
249923561
303178914
287987047
280553151
244326401
301378691
238486100
409158116
246835805
278528029
268612071
276077685
411108376
416812942
405932556
353194203
298553924
367882018
386535731
261977732
270692731
362181191
272246622
371989722
255213946
296627425
272693739
265472934
239455987
254020922
359422390
249291827
373539456
304220100
422828983
280694440
314408537
366859186
314059242
264489948
261984879
403677029
313906785
418691333
393127913
293597618
342881133
261483320
297227803
242046258
249506674
324257606
270907668
356329183
309756576
251009156
381700372
268139820
307284818
306908963
374681528
393486637
258529082
242741889
364297830
333738709
279779456
339966288
333394880
271769618
316702078
342912544
333182632
271503025
323619720
267593222
284214178
367237792
251862373
247033311
349594764
306309203
336325023
322624176
362318173
433387903
316261932
308886019
287527473
367923010
275706627
254031776
330151974
285945071
353333129
312669010
348476868
294655764
362291837
353819902
253916903
368295411
326267489
283095883
370929550
243489998
348743240
343204682
309946624
238746855
317506745
325937971
357616996
270436872
296357557
420981242
274775903
244058454
253574861
325100058
375440478
272122374
265017369
273978161
279699346
256311006
413280190
288009229
312854488
298952539
249828327
298355972
266231638
299715889
292462509
349561853
238908164
314115724
335197521
359324099
255948402
281681547
333045546
268319606
296845129
283756393
267246657
336076683
283661728
356392195
296142914
349806418
267011935
280006586
399408981
245998031
341561171
323970307
377676759
267329542
298900882
242617929
254197467
378348982
278636007
364581353
361775997
289613073
280758263
258204028
338928724
300372794
265916183
245687024
346427834
237232765
311359687
423520598
370088796
313563846
342001578
403854686
284563544
291313407
261746018
297856029
248009515
335470129
311561674
371943667
249459668
306352215
346865112
246028867
262046726
312324277
271331715
287529040
326410379
285588192
259173365
319304011
306299167
309740110
328273138
287867891
340541198
262986300
239129970
283596752
280199574
310552509
238948540
362438529
293412490
314782446
397577938
312374340
285010408
263725749
332810576
258025116
308112009
276597641
352648913
437761971
253022476
259165662
286735829
243100133
323145986
404482764
264301670
286107735
411290525
337957339
305642299
265692295
358320833
270293677
348456525
386348329
283625860
284547567
418268498
352401054
244563750
240247574
292373964
363544320
389141324
322234179
247854341
244391184
343509580
320013913
309344607
338716826
345612921
280559534
250786150
369127939
274205945
302952459
286914794
339475888
338589007
299586180
336421823
288625287
274566357
325134854
390443958
284824741
287599056
253746021
270934937
239920147
334319594
288870517
392403920
238778446
284583637
238698103
265611244
277805931
259244822
251334023
318669235
260614012
248283732
350623644
306430014
241837467
371185370
272843756
418378003
265190999
431891157
331313241
364286366
302949743
368583510
250357297
251798729
314974018
298449996
284707926
305179940
339197601
299135549
263775085
321391739
288504864
341779263
278636577
242733578
264067279
272456447
256012805
288032112
327294421
418475031
412740339
295613768
277499539
260884350
380849521
419414361
262609889
334676798
387197048
265701139
270342899
268960340
325482818
279788113
280126579
291516773
243765022
287426761
245664181
263973147
261927416
302925026
336824086
432259380
253635387
362582678
259490419
405229182
279173395
280712237
323210362
319253627
239482805
308503268
391250097
332653697
283070370
272200465
380686676
253229927
293104297
262280298
308400656
268945208
294229404
250852843
343221982
294188061
305449904
378592994
322489866
332144470
341317300
247107913
416792605
329115780
264876553
280745324
242362208
342704697
241080770
382688659
300450089
372943475
294189674
322725212
298294517
342535749
270889514
405913887
306039568
394798909
289144380
264101271
336317062
260722156
266886188
328785090
275386689
320117982
280007514
339195032
321561299
347529944
301909936
282074900
289484434
422626028
264230133
339564374
363102672
253324962
244807781
353694689
244146516
389795698
281312440
407033415
381957444
410167198
300106163
250594659
273662957
251896059
354472074
349340357
336274330
300794616
263729667
365462050
425664156
407619132
253353674
382973966
360588033
343688123
328829754
338188937
245534258
330116913
310710414
266008683
237375730
239606942
319012112
256320722
244386592
287761850
256725028
243249921
238337456
244978562
292978390
247050280
318978776
304423930
238059193
420480050
345044602
287925961
369055648
353231171
331142486
352078189
319617183
301562952
340476403
320360435
312271239
384985364
254402021
349467647
244169481
296491082
361823109
350723582
249973639
270221534
296909472
395468201
265812088
275114908
251172510
268633587
247302860
282005940
268283832
367255649
272988241
278504828
323114378
315577397
432136825
258889587
351343891
244002343
312823257
349499776
279018028
303998628
358310379
398716236
260721552
376827996
336560385
260694957
284592167
388213840
299646874
330501636
276618843
315901997
299230913
330203707
305752772
251060041
238937965
392743839
290840239
284213870
353166087
291009486
246386624
333850444
278402370
307946994
271315835
417813903
396196068
378529194
266932282
296013765
285756173
278539809
402526656
265538518
288246048
408270625
270624604
337084145
452808477
348087930
313988413
343870694
242376772
284344793
305892498
263209315
307629676
344164309
270344281
390358960
240985199
333111373
332704803
411871676
322200250
263269705
331592328
286281783
355447415
385867693
386275322
357542627
282826726
318221585
384060681
262089283
306498462
371188204
266500455
364046537
348057460
333972379
280053957
270085968
300159569
257315937
289983434
256537283
320178521
246891405
302097671
265624885
313630380
329011388
309481047
289055486
327157548
261886613
352889725
320776697
348010318
275823933
324584097
347564725
257759301
343151502
378440413
272667057
293644379
238711783
262207850
321311873
310390815
361347873
321078111
340527806
325575254
289442694
283184836
307414745
275258922
350945708
365091165
314751468
324563379
426937918
376087981
403489790
395762434
409690744
252876685
274838473
387829105
295129295
245803539
288723907
302321263
272408527
292212271
357074799
239296605
397497825
313474397
359743028
269745812
274046383
354501511
275040483
276040735
335110617
273454373
259225569
261559714
345990449
414552578
342465247
394296337
343926823
325772202
282711274
255167620
331770043
251194220
393004543
256040223
251977937
297179651
307523084
249830022
430054725
296693561
294001103
238926398
253357197
273045120
317682480
332935350
330447079
280454302
251182716
251698361
322179041
240108026
274197404
350415172
413290773
271258864
246188858
371984002
281888169
309804136
368817604
264199247
370103414
308845803
257562492
424804763
241374676
283713615
347025174
288110308
334847597
280243273
410643831
311790174
371542521
295079724
314309545
394369595
393915243
406837425
303799926
276565925
352907912
306736004
329006200
394159870
328667168
346506428
324294631
256637703
255409022
321481479
354950365
336424618
256727878
368319868
311284150
397322758
255493520
241432841
266009371
266816923
244119799
368270810
290785833
268035754
297889339
324192565
358340539
346204011
359521436
354825475
269018749
331954437
293369366
260389920
339517859
261857355
349605757
295241704
241258830
334319220
306926894
286351345
306889382
368192395
337006381
297671746
432862482
280849845
407187333
293435602
335944590
245488112
242000841
283968579
249236364
360892945
244633039
288526346
248736341
410675158
275846250
422692362
266152764
237372162
243995163
256530748
246378080
322143157
273796897
404186460
368411998
244529522
334094113
345997327
252578000
360216416
255028496
387759338
334632813
428515850
408908823
264040301
313856328
331370337
249015023
285864678
397223941
242199309
314198585
246599952
248694822
355880756
279244112
285972476
266841075
336797399
431328406
369716134
319070948
337960235
271287520
267457800
259329642
342471377
243757341
354727256
358274657
364650788
278918509
298064718
373024646
418940707
263397553
351689971
250678668
281155671
261561244
299318051
259083901
266093805
324346996
266491662
265671104
356812158
298214146
262706519
342919209
286281704
254615601
296191196
287472319
269935878
254585003
265898083
310979485
411550846
241977021
382489328
243065961
287783426
242228588
283350199
300988169
317960147
424421827
276518119
263249252
328898402
358062373
279078514
355034948
389864629
275761639
297482590
393931492
338595485
270339535
286978208
262465533
285910532
282732485
445742984
302009286
317359253
342136616
317984943
325638528
327485135
364234480
298487335
344087654
284290906
336200113
258362418
432061773
254505211
359028955
299892504
326566018
443032320
258628218
363117050
392300048
264073726
356982742
295672031
334053285
357654614
258465253
298165078
330911889
242358805
291218478
249970367
245430009
265855200
304099539
313811476
397546213
256448706
246526727
364256667
306712759
386474536
252434413
303470862
406444483
301174993
295597702
298441713
271775936
375741938
292199694
312939590
306764055
402452568
317003661
360672059
283972625
273934325
387563658
246240659
359635406
363806097
243748356
300048209
323365926
274835913
357548983
345964770
343409903
270949816
280143404
274514764
267823357
282555469
319487181
237177194
288468975
407508353
374384373
258607687
316771864
382195075
264572946
292324913
275397847
267570713
306798970
305377109
257945639
247664094
258090199
357226441
317781655
270653372
399845013
265016488
408065907
275388961
353443253
279478765
272571665
361037201
302646841
371185885
291512061
361652962
265478272
340304911
274696122
262379494
312193440
259787185
373901112
244209571
395077429
244561350
386268449
409412351
265279475
247042392
298834937
254836244
251021542
419786156
309281706
319315233
347471860
260692145
264073037
263324715
337705779
243452456
320081677
378563880
451487742
328895333
412046527
309308408
281719829
382257494
349373536
302839937
280258403
332443787
380800984
368647984
259853512
251419495
308049825
310161576
370029213
282901262
340255563
363326939
426167547
269227636
323940276
291596446
328484698
304778294
284409967
367409333
373244150
308490354
263871905
371403328
331569863
239068872
287322300
268877501
257103821
270269959
290557933
302740265
388806901
243131730
249138268
256280895
294702012
298756175
297666175
273240413
258576741
343814380
300089165
420473973
357506062
240801661
362627525
306624134
276436477
275654124
351810671
355234818
262126845
371820777
398587703
314682641
355953248
273543006
274005400
316431727
243703753
253284390
311438900
255499028
367954642
293097859
349118873
383946224
278673562
266523332
306008291
334626551
294636810
310509301
244787343
273552532
286357703
394544933
376826748
240198706
276424629
388136777
312352008
350226893
321715754
343667901
308184962
292791361
294954102
239254500
263400043
251652120
335101721
295986682
361810906
320630840
270470875
270891200
319299149
307313401
309256807
333370430
325492441
270244785
292169132
337531307
426959915
291573759
291380838
248468954
336606396
412244016
353799520
318271021
241377339
428520993
268937980
294267189
360569719
246089146
258428236
359937543
300663595
350763332
341185586
416245777
350407446
252623813
285781104
265055879
401059835
342942792
323992332
291306518
277518340
243379919
393041968
292696747
293514301
313464134
252374424
345524691
295369269
332529586
312732354
320537002
379422851
299463466
400743864
352320949
429424398
248626528
419532468
281195226
317827982
327162340
261789409
276750509
365641646
292696183
346584759
329652668
409239538
338509949
363130510
241262807
345799981
384176326
272886502
311697497
245669489
276656155
244964093
291225090
327225906
241958797
317784108
263296148
247311724
242434328
440209639
346511517
367979197
241169963
374019193
301956898
346938215
277357951
289652250
279159024
250817939
283287762
269435052
417257802
413677804
267781249
267208713
320571755
348054308
247771348
313377796
260497767
371096965
321305884
269757448
330217885
324465951
260215239
314833687
245128926
240059549
276562727
374645701
307232661
251764470
313080445
252525442
242506933
344678928
265900378
380138596
382126519
275398955
302628421
334362960
269136398
257192656
347299273
351712200
268655070
364907442
346007240
419695272
280860217
334993661
402671773
332186329
401186671
369533369
361300183
295456321
303507577
301634156
269954590
411025286
288073900
299230216
373926550
330986719
308696002
279914582
280679683
272564833
338103417
323010325
367325688
273644638
408945704
392966241
284415945
260358687
415610404
305454807
274919614
311882629
253315916
276942051
357667996
284394512
329769045
383052693
326955599
239783863
246326777
301377630
345422094
368030701
297368246
363429020
365735530
310588985
313418128
288717381
287387627
340190415
355724313
278167371
245418070
282657960
242203783
360005659
378683389
243220860
394743552
286706614
241957768
443108393
398344056
358585365
395022715
319205500
283160440
292271820
334701910
300715702
428349815
288454140
244806403
295996093
247222332
320568300
248768767
247791573
325025716
413433581
339978385
259399065
316785141
280935307
329450259
249668047
263381868
378791738
321532420
351432879
320150647
270917764
253575231
404421092
313496111
327724111
256213040
299906368
309556797
269355461
244179555
269853640
336415449
400374719
284570780
300548962
272224018
283362913
271392343
353088170
364128131
314249674
309704512
325531223
357788253
369986540
237166217
386564060
251098181
243455142
321089429
333497292
281511206
273018985
401199079
343421368
256373308
333964081
257648678
336443367
312797205
398469515
274035840
277280614
343471773
241258619
275000844
241183889
350597310
320895769
426524763
296092499
418962248
320983032
420473113
326978082
362350500
296829940
308741538
245731454
263228309
284505957
286699430
344327617
279180462
330520565
404168239
350530064
317912329
263279232
354980485
318700732
275308778
272473754
297903089
270277132
276933487
293235736
262110970
342610472
334579331
324207030
424225030
328677247
357748035
251917494
312511390
238581110
342139742
295998293
288228297
298982263
416584544
313101673
329375356
276383414
261335444
334008228
388211164
308869164
320785666
384291031
330201241
388865716
288658836
317408176
332142722
273326198
282010097
277335520
350363395
298351741
294774841
436368101
324260370
321952278
247376875
254420140
325230233
333575293
325607868
315741540
343441579
310898259
253302363
366365594
325589917
320488040
308591504
413728333
306526357
404882059
251075962
264381834
391211417
242487097
356947160
275679605
255473010
269661307
312014004
287138903
375161795
249213217
317693985
264700951
280367866
306061908
312706951
368504993
317555830
253370351
322818612
429329282
260425276
268197568
384846575
354963227
349145504
278612786
397844551
266123830
336138289
244509820
365234490
266064763
419943293
339953776
339774567
279322773
263247727
322319580
318047311
335987128
296192603
328418850
272863532
289455426
309841139
250782482
427262138
261740617
399106710
262101242
304294774
238474658
408797160
300720780
297050513
398305041
339264489
314055518
290454063
268327595
340610913
257185443
245680559
242440061
306124440
278727913
267977618
359141268
339981832
280897613
293173230
437741687
307579173
265363082
305562238
294257602
413611149
240220747
259270516
238216090
365533139
262816930
303821439
243666656
305005835
336671277
247030166
389841859
343822442
427808774
375894992
268924841
287741338
253571538
304358326
237710933
266107587
368176807
288217514
253961099
266569216
271778430
288200203
285933135
254390751
314776141
364489465
262235491
277348528
270321931
288493976
365252621
312276062
285824286
373890597
356761552
417339798
388706098
315052183
254978725
361410295
288127144
381257907
336131527
312070128
247791867
262367000
303600160
256217076
367465035
397966063
352165401
305359060
352886761
295962892
253392489
286960777
288675128
338522428
333522011
301257301
416982278
340714282
276990143
249017681
367824581
270665769
274560225
304958001
286905956
274308490
277705833
312562573
279292917
358296957
247990311
274229244
334567126
384023527
306334856
256208320
429444045
248158892
368060447
436953077
343896866
241590890
246862047
242746831
238695300
252255838
321120461
348960940
281577289
398963864
275573952
327986424
341480652
286730740
281021824
317421465
313824444
269400491
274612657
243594231
388600330
330708376
273952323
334210525
285998904
281002018
265880869
247639220
283050054
370509898
350673340
281852334
257863103
290261207
325629425
250178822
263008050
352178905
349708680
333794521
302187663
260573289
270185484
247923240
439397032
267244345
329684245
310941893
282368411
406957411
272894922
352930912
299072289
328034775
342871829
339801323
344900993
439922261
258809363
305723639
410816449
424253002
324979994
275163049
302361420
266090399
248766852
364540692
294684309
258884601
257555336
250514298
331193812
259512928
314553490
280832248
291681725
277657727
324993688
311808723
355880756
275338407
275540241
325255277
369337804
322064145
331359323
326687909
288304894
317854202
241153083
282286411
309673184
344302349
326030600
336950558
366713357
297753049
266556401
240050417
439302770
401525189
432721673
377491714
320760848
295366373
268937052
354857799
247584102
387819251
260311741
310655883
240234144
340302394
269645867
260674819
361192491
288778797
256446934
281685035
248934600
303232367
246885725
257431050
287758031
297310121
365559397
243583336
252766244
243601756
239033400
353829339
391939311
321357854
310191738
413149300
261241278
355689381
278062983
252728174
314669374
313701237
239907389
408589903
400677310
339192410
303418337
296019764
378699708
418702847
386960834
359433395
269508120
324515145
326196649
351584272
281791021
408318353
333255608
354019421
358480186
303797897
421043153
268429521
404014432
307082681
349331348
395308855
400451106
345950136
286031358
392125992
304612223
324519397
246059902
328987759
371319557
286567776
320647024
285850402
345998061
310199445
287614722
367957150
412494407
302333273
313056335
293732641
416626946
273279963
338901873
354642030
259349189
369954626
325752244
368360490
251901348
303867073
260582168
275930045
265289013
247203393
303889973
340681343
307767400
258934683
361831521
250809342
308335144
339733452
257720066
279270024
283872310
239283450
344539591
302569222
387448662
264610140
258221503
312209672
323816578
312877150
287688073
298111487
275646498
279153159
328551686
329914988
322749331
249147607
259873444
312452032
293935500
307863018
345231354
332174522
312261134
313120415
299323888
301861691
387014219
373776130
396688349
297813118
253641785
376152017
286026339
300043162
257656381
279564057
383621261
336837758
245595458
309451891
243846178
239734050
321694602
343526151
246357284
254274879
395160461
328946987
344686939
300286169
276473785
249717094
245010333
243216625
327788669
409881268
333794537
239130134
346471182
290096927
385435558
322128721
392724385
366692519
250233367
262164497
267798589
355985718
305516405
289957909
283882882
253123603
240711308
434086747
292315324
369243918
348107467
274811157
246068213
405010311
345297029
404635035
393390162
262864443
310178659
257999379
287037931
312309816
244244133
270326677
308951405
302937078
267368270
357201900
250540084
264258614
263923787
336739980
283430937
269309164
251373922
421894357
299897178
339571878
368629976
386964497
381044492
273591011
312740492
271880414
329400806
257281203
268756987
306775203
281551025
369218301
254427706
313276658
365112839
389405615
275690258
389254535
306591136
252548702
349401408
305086495
240015941
276470870
362932221
285739814
356409193
264013016
305268701
404802946
344129752
413095949
364417440
393994275
296824446
310325011
245804851
371779653
355626976
369392338
353659938
361318153
264977166
287059325
243931885
337589313
298921665
359501272
286596621
273418292
306054942
305933000
258350782
260598325
258529317
392877946
247732588
367565312
316334112
315826601
317319302
270951277
398663512
261454587
316295330
352229583
377865530
403596930
297684955
251416752
259756362
284252698
388917293
387821244
442027691
375183848
313262733
257029786
311774234
424534137
251986647
260465842
315775255
350068228
288931393
412269114
306413225
285107918
311866936
438533803
250552002
304968112
403399524
253333586
272575916
248919258
278879600
285964724
238660962
262354146
353677074
264391638
248355629
268568883
379069551
272381364
308064339
241283664
299255120
389103727
268098143
407139605
259130676
327841575
239840474
358584755
338361699
259651623
291758170
246840558
284393884
371038813
388077535
283712409
406558157
317991450
296153096
320995341
268145308
254169684
303428333
353360158
324023052
253592478
278386422
245923640
402084017
310912617
362373794
292719192
266907995
399781162
435885350
411710258
348303788
269035430
294066830
307031488
247813518
320337488
413323884
357663764
345479202
369990415
426964835
295026814
339141367
290416007
273427635
275428832
285564874
359967183
296867529
338391584
272575672
297933993
313316782
345753174
362798383
316110256
393251100
368536141
352829378
310053676
357775233
394211925
255065762
322849348
273316461
331937331
337777460
324459974
380920629
267438166
295913574
381745582
328081453
353485708
383416739
310462499
414296637
333407043
290567160
411155405
339661601
252878094
284969203
296242353
325616428
258146384
310086279
259355260
354222358
341712090
281806870
288313852
301360479
361701436
314935279
291773282
304621214
293730582
309261563
293306544
255991454
262370469
281568647
388083507
258841484
368838703
266049726
374400417
376559927
375104227
326019804
422795109
374511444
367600316
416615875
291659893
268027984
283969288
256116941
270216566
326515797
365923976
367367556
269266942
307289268
297721662
319173022
248323053
364382196
302439398
352213392
255190090
256351043
294516240
248548939
383962581
350623513
409555730
380597716
252641187
303614773
263074894
342080340
252131080
296217618
271027974
281923631
313470993
375400168
304649715
282221836
276762757
341581599
248880755
382774975
244343979
280354823
305601120
318353211
271681240
346747714
260465951
252737920
321694087
238609313
282754080
306340179
279966828
246865313
320503618
285743765
403171456
318800765
262917119
318623743
316590212
360986063
288459265
257933496
283124886
376660236
364229831
280086721
293423540
291810333
410903236
299618010
291174159
289357303
326873075
286308874
241439232
344886469
252168595
280265364
364371169
378404019
329886395
240832521
343845141
272415854
374912910
396648362
318112794
266067280
263259695
394960494
250217352
286809417
258742713
350190725
337375504
334268483
265184369
274881025
338554702
280956654
272619853
298102608
326249999
335431955
371771785
339178513
268430251
396948568
343154415
300605356
270186307
363581554
359663897
384819016
371372127
259814334
308773682
338806651
243015251
289262748
289244367
332783448
375901867
285515876
281326195
299406480
291517927
252835187
353004236
340706487
345756269
258572870
269387873
323100349
326329912
310923876
239264079
402734596
289456917
243809323
263045335
263262828
246725730
246863751
285763538
329196450
368602348
238043922
312793078
238731689
294250967
431128846
364129420
244908404
391461521
335549030
274589743
343252534
299661318
259430499
248951118
254479572
278148103
265778509
320812961
260428087
248265051
376176104
351778264
397935786
380354443
267610193
352993012
246618553
252196645
415370129
341271019
270790935
318220260
288905765
358013623
327624774
429627538
272243927
271569247
400257524
241519049
350974174
291566210
408801578
380307775
277033801
283785538
311284095
413995119
260006004
379192998
393584498
332325066
337576313
349242926
383002487
242299431
254968238
295037202
292435678
288174179
325010930
387606557
389763885
373722084
314421023
300755983
347766301
300782131
369130856
291932570
386637830
385712964
244610038
298556110
243114775
281370020
326031857
295347782
318935645
305745865
296199955
377063961
383825367
405621245
261836428
301469026
320451510
319896375
435209752
239978918
395842153
286672994
345048222
244807840
248211891
252023775
244157239
252734932
315763335
263084941
400278681
291505019
319165187
329611141
242861012
296663447
353355332
241618139
377446490
260516455
309658254
265686308
334925657
407736669
293368694
279891760
331336463
298463281
285676547
265532073
318766520
297206011
299205903
239331441
251756471
251877667
286919391
331663222
247251780
297351109
242081159
295194793
315579028
308421801
271714601
311655197
265623918
267276701
350914232
273363860
326596779
359579931
274430332
238535283
424851144
354265696
307175640
297224277
304312522
319933238
398165346
369111411
368933564
264596422
370466626
394731943
280707100
300985204
286658465
329314129
255110545
273828725
356947327
371664201
336810165
271101178
240315316
396414174
281922176
240077996
275973508
246376937
258322312
332595584
305713487
280631391
357885292
351749758
265868522
293509586
356380775
275240933
248690181
341133127
274760772
294060388
267312718
411726575
358026569
302340170
440255141
309403937
352570839
280015710
353605668
415188262
258307716
292773603
303843935
296216936
290509327
344258655
242210253
287254137
240720869
336833599
317075220
349300502
448567660
254106518
332188285
304836114
366270399
306632085
258466068
273969877
319850379
360263447
274563960
295718839
250952470
336241852
246510364
264722560
315333407
302053945
353488677
294205676
410146336
302568522
241288697
386450665
336236936
427953129
287461878
396246990
309383135
253195961
256973675
290966847
333961770
333866809
290008094
340292091
323710490
273025785
303137367
416192935
349499250
269156876
364483593
311969358
368373550
384524471
290810699
315484374
390088178
239843522
318158711
412034266
262116779
267943537
247746851
349931797
362717120
283678534
245115773
396803069
367015083
254131817
361157959
375463168
360827776
276828822
264831998
310475442
354198747
268754062
249069651
362140674
282304710
261026481
255601950
359860969
302187791
265521016
346439316
430709766
407075283
437912207
367139183
325620156
363253419
374084360
282755491
399534379
281808217
282837392
285890210
357345894
362197621
301701380
315388915
262556829
283823888
239109394
292884698
377524389
342455660
363318844
288114840
249803267
392547008
352762081
270010660
319247948
240222841
336172682
285926052
385995170
424807008
344321958
355269327
330549190
320657442
239609086
319796855
345815256
375034843
317641012
261056437
240737586
257249138
281641009
370547449
289631274
330735385
241547780
250585213
277445466
266269631
268853572
251009339
334948711
356085464
315974064
348483930
253827108
254643995
297314755
278417681
404641365
257383836
245349340
250197598
346981652
371326895
360512329
342083776
253308065
265941901
266175845
389077490
329927132
252172927
262182358
373109135
379620785
382111132
348452329
291967256
254533400
271372133
401817396
298483378
273966916
258472627
329856946
264999797
320427012
278357399
413581200
291745290
263561789
263142907
276691902
246654809
381682777
385678685
272152931
239700594
259396776
293505522
390755254
380517097
405380012
289879537
380650507
289835296
248257657
334228866
344525321
251782132
338891022
283784231
263488578
267529675
242392804
339751521
314051205
289620714
426402442
311093142
321617239
271816532
334907002
339116601
347503732
251824050
419499632
296470506
342466623
335790763
253878527
253990023
325214830
329478924
267226723
318466855
263701560
284075463
290786989
412857755
318115355
244481342
302405868
242725872
391441697
294659250
326057031
252578061
399513897
340624598
249831489
260888459
398662572
256205764
267528290
287256548
299787782
413038332
334829431
254173169
364812024
295584995
293427658
391119502
269762197
252802210
283589863
252456057
372514476
239712257
286575037
366553657
351858599
242742253
401167946
310430903
267137650
305857061
412378928
409865131
383349167
454896277
246000714
380165281
330753313
290905642
336792195
347038489
436210331
287939729
240031799
304718388
254962765
247079754
298707214
319117925
308319216
259928231
246779180
294751948
378587892
299190872
384982503
353405440
306769871
281076478
272213859
332538689
411396618
273322653
315039856
351269806
274115142
277777979
270656790
366651320
238721964
352724563
372445163
297696628
357694974
270670512
238720097
264247178
364895449
390631578
404260600
324469026
254671662
250658101
258362988
264095572
362611224
251811357
438379718
294585247
264392400
415511297
305525222
299569220
303416987
244979965
341961877
258453699
257203019
248429889
355652960
356218605
341313108
350919427
319138671
357863584
266832113
324727706
258084285
350361094
323300727
357520764
277665463
377632536
424346077
354825832
294647186
263737067
410521040
377364125
261735164
275236424
249449542
240788481
310314341
258872776
388944259
287976320
313291704
388971173
316515071
268972553
301871998
266167068
372092197
345263216
293298752
294506680
266540985
393240655
279704909
271555177
244914516
301652071
269353759
333791899
283891885
264092872
246260458
328545144
286400013
295107947
317644076
319355607
304033369
263734087
379632688
285578467
314223688
265439617
317838794
279067850
239456009
311997419
312099292
429665138
246999484
429485591
344273901
268206188
266102971
256673334
349054419
313854711
307523607
360293315
246312602
305634707
256462125
433943067
246733215
279758710
256178666
366139473
428414523
299189615
260630436
248209612
248334787
320845127
366815230
311535827
250434193
333376415
433187762
344600286
350289641
340034449
327102988
331139429
282859258
398977252
286794194
430161287
335349566
308239487
382929764
239477693
274537025
362532668
276145163
421033891
276570080
268202729
249075445
343371492
299025664
315616585
347536030
316827696
327586969
331178296
256836256
356868173
330910265
380912403
264539747
384081051
355894141
353515272
254020543
381416595
255491927
352429091
273917206
276804516
243521073
338301049
322020691
276393558
242042795
358951551
266200470
295470003
428419104
299182634
293009277
252278465
309026514
408873268
280137538
269537748
250012749
372379014
336132754
254195225
287206410
307042584
348519562
278221184
269449843
309453722
264656625
251779259
386040166
329755598
392486448
240596255
382005771
299832627
375736915
277231320
306065504
300131240
385037375
249600771
290644380
328854812
253322976
275254471
335767928
351342759
266786999
337005964
302284863
311280598
322286339
345575013
320358534
270584242
249361067
267743552
335814764
339048204
270754144
249809478
314585409
251186607
347757860
243208279
332534197
359767653
284903528
353640226
338733130
372429485
351267582
298977256
355234848
353525121
247952630
395362390
388543509
355945871
409814760
427492643
302730965
317578036
346969381
239194264
238238321
300029428
248787232
392713225
297661221
285379509
326268534
283435158
268858719
280727149
301614245
250109984
360473465
312930063
298308879
245587224
316073851
273197266
344814874
286322198
374655040
254166070
315945765
321704669
371954177
347011475
355280167
355683339
315419740
264729630
348488379
291411918
363173315
264663011
255454161
371426383
272855357
394752418
296727703
272637116
268000596
317148729
244703662
392279469
326446645
254256090
314664237
357724414
348671402
282153814
352503243
239000670
341380505
332635002
292746165
383146475
272162340
319557458
259353699
271754478
242952610
272323913
286403596
369007961
316927242
263722518
340583617
277540952
323341042
385591368
350360391
321540153
303943137
301950217
328862389
257967910
250670743
247709480
288680999
329683937
275274932
256186515
384967629
313340230
279931909
393829273
367207711
356155045
286827054
250317129
372237038
294340078
352483777
307075339
319704627
304228674
262654135
363114259
366498915
319310335
338676874
274657780
281192049
379866889
285533337
331531017
256310253
263863123
280700831
280655123
360658805
366534143
325962451
264983462
263234958
242325285
380674510
261691280
323581997
269818985
250950726
251260812
299329149
386499299
391100197
259497371
358404033
243303256
399747276
351008321
337320391
392958876
285747081
264663189
323685782
395029986
288558033
340507838
388801935
325661323
282094504
290288856
266216038
302055322
246726716
342915313
324951419
255589934
343028351
269935071
264189415
337770623
257734548
319776732
315966102
360636013
432777851
302396338
262256828
347605190
347002553
429694358
254251232
374013617
271422239
382066484
263126174
342573060
339975175
295519632
246278478
357504832
290704639
237964608
428561507
305629551
272423493
383427286
297974135
260860593
293071268
288008877
285738869
303938786
318466710
413469882
261682154
422522031
369656586
370944464
269590187
427112923
360113462
245252056
362582167
271071435
250235125
275059899
252819325
374615769
318339319
355229613
329890341
238731834
277661786
237885837
262557731
280317276
287768337
375811651
348671643
297270857
281083664
368808030
277079595
401356477
344947127
346557448
290190574
340928344
387385416
319373843
241004488
252230441
333434355
390055770
276312074
248620156
309667787
317955809
338299495
280124825
246414709
272117474
250600705
295561334
312900946
249145936
274833110
387944051
377702032
299465621
330757303
316828294
257062036
269784053
411330436
266795268
292404788
309904379
328704458
377913434
380207383
265770026
331552058
249181144
366037912
323740361
309201591
373033433
248015480
264197023
279279406
262264281
351059901
315643997
381028898
262486682
331433475
400066096
266135963
348649443
271926433
283046469
274802978
324252239
271246733
273980215
256879720
361256288
382350413
266934284
345417696
326375449
266641271
244402648
255956546
312910299
320729314
389045824
293558241
325556622
292667514
348631704
299580473
337813637
295033735
261880052
410953434
403884581
337059169
262766104
314915119
240701615
288581925
354796304
244159976
250103379
247908653
247509056
253626379
256512835
299392546
366607031
413395065
267398616
382874968
287120888
291339368
365533464
248568797
256892303
286213704
413684893
264332083
306349918
272051087
344594126
319593290
368935556
334755671
285529500
288706515
329742862
431845615
309909108
413738712
350427051
268116363
303425535
257329849
331143371
365295903
362837203
278422319
313383798
340103234
290262837
351212768
392323421
258175537
369477204
284391804
270943886
336206310
389152548
321782576
258285573
354678274
322960612
357220390
279785395
366875199
279879468
242547331
255344411
347309764
245912079
284447889
319530918
265506085
424394708
386443012
354550179
313596255
239451431
277568437
313162855
377005848
389845610
273533260
256545123
324901301
359651187
352506861
257561485
358457832
289200426
312734395
287102621
263541105
272030305
287423192
309845236
341916240
270913955
416669902
278663246
357609019
338580472
374059180
282439752
354345737
389472969
256269176
374785465
252758754
325429138
248130446
271340240
262133912
263047999
348211684
320267517
302729407
367687441
341800596
260297387
417455801
327136116
322969024
327762639
401049531
272722069
384514943
282984275
369564517
275343831
276177633
335897082
299988461
312422642
277722716
356723230
281574426
282854669
262384754
320473551
260431261
305815697
281376482
395107494
323561473
283178767
298618650
289241228
329699437
306074416
294926280
337650907
286034464
287931197
239523996
293568668
290819582
319977062
296416678
265379763
254827924
288211836
297487543
313727372
308230520
362894730
267122403
245269202
353979314
307564420
294156985
320833963
270053352
286341565
300871140
436259902
349662664
244759804
246546080
372482680
359479744
305905858
337920947
319306630
269467084
328530103
279360347
274622821
379478447
275345158
346234081
355916891
299018686
279847717
386105251
259879847
270926099
408995621
282573688
369296853
257908415
287596956
380513249
272572722
325518811
306212025
367452952
344383399
295857889
351604469
293008660
297475275
346457495
446694764
376203206
420743569
388478199
394455389
286016606
292711660
380781124
418038657
280102541
276428720
384340044
309869156
337631509
249354019
288168863
245379599
299936356
418960000
247277685
255941161
312252597
246032357
249258038
326105690
250571234
401294873
302655042
305220097
240866601
346186965
375228019
262007109
239962563
300998073
240301712
263255976
416407569
239019871
254026380
276321198
239164193
348079002
351132383
409222721
355171518
278080840
312488773
335980690
265736155
317148186
239909612
245789826
329978429
287937049
237270449
369145796
353684789
430359312
320111982
342529672
306838684
362926204
283718898
252344217
247927481
285211828
246928091
306803924
431676216
357656942
250422514
317378649
319434402
336744637
382971973
310501049
267868452
408033031
417840415
351151906
256967737
262903938
373635142
287783786
372599940
384639761
345246457
257715761
348915272
246353937
279732344
283455500
248791812
243811021
245638071
374259776
259890983
266546815
314079887
305033893
276771748
249513986
266237430
276833751
238949317
417033020
318089058
392291394
322640714
353992449
348406229
247150283
352856098
295213908
251764278
341361208
249490060
324784268
269659329
359254996
383327854
242076785
397714114
252421072
357311577
238099274
370928908
315674738
366143156
429504289
296358009
257323777
238388610
251586875
322308652
317397305
281974395
287581929
357057488
336889510
277582719
282014225
254330387
279596654
342034551
371034261
255326569
311064043
246522374
279620240
290784640
413193556
239743680
314177674
280575625
312267932
287211048
310599911
294494278
250645868
270343299
297661781
291747564
248109501
291795314
240223775
304960090
263660881
302207192
380594630
264100481
321838608
260909038
394808692
400041478
354791840
270437314
287651878
263525653
294403299
330367577
356675555
327803143
283339868
256958139
322176219
289015207
305085437
346852958
300660372
329600776
242267623
266475998
325069258
294714422
259395157
277498509
300963224
378880001
378371196
325422678
354201894
252754593
284859309
280458063
346736654
306416615
279728395
384434485
277428804
387840408
254315748
245502680
287139788
248417372
244782294
265005951
248822041
410141212
261639762
295308597
292922390
252470368
281516398
363856975
272575153
263144833
428529995
276716042
250549280
242239519
348354745
331398280
362298643
348116794
446605823
298202796
254312198
247415186
303000095
346506383
361623516
289742388
321473250
307864231
271542796
417426641
244587885
386155243
265912265
289416091
309609889
357127035
425481098
425262530
329768670
238110780
248407863
276255212
277097525
310975827
414223190
417424456
384961466
290668980
275929366
263851669
288566130
267985554
333595093
376176043
347758960
335778619
374485504
320857280
310828961
275376439
320704693
348787823
296259483
330320351
339427780
283694915
250602467
252615411
275274770
265033990
338980414
350446840
285478605
301130735
383260068
402996312
281566219
415063558
258705301
245912149
388737039
313478472
265335145
276046651
337253370
290834655
314480936
256428921
271025250
242650095
353022620
262252529
405371652
287425188
321491920
356052138
281160930
379949410
393986773
285731606
270376750
250846081
382792125
249746316
343078424
349770435
320006045
334465182
309707323
286993306
411889420
305610363
287273477
363618131
246646342
385866452
339573614
386015397
248074175
277392078
266551619
253599931
257818833
335032457
375838057
376924641
298396717
441138505
277147587
349787845
283993152
297457474
429075570
314911132
333743957
405160030
358492029
328779778
377284808
286848484
391847972
323361432
294630965
376052610
328305564
276470012
389304909
239511334
307650609
281907660
276839523
352499852
252221809
239793175
296131192
372886269
296306150
413297596
384335429
295569723
249291402
304754236
303659586
285849492
282934168
266307946
285992860
369457415
292534759
416398984
301699948
276142848
358810719
255133828
275333793
249636082
306030863
341661041
334353312
303219196
358710644
257010974
398174327
404884625
287552085
243326009
271702552
375780030
274935852
345368589
375619954
293291726
384384048
325717268
280139733
249214450
420743750
305509200
429157675
413232338
262248777
353032397
306321833
403822751
301070953
310304893
416690488
241949981
330130697
327340304
354609257
325335630
283597989
279478916
248811162
326131583
302637114
323272214
244575271
255286768
237986738
358875652
311330852
334195137
332780556
243889790
277059426
298859744
371291798
360401454
320807937
251276832
415792095
367802472
294413069
256646108
277172223
289270239
244043955
389519510
239558873
297392205
259247847
252148753
294912757
400607831
327307447
239541431
320090391
242769602
293377496
326352951
344142260
398615560
251391673
353162906
293424094
246660492
423260125
424736002
310898346
308137787
407959109
391728975
360748308
305697714
323227309
270420393
253275637
272690499
318817427
329515052
373914249
274248391
287535109
257378056
335163678
354950319
307390575
251416966
292639064
377902030
397392547
274159362
389740421
337929043
296827089
308736443
336353341
253870168
338136730
254102886
395445268
398026784
386425735
268039196
262973386
312898246
341924470
327511120
309905452
346817888
242008751
392156084
294119312
382120587
291521899
356737159
366290801
255220577
313824098
279852808
312820301
277523233
258997817
358338774
286634131
306659610
327460229
377706927
245928744
321946218
278195659
261899082
294322010
239908866
243673380
283262904
378563422
245112980
241675117
366966624
266312362
277322220
244131496
309815848
314769343
290587504
255419613
240365341
256548745
278855598
271206003
311703487
255668044
247759289
247154110
305755296
313284728
310008621
249164986
293988631
279750225
302143411
343807728
373491536
383351849
309198413
245271973
360783257
238189087
309318477
260853738
417024044
364279508
314241928
314030179
265851712
283272776
240013474
361491292
304382920
321432208
324653274
360163965
285731229
238043894
244342845
375181484
366299221
259951161
255652634
267199209
255914706
327237235
354135075
346849503
383893943
361393710
324248805
353056449
301676676
319034156
250942983
349637738
248526557
297424046
423230388
277588010
352272947
360440574
299737600
390457610
263502472
305932720
303721147
284981962
343098463
262405414
275108779
247992180
389548817
415639380
324595593
288853322
309868837
404357757
375555852
331569920
369118835
274436743
242789357
242947085
241567951
328804529
285309191
362506629
316848255
356203566
260743648
314979654
412205414
273020114
336419056
363722625
345680758
388160518
409864918
320377788
295152297
293164718
326500272
309607804
260225920
295244679
268110602
275334418
307726456
284093111
261664941
383508834
346293779
250626871
397241083
236250863
350326937
283881600
318323291
291947864
331049003
327870325
296722170
259844806
418404492
331361871
290985678
350230833
386866565
244151769
274725657
360901644
266512884
380884412
290366778
338237102
281297283
415273263
300029097
296339433
246747990
357854624
298916662
391458709
303447703
252720716
445218240
317240959
315552127
299070721
250678217
246517976
251587338
374070593
396820294
286160024
262139600
329652904
313404673
367540537
261841890
387045178
306896559
316733665
303135993
294160627
271266699
378679965
355795354
266541479
420589175
281128446
277079101
325159992
238838077
322676945
342064654
304433253
308085954
312763483
300658564
255517942
350009375
366882803
309488114
314053695
392092188
252071010
261692705
350538239
248244666
259099553
244253659
306740133
382657125
349682375
242878426
284608140
243876529
296021343
315597367
295566335
360101874
328017138
377261574
393775771
397181964
238122837
239789459
238822430
400956232
398655919
332455154
303294118
342774160
288769345
325759995
298931074
314088788
311031268
310397761
270213418
303374181
346078881
341469708
281130315
258499106
299164201
341531922
302156239
317139326
246430705
350155485
245939539
301284773
313818054
345634859
403169002
307529421
384454892
303359785
261719713
328631646
327991630
295833636
267555641
236993127
265036559
282244608
337578535
433321579
297607458
384355090
252893592
310788293
363787629
245096769
379236986
265345773
303355544
262767679
281190052
344750176
433992689
298590649
313894976
279555114
315051212
284330463
275454137
330123126
262903763
257490897
424535356
316159172
352719993
319742761
240445367
329057346
277299193
321220864
240198373
343289753
289431692
295374387
318988905
243125622
350688765
380149834
329468108
401189529
338512424
248095071
267126062
298500624
306903206
347571321
369685852
290281528
275461304
269189405
295098209
449904990
263255976
300933529
340425186
324115524
329423980
370888002
360630480
315680450
268420906
304986765
273641438
306887634
260594149
248742157
306341341
272049208
417182226
248763246
238593747
319212082
412470622
378945979
264707000
327849531
349199578
364609813
320750692
270974993
306062308
396096989
312524146
295476209
327608497
249151226
248566409
260854200
282913772
363290727
266866478
381605699
298438294
299823691
249079244
430448017
282829257
361690612
297949036
244182285
241600956
365872750
374508667
283940732
256297592
241378682
310248170
269665758
299986677
396397044
256127117
292715581
268457697
360552898
282016746
339022003
333082747
351851149
352570052
411864712
269852006
292381139
252017151
432812665
279182916
327147177
296417514
404355625
266447541
356148024
287183745
244046569
258483169
378217612
247373547
260196950
319292454
310045742
294066774
335472771
255312235
378014750
253263133
409694807
390610267
343619431
338824993
248680458
243143716
251130987
243596683
249846903
334437141
281250852
280300800
391463082
256633593
350214365
249264031
387003703
394691480
239144998
344046910
398626302
377475055
284769833
302443116
339086897
275938709
378835348
309564158
252061963
403162849
262560763
235218863
354099819
287310941
300938377
255571632
304715960
256665273
251952989
352775984
376233924
261010806
424270777
299026707
280052904
348970846
261478249
353912813
247619240
371523454
239441782
290774649
240913969
287231166
343247414
247546612
256147243
320191562
341684001
363985890
385336829
317182907
327822453
273744127
262029264
241917677
258044776
309381525
283817574
431237680
285430571
282613709
400483291
243691946
241100740
295717185
277051827
349979029
317012670
264434788
253428008
330764114
350268895
326472563
366118757
296153691
330118614
289746649
332372405
342153642
393825096
256859436
253114793
382376594
369872623
346937750
287331857
401607288
347931415
348505085
330036655
358233309
288152105
279363822
247801692
393456152
337336092
289978852
304059114
350010463
265337741
326318487
313491244
326782687
276257392
351876545
275877766
311392511
381044320
294811455
432843616
355293929
284474380
316403943
284518431
283183269
288598140
357789758
259907039
240266753
259382684
312986627
329712748
378489172
391474390
253941059
250389566
402995366
269102617
253109550
387530257
261485016
262718146
279147213
319352070
378023356
406339416
317972353
330243465
299626265
340700378
268918731
243300950
238243917
345088927
272128725
266560856
345562298
264293694
283023670
273485364
262838945
278231158
292253782
278856770
425891232
367354116
361006647
427415088
279957906
289182758
307073006
307330286
245890813
281903166
309273967
330809995
273870123
354605910
311926312
298593126
282145489
307412674
311598811
422638972
358318264
241533945
325356903
267188133
244731668
295685328
372343499
365405819
252088706
255937470
396134633
431720422
283086166
346811998
257552794
340659229
387148368
347509849
281925490
243488015
352413850
298886551
360452684
319446308
365225257
385625621
262176714
339029403
253112503
340064865
315401510
316224321
351900508
342074503
369448178
265058366
269745482
323061793
240520162
318538266
239290449
252232136
300438971
281200260
317104914
260473149
331003004
275865586
257868155
319975001
316181359
265895335
386053349
250644426
275396919
318796472
378862800
326532959
395480703
380512592
346383266
244546555
328758752
341996624
384203592
256999560
274195538
327973319
316872799
250046532
419997248
251588580
357630864
290107368
258330638
323075177
305758401
287049467
253049033
271019560
248017643
379813272
332647276
332636219
254537137
391531345
272823135
275712229
284337386
400874458
387856538
280674706
398199637
394450543
320079232
265960333
285746270
238452346
408753787
346870217
342661265
305318355
240941856
273781008
292270357
317890250
326675488
323613698
307065436
323313582
351706310
273571219
331083511
314831462
361309624
277207360
348501864
372206946
242894552
271164875
428978747
334510910
358754410
379039825
246568797
374877042
366058521
281727625
323015906
278187262
329472346
342916923
410515978
293722879
256567597
296758144
401865711
277477796
313374862
277958745
390310968
373990827
253242795
362612132
299253316
274350848
351875613
253677170
337589404
294239179
293726478
291648103
372287060
259116354
370893918
290579360
339583651
305003502
267124311
404811579
358639420
324273239
371028674
245351124
288349945
392861342
401533441
246951073
354849933
292095241
254285908
289732603
341505970
336688840
301351230
345193356
289256966
367644999
258387577
355104829
243621648
265210845
253962428
244466900
344889057
336520129
269434094
261315412
385206879
255603479
259653769
407953564
278150904
344316622
278033991
296145185
282562211
392450005
273858917
289035806
298786025
323711062
283902093
257566099
256021384
263083592
273476297
434252976
273449625
316070971
293971771
378957870
405991383
372961948
298301501
341561531
251322046
325395489
247798406
402440912
245644548
339741538
238142042
269975265
375669194
300509510
301706876
277168751
281304712
293424825
368074800
245567754
303593032
316289456
302194520
238634061
331734841
241782328
244913082
380185498
416617535
332069820
350074678
333385423
355138248
242178483
301439056
339406029
257664173
241153864
392276739
261322067
382462049
299515604
278475656
330286159
286195848
240441559
371564173
368613962
290703479
333862635
341231504
270179448
308817912
351298254
371185905
327629824
276104095
376870598
312078754
342914142
296913901
318305342
298293871
256417283
350070644
390968374
251013280
342563066
326160334
269442532
288419743
403251925
295149791
266415617
243159605
309119886
332815374
336202391
330456489
309452935
280715150
437699951
274281111
351528612
361078790
249167635
340552072
238646813
314454547
278708608
348191334
287176335
256724820
325202018
428420570
338518160
362073612
261618036
410688384
259014951
287245698
411418635
332222943
260729437
292511301
319871266
313641703
300874512
316614171
293364491
278773544
309841997
350422179
252795523
402686631
310620259
243390251
403829355
240193018
304668788
349598144
306533075
314546396
245057855
402347469
289873167
340649610
359538484
337350961
287129123
363322034
261603180
390827594
258246975
255939754
392789041
241573840
277034244
357783895
346728263
323896105
247570304
249530985
300049106
355263864
245296266
287128973
370173417
310132086
320619067
256197983
352020023
247936931
420938433
330432100
337127163
257969322
294169531
313367609
236741779
243473564
253882919
241714024
243765405
328132304
361581745
304246598
242160517
259398750
260846353
296466280
345982328
398371112
329821159
284825140
302846095
292302589
280450020
268864693
270283928
303325712
272608474
332416792
326288551
273851319
331424605
251582493
251146965
254254402
266496097
296540807
373444254
274108855
372243005
272228171
258053366
295601871
244378611
376062922
318616827
410719425
390423461
370839612
400634339
366806698
249570309
377474968
259856009
347847919
328827355
250197243
357312092
263203755
294654505
309646903
362425012
413191548
323908313
237620244
328953122
280720334
403676817
323064558
282590094
320536945
255390575
415044769
376119627
256273522
392665764
268909590
307870224
277141180
343030888
413088830
237336096
363815383
399095278
279641794
412281519
442307917
242354107
370147211
309691828
371568500
298525335
362124889
276212433
299866978
238526415
314355381
255726673
358539820
347404250
350552281
265505039
314497929
266438205
395336469
352468993
237394675
248778645
344821790
280424420
331433450
287000678
259806928
248688196
247274065
363737898
277431754
315429529
306313943
277854676
325891274
365142917
359152727
345022369
258569616
384722596
240190142
322324405
257432109
320570401
397394264
419153262
240675890
280714915
321597615
288709115
342702493
405362540
282670761
288265351
373441884
318821900
302342827
336898696
341022498
377596859
252382397
311937145
346116076
294104781
282876225
270654540
270140665
262084327
273980952
249884282
319599285
327648803
366992016
355949936
297330769
314647447
340200653
321984413
290375257
437780008
267068103
366009719
260878879
256505819
352152784
383368780
340087384
444274683
336510859
330578439
284139555
259558863
241742368
265743223
246844103
274066007
327800975
251318068
256555621
318187536
266211743
239840497
386714070
350740422
251477291
337272378
291556879
292468239
253393648
297979736
244002341
259613769
397237810
297354439
336041231
253088594
331543413
285756981
298830979
291143693
289523678
276656612
288107242
248953752
339401267
243295670
331760730
272365170
329452531
288699428
255525427
298461730
251805204
249583196
270639826
335360468
369269720
277593742
291423958
361281652
267668361
352380024
289062804
281005788
274217731
329994310
294945893
410556293
380748053
327897791
276222091
252527401
245822574
253141755
359035450
279990109
402792571
336477628
255708886
245421089
259747550
258498595
306811777
402037076
330986020
315939309
245530365
256662621
312679346
259058441
342355708
336425568
333467020
257527601
248176694
331435394
322332700
240025290
255363100
272540719
305593155
342733369
365445964
254372292
357560279
249906011
330483822
396386050
250954631
397750170
261010909
244060949
343642878
349984531
317483625
327113427
307237487
276171302
264199935
251096038
353320489
259467244
323991264
297798197
330497414
275080543
287328860
339798659
295768876
278936952
319637220
240912300
446543078
280590052
267299697
302086063
370265891
260697840
247441752
308794310
367410413
274107993
295778956
354615370
308448744
314563668
258706226
415190080
368559119
239835071
397229718
302143867
417777924
287990045
374419309
255538402
324714222
344003185
282247604
370750739
382036953
268318967
251881670
326456114
299589140
279962254
250470934
300461094
246327984
265580582
265296041
261955036
244017626
240633429
376334951
275092065
345341094
311097015
428008255
312777501
405942132
356545471
402238301
308807880
248281565
296514687
239232951
346217743
248505066
328677286
355750364
266767156
346675464
326570057
387636212
256052750
445275166
366866767
339367668
273009359
421692172
310985834
288911196
396468706
344769652
263387393
291750201
404200648
328740605
255204078
317775875
293898850
250193525
410165294
266732590
284921624
250284858
339485059
366448430
288234566
245731326
353220921
356032640
268701073
367603207
299271937
238246772
441270430
405566244
301141667
308387051
311633993
281560945
255619745
428740454
326577073
274628134
361974791
375012332
381895087
262708996
304367427
355442935
336271971
256668106
276151043
333023082
404485529
422774889
280973715
394540259
408688672
314035387
253615098
294108216
345539231
415042121
322549060
309153280
396957079
412659775
299597659
263748313
373646161
326973064
382945946
266660922
290820327
255020948
274402829
345390683
273384655
301958030
288184560
301419436
278273845
320385190
323866384
288175076
347087835
379845329
362539328
304628805
394480177
248059517
433832021
254734224
349170217
323783007
309577864
345880717
257012773
309011071
360177518
409034701
360404305
283956017
270960779
310884483
362979671
285629208
311864026
272479945
257469339
248865635
287174307
260216988
296932287
253910034
250669259
341835012
292615428
387125930
245772968
275569349
239191382
328803797
245385860
269359289
289049102
262838072
247758400
305079921
415063766
313143428
277175200
273537924
266210031
268134121
365721188
271449352
383331408
249147764
380940613
248420916
269840131
294810346
282473640
264024253
295831364
257119546
362205522
243311826
240035050
392524840
265769330
366948419
245597758
319080502
328533912
271572887
321543733
325204200
317798844
239372919
269832988
285451847
327414812
346393948
304194208
330465524
306703780
258505375
269750071
295478080
278192985
353602579
270948918
424208575
294348289
241378978
372860394
443251280
347033015
256098784
344244156
351093517
398330599
271100854
244832654
387375026
264542273
283811277
276532269
273075032
410261525
354780694
248539596
340842177
255861027
326370143
271771502
295624649
303050655
289513431
371265623
350984294
300105934
352020734
273848706
254409900
262812756
284933696
370434304
263471778
310436053
281608513
285800852
328115535
320941439
358769994
247997229
268408472
322214312
407366241
290881831
241711434
333689224
323315115
281360970
303254602
330269527
340894751
259457484
267922436
258284365
241475525
270365584
273094259
251475734
385854659
262320671
442687321
283567318
290942990
297759803
301664894
260110998
346210276
345262806
321451405
383825876
365234369
326236185
345890210
316374876
269020647
417381560
307280578
349393133
263259475
247139945
336786701
296612906
304467060
392005491
318383606
323266151
354974783
256469092
330878031
243853889
403394062
277257374
263117485
380861510
351463601
349302146
301334140
286267939
289705852
259316309
276123310
258189268
256508754
277072156
301024756
290444214
282285399
261270710
342785308
368441293
294566070
306363469
252518830
328078444
304875302
257198694
304710217
271311064
262224985
326313925
265360998
401154179
258478846
241205486
272395550
392117954
277010232
302588783
386560747
242314078
244922811
342034450
321651777
305943156
281376006
271138679
267517870
388714407
274261130
423009933
269843413
249527002
245879821
280465455
308327605
289764632
262706991
310482065
353974242
403131989
360561511
242205513
280800488
409480241
343045632
261340697
276035440
361335658
367969431
241789605
285076367
284770630
245315001
373842784
319296347
256355680
260678603
295150600
252226444
329028398
392623386
273874165
246830213
279984023
277188292
342541043
311204232
271900783
246387447
252152005
361461624
257040827
326807595
412441383
304353348
272365490
332338106
439419359
272778633
279517180
243146610
241172444
437413084
404342989
284869986
279950802
266036642
394917522
392446194
298788591
426359331
281634308
313268501
300104729
243448496
259236642
247479866
291616941
354506394
294398905
258451072
245939854
284387232
385604188
336678750
258540553
253484936
327856972
354130265
337860798
242443687
370697265
264348633
364088159
337165543
256633783
329425442
293042557
296953149
327973832
311858095
280375688
249374978
379061835
261879297
339194878
247640149
320869707
357098474
296394499
311350164
319086382
312389915
247754730
395655452
321541460
256980654
264126166
396453598
312207612
279179092
391697994
352305345
354535741
250317343
293334844
250798110
388947435
276116129
321670263
272423151
296811904
237976195
342916094
262235533
364622408
239288149
326268059
302972846
285739505
252716684
259918580
313040007
301107949
366174120
358105802
280740453
293272345
254107726
308294926
277089121
355030012
340721286
313857982
303387421
282345794
244704673
284686743
263620628
396428096
328994023
266964692
293662345
252588321
310073705
304256886
372398521
305969118
279139831
333126514
419772867
303409243
375987131
346775333
286729544
324697102
277608564
301213396
394561095
299297380
341013695
340767942
364486162
393500410
350799561
239397365
290241546
317625389
300023299
418428843
348873248
402074227
323537536
270628141
325568075
316990648
371992648
331723253
410052372
376885659
306375950
351402384
361083014
406647953
250659863
351484116
272414323
359406145
349002201
243493057
352350539
267286674
269706051
289781461
243410588
266864547
349774778
403702980
284218999
286322587
311704057
328731943
282096726
276443655
336276999
243879451
300036552
299161829
282685817
348566578
422506824
319379245
285719050
316649077
245102980
355569038
251733402
275491648
281792340
368034804
327723642
292820042
249521340
308088741
258780026
245612464
309634684
260286632
381993351
372080523
248902517
324336885
270837534
342333650
263877174
245695513
270729459
343134278
312431749
302347218
297113492
267333683
417805640
249812854
240273507
436736679
282328522
393779680
393187856
301915444
326018902
350151228
244122681
257881050
321247501
259098687
365269184
361511700
238367095
255507175
325212820
283188695
259522775
247834166
427273615
330859018
251511253
247100081
238973901
355277420
380463182
242133930
259288574
238597488
250571839
328452095
345540646
312128567
335777046
310187947
350976889
371628217
330632867
264666267
336345213
365024454
329582224
243624718
359745402
306242281
339350023
282206975
276756994
320547674
383003471
415900198
270686971
333833374
357558180
298291782
321559840
264690537
294218400
273592551
325070006
265189742
354954991
292147831
294062102
352373761
286559776
286248512
367431072
353233933
291615688
307632789
282042721
242915839
256993527
264035985
238570429
354162647
398618397
239642588
264685224
327276244
286409648
291981911
289170264
292307894
312717432
362577230
240538872
338665363
281577879
265961973
281310439
265130609
273194095
382247928
373679310
244775290
385641480
298470243
325241631
348140523
300947932
304788470
381229107
265474261
301977254
317858751
327365663
345639206
306592149
341606736
315663510
286217575
277945252
310741609
437961636
299024969
336614346
298960776
286331985
240432136
423948247
308048790
267714553
249779822
367477483
282694574
271474282
293054030
386156281
333709949
316749146
237988271
267141463
265029661
272274171
346369507
305581640
322557801
313351632
357338720
415415940
346042351
401388222
305611029
289289953
325898151
343217937
300011277
274219310
341736796
355816909
289834527
251402383
428357011
298544682
344771852
241809414
334112284
301358162
296622610
242742177
289388260
362553263
409759633
360794333
286233293
403069237
311713355
329169848
430041232
432299971
348998331
405631522
295970126
243547005
343148892
260051681
293668680
390967986
336385034
378789041
384931047
299510863
390712632
377650128
319324126
319502824
328871177
243939585
259146981
330329669
361329235
425161508
300902463
314307387
255266275
385477388
334126308
297979035
279969692
331979978
377661722
447954834
381461416
246269098
288203189
372896070
258456367
281572398
276501111
307382776
278311446
273524884
293542337
328080324
324288622
362980281
287520597
285986998
402232063
266101408
360140300
277504809
375415180
247978725
264204034
337387386
363361255
400858960
302579418
332209187
315341420
267839011
395330922
238019260
247942697
313793935
276115210
298506160
244351432
278800116
313918583
273662143
242517861
313133750
244446973
280618529
408130911
257602674
283994865
286680563
260016749
303616953
332151525
246348933
294363090
351385943
298157846
254949217
263522718
291090872
267416894
303485349
296996067
336874536
304267122
286588777
391326711
323719916
424577114
321936762
248478536
407430038
265066870
274248339
242701854
313808337
325548546
282687611
277055346
304368931
341463637
284897930
269789855
324995106
291888958
248619703
329921613
317138204
290140552
294375398
321849843
375344161
308986925
246969692
298166137
284060260
424625495
303083069
439430620
259719905
386528461
306553895
401232214
246672295
243618780
245384876
386740192
369588109
353153426
288697270
241871524
380931529
239044194
279374100
286548187
337541720
269793205
391758597
277678872
277499910
299727227
321883073
257441319
244551339
260493471
241319281
355389162
250759212
405158462
299962519
380389125
356088940
369035525
291227879
285670442
244146889
389511630
271920163
384867411
319139463
312164319
410921276
261585637
288210700
368410909
311023593
375005895
241207350
298800910
303057348
292723574
321816771
287034319
299742646
310458538
246125514
267065264
333289100
407555941
299322273
287015345
319940555
290048508
340323250
307233480
287444184
324098275
382361608
306528618
259832974
320433264
293467083
331891631
286552084
356978496
367458708
356897189
261794040
320138172
262222078
347116983
366356286
264001968
289571383
348846880
322214937
239304981
238946620
356058625
285286616
298411562
289565826
317117166
242895351
295025859
362576390
259771975
359954677
356790379
276537286
335044235
339005169
281600142
295129674
304676653
335852506
298964095
361374786
340509801
247642409
255756157
307187612
370517414
295020228
270480734
301546136
360538851
291737700
265317354
346997731
257538779
340561543
323763675
261300368
248072046
261212263
335862580
240179795
327676239
308982492
335929335
269905963
284273927
374433021
330316725
288054123
243085515
319542761
329744706
297463460
281378121
283206111
247095889
337356691
297423676
383086968
366490163
305261145
333435559
277925698
238994261
241647429
271931375
421609082
330267481
354391236
274914039
434071050
451650982
270167481
358781172
259306687
369970875
377725159
280213251
313415492
344610248
254959132
254631255
241475525
250504800
241154962
315605443
343713726
273477509
248120506
278013391
317128683
280093905
338712447
324378941
244374950
306785249
260389454
264474607
286709142
254106290
325481090
254397958
271759062
321885089
285047975
393371873
280152745
349082106
297415910
288732456
314690198
276599985
300684450
321707747
310391216
336903208
264845613
309416274
337046207
290454366
414335112
371350220
239647518
292376135
364760165
284896684
363569306
262745130
265299434
342429408
273287725
345833461
373006543
297466822
389515549
302790683
337140499
304601414
259737431
279536638
343072902
261506153
298083848
258648075
342999490
263571128
257199257
426842392
292927228
336226339
274584213
309041990
295294716
324578467
244832371
333950594
285993020
272157760
374507606
238113478
249897622
311548272
294220648
347607630
421068916
263069314
353724365
237893422
247395090
342038399
343478308
256001952
251129469
272233257
299435542
264933292
258596553
244315446
352686384
259099192
291182020
309140307
295274470
296201804
256052187
274050696
325721695
284704858
239815480
324085615
303356228
410907472
254405739
278315642
278785878
321421879
277763500
294016609
345888253
258798622
328337164
289042472
276084966
289940193
317436793
329961835
319387636
405160217
244181643
267174309
325187345
265890562
428529009
245349630
314208720
288274232
335563532
255771958
323902611
380013620
320983971
290059457
288977747
343206946
305029726
274118789
265543924
326024387
344475010
285302409
305525486
341762931
260481737
265499982
239777417
368270372
266382038
242580222
358824640
267546090
243286699
303364620
377476571
260240400
343699039
251963420
303420830
279954255
263525807
252128651
341770016
290995640
262447423
324333078
258971283
317250565
260729936
277241101
377182369
361816888
288932447
340582674
275939949
274344834
268928005
276670697
334945409
367236883
437262577
256366456
246678582
273729512
263980975
259356110
294983031
248620193
406697412
307590396
270200421
364644205
343160525
324560242
308817281
396795719
276046920
356449985
335882006
341805582
302453122
271549770
311434766
378498043
239741435
260994933
256601668
345765856
376757530
312162779
309769725
369917047
303366657
288991784
350521192
286895132
383188438
324300288
377389319
264493101
300583851
308263505
319049414
239476827
335130885
404797179
258085863
359695598
355447413
239184435
295759703
267297595
444260792
316665200
298095816
309634393
293839809
391683623
370349956
280029182
373392592
308094130
353300024
335621228
251161392
318860159
272598138
305755165
271761166
274759563
419606209
354322546
274228346
289169407
281643484
303005774
339470958
343095178
265203369
339019900
266008607
321936681
267162170
261322486
261374764
339593890
241276366
351702244
281567210
355615282
260286042
247644106
253669543
246778716
316471361
378068413
273430495
424602787
273773990
374857716
441174438
328516533
369835490
293043295
356280339
253732655
328513327
301094009
249384552
316712277
359760932
285726718
316261730
257945880
354389626
254860404
309478418
316550737
317597026
380614563
247370501
297577340
267355268
272713239
317208063
348282742
399314349
312052336
342514119
322647593
272483378
291821984
252913488
307429116
328997449
242600608
332165517
318825709
331666048
316680842
239759779
248532004
293522726
337535831
305723935
319048055
286873612
354066388
349674407
252554660
311678965
249097998
346672025
246704826
245170634
266601303
386041952
280467716
313163791
422234646
340128196
321359331
316126651
359112492
243065909
246211576
295537887
376482346
309838719
275182244
275805329
292276266
260069509
344767381
281101259
396432539
253678387
346028781
342224841
378587223
349062180
353185307
384938932
382364229
314412038
374159780
318144764
308711115
238988578
287349719
369360688
343872531
328641490
345809795
346863665
260413289
348297342
328127352
316414954
287384811
290533855
242846966
383255512
294768369
241863197
286346942
243889084
238692325
354924449
413232686
241059446
339967985
271402636
294628855
336099110
286130575
271969497
244321585
257133219
410627033
256514457
369586036
286142022
249996762
277389428
242247490
277475080
312824979
428214053
290677929
307167627
343403313
288137250
297231444
392461133
418162030
281179639
349348841
317985319
414102563
324513191
330493371
372663162
241729808
271647034
298899141
325454310
358357755
283984121
263424249
394772750
245293715
322008581
348947317
275784962
387356497
350640498
362238938
404289071
242840434
317604550
337330386
324144041
353166730
290390933
300303093
253897236
346648026
279463058
244014014
258771274
300879608
387003577
326073068
284585896
298436395
245712214
311377006
385890410
250336101
278537455
387926277
301141486
353255700
243580910
262931488
401523745
348865171
364393032
285238868
241517719
320568799
284882159
350007925
349709451
392604083
272232772
318895692
376966878
265543107
325230709
280598302
243327624
294309806
252061794
376968636
270383664
323641508
285813091
245449453
308298141
354553037
244087672
330306858
375835839
275439022
285757933
319859557
313706278
295817814
248982004
316864834
312051772
315775445
276585528
295475601
343630491
276256958
413884171
285633575
397366267
246592293
286265793
253743439
290849818
402857907
350393613
394266335
304440124
376345600
397764462
248969748
400758195
337556009
284499659
263215176
261977403
246692600
373569559
343040634
253915091
312954495
301370956
247894753
384241405
238564383
245967937
297660570
277043199
348598760
292072367
371464679
300756126
256952098
400691297
290907354
260754611
409572177
242174266
339593524
260901564
287612044
350995733
337158933
376606472
260410575
255538950
351235749
291864062
398101860
331679970
304476650
316970642
439295232
242670441
245694960
276947024
352132899
425164964
357499989
289067314
238863674
438080684
275318821
275812539
323014806
240591300
284791276
261999301
393372130
263456884
261897585
268174083
327269840
254579589
329663923
364999509
308994015
247701123
412192759
328109190
331995983
242018693
393715330
325603651
245042384
297125293
323299917
402324985
392794028
282948082
406666629
322853127
241295416
277170387
264353110
250300397
253402300
374432744
243498862
378874666
243551507
390317673
445392521
323779681
346081322
345047285
271340784
385994835
322209549
353390031
285410724
245145477
289226330
244584146
250989909
242857860
334278925
246845650
308476312
271671549
289544077
298479690
263899729
269382912
352420891
283508693
353899618
385802495
279456850
249841472
267635300
371131383
276032392
291755092
358839022
257078878
314928271
324041764
333931758
398635701
290355248
280073337
284058558
295767441
357998959
379979453
299349974
271620052
341914157
276339239
254670010
292924144
374386609
398842970
332508812
343765077
327592729
269601552
251388089
344108341
288356826
311250303
268075585
349962475
321528773
310866121
322126963
398324045
292782937
270396637
291941859
378221617
426986619
267601048
298961980
393542733
262841205
336081448
295077517
334498936
396680373
330616434
272810704
254932539
287396927
288787788
323578560
323592285
279218840
300872573
286796682
286931033
272484342
250608385
381957192
269637728
239195032
301937419
316803026
362675214
377619858
251668909
336261637
343838157
392603216
300059207
268165743
238903105
261656573
401471302
264434972
338255124
337228703
318626145
282016812
257798115
381937035
247233052
320027899
257001168
276941790
322508169
370256986
292948818
345203359
246829344
317098833
265757648
285150118
351510118
278495204
336396414
271260239
369469090
376851671
279331640
378626492
264033241
297365825
283956858
240447775
385656594
260191734
241093109
271701705
239078241
305120310
370752099
398490332
268903468
302475406
336746972
310998595
306939969
286995910
316291872
325647479
256633655
251524313
346664134
343438531
235960286
270955209
261254773
347747750
285290734
304885100
252279216
333496405
328232116
296921987
318249814
255440323
362992422
349714400
240468706
331540842
290702451
356181027
394119317
260342354
370029786
371727244
317451467
345517302
