2443
2931
367
2556
907
299
521
358
1171
1516
1604
1399
856
1920
2744
1990
2299
583
1072
2410
1978
2269
2092
2717
3089
1610
2990
910
2310
2609
1149
1092
2603
1155
2160
2144
2214
2518
1743
587
806
371
301
2392
2806
1507
1426
2263
2083
1813
1435
785
3279
1279
1647
2500
2837
1422
1963
1560
1246
2267
2657
2217
1551
1705
721
2323
1613
2719
3956
2831
646
1649
2127
1212
1053
2865
1631
560
2058
2750
3058
3141
796
1359
1565
2388
1260
2071
1918
1037
1306
3065
2599
763
1960
3036
1863
1477
3501
641
300
737
1163
1118
1904
912
3186
1778
1372
3067
159
3328
1566
1545
1204
2652
1264
2800
2324
2236
1690
2581
1517
2361
1836
600
2804
2408
451
2193
1218
2050
1199
1409
1451
2758
1566
2385
2403
949
132
3350
937
2600
2654
498
1663
1583
1400
2580
1917
3050
2919
181
3377
1946
172
961
3129
2275
2795
3001
3684
2840
1066
1681
2686
1349
792
1706
1672
2768
2071
2108
3522
1734
2944
2476
1005
1515
1125
1786
356
1018
1619
2078
3427
1135
1664
1722
237
1262
2696
299
431
1252
2515
2817
2646
4002
1703
2187
2352
3342
3267
530
1872
571
3117
2289
2769
1038
1643
3001
1780
3137
2249
2275
3451
331
2591
2230
726
667
1888
1248
171
2253
2184
3831
2667
2943
4164
1904
3193
3890
1915
2500
648
1533
2076
2035
2926
199
673
3469
3730
2972
1016
2339
2762
411
1865
227
2867
2080
189
1011
666
774
2162
2626
2460
1344
3895
3088
1982
2375
1945
1454
979
1729
365
2290
1019
2842
1433
2205
1173
2289
674
2383
818
950
1233
835
1624
2400
3997
2761
2337
176
1989
219
2106
2081
2130
1972
639
1245
2971
3588
2375
1978
1777
1543
3600
2509
2143
1048
2234
1716
1139
2344
2614
3143
413
1340
2376
1544
2733
2799
1616
2465
1920
2493
1884
273
2554
1474
2901
1789
2774
254
1543
2279
520
1665
2527
304
95
277
1802
3280
2553
361
3793
2579
1285
2202
2252
3282
1088
3048
1546
3106
3385
2608
2524
3070
426
923
968
576
2861
1519
477
2433
1272
1455
1909
934
1397
3552
1898
3159
1533
2743
602
2837
497
2524
674
1999
1577
1382
2208
987
688
2745
2167
3247
953
2020
1254
2148
174
973
2523
499
539
2413
2785
1210
1150
1368
1066
1316
99
254
1718
1781
1133
132
94
2342
1736
2812
2172
3611
1177
2335
851
2076
1327
2889
1770
360
947
721
1375
2887
2356
3290
1133
1204
177
440
2045
1649
1714
3861
496
1698
850
283
176
1966
3449
814
2804
1554
1383
2831
696
1599
1702
2107
3673
2030
1312
1303
1778
3053
546
1382
606
1371
2919
1272
1585
1983
2140
2110
2788
2728
1900
2745
882
1223
3201
3575
2694
707
972
1061
1991
301
1818
1710
1836
3286
1154
3501
3270
2863
1893
1172
376
1303
2685
1580
1676
1511
1851
669
1465
83
1698
557
3455
2415
586
922
1725
539
1860
2053
1858
1196
3112
3902
2663
2259
2818
2225
1442
2193
2243
3367
2453
621
2219
1022
2986
3094
2841
2956
2624
3862
1147
2160
583
1048
1218
1752
1338
2738
285
442
1696
2307
1978
1499
527
1313
2405
405
2783
700
1842
2918
2048
2859
700
653
2517
161
1222
2056
2308
2507
3055
2720
2204
296
2343
752
2828
2056
1094
2582
2264
1852
1356
1709
2399
1777
1152
1597
766
68
813
1804
2281
1388
1067
800
1443
3687
1519
1285
2842
1397
3128
2926
3185
2093
1162
508
361
1158
2996
3022
2009
1334
2418
176
2695
1886
1734
2851
2160
1728
302
398
3043
2387
123
1279
2141
1122
3101
2263
576
248
2483
1793
1677
2923
2254
3247
3414
432
2298
1965
2047
3616
1051
441
2845
334
2371
1341
1997
1917
2405
2070
2243
1451
828
2933
2545
2133
1439
2297
2537
751
2230
698
424
524
1544
2189
2406
776
1310
1211
2705
1142
3168
425
940
3806
1003
2217
1928
2198
1417
2739
1635
133
1558
1992
2062
2826
864
3364
975
2736
2011
2106
1110
1893
3456
1815
843
1202
340
1864
3231
1986
1205
3884
2764
109
699
1762
573
2529
583
1777
1310
1443
96
2316
3045
3688
2000
2823
1957
292
3052
1021
1464
1855
250
1685
2016
1542
170
310
3321
1399
1777
2072
3726
1167
781
2188
2123
3252
1637
950
2739
1146
2715
2402
480
580
2305
1941
807
1455
758
791
2061
1967
572
2248
2730
2919
2647
102
1286
2039
2967
1805
2523
2622
2589
3181
1891
314
1468
2390
1581
1823
1840
2176
389
3101
756
1755
1689
1320
2965
3753
1063
251
2569
3599
2646
757
2232
769
1300
1891
944
2450
2919
2648
2615
463
1657
615
1064
1683
132
868
1984
1007
1879
2849
712
931
2166
2691
1313
2105
671
1046
2345
3472
2473
2824
3105
2211
482
1463
1364
915
1458
3274
2422
2339
1351
1364
222
3409
3228
1971
1403
2988
1566
407
2896
1564
3134
2545
1413
2001
1717
1688
1678
478
1834
874
536
1206
2464
3298
792
939
2666
1355
1901
3556
787
271
3621
2297
1614
1715
269
1209
1714
2816
2162
2304
1088
2774
2795
936
612
1781
2710
1251
1812
1981
429
3756
1331
41
2831
2086
2428
1158
2908
499
2992
228
1942
2638
3238
3902
3192
1835
1168
484
2366
1310
2279
3031
1245
2697
1913
2131
1301
734
2375
1326
2691
3003
3196
607
1653
411
3085
2383
1041
1353
1587
673
56
2448
245
2839
2986
1992
2213
738
1018
1583
1047
1374
1026
848
3081
2660
916
306
1032
2396
3106
1450
859
2762
1695
3214
1124
1518
4092
2268
2563
2689
1398
1091
607
2606
1707
1216
2987
1280
3303
1303
3306
1074
324
3325
1510
112
1649
2057
748
1850
1497
28
1011
494
1583
3190
373
1668
564
2864
2868
3599
1302
3252
2014
1257
1918
1067
3083
117
2474
2060
726
963
643
1582
2814
1629
2991
2226
2028
960
271
601
539
2578
1338
564
1755
637
614
659
2464
2223
3497
2645
3613
1765
122
2651
1133
1277
137
1152
3065
199
716
1451
1848
1840
1723
1336
1930
2924
1080
2658
330
2852
1449
1118
303
2923
1869
2680
322
1775
2675
3122
2246
1820
1198
1104
281
1654
2533
831
740
1871
2397
2501
194
513
1635
1844
2070
554
814
1137
1905
1254
1894
1692
3222
981
2745
2699
1132
3295
2587
2961
3414
1551
256
2316
602
1370
2043
2313
2571
1741
230
977
1607
1737
376
1725
210
3729
1624
3037
179
3101
2574
1852
3680
1689
1095
3090
1908
1088
3157
1800
2761
1104
51
1054
2097
1974
2025
2849
310
1880
1475
2201
1915
1240
181
158
1537
868
1835
1199
2287
2602
2344
616
1449
514
568
2904
2299
1251
2577
283
1774
2417
591
2534
3012
3110
1252
2321
1277
2297
3276
3195
650
1855
2621
983
692
971
2406
3141
1633
1927
2693
1451
2207
206
2445
3311
1795
2421
742
2568
1046
2815
1311
1109
1289
93
1448
694
1855
1232
1767
538
527
1695
400
396
718
1107
1232
937
337
2616
2717
3200
1134
750
2665
693
2909
1925
338
1228
998
949
2021
3726
2018
2066
219
3077
1355
2821
1081
1785
1639
1588
1820
2538
1697
1224
2718
901
1567
1574
926
2010
842
3158
2511
1711
1437
2693
2748
2148
1410
489
3153
1187
1849
1462
3797
3270
128
1859
3533
518
1111
2457
1163
1561
2089
2233
1786
925
1571
3714
699
1414
77
1990
1766
2180
1497
1629
2637
2307
741
526
1737
3183
2652
1297
3140
1372
1844
2726
2899
1954
2871
338
2646
296
1471
2836
2773
1710
862
1790
1378
1892
3552
1816
1967
2489
3021
612
1076
2061
1120
2799
1968
1648
1897
1176
1528
4224
2702
2303
2037
2302
2435
1395
2968
868
2146
173
2219
1260
1440
1115
1883
2346
797
2071
1997
1113
121
2502
2983
1983
1346
2076
1205
2228
975
1598
2254
2720
3541
1564
3627
1791
2847
1704
2869
2235
798
478
1015
2010
2206
2386
2982
1017
2250
2946
380
1685
738
1882
419
914
520
934
125
312
1169
2342
1999
576
2633
1454
2284
1217
246
1979
2206
2728
1343
2875
912
3668
1756
2254
2244
436
403
75
345
1715
1329
1738
2180
1162
1578
2570
235
1330
3461
474
2207
2498
2676
2921
159
315
2458
3074
2155
2500
377
598
2230
2959
1354
963
143
621
1792
2641
2103
2419
1262
2215
1810
847
2590
1885
576
2202
1654
3148
485
3520
1420
772
2955
290
2230
1904
1666
2428
1790
2800
1001
805
407
2719
2514
2121
1558
1712
216
1576
2450
2141
2975
558
1816
1394
1235
1842
2137
1639
3408
1622
2465
2802
2053
931
2845
2510
3141
2326
1398
2002
1081
2410
1086
174
992
1588
2281
1759
2679
996
2677
1835
129
2756
133
2500
1866
2497
3884
3827
1791
2549
3249
807
2796
341
1049
1621
2312
2628
1200
2300
2892
3173
634
848
275
2602
2083
799
1023
1715
1306
2791
1249
3229
957
1913
800
1174
2146
786
2687
2294
1886
1776
857
2624
2154
2395
1393
1048
1982
721
1863
2864
1142
2833
2688
757
2700
2734
744
693
2576
2915
2468
289
2691
2387
606
990
2177
292
429
112
282
2185
3957
1761
2254
940
1459
2991
1952
635
1961
2525
2853
412
993
2725
2565
1362
2502
1197
1524
978
1895
1718
3546
2434
2117
179
2974
808
737
1271
245
3063
1780
2020
1572
2146
1771
650
3162
537
1197
174
230
1409
1203
3342
2157
2869
2266
1456
1194
1494
200
741
3200
859
1992
1197
1579
2912
2503
2561
1386
270
2113
783
2399
3236
1183
3161
1390
1535
1404
523
1779
2142
3523
3206
1982
2597
2437
2947
253
2711
1933
2287
2667
1469
783
3594
2630
3319
2605
2083
2426
1636
1925
2171
1620
1622
222
2256
981
1048
1097
2359
1733
1654
837
2167
1455
2835
2601
289
1082
2573
1462
2014
360
691
196
612
2025
1510
2956
1543
195
2751
970
3119
849
2063
2832
2579
1245
3412
1939
2431
3116
162
2678
2697
1060
2778
2678
3396
1165
510
1969
2013
377
1489
3137
892
770
2939
1068
2502
801
738
691
2024
2517
2877
1286
2122
877
2338
1850
3228
2563
2336
2686
296
269
1846
2114
1197
1013
1336
2467
1248
1433
227
2676
2082
889
2723
2172
2267
2049
1406
612
2966
2994
2502
2803
2964
1226
1446
3319
2756
900
2317
429
1648
2626
1807
3531
1392
2992
1666
1045
158
3428
1861
3592
3349
186
2164
2910
1529
2025
113
766
1025
2723
3146
2366
2199
2386
2405
1524
1090
2298
2436
780
90
3741
690
2296
2340
1369
530
1794
1901
177
2659
1588
1584
1990
3173
2226
785
2765
2637
309
1631
1706
1772
2459
1839
3084
1092
2219
2056
1819
396
2346
3521
3170
1630
1013
2491
3959
1239
1618
2199
2606
659
2841
3586
1011
3795
2028
2528
2876
2330
3553
373
2557
2006
402
1878
1331
799
1075
1422
1737
1020
73
2423
855
3285
1786
1684
161
271
1811
1554
776
250
576
2502
382
2423
2823
468
1541
2022
2613
2110
1654
1940
2669
1887
342
1374
2081
816
1394
2313
2329
1534
84
538
2227
1025
3033
3453
2565
3293
3159
2177
2464
2637
1878
2731
2808
813
1055
1347
643
2481
1106
2733
652
2140
1759
2801
2583
108
1198
967
97
2166
2375
630
1041
385
2128
1394
2147
1168
1895
1880
1034
2647
635
1066
1429
2962
1406
1835
163
1476
1450
2314
165
133
1372
2328
1973
1201
824
1781
1753
315
898
3059
2105
1283
2113
1248
3381
382
2052
899
1805
2595
2378
2596
1143
1310
2135
498
1057
3793
1692
648
2487
1287
2718
1214
1834
488
612
476
1254
2898
2835
951
1533
3116
298
2078
1124
1582
1918
2170
1761
707
128
289
1137
2824
2064
1181
1937
2641
2767
1773
2136
1535
931
3140
1135
3228
162
2499
1016
1299
1651
446
2324
951
278
4448
1250
933
2358
3436
1407
3563
2631
171
2679
1131
2175
760
2562
3019
1434
1114
760
1512
2118
1701
1992
3227
2943
1243
1520
2954
852
840
2747
2303
913
615
2816
2681
2604
1067
1872
1073
2157
1720
1418
529
2634
3892
2487
2248
1735
2766
3813
1669
3366
1453
1910
1623
1879
1382
925
127
839
2796
1539
2330
1347
2269
1214
2926
3454
2652
312
2927
2284
1623
1270
2439
1598
547
1864
2203
2109
2051
1789
1569
1936
1998
3535
2539
1747
127
2603
823
2354
3125
3194
886
1432
343
2592
947
2439
2302
575
1498
1692
3206
1641
1419
770
324
2760
1767
1520
2870
226
3099
1276
2158
150
90
2155
3471
2449
1406
2664
1491
1472
143
2586
1767
2497
1084
691
1855
226
1793
1299
3015
1186
2312
1650
1212
3306
288
254
3517
1562
220
2485
2848
2823
336
2637
3402
1090
2713
2212
1095
1371
1677
2888
3443
2236
3256
1952
1778
2705
2807
2709
575
1754
639
2309
272
2948
1081
1500
1782
2111
3234
1191
2776
2074
3102
2202
806
2965
3266
1339
2298
2867
3198
2882
2192
2766
2310
2042
1260
3520
1373
2243
1895
3449
422
1365
3022
2923
1058
3036
1077
502
2616
1473
1147
982
297
2566
2261
2580
1277
2667
2765
830
3118
3735
2705
3122
1718
666
1934
605
368
155
3216
801
3410
2463
4222
2771
2128
1099
637
2597
1434
865
1515
188
682
788
964
1429
1265
2951
1403
3461
1471
2030
1400
516
1470
2608
3139
2121
2615
1529
1993
1202
2110
2543
2461
603
3246
1396
2012
1304
159
2200
1849
2196
2023
961
907
2214
1048
1750
907
2982
3390
2558
1863
2773
2635
1678
1753
1051
2873
2929
1375
2630
1890
746
716
1791
788
1825
1938
960
2146
1229
2900
1896
3607
2702
1843
2113
1673
136
1383
3290
2665
1632
2111
2044
1878
513
147
1172
2156
1972
367
1247
2610
2123
3093
902
1990
2974
1267
1612
1570
2889
2653
629
2186
559
2181
761
744
884
3474
438
1775
775
2851
1792
1584
1877
2350
1380
2295
1695
2315
1452
317
2026
1317
2435
69
299
1031
1132
1454
1081
2749
629
224
2018
1846
2469
768
507
1811
833
2888
1166
2954
2229
1074
2239
1854
905
452
3311
4282
323
2830
1151
1125
2700
1117
2020
2137
1790
1309
1831
1297
1535
2732
197
897
3416
3196
270
706
2449
2946
785
1914
3669
2597
777
2550
1247
2161
2390
1376
1342
961
3270
1979
2202
1583
1817
1995
1672
2070
2408
935
2565
2854
3011
3594
380
167
2796
2165
2172
334
3211
947
3177
2233
2925
2199
1201
1514
2432
118
3351
1319
309
2179
3238
1001
3646
77
2053
583
1752
1218
2699
2804
2828
1309
1587
3667
1004
660
940
2540
3495
1427
1926
1650
3406
1031
1277
2548
218
1572
1735
2637
2916
1390
3822
2987
1581
1732
2247
3911
2210
614
921
2643
1110
847
404
1878
2899
2884
2520
1522
1981
2311
1266
1607
2153
2840
1644
1887
2551
2006
2769
1702
1994
1932
233
2720
2599
1844
1329
2981
460
1969
1399
1807
1460
895
2120
1115
2032
544
1134
577
483
1894
2578
1782
2502
2306
1436
483
3798
1772
1255
2366
2511
182
2055
2342
1588
2614
2637
1847
2523
2278
475
1124
2086
559
1482
543
2008
1101
2657
1203
2110
1839
687
2226
2673
1314
1373
1888
2016
631
2890
1130
2675
572
949
1877
1745
1172
1200
3378
878
2667
903
644
678
2769
2596
1835
3174
2600
2896
2518
1168
2461
1337
2047
2260
3403
756
1548
3573
312
2738
1493
3346
1793
2145
2217
326
2800
2801
2678
1130
1497
1933
736
1872
1991
2522
1236
2317
2368
2893
1173
1462
2346
252
1945
3218
1184
1503
3916
686
2671
199
1198
2460
2313
2033
928
1171
1653
1969
2883
3448
1200
1662
1994
2588
2717
2335
400
3243
256
2483
2840
2151
2728
1116
2046
2955
2541
1011
770
1447
1909
1695
2038
3631
1356
2451
1706
1584
2166
1844
1996
855
2149
2424
2111
1568
2579
1075
3140
321
1289
3754
978
1989
1884
2138
2241
369
2685
2175
957
453
1361
1772
1197
2313
677
2715
1206
2875
2145
1651
752
2113
1222
3424
1524
805
1494
744
404
1968
178
1665
881
733
138
3099
2261
451
3211
965
3216
2102
520
1867
2157
2545
2114
2073
1574
1864
1221
2530
894
2609
3123
3196
523
1236
1061
2229
3873
3560
863
1663
1317
2616
137
256
2372
2465
1062
2433
2328
612
239
137
1656
2716
1234
3747
557
2570
3444
1977
3494
3387
1760
713
2297
2248
329
2320
2920
687
1821
1735
2558
1939
1125
884
2766
675
1698
2337
573
3166
3159
1038
46
3015
992
1284
1231
1861
1767
1184
2668
3185
1272
2148
2109
287
787
3037
2968
1623
3031
1852
546
3111
3361
1032
2478
3132
1458
629
2629
2427
2458
1940
2349
2129
1452
1707
2211
1587
1966
1719
2729
2391
3228
2526
2558
3293
1264
2452
1250
1659
1331
218
374
861
1204
366
2184
1830
1957
2311
250
2033
3166
2429
171
714
3485
2249
1292
741
2930
2252
1669
975
2880
1279
1107
2168
791
148
1533
186
835
1288
2376
672
1764
3397
1387
1058
2718
282
1796
589
1695
438
2614
2285
706
3954
3205
604
2145
3016
723
2095
2459
2657
207
1968
2995
1767
1149
2796
2297
1300
663
1327
1536
744
361
1437
928
3828
118
2391
2409
3119
1131
836
2924
365
1305
2081
2494
805
1805
2794
1954
978
1349
1292
584
1015
2770
2310
1049
1521
1846
2939
2594
2579
1408
125
1833
3697
2491
2232
639
1743
3378
2779
2689
2579
125
1380
1521
2823
1754
1225
1058
1707
2618
1667
1201
2392
1647
1410
2170
1538
43
1869
881
2580
1290
149
2362
776
3014
2432
2952
2726
1943
977
91
2397
1845
1569
2783
2344
1615
2579
1339
1961
2036
1237
2036
3261
887
2010
2825
3877
2757
3089
1081
2426
1136
1986
1980
1423
1977
3455
2263
2879
2993
325
2939
1458
2231
1464
2374
654
1691
593
1804
703
282
859
1454
2532
2827
2715
1952
2679
2295
950
2033
3162
1835
119
2665
3035
1612
2328
416
2002
1632
1652
1532
3012
2638
256
2739
2784
2377
2241
1929
874
3201
273
2402
1365
1346
3101
1315
44
1108
2480
2033
3481
2015
1177
1953
2109
718
3370
1971
2272
510
2485
3776
2931
1095
1322
1499
996
3627
2066
194
959
2957
1922
1530
2234
805
907
354
527
584
159
975
449
1652
1231
3142
2618
1789
2555
614
2567
2684
2319
2570
240
1537
2338
3122
2040
1433
302
1616
2451
3092
268
1558
3446
1410
1992
1261
132
4041
192
1510
959
1690
311
2696
2085
2298
1144
4011
3270
1879
1482
117
1682
2334
3295
156
2005
2374
1422
3171
3031
2474
854
1648
1852
2098
1244
1790
2563
3341
722
892
1813
1562
2831
722
603
2155
1224
3157
2872
1096
1698
911
2520
840
2357
2440
1735
2027
2181
2602
2933
800
2880
480
1522
2648
1082
1595
2700
207
2324
1723
2714
2726
1105
1840
2483
2839
2281
2059
2171
2305
1832
1986
1483
2690
1340
1706
1572
1132
1366
1704
2469
621
3134
1965
1558
3166
1426
1974
2693
3312
1485
2655
2591
1340
2896
1555
1275
622
2099
2258
344
1549
1264
1176
2737
1280
101
1468
945
2589
2660
2007
1869
1275
985
1391
1453
1845
3589
1923
1117
2436
2611
2346
2692
764
2777
2250
381
799
669
1851
329
90
1195
509
2168
1756
2263
914
2941
2269
453
858
3480
765
395
1957
3079
1487
2015
1077
3123
212
3953
1018
1738
250
2129
3286
715
3093
2918
1617
739
1415
2221
254
3235
3254
3080
1720
225
2587
505
1137
1161
1495
616
2645
1131
1154
2236
1016
2854
2524
1302
1846
3420
2019
1700
2164
2422
1885
2973
2003
2641
748
2878
2385
93
722
1716
791
911
2419
1797
966
3441
1964
1084
3727
4341
3243
2133
1713
1287
2226
2935
1704
1950
2487
1519
940
2975
1739
564
417
661
1213
423
2920
1670
1639
1928
1519
3869
2583
1928
2303
1666
1063
1267
648
1276
1802
1525
3145
3808
1536
786
2582
1042
3635
2815
1851
170
661
1619
1837
2364
1013
1244
3157
2383
3752
2541
1792
2072
1502
2638
1705
2288
1958
3579
1556
1344
2063
2350
1766
362
2337
2188
160
595
1417
1899
2396
1771
3471
145
971
420
1721
2158
825
838
723
1771
2639
2630
1305
1791
2902
2452
478
1735
1959
2183
2887
114
1264
2063
18
1674
155
1669
2516
3558
3112
2204
604
807
767
3389
1626
639
3718
2346
1305
1853
189
2092
782
1870
3223
1560
2537
512
2714
2299
2380
1435
1458
1023
1502
1844
4048
231
1155
2059
1032
2016
1080
977
2761
2707
2103
1103
1589
644
2928
1359
459
1223
1488
446
2401
762
2397
1983
3939
960
2701
386
1366
201
3193
547
2213
2790
19
1962
950
144
1812
2719
384
1936
1461
449
1827
2063
1926
1131
1434
2283
2530
198
2546
3227
1786
1652
217
365
239
1760
2095
2304
3157
1104
2006
2113
90
1149
1076
939
2615
2770
1763
1543
685
3189
2038
2262
967
2397
1016
1880
2116
1664
2736
2690
1151
1829
1352
486
1182
2542
2452
373
645
3026
1499
1741
278
450
763
1494
2587
724
445
40
1109
2166
2428
3114
2960
607
3567
1147
1485
790
1995
3020
1763
197
2082
1410
136
3303
1752
2500
3125
1714
1851
2368
330
2657
1524
3476
539
2383
3835
211
424
267
2962
2115
1186
1246
868
1754
3059
767
2184
2928
2791
2945
2724
2490
1979
1275
728
1804
1520
574
1124
1111
2795
1873
350
2049
276
2559
1288
1289
303
2639
2122
778
2317
335
566
1699
1733
2764
1292
1713
3374
3297
519
1561
2544
1271
2273
2630
2548
1556
1744
290
3136
1179
1214
2643
2924
949
2190
2032
254
3644
153
2171
2368
1077
953
880
1808
1402
2448
1267
506
1196
1772
939
2018
109
4335
1649
1930
2079
438
1421
2238
2142
2823
379
1751
2331
2174
1641
2120
45
1729
1774
3616
1971
963
968
434
2689
3758
1933
1005
133
1441
2527
2103
689
327
1178
2012
2381
611
2000
2223
2096
3018
1614
2351
2147
2305
387
2030
2885
952
3360
2144
2426
1204
1949
1979
864
1927
2160
168
762
2259
518
1903
2269
2578
2054
1930
1740
3281
1481
186
2756
530
2668
148
1197
1813
2774
1417
709
3162
1552
699
715
2352
2146
195
2641
632
91
1401
2772
432
2379
161
1045
1838
2057
3763
1728
2115
1399
1436
2416
1323
3049
1368
1936
2485
2197
153
1998
889
1052
2715
1780
505
3049
1055
221
437
1430
994
2950
2123
1217
236
1081
1962
1946
2394
479
1130
2322
1014
1461
1230
2936
2272
1457
119
2452
456
2530
1326
493
902
2217
1819
2967
842
2382
2656
1342
992
214
279
1377
2098
1810
1189
1579
1279
1882
1346
1189
1334
2095
2415
2166
2629
1812
1463
2125
1629
508
1050
2594
582
1741
438
263
2191
1634
1001
1034
2051
526
2469
1124
3353
1191
2690
637
1528
420
1025
1007
545
2966
1958
648
456
3071
2399
1339
707
287
2579
2913
1193
1813
2499
2073
2539
467
1395
1035
1905
3258
1987
2690
2134
33
614
822
1101
3667
2658
390
1011
3102
739
1660
3159
1415
1574
1796
2590
2206
1485
2196
3477
543
177
564
2887
1401
1143
2193
1675
1400
1935
1726
3263
2266
2162
3020
1282
1356
3212
2188
1766
193
1525
2634
2757
2249
1910
2585
788
944
2545
3095
658
3774
2967
1906
3302
1126
1614
2756
1582
319
2900
2656
2302
3037
415
3203
2084
3072
1619
502
2380
2346
1281
829
1674
180
1632
428
1616
2211
1544
1458
732
1310
2710
1862
2347
1435
2356
1445
3196
3257
2264
1556
1331
1149
2537
3264
2500
754
1741
3135
1373
977
3773
2612
1911
688
1544
3135
3556
2312
1697
3344
526
1513
1498
1050
2918
161
1356
738
2708
1978
1737
754
2104
3065
484
1617
2230
995
1851
2254
1543
2035
980
552
1683
2311
1375
2430
1198
2299
2466
1848
1939
513
238
2348
1957
2763
1611
2153
2883
3509
1629
1195
3228
1300
608
2717
2343
834
1711
842
620
1721
1412
892
1102
1694
2722
2512
1379
2859
2534
416
1856
2960
1097
3064
2667
297
484
2082
2432
1945
2664
2416
717
2250
3382
2753
979
660
2914
848
2721
2469
2979
2704
2944
2859
198
202
2078
3246
1576
532
273
1634
793
229
1207
1677
2058
673
3039
1331
2064
3502
94
1630
2930
1996
783
1856
2565
2442
1674
704
2728
1400
1776
3098
3219
2077
1627
2838
1677
4006
1472
2588
1437
1297
134
700
1858
397
369
2929
333
2267
2641
596
2436
2120
1131
2656
804
1621
401
988
3252
288
2750
2127
2055
1085
194
1969
772
1942
2070
2105
1076
3020
2248
3008
3709
2051
1901
1066
2166
3066
2975
2266
2007
2528
561
2668
1263
982
913
1703
2394
3486
835
1696
3687
2792
336
1765
2548
222
1836
791
919
1322
2666
298
1917
2426
2987
1234
197
3214
3099
1672
118
3181
1897
1637
2983
1840
2822
486
3116
1760
1900
1865
2269
2162
2035
1080
1133
3309
637
1585
868
2652
661
3077
3205
2431
2913
138
1823
2592
1662
1540
2643
3285
3171
3169
732
2417
3127
1056
827
2227
791
2864
2062
1515
3050
2966
761
136
2124
1812
1547
2447
1421
797
1192
681
684
1639
1327
3331
1655
65
2640
1631
430
2224
2928
2435
2834
3016
761
1727
1687
1438
946
776
2195
1187
3753
3142
2661
2622
2746
547
3393
2483
2458
1583
2497
300
1839
707
2206
551
1081
3025
123
1743
2241
2565
2003
3268
1973
442
2395
2199
2308
2647
1257
1188
2716
1771
3897
2632
1992
2381
1402
2334
1734
1226
2438
1111
245
1304
895
350
3363
1913
2176
833
2217
2773
1755
1659
891
1638
1531
183
1153
595
1449
1508
741
267
1481
3530
2969
2542
2252
104
2064
3151
2544
1212
2545
2309
1695
2861
1557
487
3288
1047
803
322
2804
416
2905
1984
2639
1377
2688
1071
74
1943
1921
1461
2117
1621
1101
186
2547
1806
1819
672
2252
1337
1168
81
1198
448
3062
1506
2400
1166
1751
432
1964
2339
1241
475
675
1962
2063
273
3405
1724
2401
1333
1397
3199
1576
1453
1812
1488
3282
863
391
2200
1849
2924
2294
1141
135
2619
1896
3141
2138
1889
2390
687
1917
720
1943
326
556
713
398
2343
1644
2739
1085
783
1410
350
1468
454
865
3706
1549
377
951
2784
457
1442
1621
196
1737
1688
2693
2128
1629
1074
71
808
524
1823
936
1793
2421
1376
2573
2307
3465
1944
960
1495
3206
1016
3094
633
1694
1026
2532
983
1769
3498
3217
2005
2052
2919
292
2915
3184
329
2431
1758
461
2012
1029
2898
2811
2213
1073
2085
1888
2882
1492
2612
2201
2038
2811
3194
130
1619
3064
2446
257
1867
3047
2594
711
2988
2418
2736
3104
433
2563
135
2508
2826
1033
3064
1185
1384
1721
409
3347
957
439
2953
2088
535
1789
647
2366
1239
1522
1346
2274
979
601
670
1617
4022
441
2359
1106
2429
477
2764
1549
519
2178
1785
2155
1482
1944
2619
1705
1837
1588
715
451
431
1140
2208
229
531
2975
311
2712
899
2412
1404
2127
1567
2361
2835
1684
2632
2893
3499
2298
941
1776
1158
668
922
1546
383
2082
2280
1313
2878
1768
49
2692
2801
663
1657
2947
2141
1569
2582
661
1401
2916
2304
1580
1446
2612
2066
2330
2202
3036
2319
2141
2396
1634
2619
1373
2991
2355
1882
1555
579
1833
564
2398
2014
2335
3235
2177
1997
471
2816
416
2639
1803
655
2830
1065
373
2412
2201
2392
3589
2708
1624
1733
2505
1271
2484
1937
3855
453
2844
776
441
2820
587
2814
1192
1189
383
2932
2220
375
1550
2480
2635
2898
2327
2951
1158
1963
3319
2191
952
3112
578
1679
895
2327
2302
3627
316
2865
2959
2424
1051
1461
1925
2483
3670
3519
851
2941
3937
591
1570
1659
2880
2426
2805
1715
2794
2581
3001
1266
2882
695
1753
247
1319
2283
2948
1912
575
3417
1178
1050
2367
97
1973
891
2560
768
2407
1267
1609
3200
748
48
884
905
1209
634
1376
198
776
3006
1111
249
602
2732
1514
3188
2577
2362
2159
326
2163
2937
1511
793
1129
3106
3396
2406
1077
481
1942
193
837
1245
1036
1826
2118
1322
2557
1674
1977
2612
2077
2019
1828
2219
1906
2116
2589
1638
2217
1825
1854
678
823
823
137
1404
2694
3343
1920
651
2286
974
1489
2360
1683
1835
1754
1812
1278
3723
313
393
2365
620
284
2375
3303
2138
1262
91
2493
2707
3287
2090
1431
2751
1857
944
2680
3731
853
410
328
3831
887
2006
1944
1651
2056
2429
2424
2810
1279
1147
1341
2252
2148
466
698
391
1201
3109
1485
1410
2224
1046
1640
2998
3807
1378
1897
2885
651
1004
676
2196
2478
695
2060
1737
2914
3719
1071
787
2170
2014
2869
2749
235
3510
563
1729
1625
1959
563
2462
1849
436
316
1495
105
1228
2210
177
1970
1204
1821
1138
1831
2790
3220
1395
1224
2445
3296
1700
759
1948
2407
1450
997
932
3397
3056
1171
1221
1223
2384
1806
2319
2262
1609
1970
329
1787
3257
459
2366
2134
2003
334
1548
2044
2465
2026
1573
936
2978
684
2364
2643
2813
435
215
298
909
1496
1169
1914
2744
2477
261
1790
494
1483
1748
1260
351
690
2604
1772
613
437
520
1959
2815
2536
1489
700
3626
1772
1333
1170
2494
2745
1631
1896
3314
2719
1586
851
2143
1021
1114
3316
2087
3179
1086
2700
3011
515
736
2137
2301
646
1432
2869
1308
2731
882
3034
1469
1906
1643
661
2282
1801
1994
1505
1905
2420
199
1732
4040
628
76
1246
2801
1870
3163
2255
1301
361
2120
3744
991
3223
1160
1779
2657
641
1718
2822
197
2523
1041
1216
2668
2874
1295
602
768
1669
2859
2379
1654
1018
2309
304
1944
1442
3090
1570
1885
1285
3138
2497
435
2193
530
1102
2815
2772
808
2145
1139
1413
2999
1168
2645
3068
1265
419
1608
3068
457
785
2806
917
983
2460
829
423
1746
905
3456
2167
1318
99
2662
2363
3249
2294
2245
2020
3048
2137
437
1072
2013
1468
2982
2721
2658
2746
2620
2824
873
1734
3149
2869
408
2201
1701
2556
1260
647
501
160
2180
1535
1712
2507
2070
1880
1983
2768
574
1814
105
1456
2519
141
1734
545
1542
732
3289
3245
601
1201
1349
901
1926
2443
661
2884
2781
2058
1673
407
484
1082
550
736
1694
1350
2861
2260
1774
263
2499
865
3471
1171
401
1982
1176
999
991
3567
2748
129
782
112
1856
2124
1046
2509
2689
1586
1916
1068
652
1755
799
1031
2890
1323
1830
2693
1357
209
2297
2310
2679
1492
3139
1173
2137
2778
239
1768
1894
1323
3337
1985
800
766
328
1068
2338
1733
3960
4470
1918
927
575
2137
2507
1765
2726
2663
2464
1250
3188
3306
798
156
2537
1445
3127
2187
2594
1893
1137
1488
1190
3112
905
1203
2160
806
2045
1216
2941
2208
3718
2683
2860
1362
666
2392
1131
3390
3017
1896
1891
1226
1616
2535
2971
3258
553
373
1427
1587
1957
2468
2715
3507
3180
2574
512
2310
1342
1682
2289
1920
2331
2747
2256
1259
964
3595
3316
3203
2602
2647
2608
2156
907
2960
695
2155
2591
3555
2338
640
3222
337
231
972
352
3338
2823
2882
2665
185
1435
3075
3219
1664
2156
832
1092
1616
2621
1891
1939
1126
1512
2165
1611
866
2081
1146
1964
1763
1414
1372
1302
2422
231
3053
181
2691
3225
1780
170
3316
3183
983
535
1736
2891
1709
1875
2806
141
556
2527
2421
2920
1578
3071
2047
2412
1159
1120
302
3150
843
903
2597
2565
1533
1266
2801
1080
768
514
1854
2093
1677
1608
3225
2580
1511
1087
707
1690
2630
685
2423
2081
2616
1813
1938
3460
2096
171
2431
1246
3190
2671
3390
821
774
990
393
2379
2014
1153
3425
922
885
1836
2805
2630
2268
415
845
2712
2890
2189
2855
926
2619
1477
2426
2984
2543
456
1262
1462
1137
3060
1811
1976
2872
2449
1185
3377
1985
3241
3360
1321
2398
2028
2952
2518
1254
480
2017
243
2183
2168
1182
2276
850
2240
1829
2771
2868
2364
1430
1091
2747
919
1768
2345
2351
2393
727
1337
1039
2293
865
332
769
2939
771
158
1301
1491
2702
2615
323
1026
2248
2637
1588
349
460
2279
2575
2083
832
1144
1395
247
2445
1753
2117
139
3222
1972
199
1135
1414
2937
1932
1607
2267
1277
543
2406
1195
2732
303
2274
1722
175
2270
3608
2591
2024
1948
2736
2003
735
2600
1259
1876
932
3274
1635
737
2049
2410
1532
1679
2845
828
902
1770
355
893
1060
1554
1518
299
2370
3110
827
3347
2312
1687
3103
2748
1297
3363
2778
2051
405
1878
2569
661
1819
954
2455
449
2606
1869
741
1127
1774
567
2184
2278
590
2295
2086
572
1556
2412
471
3105
2447
1235
1013
2105
1737
615
3102
3477
3118
880
2430
2865
2523
1848
965
1257
2519
1028
1250
1233
2513
925
2260
224
1592
467
1023
1977
1577
1496
1541
2145
2575
1155
2929
1033
987
1156
1354
2044
2361
2798
2360
251
97
1455
2540
2893
2632
1281
1404
2928
491
2253
2023
966
554
1285
1700
2461
3053
3015
685
739
2921
3006
1943
524
1914
1051
753
826
1127
2348
1944
1521
1307
550
2037
1982
1217
2430
1694
3650
1815
1359
1784
1349
892
1759
1902
1869
2224
1510
793
1654
1794
1207
2643
2772
1178
2221
2093
2196
583
92
1892
363
2970
3234
1917
2956
1882
3041
1213
1806
3196
2709
1913
1917
2747
2129
1107
928
2470
1314
487
2658
2597
1992
2183
2848
494
159
1142
2038
1895
1753
1229
2152
618
510
2695
875
388
84
796
2854
2586
2044
2209
2471
1613
2719
2084
1503
2964
2547
1749
1382
3079
1400
2206
732
568
1972
3434
1190
3176
2231
1927
2579
1765
1145
2337
1880
2031
661
662
2042
2279
2259
1976
379
2601
221
3034
918
769
1225
772
1333
109
3086
2468
2088
473
297
1368
2264
2422
1984
1579
3460
1388
1612
1596
3084
2385
949
1594
3264
3217
1991
929
258
2544
1829
2604
1116
505
157
619
1899
526
535
981
2147
2328
2518
1760
1999
1480
2864
1594
1491
2477
2272
2383
1925
1999
1518
2692
304
321
354
1309
2403
2332
1121
2748
728
2537
2857
2659
1853
1093
1720
142
1362
314
1903
2090
361
2257
1277
1027
2171
2144
2178
1922
887
643
1603
2529
275
669
2343
1473
1644
1160
1726
2204
1349
1511
1162
158
629
821
1694
2285
2415
2455
1117
1296
1946
1622
2602
1427
2292
2609
2221
1987
733
408
2138
3469
1593
2638
1144
984
1693
1801
622
3461
2743
883
1974
1848
373
1943
666
3073
1382
827
1253
3491
1246
1445
814
600
794
2645
1318
721
119
2300
969
806
328
1490
3093
2498
2082
2329
3447
241
2542
1458
2941
2669
2978
103
1623
1838
263
2363
2959
2540
454
612
1357
2035
1829
296
1291
2289
3418
2456
2367
1986
789
3611
2143
1484
2644
2965
1761
616
2928
1509
2651
1443
3150
2874
518
1026
705
3346
2314
815
1730
1682
2423
1817
2137
2116
1206
2415
664
1148
2943
3097
3807
852
2111
2495
1978
2011
2759
2212
2032
644
2560
1162
1277
1833
2612
1424
2114
3027
4142
2329
2827
1433
908
3217
248
509
2767
802
1241
236
3667
2659
799
621
3153
102
1117
714
246
1255
134
554
200
2196
2763
2539
2546
1888
2681
3913
208
2110
1263
1344
1708
2089
419
3606
2733
3112
2292
2407
2521
1478
2327
1088
1472
310
1082
1923
1586
380
1174
1604
2055
309
1982
2886
1814
3100
2106
1073
2336
2241
2620
1791
3644
2061
3452
3910
816
3676
1082
1936
651
248
202
2412
2198
177
376
1014
1378
1102
1780
1758
455
251
1733
1136
2049
647
1797
1395
2563
1602
1366
613
1520
1705
2339
2101
1844
621
2996
2393
845
1167
1337
2968
1320
2567
1233
2328
1007
1849
1366
2178
1970
1679
239
2709
2017
1250
131
1863
1434
1394
3697
2637
3450
1053
1911
1934
2212
2355
1742
737
3057
2083
1610
1670
780
2609
1001
2319
2027
2152
2035
481
946
3038
1292
1903
2502
2691
2349
2166
806
2650
436
2273
2498
627
665
2288
2721
3286
1618
1886
3343
1324
1547
3641
2153
2755
1072
3167
2427
2043
1760
831
1556
2041
3261
1233
2289
2364
1264
233
3564
1597
2864
1698
1891
2212
471
1760
3366
885
1380
2848
1745
2444
366
2473
1920
2018
2631
297
1562
2141
2293
2004
1036
2349
1876
181
178
426
839
2784
943
3063
2859
3088
2077
2551
238
961
513
583
1915
570
2894
2739
2041
1854
3228
1721
1586
2254
1072
2623
934
2051
2533
2705
808
1723
332
3343
640
1463
363
1237
2501
697
2442
2487
2335
2193
1525
3203
122
1140
491
1088
3167
1354
976
852
920
464
1757
2125
2849
1798
586
2867
2615
2232
582
3572
2451
830
1351
880
1051
682
2035
2601
941
1356
1586
1772
1404
2458
1426
2265
1245
2017
2378
502
367
3390
2805
1137
2256
2116
1845
1999
2690
994
1644
2609
1061
1520
1813
3017
2383
1763
2088
1554
246
2514
2632
2049
1311
1660
1070
3395
1099
866
138
2964
3470
1578
335
247
1579
1150
2393
2609
1396
1813
2834
1928
2971
1965
1566
3571
1832
1514
2361
2193
1690
2957
2557
1669
1859
2954
1523
1985
3258
3715
1356
625
1175
259
1952
2268
2957
2843
2150
3039
1539
595
679
419
2824
451
1929
1968
178
987
2451
4142
776
2371
2172
3411
2585
1860
3028
759
1971
148
2283
1790
3490
1859
2241
2804
2045
850
940
953
1260
1589
3513
2347
957
2978
2796
282
4059
1805
1787
1949
1853
2256
223
3549
2097
1061
2332
1066
1467
3707
567
867
2505
1731
977
1800
1204
1251
3170
1282
1650
661
2388
1643
663
2715
2813
1369
2162
2677
1515
73
2043
3262
591
3419
1081
1549
3390
2306
1614
3192
2114
3201
2515
625
3094
1938
2700
1127
3195
2408
1549
2013
452
1407
1280
616
2066
1310
2993
1409
2110
2554
3258
2209
2930
2074
499
3317
1290
3280
1525
2203
505
704
1697
1040
2539
2991
2700
2133
2372
1278
1686
2408
2505
2529
2892
1775
1696
3615
1933
426
2254
1235
1176
2446
1146
941
665
1376
3241
1412
2261
1535
1525
1608
2603
1452
2836
1308
2038
2123
2743
2787
846
3058
3437
2458
2387
603
1261
844
1225
2526
2118
3183
619
2357
113
2982
1730
1622
954
3470
3899
1851
3036
3005
223
1900
1013
889
2080
457
2261
2178
3068
843
2286
2388
3201
1379
3729
482
2905
3020
2461
1171
1714
2232
1377
1061
81
3122
1648
1067
2590
1339
1653
1968
1450
2859
1488
568
697
2823
2570
2679
112
2814
2298
1221
2512
2802
2903
3097
35
938
3623
2072
1637
802
3528
217
1391
2899
290
861
411
2881
1125
1618
331
1537
755
3666
1974
1677
963
719
3997
1064
929
2165
1313
3806
1476
973
1654
513
3461
1498
1689
1548
1115
3007
2790
2319
3496
783
1192
376
675
2395
2978
2413
2722
2536
2341
2749
1632
2731
1655
248
1130
1626
66
207
887
2347
2011
1930
1361
2020
1923
2460
3487
2565
835
345
1291
2904
2301
844
2336
123
1708
2384
701
2438
90
3692
2991
2127
1232
1188
223
2702
499
595
1119
1735
1439
1088
1692
1113
1605
1607
1524
473
1483
1105
3407
961
2003
1145
1404
2109
822
4192
2470
1520
3375
3125
813
1684
2130
1344
1859
3416
3702
1807
388
1290
1642
445
2367
993
1124
1020
1703
2192
1402
894
2930
3045
1865
1859
2656
2386
2820
1991
631
2888
2872
1321
3257
738
3242
1052
807
278
191
2826
3122
929
330
83
2811
2153
889
1478
1426
722
2222
195
782
3149
2950
1715
2810
1681
1441
2587
711
1231
1818
1923
3080
1875
1309
1409
1287
1728
2252
2540
972
1251
2634
2020
314
1178
815
2690
1313
2310
2255
2423
2834
1750
1454
1011
1617
126
848
2105
2459
710
2398
1538
1384
2282
2572
1514
2936
2530
2099
1595
2232
1963
586
1431
2119
2293
3290
2480
1629
2508
203
2280
1061
2335
700
811
1091
639
2619
1340
2431
1326
1976
1184
2153
736
3063
1156
427
1014
1560
3441
1720
3629
3522
954
2047
844
1229
2253
2963
3307
2371
2187
2575
423
2243
1389
1703
2742
1311
2671
557
905
2480
1959
696
1054
1978
1883
2891
1143
2149
2942
2326
818
1923
3431
544
1687
2660
1166
2952
2587
1441
583
553
1025
1275
1224
404
2875
714
1244
2297
2194
2866
2043
626
2480
1069
350
1059
2449
555
2095
2641
2037
1487
557
3469
853
2337
2481
968
1996
3520
2111
1024
2541
1427
1124
3218
4334
529
2063
2825
450
536
809
2327
1307
39
1661
824
2739
628
2705
430
1345
1278
2474
1690
2084
996
1897
920
1248
2632
113
1102
3397
3240
434
1076
3319
2945
826
361
2195
2949
2515
2696
2458
1194
1642
2936
3086
737
2330
1200
3348
1854
2180
1265
1894
2339
1922
1857
746
2523
2515
2646
1410
2879
1219
205
2588
2146
2944
2860
1853
1158
2781
374
154
2685
2170
1112
3154
1004
1286
2229
289
2554
2158
3083
1571
443
3252
1375
3114
1925
1360
1580
217
1645
1906
1344
576
2676
1715
821
226
2427
1628
1322
1557
4012
594
3008
2500
1397
1341
982
2507
1136
2980
636
201
1226
884
376
2662
1064
754
2530
2387
2061
1240
2086
1697
2757
2756
1092
909
1772
3110
2048
1260
593
2038
2525
2531
350
713
1937
595
518
2965
2727
158
1950
2558
208
2180
1567
1374
2684
2152
2402
1054
2055
1753
1629
185
830
1643
1095
3218
2948
1594
3948
636
1833
2301
2819
212
2050
2247
2118
633
1027
1899
63
2616
1959
697
2377
900
2131
1690
448
625
772
2948
1384
1742
119
3086
1830
1620
1090
1192
2012
707
1217
244
2892
195
2441
2756
1391
281
1548
1625
238
668
873
1320
1167
436
706
2572
1130
840
2663
2034
3013
1356
730
2119
986
1234
2130
2292
1086
1479
1168
200
3106
2471
927
2091
3310
1041
2531
683
2063
1364
1544
1284
279
2855
2140
1873
2818
1301
1537
230
1634
2966
3539
3514
2367
261
2048
1739
3172
2145
815
2475
1481
854
1487
1778
1837
2958
3981
3408
1223
997
2248
2212
1660
1361
336
1999
3604
2960
1092
1407
326
2722
628
2098
699
586
2903
677
1691
1513
1234
3147
1931
1191
1476
1560
2213
323
2679
2102
2170
2110
2099
1770
1980
910
708
2485
1343
651
579
1400
515
1349
2407
1931
1765
1084
2891
1310
1087
269
1276
1426
1960
1561
1714
1727
975
1424
2700
788
3739
2544
752
1964
1662
227
1249
3173
2968
755
1132
1897
719
205
930
3124
2621
1598
3028
1443
518
1667
3008
723
2615
1813
446
951
2515
1045
713
1322
2404
543
2135
116
2456
1340
146
2891
2339
2797
796
1843
1285
1899
1219
2482
2430
3192
1690
2601
432
852
1298
3487
1015
447
2738
1290
1722
1697
3232
2339
3150
3472
2207
2963
1708
2209
2974
2367
772
3769
2365
4102
442
1144
98
1696
1505
1105
413
2800
2325
3325
1655
726
795
162
271
2562
2484
1609
959
2147
511
770
2152
650
2299
1303
2285
2084
2604
2688
2739
1405
1566
3219
419
554
1904
856
2114
2567
2740
951
3639
385
2273
1493
2423
894
1689
1361
1436
2344
982
1871
370
1571
3542
2253
1321
901
2158
1480
1661
2374
1877
1790
1784
2275
2610
2118
3375
1630
2629
2739
1377
2578
1619
1950
2621
2053
2994
3106
671
2349
900
1048
1926
965
2450
2954
2094
2590
1065
376
2899
2199
1372
1466
2978
3061
2246
103
2573
669
1359
3508
2534
1500
1839
2811
950
2885
2081
1506
1052
1902
3583
989
3915
2490
2872
2313
2097
581
1386
2327
518
745
2692
1757
2987
2855
201
1711
2154
2233
2317
2281
2531
2804
550
2105
2061
236
1166
2480
708
1500
1744
1768
1323
2043
2708
457
1728
882
279
3075
1661
1987
1099
2331
2289
3628
1087
497
1914
1083
1541
948
1925
2694
1299
1547
2814
173
3263
793
2060
1302
2461
3479
975
457
2205
995
2754
2869
2236
682
3199
1421
960
759
500
1600
1382
2506
3954
1988
1416
1687
1685
2029
1170
178
490
1720
3038
3574
1717
1097
1570
2009
1298
1806
622
748
3666
568
205
1704
194
2949
1407
322
1273
3051
1868
1049
3436
2517
2220
2100
392
1937
1967
2723
3002
153
316
2120
1700
274
3320
1656
2812
1103
2911
2781
1406
1567
2565
1518
510
2140
1839
402
912
1537
2226
1135
904
2318
1072
722
692
1042
2087
548
668
1579
395
3474
1761
1642
439
862
821
2006
2087
1220
2294
599
1030
2205
2576
2810
525
2889
1014
154
3225
628
1960
3118
927
1373
785
2973
1200
1326
2334
789
2560
2465
2897
2887
2545
2300
2666
2059
2851
2454
2358
2793
906
1233
1315
1061
229
1532
164
2980
2167
1857
2894
806
3050
2554
2360
383
814
1568
3617
1619
2516
2396
2502
970
1663
617
1883
501
1942
2623
2670
304
1225
1662
124
3699
946
2350
1847
330
390
2975
419
1843
2339
2703
2783
1552
851
2642
3162
3306
2761
248
2569
3175
1435
1671
713
3767
2588
2977
1574
225
771
1906
2965
2725
2596
2225
1344
2320
1661
976
3620
2445
1787
1750
2104
1814
2641
2849
1906
2005
3619
510
3319
2722
2694
2537
3497
1545
1008
3164
181
1133
1693
1805
2475
2867
1800
907
3263
2289
3520
1332
1105
1816
2275
522
2687
2520
502
390
1022
129
3236
451
1100
1082
2925
1768
386
3101
420
2330
3732
467
2427
1096
1838
3694
2405
1067
3514
2340
2972
2818
890
157
3103
97
297
1350
1273
2029
2513
2771
1107
2319
1334
1307
2850
1650
1624
888
1331
563
2043
699
114
1309
2655
1676
742
2694
173
1831
843
1389
1490
2420
1386
543
2878
1263
2044
665
1898
2510
1128
2847
1340
897
170
114
1550
637
1614
3073
1754
2523
2423
2029
1268
1647
1990
368
2812
2402
1489
591
620
2906
1646
898
2537
695
1139
2952
2424
3032
3243
1635
135
2225
2263
3038
890
365
2424
1782
2063
1645
1074
1828
1293
2783
3410
199
1225
2098
1572
1749
1635
2097
2376
2820
2077
2862
1332
1762
512
2248
1937
909
141
1789
1258
1595
155
1757
3315
2563
2349
444
1559
909
1672
161
834
557
1431
2411
3223
3529
1325
1907
2215
1234
1707
1641
1138
2250
2795
2304
850
2416
78
1656
2055
2635
2833
2597
1382
1326
2447
120
1186
1654
1712
2119
1982
2955
1693
1817
2193
2205
1958
2195
1409
3509
1530
3067
1700
3408
1839
3129
686
3459
1546
1537
1396
1954
1196
3729
2855
2630
3066
1026
3479
889
1551
783
206
3352
2755
1921
1745
89
509
1735
1864
389
2132
1413
2407
1461
1028
602
2628
966
2083
1522
675
2541
1360
1631
1956
1654
768
2937
2489
1449
2818
2838
1572
1237
3271
1539
369
832
327
2013
2330
1068
387
182
2015
1723
2099
1240
895
1746
2598
3427
2270
1466
1230
1561
2495
818
1543
1290
2042
3458
3144
2750
1675
2056
1814
2053
2998
1937
851
1618
992
2855
1709
1348
2582
2636
3271
553
1064
2508
458
2170
1844
689
3218
971
101
1913
2623
1823
883
3067
1026
2099
336
2692
2998
1319
608
1240
1186
908
273
1568
2158
2303
1708
1889
3085
2469
231
2620
1409
988
2286
2508
2979
2342
2334
3541
3787
2978
1503
1023
1143
1026
205
1394
2661
1888
1970
2619
392
1767
1654
1814
2895
1882
835
457
163
2013
2512
1031
1925
999
2154
350
1975
1767
746
1545
1957
1501
3113
2362
2463
1885
1055
3592
2918
353
143
2827
1689
3094
3068
2497
2573
2043
2000
2049
2615
135
773
1185
1578
1040
263
1873
1695
3436
1883
2177
2852
2234
824
1063
1082
2795
1460
2136
492
865
1562
896
314
221
850
1752
486
1625
3179
1239
2005
2332
2238
62
909
583
589
3107
1624
1419
3577
1076
746
1824
717
845
2464
76
721
629
2089
3541
890
291
519
2149
473
1821
2138
620
2869
1950
554
2362
2185
1922
790
1937
3126
2170
2593
2698
588
216
1560
1102
560
2663
2103
3254
1181
2035
419
589
995
1013
2811
1598
2235
3117
2623
1470
2079
2484
2560
2126
776
1855
3059
2147
2485
2514
206
1624
3299
1504
2554
2097
2818
1914
675
202
995
2176
2503
657
2890
2104
2936
2102
1061
3336
1473
1191
2838
2589
2195
1090
707
1979
1195
2543
2389
1803
2191
1332
884
2931
1743
3010
1545
3441
772
1099
2413
3261
2710
306
2329
2791
2576
2346
2127
1192
40
2471
1449
1395
1669
2622
685
1867
2159
2060
2025
461
95
2947
399
3297
1315
2840
3774
957
1550
1720
1214
1976
1267
1348
1856
1387
2723
822
2789
1728
3692
790
1356
790
2081
2198
2475
1379
2410
3303
2171
458
3111
1640
1331
933
2374
2242
1802
188
2497
2515
1423
2926
372
2436
420
2544
799
2161
1022
1929
2631
1958
1316
1708
501
3135
1330
569
641
3774
2665
2605
1911
1875
4077
3502
547
718
1090
2392
2476
2944
2146
483
1897
1421
2483
1890
638
402
1588
539
3234
1277
1585
1763
770
1611
1764
2014
1106
2274
1401
3274
2384
2278
883
1183
843
488
3267
712
2527
1227
1722
3045
3390
1934
1833
407
982
1770
1190
1894
1643
1357
2649
1993
1918
2710
3734
2782
3097
2234
2949
1631
3059
1046
2640
926
2372
864
2251
1118
2028
2897
1033
666
187
1156
1308
204
1481
2310
1831
1290
2427
2648
413
1440
2031
2918
2430
1286
1451
2101
2662
2535
1571
186
459
2068
838
841
882
3034
3094
1752
2741
2848
1149
3048
913
537
3253
1456
1537
2532
849
603
2914
2338
537
408
133
969
196
2383
505
1491
576
754
3216
1052
2295
1870
932
2765
3593
2451
891
3438
283
3433
1805
1376
1559
1850
1542
2500
1501
2685
2596
3119
1418
1548
763
2520
2910
2087
378
2182
3555
2710
1592
541
1174
212
2370
1979
889
1371
868
1683
2288
2647
1154
3016
1399
2609
2716
1910
1598
548
1941
3175
2694
347
1570
2763
1240
209
810
766
1093
1335
2193
1206
1459
1043
2839
1994
2162
976
2073
1885
2255
636
588
1197
1765
1405
2730
2770
2852
3066
1657
2742
2004
302
1744
1003
1305
2495
691
2415
3331
928
1487
144
2059
2383
1152
2283
554
767
232
1165
2497
1379
437
1868
1709
546
718
2048
3101
2879
2388
2449
1861
3788
1464
102
2239
2624
2796
552
1138
1426
3192
1539
1613
593
2648
596
3212
2858
1152
1826
1426
1169
3082
956
3470
2303
3180
1776
2554
1349
229
1586
800
2514
2829
559
2641
1448
2949
3068
2542
1433
3178
308
1629
2262
1197
3848
1414
1874
1909
2331
1780
2935
3148
2131
988
2366
2268
544
2704
317
2808
2672
1131
2459
703
3084
2115
1197
2406
131
1236
494
1120
2796
284
1847
1602
429
1372
3279
45
1228
1210
990
432
2238
570
3036
183
742
3402
2013
2201
1195
3218
3426
1079
1233
309
1022
1444
1011
1890
3219
2443
241
1862
1113
2231
1372
481
1131
712
912
1635
1297
1970
2727
1639
1208
2951
2918
526
1877
1796
1060
1668
1609
723
2862
1266
1255
2262
183
1951
172
1097
1652
631
1354
1393
1556
2012
1995
2145
1381
261
1465
2427
2971
289
2436
1147
2673
2282
451
2215
1731
2385
1093
276
628
720
493
2180
2897
2755
1898
48
2518
1598
1320
2191
1780
2424
284
753
435
2401
2164
2597
2655
1768
454
2144
2196
565
526
1359
1272
79
1763
43
1801
3309
2149
278
1191
1369
710
2845
2127
3987
1813
2105
2229
419
756
1998
2283
3468
470
1839
1557
2215
1747
3344
2914
2856
1030
906
3044
3438
2046
2947
3098
3384
2301
1312
1943
2407
702
1738
2427
2258
1643
3038
1484
3313
1307
562
192
809
952
683
1876
277
2669
1034
2978
3021
2217
1502
192
2154
1099
2202
2043
2128
2896
2675
1907
1189
2832
2575
1734
272
2972
2020
2846
997
2690
598
828
372
950
263
488
1136
2103
344
1270
2470
3157
3855
723
116
1778
656
3345
1336
2905
3460
2460
2242
1254
1246
462
3140
2301
1064
1772
2352
140
2982
910
971
2679
1861
2157
301
3096
2764
3446
2251
365
906
1236
605
1806
1427
73
2895
3244
2190
2776
1388
1156
1632
1631
2926
3122
779
1133
2239
872
1361
3310
945
2432
886
966
3412
183
1078
1625
3291
1306
775
1191
2074
3774
2867
1649
1805
614
843
392
1243
2586
1679
1881
2277
1449
647
1525
3183
1923
1907
1354
1649
988
2920
2139
1645
784
1501
1636
297
295
319
1935
3699
959
2123
2884
1763
1041
2498
3264
2865
2929
1130
358
3142
3554
1666
1638
2117
1764
3419
1693
2704
582
388
1156
2167
1295
909
1316
2561
1988
2687
2698
3251
157
2130
1102
2436
3724
2405
2626
437
1412
1920
2457
1940
1932
1083
3143
1165
1615
1080
86
2028
1661
1911
1853
3591
1551
2719
2728
2605
212
1570
3263
613
2880
2079
1861
1837
1537
2610
565
1514
2396
2909
1833
1273
176
1565
2670
1798
1302
1351
3009
2312
885
2100
1991
1898
3875
1890
2033
1846
221
3081
1856
1668
2084
523
2029
282
96
3033
362
992
2054
690
617
2868
3082
2247
1547
1051
950
999
1513
1228
2233
1546
2328
1888
3050
2042
1228
2345
2447
1919
2119
1245
1063
1626
2398
1258
747
498
983
608
1188
2530
78
1212
2931
1527
2785
3224
1511
364
2821
2975
1048
4012
657
1675
486
2693
1322
1470
1615
2338
340
627
855
3440
1878
2236
1220
1387
2549
1765
1665
2527
2557
149
1082
2882
349
2765
1951
3089
3205
2480
2996
623
2275
525
2706
2404
2208
909
1399
2062
2706
2833
1085
1012
1514
959
3033
1148
3124
1743
1665
1402
1769
1762
219
1782
1044
2261
3376
1797
1034
1536
1619
1903
2673
2388
237
2752
121
1263
1310
1657
262
1094
3068
2459
2436
2861
2477
263
2151
2712
360
1302
626
1584
877
1285
2812
1814
1584
746
1573
1802
3705
2687
94
2766
667
1235
1334
2362
1953
2530
2155
4229
2171
2764
1281
1007
60
2874
2737
2284
1770
3112
1129
1946
2101
2690
137
1397
302
329
3167
2840
1382
1171
2332
2102
3416
1420
2285
2177
1956
439
1379
1352
896
3549
2014
2451
2246
339
1347
3322
488
1895
2666
2041
1473
843
804
2070
2794
1953
891
1522
1424
1192
1555
1084
2029
934
1377
2341
1840
125
2640
1162
1939
2806
1541
1356
2501
1200
3153
1556
1680
2009
1601
2029
1505
2718
3177
2171
1681
2004
1645
130
2245
4085
972
664
1750
519
3024
598
2966
2251
2702
3061
855
1409
2220
1026
2638
3590
2056
1724
2003
2104
1907
3024
1960
3226
2879
2148
1735
1112
2324
1459
1199
2757
1386
1014
2211
1458
3863
602
3225
2280
1258
1565
2282
2959
2910
2030
916
3119
1073
1397
2662
1729
361
824
1404
590
1925
1678
2289
2281
2328
1849
2047
1873
1537
2844
576
2724
2216
1313
338
2337
2600
2461
2738
2322
3340
3536
3196
1767
1900
2373
3206
2266
1548
2847
1408
3163
2657
2525
2123
2340
1038
1871
1621
1414
3805
1381
3709
639
2586
1251
503
1948
2147
2521
2465
1943
534
893
1553
534
1935
2801
989
1166
2030
444
657
2380
1740
1932
2487
895
2540
1859
1604
3490
2144
1275
2006
921
1605
1107
3839
2237
834
2453
2528
1935
2674
2178
1886
277
2082
202
1612
2488
2200
2930
2102
1934
2277
4413
54
1497
3297
1958
3274
512
2399
114
2757
1766
3328
1050
2485
2011
3577
1966
2534
2955
805
191
1720
1692
2754
1389
842
1901
3099
1023
1598
602
3095
2879
502
1339
2631
2733
1412
3365
2377
3378
2721
46
2603
1819
909
2183
2885
2052
3597
1742
2562
2545
950
1430
2666
296
2989
1444
485
2747
190
268
1661
2469
793
836
2116
2777
1826
3550
2105
833
2580
1447
2676
1227
2457
3752
2752
2314
2836
940
2886
1906
1126
2088
2645
2793
2039
3209
2724
1647
2496
69
2275
1194
455
2538
2051
1316
1377
1967
1590
1827
2846
2154
2378
775
2284
1219
440
2067
280
159
1764
1298
2150
2881
1001
2818
669
2716
2100
3090
718
2368
1465
1077
2860
1419
1167
1975
2075
3180
551
2328
3086
1485
3023
3951
3404
1344
2937
2069
2998
2458
1113
1841
1422
704
1496
1630
1258
1184
3821
1653
685
2413
135
1285
2702
1241
1924
2794
2020
625
2669
2328
1901
1711
2575
914
1522
3598
496
296
916
2576
410
1860
1296
1453
225
2745
4196
3332
2139
169
1349
2275
2733
1207
2237
2886
812
845
2810
3378
1581
570
2157
2407
1616
546
3188
2030
3118
248
2718
2234
2038
1570
719
623
2906
395
1218
2283
2213
2950
2506
3042
1666
2189
1894
1220
1394
1829
1298
2483
101
2020
2582
1558
2361
3121
871
845
2420
1314
1600
2723
3278
2067
2801
1706
1292
1252
2660
1580
2218
2935
609
2698
411
1201
3023
1682
1666
585
3022
2100
2461
974
1898
3436
3666
696
2788
1220
2137
2167
2625
2868
2127
388
1674
35
1348
1122
3370
2050
2532
2012
941
907
1714
885
509
2411
333
1811
2844
2608
1376
856
717
865
2416
1284
3206
3035
2435
158
1949
1703
1744
2558
1876
2723
2022
642
581
1824
2193
1118
773
1957
913
2574
1225
1519
792
