2672252
4427412
703443
3044664
2016739
2613087
2069521
665621
3398959
4152460
3348200
611459
1484781
3907614
3405097
1952938
1357594
1766454
2078316
703313
409973
428348
1405217
1619072
1665623
2893196
915635
1986380
4523923
4230465
213639
4448974
717433
3818771
1089751
4254883
3381422
3681233
1226524
4127219
5066037
2425663
2140848
3242521
2943031
5418421
283478
921844
851354
3686850
3986908
1676723
4604376
2330505
1973851
3393915
4827850
4867796
4956826
3013219
4626201
4596868
2309307
88261
608613
2131817
3133679
3482468
1136716
1996410
3144677
3526185
610283
1203643
3708424
808007
3822091
3754441
112983
3332221
66866
4247860
269764
2519284
831531
1697675
3923827
4799552
1333072
5277874
2780977
1461437
316365
3175398
3458667
5795588
1436735
738633
5191870
3490379
4647258
770979
871119
5415340
385098
2566293
992845
4776051
1580201
3754467
160479
673465
4584215
158098
3720705
4154906
1144251
899030
4169053
4348565
3215457
4530793
2288838
301441
3082891
629311
2877672
1714090
3795656
4982372
959218
1818329
3420305
3147281
902676
3974546
2083208
1923889
2009747
4441191
436229
2839840
3181141
4742222
4446118
2106118
2100510
3931088
3297749
1189359
5247915
2861788
1811786
4784681
2098066
2491241
3216919
2207439
4434182
616952
2675427
1138120
633664
4164847
3370738
3902293
1316109
5060861
2804896
2136737
4102968
1198656
570418
1056761
1303562
1352065
2451369
174065
4641284
3438797
2557837
4564819
3827086
2754589
3093462
531436
280828
3655372
3357828
3736653
4502036
1547771
1085437
4489356
2674357
1045639
4495115
2170065
4635276
4333580
3011611
2194854
1141842
2638093
1052741
3780756
2730167
3159623
3341669
5624538
3640641
4338555
3604077
4904394
2701926
338083
2817456
225764
4719575
1006618
1953260
1104295
3408030
4813882
2277214
1846869
4212554
3078852
183954
3656756
3064851
4276692
2780993
1872012
4066344
3805958
2424174
2044982
4924797
3038041
3129029
1174298
2244757
2176388
197650
1655001
339548
3889650
2384319
2955888
221517
1609892
1175761
3144055
2232001
2823675
1740286
4950033
279932
2157046
5057147
3291619
3015035
1316251
2203635
2529108
4406867
3645675
5262722
4339552
1983326
1989325
2901689
1599396
2428387
3976718
2303392
940067
2806884
4075244
5549844
4277685
3065150
2234382
219418
1802514
3845443
3102155
2713162
4012666
417581
1273818
2017627
1185966
1762566
4267778
4440331
5279242
511006
2572088
1247890
2617835
3348387
4878858
185352
1151475
108095
2827801
5090079
2417162
3437282
3897679
1292288
3975371
4343011
4799516
3824555
3139017
4907438
384516
1715072
1605413
2310338
4181609
4453090
3435732
1768562
3379412
323591
4829464
1295528
3537889
3882005
705552
813601
1664321
4509462
1494569
1810513
2908299
159341
2031136
3284183
4165228
114331
962666
124227
1397436
1188488
2618675
4393873
3884427
4630394
1537472
4275027
2964777
2763030
3648127
637877
2164539
188269
2317661
3219890
4734545
1445328
87485
2071652
228438
3028860
784172
983488
2122552
3621736
3161341
1782797
1869385
1091120
4009549
1258572
5266957
272602
35244
306329
1214264
2702268
2048902
3495186
5141423
3489234
2447925
374698
2531702
3934697
2477447
4720117
632792
4039612
3892604
4353704
1682750
114533
517287
2068669
2081533
3302690
4516843
2562047
917707
2724199
1674555
2678348
2008392
3468624
2295037
3674698
5047371
3249857
3630686
3740891
2958008
468675
3890677
1167773
677310
379777
4037804
1258099
4084102
4639457
3841253
1221561
551381
617409
1623964
1435264
4832538
2701726
2238212
3628483
2678412
4277656
5009571
644228
3553336
3167899
4719845
68779
3314964
3565626
4624923
3366373
2079021
1766552
757259
2028345
256511
772265
223957
2818442
1024676
2780627
1493430
774615
2782555
215945
2517352
2059397
2922543
394613
4398631
2639557
2533577
4013472
3859561
3560396
2010932
3513875
4580501
2571782
2217820
3110502
700541
4487908
5135285
4978820
2496924
1089948
2635762
169833
1795161
2007773
2067396
3141028
1277942
3051613
3831203
2668654
414416
1767016
4512979
4217017
1282454
4209677
4815173
1798875
1628445
3627899
4036692
3818074
3772005
327294
1656033
4729065
3897114
355564
3127147
2614681
2511336
1442257
2072135
2739113
437265
3010046
2337475
4677987
1727868
565986
1405760
3502855
735191
794780
2937666
2305229
709848
636456
296688
803428
4295661
135814
3103652
119840
2623879
2790817
326835
2006872
1566131
1754185
2591081
3201951
2763797
3321531
147893
4780923
3054142
756897
4695776
4575860
3164060
1244845
1205861
4570636
754521
3852892
2480068
3844253
484539
4317656
5019210
1877144
3978331
2080424
1677506
1925967
1369886
5111891
2573165
1929959
948737
2808480
3028883
578863
804038
4573327
2186754
4909502
258117
1527853
3939345
978002
53435
1131871
4433970
4007419
3500105
953068
1084353
1354951
1634925
4556124
4097197
1212525
2686999
4383309
2905451
2552192
1846865
4952899
339305
1617661
1398770
707470
4014852
1679756
1256124
2451565
2525064
1207892
5038086
818047
1135015
2296501
2258433
3088717
2368851
1061106
2198006
162938
1604140
2623379
974804
1832321
1222213
2062768
4608654
2879813
4430797
3077371
3788377
952981
1219234
2003700
2922584
2731087
2690441
1343403
3498732
4965756
1740705
1379023
3793648
5090865
594358
2697976
381677
2782965
2882684
1642289
1457213
709877
1384225
2673662
4557886
4655368
311443
4836622
5531152
3770213
1550602
733887
4601886
4164664
364119
3608973
121924
3113861
678483
4247655
2910486
4448405
852465
3917442
3024518
4118418
3840523
1586714
4500128
3629317
3110036
580627
4353736
2977383
4479019
46376
578591
2007985
2422016
421931
420272
1251836
1899305
1542023
3234041
2213069
3661713
466760
880037
2116974
4415524
5230051
2766872
607087
4321329
3012755
3783420
2435549
2978574
3382366
1612932
1925541
3832736
2214145
3430464
3170298
3474251
3961559
4891309
589228
3186058
190611
2737956
1848434
1036876
1462234
471345
1411233
1229415
2573332
2427814
4015494
1150834
333938
846417
2332802
3473613
896154
2980407
4694967
2096370
752125
4789194
4147776
1259557
3976928
1632445
2544115
2653589
3014938
960723
2420721
2552633
1619690
1002322
113101
667604
3195300
3071530
1855112
123481
4564108
2265993
2240999
442354
422878
1441014
2678657
1282220
2868078
1660580
1022004
1490308
1512011
2837272
864631
3369215
227183
447416
2690332
2525689
135609
1063719
114759
265714
4001133
4384022
1857749
1908746
2383019
3118144
5028462
1944088
2473849
3325578
4619324
4024366
2413659
2773745
985138
884018
3015803
3821419
1313977
5307604
1881793
1688525
4867963
4556964
1806104
4857278
4045364
4553981
753043
4948884
3627803
4227420
1902997
2135022
3480822
1309925
3914615
2834481
5400512
3662303
3692585
1106638
3518694
3853926
2021619
201165
1508227
728863
2569111
1125524
4071030
3513177
3651571
4629126
2001496
1637507
164823
3545561
2311625
652627
60290
2956202
4180248
1986777
2803209
358519
775506
2488054
4878931
2650749
3339711
59322
2717929
1212424
4409972
1001312
2678920
1653756
4635051
1532614
147982
523398
4450511
3634155
1250658
3594841
3561615
3010608
3118206
5800659
4600474
4999155
723320
3496562
3390817
4632084
4676100
1910289
2374362
2073061
1998555
1261092
2371317
1486332
3764956
1643297
1598324
3436596
3648317
5045789
1271483
587109
3608115
3370462
2710320
3099910
2780188
3028883
288903
4497255
3149512
3484001
3629796
2635332
2575407
1831093
1227188
825205
476750
529613
4752421
2008813
1788831
3486629
5197721
3744874
2557846
5262722
1166505
727240
942103
157264
3467072
1307148
4612922
4744946
766075
2149631
4737026
2016755
4960328
2513395
51241
1264511
35344
134194
2055106
3120253
4667229
2128872
2735322
2726705
4622368
1054965
2227929
1967545
2337718
1810180
1424522
868370
1557093
5109843
1761298
3245603
3824839
2665576
4641698
3284881
1705686
280421
2223541
1822748
1114530
265660
803285
3101537
626184
2862155
4674888
3746346
387519
3847869
1795056
363183
908176
3302251
1550275
702685
1357311
2562348
4501100
807291
1518674
3040364
3745415
1259083
2993333
3760793
3395957
2463868
630471
1575640
1494576
653883
3502496
596890
1789028
430189
3284169
2459450
792036
3533068
403893
4018216
2836383
1852185
2124040
360572
4884108
2142141
1443108
1620283
2930271
1403291
1534731
2400502
793062
3667632
4212639
871571
1167609
5261281
4769292
2420057
2309086
4166704
1448169
575074
3320808
1828234
2398066
182059
3541383
3543374
675776
3467332
1205353
1775942
3491321
1865429
276028
1909411
3456608
2829232
890020
3403168
646125
3424364
4602582
547997
866242
4307429
2207355
5525543
2208691
2425388
4372275
2057239
1916266
1089751
5171816
1673234
3830465
4026305
888052
2982883
490912
2437172
4115952
2996424
2837410
3707074
1360221
4685097
2438088
3681114
432735
5370714
482873
2054762
2585279
779641
3726211
3409851
3837816
3422426
4054151
3830062
4841056
4830149
1490597
1820379
3201644
3844913
859537
1602142
1610787
1471047
2499319
435661
927043
4209068
1147450
2347480
3997769
3784840
4257273
824546
211311
386054
1807581
342037
151213
295635
5068755
306963
2264249
352554
4433078
3354683
2077436
4804112
916827
4383587
611744
1741177
1807407
552297
1613317
1943557
1603239
3274448
2149996
4298712
3693183
2853786
5538446
2302700
4321796
3777442
4430644
3733161
1335091
3973790
2215774
2071701
1865983
2052719
1192481
3154214
2124486
4033629
746326
3391313
2081231
2124618
2205820
64968
4464770
103699
1336531
5126801
3385394
163936
249338
3391505
462503
3814385
4171242
1476320
135822
3003825
2854063
4628442
533011
1880910
1044233
2759479
4920575
536121
2923081
3186356
1683081
4407582
394485
1532856
2665179
1767056
166681
3735446
1227059
3886825
1201941
4548151
2706329
1354990
5170538
54584
118913
423755
2414170
3557816
1118937
3380062
517945
332804
4099757
1971932
2683692
3801337
2259072
3923861
4296930
1558452
1626274
1918859
478380
2412750
3429748
2898347
3179625
5054909
4568788
1602218
839118
3665600
1487583
351245
3151015
2483254
4354098
1180734
2173279
1082944
484135
3980231
3118854
5106655
3087782
337974
392939
3857240
1112966
4397357
1095729
1065734
1101392
2936221
3713146
3018495
803170
2598318
80011
450343
4159037
1719614
4723501
2574070
1736649
2693589
2295612
1490374
883825
181247
2767912
2120213
1455534
5194142
248268
4328165
706893
2893455
2158057
2607990
3776029
1295540
1361025
842586
890181
138452
2862973
859368
4912388
581855
1930221
3399735
3150651
1848588
1429505
1294357
5462527
3544860
2807454
1129043
1810513
1446962
4908359
2124995
4628854
2991814
327807
3697639
3819538
4904120
3594003
5004212
4099357
4936861
3719583
1869024
1795877
2171581
2900535
1168329
1737706
2990014
2444491
2905009
1086295
2554349
375897
3825403
930173
2721255
4740933
1434473
4598708
2437045
3076473
247158
2839475
3137090
2772399
4873399
4911986
4474567
2011615
3585601
3763957
2661952
1249156
2741429
2021604
2062881
4092653
2411087
4357966
1106528
3554947
3432301
3467874
442722
4242923
1969241
2306474
554721
3597622
4573379
2394246
1985537
2675754
934268
4308256
2877034
1231830
1843613
3232541
1432414
4278236
2493206
3909456
2406757
2159994
1906245
3533658
2443744
3535536
1019589
2269570
401575
2405425
1248703
812925
2049513
1158972
4039990
2126651
106579
2862253
637974
3344502
242544
3972577
2015480
250775
3996047
4545680
479985
3455964
5010841
3494765
1456733
4178302
4608559
2931558
248064
985829
4012649
2524569
1607394
870863
2256264
2931667
1243973
2177786
3280980
1653146
2521344
3534161
3492043
4363719
603536
2162902
4039915
1987463
4872308
1735712
4387839
1465182
541031
3183532
748068
4968054
2877181
3576324
2518952
3654601
235319
2050808
170085
4039245
3547242
3035019
4410330
3422972
714700
4790961
2048500
270054
3601542
1629614
4856002
3274566
1120370
1697280
2063644
1875620
2770048
2088936
4820937
884830
2685211
2786169
1530738
1588014
2461515
4846397
648668
1684638
3825500
283271
2847664
1579559
3468831
2933502
2374183
3920455
2086277
892284
1097915
2834613
889750
3792747
2141129
1261829
2868213
4182748
4125342
727687
3543554
2024969
3153126
5320943
4504147
2662884
4924522
4494297
4918145
3319623
4949003
2449784
842605
2275762
4384397
2528129
1316909
1734324
2766194
4466818
4012277
3692283
1660417
4185593
1537526
650142
3102893
4499439
4381216
4789386
2543206
5270565
3852332
1211898
2655614
4163342
3328516
2575513
5431672
3520318
1210896
207603
5444519
551659
2517635
329654
4408051
3570183
3403741
3507297
2701112
412063
3876010
865538
3653521
1653534
157070
1694048
210117
2329983
3315779
2298665
4641742
1266608
2253516
598036
3420039
4503784
655651
1926655
2825837
1716618
4757695
4228103
1741677
1113071
4867457
133009
5103719
2715315
1127144
4438930
1741353
1691299
1031699
3611912
3909691
3759060
3142436
2729132
1822286
2957449
743384
3747870
3255522
2411606
3236441
3455597
42213
4787637
1294366
2349896
2387920
1459860
1689737
2919740
438786
2419625
469541
528335
360094
2306999
3013475
3067193
464317
3716560
4768358
444923
2130021
1588136
556257
3062220
3244370
2232317
2754232
2045377
2672425
4521619
3327992
2213655
354136
2169367
2496576
4981974
885010
1805155
870042
331877
2363311
3280784
500811
1948363
2613226
3291675
2408320
790803
3017151
3953678
3952535
5156234
3367416
4523745
2319604
3754628
4505844
3654602
1839239
2436934
2700426
882971
3912901
4662589
1600980
3331449
3125840
630457
2991847
1422213
1153197
3069032
4448919
4527008
4646384
3128429
443824
183760
693966
70130
3795036
2598685
4703910
1775977
2700924
631593
337527
230365
2314337
4440499
2565495
1044924
5169461
2686100
2305049
1942554
1328497
556954
4553015
2466974
2049914
1697664
4726497
2728915
2491011
3832455
3879917
4554166
3992850
255437
132886
4160472
237555
287796
623676
4208902
1046414
2448590
888767
3558804
3463296
232751
4395313
727331
4603198
2698738
4103013
804712
3265812
4692860
2552740
3419893
2713449
3484859
4402722
251603
5017990
4933562
901319
1707501
4258860
2792134
3430598
2625573
898336
295665
1523281
2700495
1663178
2238148
112815
4311944
4208487
3399013
2163084
5031976
1908631
1507314
4300981
1223846
4328381
2767259
4715578
1775056
3100296
512437
4623458
82932
4329321
4360935
4612751
1072823
3516827
2809194
2583405
4449195
3042845
3365665
4679400
1693217
2880949
4749713
2255678
2399801
1988199
4008891
4773708
3326978
1617944
2580222
4478895
2184493
1567559
1738760
2906326
4088196
3728760
4670419
2646301
4232893
2173746
967216
2790294
3346232
4510339
280733
2620954
2587765
4467245
3085317
3498687
4174337
4188798
4806762
3608631
1231221
1050638
4446548
663944
4230761
5138293
1035765
1385356
1300161
2167868
1673465
2910856
4845472
905267
2113530
1329080
3127543
4598992
724373
3944350
3078425
4168632
833175
3074669
4531850
2550535
2322149
4527928
372010
1465037
3594992
3206961
1619270
2522704
1878941
4384358
5057719
4199245
754635
332145
249096
2701436
1444938
2876064
5191001
2280365
1982834
961999
525938
288791
3852070
598170
1156473
573677
3655678
1565511
940461
4241739
4661465
843769
473921
3423718
2156745
3005552
2603257
3787484
170005
2959602
3261741
4548662
266554
1288129
152717
3706818
673198
2337930
3329898
4115471
4155954
1695603
3011729
2024751
4791271
1986957
3009538
4377791
4185994
5421295
1824273
1980830
3517599
4668546
3741330
2999958
2752362
1574609
1389241
126568
2440634
315815
4700128
3555037
3551676
3625056
4203840
1617746
4416524
1537594
350453
4200666
1796581
2354390
3550444
4863316
1018738
1330200
1952757
3011408
3302118
1310754
121298
757476
544601
2985582
1700010
3495708
5177285
2813620
3050563
3704869
4413398
1642388
4378944
2649476
2804569
4469637
5032534
983428
543494
2464211
571672
4879408
2622922
1619109
430175
4587639
1916478
781393
5067095
1604676
1852653
1767200
1750949
1881219
2703371
3483587
3854250
2479774
1439497
1243420
4207971
4051921
3003744
348929
3644622
2541627
349634
4674069
3786889
3792982
3525454
4081253
4462510
2272845
4423669
235381
3976381
4761230
2010495
1839627
4298091
1406511
1253646
3229870
3362135
538161
3609312
3961283
367066
3678435
497164
305603
166594
679308
1547835
361816
3043305
4417217
1508553
1364997
2624357
3255087
1278299
2437244
3724619
4936865
444471
3639283
3604491
2827793
3734045
3318785
3519669
2106678
3012819
4545700
3282378
2173585
2933417
3500936
4511859
4184754
4853161
4358139
2344540
1109369
691552
618970
5048169
2010710
4335787
1097921
196903
5056935
2686907
258329
2673912
3014549
1816321
4204079
3240041
3229130
4945064
1721619
5398199
2314077
502792
2917041
1508893
1861527
2539125
3106355
2663085
2131062
3999826
4519709
399518
3867006
1853510
4322991
621147
2421898
4597960
1061286
870475
3822559
1610013
2395018
4904858
3219858
2164131
4097226
2547267
3820637
2180575
868145
961530
1570229
3041968
830270
2179899
3065462
1441360
4681582
3069139
2058406
1690645
3081498
3148422
3677999
1689650
1415779
3773065
3982624
3094559
1012425
205245
2331773
2187161
622803
2714763
1746353
803913
4093078
4572353
5019732
4639684
1767978
3305035
176256
3361891
2633534
891778
3679646
703639
348790
3981435
2623722
2806941
835195
2122519
3440714
4479242
4803125
4414741
4743994
126784
473541
5247005
1645044
5510952
3939660
2447564
4066082
3040280
2848890
1178046
336686
4203064
4700583
1821496
2285444
3279174
4940165
1531127
3478020
30166
2013656
4800891
1226845
2677962
4300075
1038420
1922416
247835
3215229
1505900
3065028
4053287
4105280
666448
1416581
2262698
3363823
2600492
967858
1010496
2427972
2836667
3565435
3182330
3753463
3712741
4379970
2588309
4260743
1085303
847086
4296727
4245712
3714609
338410
1769820
236148
1369873
4514319
4584275
4749286
2214268
2281966
4831194
1171511
231673
439236
2724384
2128408
1941595
53900
3794940
5089719
3470443
590250
2610934
1195005
3041591
3904441
2535906
402669
2574312
1889719
1312719
3441013
1282903
724400
3581337
2310018
3714850
803349
3121684
2606741
2794333
3801167
5572372
3617664
4462439
862947
511870
3662183
4834746
851984
3720498
2406138
2418853
4571447
815539
4305680
1390984
3748991
2105658
1015590
1420051
3575888
1501686
2487097
2483651
748903
2255794
4568983
3705081
3667956
941906
2600104
4706134
3205201
4249020
3851200
5040188
4389601
2145182
417042
3627168
862413
435808
1283733
4389585
3097260
4174039
179596
1419255
2731624
4518597
984711
2719340
2481881
3350201
1959181
916620
1676650
683706
4057515
3714279
392175
495328
2423410
2246536
2667223
1241087
3987441
3365451
3625268
4095394
1424982
222452
3501957
1902581
126741
3998411
894072
149347
5068471
2786822
1505907
2922193
670321
2347683
111422
4697328
154055
3376515
4875566
1872133
656334
2652041
4321177
50330
5369983
670354
4484031
328984
1332093
2716885
2672247
2979133
1822793
1898068
5138016
1362359
769299
1958351
4768075
3050859
4204127
3262445
4510373
1489421
1679270
1461354
5607106
3351053
4652225
310344
1401448
3589197
2447109
626309
4531192
3963836
2370610
4529982
3919508
4197338
2548572
4446468
2496511
873101
2071568
2132637
1742741
1544356
1833675
4366055
1711718
1008538
1121236
1369542
3624508
2733350
3932889
2746818
3254545
735394
3718604
2921405
3950144
3389602
608970
1309772
3145209
1353284
1180228
3385604
780929
2214079
169417
3464793
1497532
4341049
2765911
1088462
526916
1363014
2901388
698043
285738
876914
629104
411505
4322702
4637405
3841903
3846817
2575960
3759566
1122626
3895954
3644420
5236136
3694023
5025718
1845456
2062675
5105757
2322634
228460
3073791
5407339
2113302
4594288
1056092
4130554
5230929
2958288
918216
5106852
4969558
662396
896070
155012
1531895
1808472
2236581
2974587
425654
3664604
3100740
1087773
2509415
600378
5443431
189414
3938671
4000485
1039839
2424052
5506100
3805931
1173655
1186052
1742893
691483
987663
1156405
3102423
3307859
2159555
504589
3208879
1912560
3359659
4126451
4307538
2216124
488554
266924
3247536
985079
3039925
2490623
4543487
3297114
1133719
1835694
4677250
3100325
2488981
3095109
1829304
2359585
3478791
2549047
3793183
501908
993670
4145032
2270612
4782044
659579
1625995
583352
4753480
4318618
3445432
679170
2721015
2455877
3479864
2107026
104019
1243174
1996594
3199477
3354363
3606529
2904884
1329173
4474108
3118210
89896
1264601
4617360
207842
2783095
555044
1095008
4305641
3340142
2112379
2196075
3183827
2996349
597998
1213518
3907035
1847362
3406048
4657435
1240608
855707
3814652
1039072
4724059
1383515
4012778
3781227
333169
4004328
2196833
3985873
1953077
3983651
3013258
4500027
4766392
1394910
1692240
2931884
792593
4047885
4845352
2469246
590043
4778876
2584182
5127953
2217560
2685948
3652362
3696006
2128805
1887785
4921874
5189361
1119138
2189389
3641217
4048550
4884744
65629
5473335
2512472
425841
507045
3633599
2274872
1352196
1350242
1711151
1238546
3291576
4668789
372829
3560528
3599305
2692120
2704162
1165245
1021160
2633508
377829
2066829
2940882
2870142
4606146
809147
3054299
4650619
1569847
3728220
3811917
2637736
2289470
2874433
322351
4099356
3369895
3367696
933889
3341914
3699781
3269111
2629531
3582555
1720684
3074669
4832664
1971151
269360
2847224
4266272
2565870
4357981
4100499
2453732
2172832
2816161
4622394
2688874
545076
5090720
2630672
740357
3147489
5069548
797762
2058219
485506
1758616
1302319
3353350
4515522
762595
4200041
1241279
584072
2574158
1946773
2833797
1954547
4648278
4070310
3095828
307312
4245179
4183646
4394512
2062850
1211700
4788653
1509930
2552261
3766169
2837917
2003627
4405289
4102784
4601505
4682471
1139883
1412474
3740753
5311762
3549778
4074585
3629903
944523
162173
4649199
1858162
2585856
5028316
818993
3899973
2523077
4821120
4091773
1808031
1418726
2524948
4179998
1016801
3910057
1527825
1292330
1015653
933178
321638
2078877
3976259
1567894
2954743
4702514
2342132
2994280
4694272
142428
3557337
1216743
3006460
2240640
3194542
3497591
112709
500685
4628282
3112013
3507514
5296629
2333134
2843876
2776293
562831
2133410
3887415
3485609
2413279
273275
1125600
4088320
557798
2640600
355805
3352583
1986683
735892
1963293
89622
862366
3354903
4409301
3973763
2010817
4528340
4501158
725951
1377406
395129
218139
4264359
2956507
1161901
2326755
4269823
4961477
3100680
1920365
3351629
3375807
5124720
2950890
3095986
2784993
2399172
3267914
2442385
1563938
981800
2300243
2180515
4673940
4664416
2068962
3961840
754243
675297
187375
324931
1019647
2461095
1734380
869844
1443292
4301992
2993338
1920392
2295887
4299875
279193
3905361
945119
780867
2049145
536063
2592404
193855
3026932
3954722
4017033
4350852
4722539
936514
1891067
1544487
4131119
1151940
4746769
2042235
1354074
1670552
1561810
3111289
4252813
3919726
1531384
3592339
1681648
2176896
622906
4182576
1939801
4741502
1421146
3939768
5211964
3377552
616372
4613280
1835500
2537998
581033
1226795
4952431
1170619
2639083
329344
2608530
2068607
3839580
898573
1844189
3484467
1333067
3991943
3216503
4373115
4013983
4632543
3080549
637602
5207758
2069547
2724990
3535537
2483648
1300617
3369085
5232548
3094650
584893
814652
3987600
2321154
277984
639174
132914
1512485
3075974
591825
3560581
1645940
547891
1767669
112971
3645666
1972312
5584320
1795124
2591984
5053213
454042
3260361
473751
1072152
4485772
4358480
2689481
1134099
3815674
1768497
2910140
4776190
3454060
1698956
3865887
875702
3040830
1627603
2997808
1248177
4126424
4608350
5224030
2735837
1289520
2975805
2603814
3620084
2939192
3825276
3473544
4741121
2486037
1322004
4913705
3159381
393792
4158193
2014128
3616173
3055057
331009
4759725
511189
3086691
2974583
5186937
181292
1013945
4598012
2802977
3373171
4902410
796403
1221520
1196168
1012162
2370855
1740616
585897
4099524
401801
718646
1684688
3081616
735874
981341
2176050
5040649
3308817
4367650
4891014
4115491
3135527
81386
4397802
300236
2878702
4197357
3700167
4783632
3914996
2573812
1905540
1529686
3543765
5276609
5544030
217150
119584
987461
3980586
3566580
2606005
2401364
243773
682338
3377929
4668352
5429627
3040647
4747521
2184514
2076057
3157665
2267060
4749819
955720
2806454
4151738
1482630
2605645
1134428
2078627
2393970
1095322
2462725
3444587
5413625
1486833
3355714
4294605
3674831
3979069
250980
126101
1736499
5391771
3300020
4521331
4419864
3212045
3303263
511912
3230281
3364412
2728714
226681
4641272
658125
3697093
372993
1642666
1002857
3443274
300162
686267
4011557
4246360
451568
2422109
3127623
99388
3289016
220441
3018083
3640798
1779061
368676
336289
1573536
3622672
3953458
858233
527623
1169507
304919
3476212
2219584
1186344
4898482
3181767
3278240
2454466
2119456
1204118
4192634
4434163
3191322
2659272
775020
1672863
3939430
4966627
1516475
828566
2802530
2036874
2611278
473711
4048491
4531810
478209
707485
718054
2120099
4419639
3611641
1690769
5283989
3150561
3365058
1864259
1162057
2308031
433649
2802127
4223637
4639453
1645429
3771940
4788916
609269
3074020
4630003
2934796
1627324
1573876
4857909
4865476
4863678
5427242
3809221
4053819
4970420
1594038
1677480
3129681
3203901
4367259
4061660
2315509
241607
1558586
1895872
370798
3688300
3955095
3505512
785421
4242161
4542339
4167834
4135964
3677325
1097544
4883617
93282
1058597
4726699
3500949
4034119
4085848
4475838
4212849
593242
2835164
2631318
4960211
1135018
3386597
2776865
4593704
3295786
605323
392786
3351116
3986908
1172627
1219982
3779839
2313992
2564210
2978054
2354979
1297379
3227773
2858166
3269459
3371895
1727126
1502328
69281
110976
198710
1342397
3263348
2673844
4186409
4232189
3777960
361154
3530540
961808
2608208
3594371
3125680
203291
1803063
3788107
2081596
4757836
4841845
4391071
2104820
3692394
4773362
4945325
665255
407177
496627
4438077
5048586
4455335
4668996
2374184
2971368
111301
4036501
84161
2447366
2494777
1047917
2648572
184328
1351528
615021
4869686
5072295
1014688
2452313
280897
2259047
1216442
4782281
437859
3381091
902947
4835541
2239930
4263879
4489560
196588
3359379
1735152
147501
1000546
294519
932364
4428967
2974090
727359
1549896
2526340
194902
2741088
776237
4349951
4017160
4851360
4095827
2185275
2350802
1290095
1071405
5196990
2221958
3118745
4274728
3420039
3685850
2723739
1482484
776790
5293743
4226957
4402287
1584174
3041447
3300371
3893198
3433490
2434173
3997331
35413
4943282
900261
2406651
5501304
91566
1484864
4186249
4817085
2666511
1188397
4599125
1381622
2880187
3350735
1231001
641418
2640822
4795939
5223525
127236
3117920
2250796
3301947
1064802
1043045
1566506
1365882
4589389
3266096
3321402
2940207
2107339
2561211
1849856
3297560
1748950
1542300
2661527
1208459
3962394
2221753
1685622
869758
5101452
3500216
3131735
555115
5134473
3455681
5023219
3830505
4106204
1882029
4325890
2169102
2292984
4210780
3949197
889052
4720046
3635465
3885683
3790059
2633837
2499337
2952291
1249778
2257272
1858191
4021928
1038446
3512335
4145662
4073811
3758694
4843936
4903259
1030338
430682
364792
968083
4044193
576045
662922
1242274
5207590
3479668
3786416
3635806
3575083
2977470
1351795
4169182
699275
2731599
4297249
1662355
3622872
4208398
1565277
4685252
1882085
2618356
2407111
1582901
2032689
2665823
3877496
1640079
1473820
3689478
4003672
1496702
347991
2169362
3138287
3482599
1294582
973917
2403739
2094933
3257597
4340098
2789958
5057539
3089837
2885003
4479572
1964371
600874
1488981
3908906
721216
432862
1031694
1037922
707472
1912284
3811734
308522
2617030
4443999
709811
4253573
1078147
822312
842148
3421466
4486894
258661
1175152
1838614
866249
5485529
719864
540234
647101
2450465
376151
3404509
4815791
2807417
4430771
4592661
3484501
4683586
2243767
2017357
1116633
3178454
3592604
5197961
3590228
3190231
3013563
1178111
3811937
2954020
1884996
5145269
1469925
636759
2498707
1116678
4024300
4068628
4568577
5008836
3958400
3977962
3354245
1064063
3224143
1237470
4825268
4853548
2037538
3785083
3695825
4257687
1831442
4107449
5099552
2869881
4549287
5120859
5536926
1714925
4786025
3046240
1292965
1936247
931042
1399094
4647697
5062205
240281
2040395
4535850
481198
213080
1837132
5017847
3437299
2525848
1990826
1305705
1902054
2609298
3305970
3149409
2612278
2016923
1067163
461504
2967612
2511655
3392852
2539716
2691947
3341486
2670391
1990949
1782163
2001559
4116424
3190980
3246022
5033830
3273740
2626053
1444983
2167455
2176761
429537
1700310
2917606
1515345
4340419
4447399
856850
2130314
4506103
4304058
3913776
1846053
3522325
4749770
4758818
2621213
146383
2414391
2464131
4673856
4218076
175610
2596982
143976
316091
903997
1359949
1944626
1255850
4418144
1013792
5631374
1384549
172009
3547204
2240032
4709764
2456626
4847858
1876930
3719904
313778
3544480
3938279
1210688
1547361
862036
1279642
2122932
3105514
917892
3749668
4206786
2753238
1321271
1639872
4107969
3908647
1092476
2793375
1999259
4998563
3734584
3342120
519392
4090817
4558566
3913317
4133875
1955076
691708
2165068
1611045
2012168
4484208
934874
404583
1004752
3605513
1281995
1858128
1678466
4461191
1963772
1331354
1950732
2739682
4995839
1586854
1255643
3246606
1610473
3129753
1538721
1575564
2979643
130359
545365
2462187
4276354
2127092
2304448
4398643
1722914
1659283
3696809
1855843
1197031
362011
1443077
2119195
192523
2030930
4344399
2852397
4073785
1175513
4016533
3986313
3898988
419215
4712044
1029471
2050504
2409950
3480366
411359
264817
4337932
4038615
3805011
1386721
1556371
2293823
1793834
4719159
2489608
5267155
2627996
1106368
2249504
3224575
3148080
3209652
4188467
2831847
2689993
2850322
3414546
2929200
3763616
1720937
5209780
2073580
2892622
1909817
1556665
3048095
2302060
4415744
3674155
1646103
3668649
4932137
2648152
5246307
2920032
1619449
5036296
3630170
1156148
1806760
1696112
1992956
3077399
1187643
2087497
2927819
4542506
1231733
3402167
2213415
2583218
5027317
81752
2409524
1943869
1459446
3065867
976232
4551558
652237
3094625
219909
908324
4930901
2576421
439589
441271
1891831
3081768
1959742
2293927
190866
735695
3504506
2181630
1940252
3078176
1702979
1639086
2543760
1602906
102279
492518
416750
2937044
1307166
2453069
2744361
2858708
1351244
2784635
1785553
1353096
202055
4011650
2777534
4899816
2552483
4690638
4091260
3461480
4790360
1045634
2660514
2566040
4084432
1843108
1242461
2187094
686909
244705
3383841
778590
2489712
4226898
4661754
605680
132173
1007741
2695118
3445535
2523748
4320554
4108452
1631407
1423900
1870376
2874724
1032378
2277615
3284346
4078501
4387543
3070251
371723
2582902
2075043
4407210
967819
2113197
1494882
4097732
3881524
3709920
633615
4081128
3033544
4497066
373464
2029684
2162495
3682506
2723772
2968167
3829475
2675212
1104149
2274872
1676867
3006551
620142
103498
3417202
2012690
2144810
377869
2592882
5014079
2811960
2513120
2894179
5074591
2950129
1156377
4869263
1039000
3145166
1494393
3263757
797653
4396165
3910851
3875272
3183553
2888231
3637754
1613983
4130458
3762065
435421
1657922
1287970
2695436
1404787
2001139
4593884
1424240
1851923
5125362
973981
4908372
1455306
2755898
3595937
503630
3679923
3222232
2369968
1635667
175608
4291867
1253051
3517321
1043383
2399843
815156
2668436
1123254
76427
2777685
5563825
358582
285377
2916454
1830065
1285870
5427667
4002032
3682604
2662023
4029628
3225458
3496274
2569946
904646
176951
4113493
3967512
1765269
655300
4845025
2558088
2716169
2565638
2993827
2153573
1340838
1867870
4307602
2316757
934687
3740401
3624380
2438725
4181205
3050014
4765647
2424197
4482362
3722511
4711566
2276465
3092188
732431
303744
3628207
3097260
166196
4319224
1992181
1096665
3696471
1083467
3217451
652624
1707584
2165554
22887
4247723
5047393
5211376
4863427
4112776
2495634
4943362
323416
3678925
3403803
1084995
318072
4081370
1452538
1995457
2674825
1541882
729198
985467
2676276
73742
4344794
2239320
299961
2952942
2414618
4483226
947707
4227400
2670626
2205836
4950028
1450372
4504642
4188907
3360729
1054571
1378412
2565793
4937646
3009431
637233
4794995
4978870
4813649
2358925
662836
2021671
1387144
2621939
1457770
295392
3588788
5279104
149165
701458
1595051
1942219
2607261
2644691
390843
4867271
613402
1375502
770264
207003
5088125
2542531
3459724
1189680
3452079
4940387
1286945
3459520
1510058
4849235
1301478
3399796
2622919
3440690
2455819
1615328
4498740
4112261
4600601
2775545
4900770
3258836
1671884
2688745
3732911
326592
3631718
3770799
2550726
1006465
2480854
2617433
1143771
1377100
4378791
2926578
1772548
2550221
4446923
2064434
385444
3337966
1400390
1441752
1261520
676399
1604117
4107708
2382834
5684004
4634331
986402
1198494
761553
3541797
669436
423908
2671039
2867200
86268
2560487
1067247
1358530
1525139
2977258
2428384
239074
1498905
1552335
1417341
1445292
3177357
4635546
4649839
4589931
495451
1277508
2400576
3902621
2565774
4615568
2189701
4017464
3041388
1936171
4114821
451269
1976495
2025208
2048319
1862577
4472110
3191089
2437266
2956025
4922769
1679198
2079487
3447009
4947704
583763
778497
558347
3350251
3042327
4576950
2143016
4188979
2063197
615311
2596709
3775374
1089622
3770875
3648595
3428115
4379541
3653902
1314098
3236774
692356
2097390
1381514
158915
2922518
4059213
357228
114612
940003
1310253
1721250
129030
853202
1000562
1514320
727412
5033619
1405266
1992484
3507565
228245
4766222
490626
1350536
1779813
4099925
818781
4760847
423015
1595743
3387219
4913447
1762313
2655340
3659336
1697061
322409
4254014
1310369
4303887
1690893
4252021
4652104
1775651
4171610
1042628
4466707
3537308
1081225
4631111
573536
3093444
375977
4085975
4397306
3455105
2151931
4072631
1730020
3372284
1802923
970709
3595600
4611973
1930143
552691
454714
3291576
1841400
2416189
3585362
884930
717100
1261721
3615736
3092800
1676284
4109531
2327095
4149867
3250090
2598685
174874
1926334
3568010
1257533
1070968
172560
4417979
2941181
150701
901986
5227143
5400394
3644189
5266879
4174739
1660603
1574277
3933188
1367783
3660285
5006835
4479770
1717067
1537743
2782733
4952605
3965916
4244358
2979584
69945
1700799
1411147
3958264
2191528
2198388
2909963
1537498
3700476
3207027
230180
1347346
2973788
1828813
3966207
2768236
4739171
3540632
518988
4272999
4937656
695047
1716971
3717288
3739785
722060
3843363
4387766
2380949
2664187
4913070
789738
4615391
3170652
550147
2973142
899110
81347
3490656
2610517
4076190
4206425
3756912
1959738
3353408
4260649
595361
1876310
1766298
1651602
4415152
2783954
3014221
1217851
358848
919512
1986777
3675025
4157937
252092
4784143
625067
3156407
1016545
1445596
5105502
3289252
779858
2227910
620611
3976542
1522293
981550
991737
802312
3611109
5075633
2855126
3679310
1761210
2144337
1980495
2410207
1454464
2019403
5250929
4438654
608933
1187076
3136198
5015364
2983094
2885714
207889
3004107
469836
868095
2639446
3684642
92750
4035556
3636095
1188017
1222889
943332
4421113
3060221
3081145
4674604
2564289
3247693
186543
4766275
2043095
3909348
3199309
4466973
3071912
596455
4815156
3417552
3247477
932637
2928201
1997551
4257129
4267751
1294047
1533362
4033804
3994559
2751774
154736
3538197
1863150
2999653
4645150
947877
4377476
3968293
1210815
2890524
2359393
4916376
4266343
3500185
5225703
1977227
676340
2647322
2997606
3499505
493458
1390197
1474986
3161624
69945
2878330
190609
4617783
2460894
3067802
607000
414306
4718062
5207418
3779280
1107109
4105952
4790562
4649499
351356
3020594
2394815
3679431
1569739
938520
2574201
1175564
823623
4810151
2020245
4628093
787861
2004038
1137400
551290
880758
3265323
352506
1259598
3602063
1796038
3133889
2078201
3235148
593909
4936108
3899786
2703192
638396
4327517
3316467
2437129
546289
3419129
2979454
1966043
5252092
3694003
3053365
2396424
3353576
2762924
2896520
4133422
3551792
4925622
4497380
1676723
4345899
3934866
5163994
4733247
2803334
3871903
2118156
841306
4247601
4003494
444510
1768200
5077967
2879185
1570213
319486
4723514
2702574
2172521
2646856
1321554
5094588
1832725
1726988
4678080
183768
3938196
632279
4094705
4138367
2433950
3964872
1080554
968309
2813758
1257867
3845444
3980360
3985761
4970495
5318734
1431091
484684
2833497
1859938
1545338
3652269
2850952
37978
229117
5171169
2485804
2558477
2233755
3049948
4820535
2806370
2471719
4678571
3590324
4899519
409888
377760
4138873
2140641
471086
3149400
1892930
1858953
1955867
3145072
1486720
4688637
2732737
3656183
4873399
1559881
345393
4856615
5322624
98370
3758382
4518637
3831220
4580320
4112713
3593705
4430658
4920965
1000966
3058143
3628385
178880
2049137
1049434
2808247
163935
1017277
3014117
138445
4598285
3388135
4649420
1310545
989647
4462675
3342142
3513626
4791404
3225470
4309864
1664652
2365463
4617228
2191350
4042630
1666160
4809286
4138592
4275300
4449210
4219814
3489771
1564906
4449467
3108267
3847101
5054434
3712762
3780400
3442143
269335
5089692
3706205
4164578
4330451
3910060
4120697
86646
1896409
2634818
2465731
4705279
1140894
4749918
3931767
972494
1157921
3386785
1640074
3075737
3553880
1056725
552146
177639
4130278
3057363
222352
2202655
1734371
2689585
1812646
1404034
2384394
1673257
3322295
2832523
2393046
2803903
1174166
2937723
4371163
3165487
4261448
553683
4707546
2557557
138581
1012608
216297
5107244
4477750
1811050
4138285
346282
3850791
1914159
3784241
3162046
3245858
2711018
1936559
3856026
1265010
4893983
4313334
4615129
2082535
2766908
1868862
2989512
4801065
4528247
1757297
1586698
2002361
5068170
3811199
2249575
1606294
1436022
481907
4412066
5159969
686222
684356
2515025
2198633
4234503
1904002
1877619
4090631
3038939
1306184
320197
3835992
4305137
4449767
3727890
253665
2704429
1110945
3528045
634185
4613269
2386260
4851738
2946217
4693346
5126547
759600
4772545
2330994
740608
3766793
3106584
3870325
2047117
4242728
3389802
3702072
4548961
2602720
3206948
4248546
1512291
1744345
1878269
3427905
1901003
163808
3436762
2299259
1667912
2493090
3422216
4385202
178127
2009095
3844409
1183517
2630345
616548
4397606
2979164
4620861
2400145
3853155
702844
3866885
4527100
692666
3294793
4372574
306014
3192180
2530374
4268855
1636841
1226353
1584674
2245690
3002066
2338364
2553989
880329
730113
4054688
881748
4122828
3996155
4290076
406787
3868299
1615896
1906601
2109538
4053867
2580193
771682
2593880
2165285
1255365
492088
192190
2901001
3513359
1510835
2209961
3589100
2308379
2751196
2655706
3203056
1798045
3769300
2073556
55810
1830519
5544783
55558
1430735
1213478
4235758
2883594
1723280
4160971
3925573
4882834
1576202
688702
2011369
1918203
2656001
3080332
383252
546571
1408721
4180540
2944373
3340620
1825035
5228286
1288748
3569658
4238747
3647796
857996
2834750
4443073
2323956
422362
4483610
3750657
4497123
3738602
3141209
2283994
4313421
1132814
1839723
3712473
747155
4810111
1152815
4532730
3990991
2500324
3068385
403773
4469202
2782455
1637337
3791553
187891
1328819
2279041
3535259
4220583
1477184
3969764
1171825
2441149
1212248
2374266
841109
3566187
307840
231343
3604544
1308896
2358755
1303103
3671477
2928111
611093
5221629
2988518
1219079
2365457
2124137
2960983
3972813
1611774
3433217
964964
769769
4683353
2296324
3178700
334763
173596
998708
3996622
4033808
4631194
2355857
4706748
335477
2911639
2847989
3161252
1404104
2112111
4045311
4775673
332798
3812522
5347709
82582
744677
3764834
266217
1476717
2097749
3289627
4726908
1739545
1473801
1313980
2001844
1550623
4921174
2616663
1908232
3132351
4824810
3624760
2043964
3683291
3477809
2088785
1019567
2000894
2616490
2432712
3526070
2918906
4595518
587206
2745839
323822
1992269
3086152
1022216
3667897
513356
4621643
488530
4636445
4208666
4389068
3171848
1473393
231410
2703518
4082795
2748110
770915
4252427
2526274
4121423
383429
2564162
1625186
3555717
3240068
4079262
2898674
3217046
4397533
1834363
1726587
2877073
934200
2998032
3818993
5068530
501773
246566
231734
2667065
5005779
2500343
2995836
3296324
2591831
748196
3080209
4770830
4076439
1999562
475634
4605944
2865346
474743
3630210
3360037
3208041
3168604
2537028
1880968
2057854
2655188
5455019
303620
3831971
1995724
3008753
3639157
4299920
1833110
2009227
4329647
1290151
677750
1252096
1280408
355741
3743304
1708055
4105478
3859986
1456162
4319663
2399146
873288
3496158
2674711
2979319
3110145
2170054
4487011
1600760
1221952
3093927
2136365
3525281
2390254
3357855
2003768
1681567
1646598
1221493
2933822
1597050
4673848
339824
2064072
2281799
4110848
366359
2006508
3831362
2438077
3699743
1397813
3428671
3034055
1612180
3727148
3924223
4004433
2195339
2804069
400652
2251605
2118842
2934155
610025
4323363
4758775
4535444
427825
2506681
1569283
4286729
4044186
2049665
3821628
4532245
1883035
3189955
4555631
1688249
3152427
1038172
3985398
4954074
2592622
1172370
1372684
4811144
2542304
987846
3672133
2577473
600107
1232326
2816954
2088511
121013
2505176
3537260
1969967
3530077
4219810
4631521
2133298
3014854
810235
415518
2466776
4962611
622670
1722533
3575774
2233829
1591225
4540118
173796
4102975
1999569
2969066
3288688
2892792
477527
4889775
415924
217183
3859372
3943455
1717818
2991569
3941831
1084186
199512
1727214
4720780
2878498
5155226
1869005
2801290
5382678
3012137
4770424
3418711
4378753
3537357
2537159
1832728
2727358
3626467
4993695
1888014
3584308
5021893
236353
1614122
4080563
2463476
3702294
5233346
2053726
2032105
75979
2995019
2171003
2294407
2201476
2481150
1083043
2584826
4649521
580875
2893521
2932841
4978752
1296061
2882605
470878
369183
2035701
1870825
1156925
3562181
831719
1664039
2036746
1375498
4347140
2586310
2134145
1417820
5149009
1983290
4690646
1446348
4890705
925181
2318941
4029405
5151718
2194816
576690
3417676
3748262
2214645
3107233
2638430
2644547
3843044
3334228
1428088
3426873
3325567
4824967
75160
2463770
76468
4046492
5204945
3585020
4541700
1374217
5214347
4309565
1274795
157574
1800837
4537951
3127739
3705770
2042248
4682111
5078945
1847389
4288227
3154859
3313286
944514
2078627
3503000
3141520
913323
1087925
4018456
4438834
3866354
3326292
2861272
3388814
4067978
1483613
2538072
4314727
1794760
3443194
4106450
4191113
2026752
163382
712962
1103310
1908944
2527495
1862992
3911808
2679958
141600
3190998
4244089
1565730
1345556
1843655
3354879
4624331
1451622
3421363
2351496
4706521
4583317
1704275
3483067
4763688
1229491
2874647
410613
488979
2213319
3193649
2289245
2113172
633979
1352214
1370571
711237
3170224
1499410
4630654
5210457
2997893
1904837
4668110
5137070
3852428
3491828
864125
2492891
509352
1694741
3337627
1465392
1563869
1696142
4425176
1743412
378319
2676276
3034865
4075880
4420736
3180511
2671478
2748622
2033012
1768726
4667363
87339
5145876
3673308
2502034
3749110
1058580
3984086
1133566
2474824
1729629
1158444
2611536
1646443
2635598
2124629
4589915
3591282
2022385
513833
3469924
2746931
2351799
1233975
3451776
1785006
2065540
3324006
1525192
2204402
1679437
3357246
5338676
874353
4210955
2591088
1184104
4425539
4020303
1146945
300455
414395
1261972
3992185
191738
580075
1639683
1603319
2457192
1025093
2899765
3295430
1869284
652865
844287
2259130
201438
185219
1569163
1466144
4610202
4003610
2013428
3026340
1845561
1769947
4808044
1166809
1745251
106731
2697343
106013
880335
3838540
4057797
4913843
952225
3103621
1868755
1401610
3930422
4490302
2991159
1207005
1870719
3022652
2372697
3691463
2580209
3308302
4501987
2609434
1578796
2791804
614399
3297233
567320
1279783
848136
3709911
549907
4839811
1877796
740869
2012006
1211255
2543245
3083340
3335131
2945326
812212
294751
4551529
3267083
3254906
3331994
3062578
4754797
3836346
4488518
95270
2675852
3873971
5196202
4107231
2429119
2592337
3809253
3770945
1360202
4047168
730492
812497
1944572
3362713
3302412
1754026
4053338
4373984
4140952
1815621
4074325
4977495
1663282
1233709
2737680
2563504
4580688
4056922
1982389
3254865
4781466
93834
5316053
1909839
681519
1744778
848238
1571854
3627621
2095275
4923042
2818022
2810874
299309
1835807
332718
3167627
905692
1647298
1413469
2260499
2084679
2518039
1104758
2526270
3212130
1895513
4555855
1343493
4183379
1268197
4797351
3946819
1139218
4520939
4740290
4234536
2138964
4261474
442969
4279047
402231
4995922
2615892
2378272
4595162
1495137
792993
3300718
2399530
3000486
2631215
1405547
3467354
814011
1341316
268722
270681
189864
2241924
2165506
310621
1936171
429891
3300565
3603826
3453730
2088218
481969
1214788
1452574
2387692
3468648
4851485
1661823
122149
92403
4089072
3187641
3663310
2605016
1685417
699498
1567848
4192629
2878370
620222
288407
3162297
4693797
1551658
1068567
1342813
2943429
4628168
1458539
5505275
3442369
2926941
2972059
4439459
186729
3060707
1499826
1999272
3015652
4768536
2683959
4278217
3839887
2106552
5433720
3217425
427382
1019556
4109025
4794487
4058629
4139939
1877330
3035719
4325975
5234304
2507324
4493793
4766201
2883196
2572317
3520303
1408114
3105289
3516870
2642570
753928
3922510
2125077
1596233
2617459
2011346
4377383
3256177
4309211
2003279
201472
2797985
2329984
46467
2897090
1409839
562741
2225112
3562587
1880030
1293400
4034504
4043601
5142664
3032497
4569539
1930349
2789269
3064444
1826172
3228840
2971946
3553776
3221986
3380307
1895729
935155
1356068
4036895
3094602
2907320
636356
5234304
3628027
4928171
984855
2823857
516513
2398382
4191968
2811637
1257080
158472
2910465
466418
1819607
3549617
3383569
3281377
4010060
5356203
1633136
1619187
3649385
1616437
3062843
2020640
1804825
1622905
2223541
1931811
5259645
238155
3498163
3590760
3090632
447783
1381108
2277353
4497300
1681704
2831799
3234159
2708103
1046302
2053999
1992502
2857569
2519730
5097307
3919595
5052632
3143384
1946487
2942082
3484319
398989
197907
3151410
455308
1163282
5223635
2522415
174589
1296512
4018918
394345
2032159
2398477
3825199
823932
3910274
260003
2641755
1049010
4546955
637644
1810571
2022899
4122754
2820471
2638317
1808149
918706
1495348
900947
1131032
1785221
2919061
3021320
1576833
2473058
1342272
541042
3955353
1167379
2904249
1598200
2330772
1416344
3295503
4628757
2415799
4262406
1862121
1294961
1221335
4054604
1489452
1727264
2399247
3774427
1388670
4222938
4030705
1927875
2525600
384618
1463369
983709
2494156
3275577
177519
3374356
454075
4253195
2088558
544198
280180
2495808
696696
3738063
3272227
2005407
3862850
1466770
4175869
4655232
1785266
4626199
2052514
1779015
3956455
3842694
3286089
4185383
3577472
3979483
424737
2904905
851392
4737352
4270023
1088351
2277630
3786634
343399
5170575
3515340
1462334
3307980
2323977
4342111
1278053
386957
1067842
4303642
4570020
1953202
1058810
4162580
829648
636665
3524189
3055370
4963632
2979971
1096694
2399100
2996449
1725697
1715337
1330484
2945725
3106773
4950218
98127
5221346
1909523
3435111
4202471
1632930
3143384
4197061
4210209
1158667
227625
1333299
1107904
478517
1392900
3783561
255825
4176152
1084903
1909989
2506234
954676
1490997
5037932
4583480
2301606
4464602
3771895
2312750
315707
4690922
1652914
2324666
1984662
3997515
4337523
981531
1797276
3086957
4542687
2002752
3968282
896755
4546264
1896687
2929643
2485934
4495634
2070364
769487
4350339
1274690
3381982
257887
5166757
4294057
497559
1812917
1524313
58271
4299450
2215971
3474507
776168
2872621
1031650
2291733
1515338
1907339
5033639
171129
301882
3157522
1847755
3647322
1104552
825559
3310868
3659618
3700932
1754638
2270367
2186250
1184992
3972893
3139185
1485254
2175187
3189791
4448155
2388897
1286417
4983702
1177504
1514583
314431
758849
654060
4909063
5203606
531616
700379
796639
3411362
255758
2408220
3646486
3237974
3214854
1536377
3558681
972555
1355204
1264918
2670155
997358
2837733
3247994
2431045
2475362
686571
947223
1899829
4805683
2555345
3245169
231607
1509554
363636
4338106
3848299
2401627
489059
902497
936235
2129156
4748599
1075299
2423204
2149233
1998672
2772604
2293168
693685
4460332
4371616
4075186
2865798
2414533
1364988
3901003
2975067
2843168
4737656
1084952
3491483
2028339
1471395
4814975
3303921
1363258
865590
2526631
3806360
1966989
75053
2153947
1986935
3967926
4605280
699951
2964086
461859
1903558
5005730
263011
2315243
3536585
4574845
1954044
4016035
857497
1050156
2419938
960976
1484209
1088818
2630786
1305984
1772028
3433619
4980895
423964
3447227
1344293
3353113
1695535
3221619
3160234
3945369
1050694
983283
4147803
2180025
4307717
732316
1113020
1853821
4638298
5167907
1919683
2704931
315791
4803344
4208409
3585397
3295437
4231830
2415287
3160391
1634128
264029
2755413
4603780
3428729
2658181
1097939
3488842
5435528
1925224
363213
1940132
4619783
1548169
5461630
1624310
3717554
758961
5634545
2504970
2523845
1155013
3751980
4116261
2694540
538820
2455160
289287
1054947
176146
1791884
2089122
3913658
612944
2568294
3418606
2211326
4584502
1459319
4690667
1885448
1848321
2362637
2649231
771954
4653912
3162724
1072677
1455037
4630421
2575323
4695198
2300855
1196322
967724
455679
1787514
2668218
1418309
2246932
933876
2152009
365156
2735612
2392378
1724604
2763556
3864413
116987
2525188
2554680
2308656
1008780
1375513
2584852
2939881
2642565
3008887
4516234
3379085
3392562
4835290
806693
1887253
3674543
2247823
1984388
2358540
4826166
633735
365196
2546901
3420161
1286660
445405
4820751
2874263
5391304
770392
865674
2207807
5329375
1040288
3500360
3977106
1109832
1448879
2775460
1565255
1119986
1565779
3493707
1307155
4721251
4528709
4507804
1027086
4321295
3151270
1762914
538632
1311981
2483180
1671900
2502648
4777152
3426099
3101286
2838935
56926
1996623
2212414
449586
2659792
4582704
101591
3576076
3357391
2393223
3337951
2063269
2896352
165886
257438
3034032
2635433
2352866
1430066
3457557
4351936
3478392
1394622
2138670
2828126
1466306
314382
2232898
1805990
4564870
4513741
4634102
3759566
373034
3249951
218458
516464
5240191
3783943
1952846
1414853
433434
2162604
4441623
1424575
4370231
2803535
4749508
651302
4173413
1360719
4186587
2304433
2802298
1888639
4211234
312392
1764640
665896
877186
4986138
4288927
4715689
3951777
4246745
2196075
2450863
841943
3018001
4315757
3847994
5205577
735583
4330240
516665
3022635
897031
2395523
1423899
1246324
2920851
2008488
791566
2872614
898756
3918826
571913
2625353
2765633
1254373
963424
2706292
3651612
3920407
2201511
554383
4076318
116396
1342465
4967658
1430289
1514627
4554041
2789190
1388704
1402577
2438684
301200
702409
1940332
760968
1984810
2750016
2095379
1175124
2791493
3974217
4299557
5331224
3824385
1294067
2033508
1985408
3018551
1124721
2668262
355346
3633966
2805976
4006183
704807
633512
1359779
625157
2979342
3882104
1993572
3220315
854340
4153036
3949545
731026
4608667
82238
3881104
1926658
1908618
3688769
3373816
202357
3216708
2143756
4088295
2711650
2878915
4131856
2297291
505816
2445340
3173745
2752421
2952050
1716541
2404409
3647287
410160
1769224
294359
1867233
1311408
2165973
3850360
252074
3132702
3452748
2241049
2266942
2374533
4347644
4774422
5142353
3036923
1512355
2070545
4045600
291050
1561053
3919426
4695998
4549263
3308859
1310425
957692
4446476
4471839
764460
3956016
2175062
4467449
2997104
3617630
1418840
2387584
1716854
3299427
5388455
4360056
2171869
4896191
3182346
2819572
1833855
2165587
394011
2130926
1461020
3490198
1417598
2574448
3251542
3249001
4098073
1409968
4445223
1459031
2529699
4193565
1493450
3063632
4448793
4578808
1778907
3933470
656318
4154734
4409448
4831839
3629903
2096377
3133049
4144132
2099303
567602
3531117
1053982
2793551
3981565
4399834
3060395
2755235
4509040
875469
4386792
1107759
2022446
2366323
3885827
3859862
3730004
2427185
773279
1391620
3055486
5251920
1921700
2058297
2679779
1734930
1116317
4734651
1366642
4689360
4636308
4997808
1147800
317766
1019157
4499449
377760
2915114
1423682
776595
262337
3643706
4574864
3263574
1695564
1329410
3468096
3620073
3420474
349662
2519232
4919937
1364743
3021247
3263178
4163895
1180631
4987628
1696948
4789340
116062
2060427
3921850
3143656
3938015
2363604
3966391
3324418
306513
1977506
4328507
2846336
1090178
3223695
1277797
1586030
697822
5149782
3740777
2438045
2155489
1542197
2662335
2446347
2690524
808527
1798887
3845413
1017970
2375848
4996757
3120548
2519909
1814522
3182081
175830
1395498
1105381
2047512
3156712
3951577
997679
1746616
1013797
3884145
2489895
2838969
3431715
1133929
4595518
3781733
3992305
545806
1217436
3812592
2336336
3471505
3127596
1877011
4082389
3903710
907305
1538661
3841142
4695116
3191020
2591212
2528677
1801747
3195440
1021122
1560109
4693110
3417830
802724
4578714
2243232
3223556
755438
1976688
1944121
887031
1243919
3033305
1620741
3333372
962833
4831299
910519
3998031
5217965
2874515
3555468
3303334
2431679
1097807
3795914
941948
3586810
2377458
704914
428348
2357157
1766091
2929155
1000764
4029572
3832676
5594967
4447994
3125751
4772395
675070
1367543
3041429
2626024
560718
684507
4291372
584376
2909273
4749205
1813570
760214
3957006
2173465
4409700
391136
4136888
151043
3562201
498774
3295033
3861356
2680858
4497547
2598840
576188
4146427
1322931
746410
4398098
1150893
2881014
4903282
1779662
945167
2915329
3135168
3776723
4435506
4080929
3830062
816108
5184855
197319
4579703
1513196
3355293
1824747
837175
4390219
174555
4418471
4201787
1935755
4703056
4004810
4664318
3254026
2237664
1665867
4069371
3647426
457915
3197987
4198674
4885084
2423483
4121523
4215422
2673591
3102344
1601096
236780
5146214
1369451
256711
352708
3231829
4669561
2551475
854459
409491
1150337
4917403
723912
2920021
193226
2798614
2451537
819702
4334123
2291754
2624527
1276000
1646389
4364731
644920
4245888
3598120
3535178
4629380
3195614
2049309
1140238
3106109
3759124
5391129
5303867
520542
610713
401994
870948
1505549
3288182
2799203
376926
2527224
4314870
1737323
2008889
2172611
4976275
3758616
3334886
842692
1359098
559352
755468
2966505
3357279
1663122
653944
5356287
816369
5264648
3556221
3423267
985596
3615627
4917020
109303
4605940
1913891
2657026
4839058
2121388
902080
3554553
3895858
4160883
981456
4845163
2212974
254735
2725858
2021075
2323284
178832
772723
3236060
3173302
931666
4910042
2824976
2528750
2157095
4743201
2249032
4697887
2446153
3665607
1190907
4795979
2977977
1467032
3899613
261054
3624458
1580178
2250980
681374
2335409
129638
1289354
2905631
1343297
3449688
1419263
3652674
5079631
2533366
2953055
1341637
4461571
566819
4004145
3397966
4860128
3066491
2416875
2604198
1007890
876256
265470
1267711
785631
2484858
1604251
1722630
2408861
3929185
1638712
3084307
4437453
728775
966012
610941
3527632
4300533
3185784
4708928
2322074
4221621
310070
1496368
1229479
4988684
253020
1134088
4817080
2502183
2911498
1034749
1591250
1059376
4792637
2955382
586604
4151866
923993
2852440
452740
1832073
4634018
4955921
1377077
3002183
4223307
3211558
895425
5181664
976753
3615247
1302571
1224369
370168
816509
3142091
2023845
3681721
2718089
4268939
5031904
725510
4815477
1216421
4645026
203581
1081907
4364793
3735524
5088944
2816329
3650055
2913740
4461862
3658402
3962121
672705
4653605
4364209
3469825
4279258
3965088
4654450
766013
3791751
3713667
2407648
239582
4171876
3068772
5138839
1906128
2361932
1177313
845845
1048155
4203325
360064
1324578
4337723
1054804
2782798
4954900
3184989
4347695
1202857
592637
3870026
2170540
997827
4139972
559900
3987760
4659259
302741
1786299
1903681
429589
652785
2607332
4659349
4176751
2222266
4368774
3286012
1138704
4636734
2215809
3977920
1347445
4393066
277977
3970591
2506770
1556691
1265151
1147081
2752378
894759
3320871
937447
4184416
2874757
3151337
1658012
3016237
2551399
1159369
4554762
3294932
1327475
1598617
2006767
576372
432145
1740917
4217554
265038
394357
1582284
673226
2478286
3549856
1921006
3657924
847637
2049189
632680
5387229
3608844
3263960
3523976
4641834
4421189
2941317
1539488
1660391
5158786
2297034
3828378
3261256
4205574
1869747
2121948
3411875
1181223
4679451
2206022
2027931
1725282
4765540
652560
415536
2902001
1969787
1415459
1898821
4173267
2217745
3574961
5229653
3089572
2703601
252624
1161839
2433818
873998
1831121
1968235
3682512
4857830
2078234
2036890
1382002
1636848
4846731
197430
3166431
669581
2321219
1827573
1945284
3833689
2768206
4253092
2355840
71261
1910584
2890499
728590
2148571
1082456
2605513
1324993
1857586
5414769
1863745
1907119
5175263
4821099
1394655
4030110
3059433
2583691
4430544
3247279
392164
1168451
3769233
1418933
3938016
2790080
284706
2109403
3297939
1299803
2625570
3320155
4247665
3533828
3842797
1665601
2532716
993209
2418919
511086
3522681
3722944
4627026
979456
4576515
3817837
4838110
3375695
5145450
2290297
4376547
1509876
3339450
1779986
699183
192478
2803972
4041038
1827415
4630755
2734411
2731731
353785
4621549
3574748
192238
4016237
573628
2231378
249367
4098276
4704589
3326309
3095581
5023711
2558896
1458108
2181047
123652
2895067
4014292
704107
2487945
318514
4882521
5221189
3840674
2203018
3016456
908216
2728879
2997573
1355491
2361134
2538564
2404733
3756541
3996190
3816439
2541350
3408034
986619
238871
65174
1115461
4556767
1813966
2872704
5071192
650513
5701700
3906139
3943865
199047
3270493
2660405
3655614
3973124
2815828
4076023
1882545
292586
1931234
4354062
4972005
2160135
446615
1269367
3671761
1320321
1721272
316769
1902696
2606722
1131751
4335890
2574390
5372747
674178
4661811
4641151
2124813
4643825
3706150
2208694
1491083
2959969
3119075
1484095
823163
3697893
3319225
2955325
4645248
3235874
4782197
2325354
175468
2248339
2588633
2363250
3751499
4704619
1401004
4559899
4330555
4179250
2671241
4839465
375577
3967282
4136123
1852030
3227007
4122506
69752
3152993
2332524
5212579
74197
923862
5086850
4584186
2296976
4822712
1967029
4354924
4168987
2875612
2020977
613628
4340530
3381765
1494229
3529947
1020582
2412170
577619
3903516
3746780
328027
344547
173649
206845
1505799
3594587
1341095
3029196
3310620
3725613
542252
4713875
1987913
2421363
1667123
4235112
3721024
3616236
2944222
1114476
5024440
2650425
1079925
672054
4286228
2142141
1995285
1914423
3820537
2950344
1668687
1193062
1089592
2624626
4058725
3117135
1429231
3745504
814236
3850171
1095362
3029096
2983862
4859631
4071811
2739498
1548035
281083
889591
819296
4949172
2767582
4813242
2646744
1561192
609512
77778
318130
2925437
984081
2870793
2219894
3131961
2668484
1132143
5004015
2583541
3010698
2030075
2354096
4523503
1406495
2116654
1159197
1332384
2478264
3262121
2539367
2225210
4009484
917394
2826691
1439499
3847696
546860
3634029
4583103
4932201
3057614
3770571
5183632
1023267
728896
2564288
611182
1093412
3359416
3608341
2405170
3832689
4956583
5013565
3661265
2462213
4246590
955071
4373291
4614991
328277
3702698
5064822
3282925
2867477
2639439
4169259
965699
4301783
395576
4415397
2912591
1901202
1405602
3416713
2061864
3058115
4768521
2073894
535704
3061746
1578477
4376098
1085313
4068190
1229465
4620838
3255256
5410385
242735
1576640
2544540
4527518
3802894
3266811
2207504
3857013
2523919
3127348
3901103
3489312
5352945
2636253
2221741
4720476
427123
535924
1426250
3348526
85022
3583574
473247
2826786
4872253
2041830
1609751
233657
1192929
3054390
2562941
509131
1592111
3167639
3190750
4172698
2883063
2568127
2812492
4444594
3149583
4511255
2323953
3889028
3384542
2261220
3732106
5005039
1661720
3810608
3238394
3576102
348509
4811390
1213128
3718540
1567801
2778909
999749
1562791
992927
3874714
2477302
1384549
4664465
198548
3111154
914846
2171854
3384638
2838081
2786419
1342333
2073938
3523585
1903661
4042816
3461245
1664035
410748
101927
3023781
690235
5373698
4676241
2798851
2782835
895876
405417
3876394
1149128
2331845
2627368
1993858
671601
4568418
3069805
2078593
1229051
4076541
316842
3798896
833721
1030024
3822032
3404549
4148295
4748084
196782
4153004
1400741
4619936
4778720
1067745
107399
2431467
4334533
5050179
276097
771707
2390703
2512105
3384827
3110004
982289
4679517
249859
1414154
2807145
4734827
1143622
1355016
3928490
3853367
2480245
328911
136320
2359404
674379
2025204
4162323
4434106
4231820
517509
5018387
4253248
1399853
3234616
332721
442178
1524798
2323999
3341546
3161942
1193949
4240268
268801
1917596
3935176
2177124
861019
1215929
2846291
3757534
3793333
1580381
4188222
1303044
1771613
461009
1518488
3006177
4916799
3998907
5031262
5036119
2579740
4334750
1521655
2026951
2271726
4464867
241790
3894789
1941588
1189300
566585
2215694
2574743
4186947
2286528
3517476
4701212
1825249
4277829
764841
4028267
1227556
3076806
3987140
1241667
2397428
3969467
968343
1691211
2315780
2038240
3517716
300533
4508308
4792342
3041058
3716546
2148682
4256217
2010424
1488934
317105
2603771
5059136
4783053
1559793
1568820
1069532
586367
1451848
3943298
3805093
3777989
3399644
4036037
2995995
2858896
359487
1009463
4764456
2114272
2799123
1248413
1048493
4340954
489459
884467
4199826
457985
1172872
964898
4552502
2332934
1330527
1758315
745756
472165
3568336
4634955
1133020
1672663
4360670
562632
3682842
1991227
2729728
3870701
909086
4262176
4501124
1715084
4747179
1996044
4007824
330461
1985291
2228921
4198728
549230
848646
4053009
767641
5128094
1157099
3436623
837941
2449038
3116453
467915
2601673
4972927
3109705
1754978
1409394
2865981
2330857
1811343
4689846
4104619
805142
4889476
111182
3551198
1706347
181461
138472
5326082
375824
2112290
1877586
2229058
3037191
3593135
5124314
1049487
1811402
2508473
3702294
2905451
914166
4698646
771896
3704435
3744164
1169751
696278
1678534
4573400
5149011
900596
2178001
3823972
1382272
2026641
849424
2186716
343391
3987551
3387149
3181794
1807436
1102699
1038621
207047
3607986
3647962
5231095
4519807
504497
5354006
4859608
3060504
4352493
1266165
3688202
960544
545264
1321660
1583176
576786
2449500
3060869
2695513
1749134
1296958
4303558
2349073
4872557
3585417
2764058
782388
3656854
4617495
281358
4622632
4408107
4554271
2311496
4840677
2239695
2126338
2741137
4669629
941601
4853887
2802620
2858066
3693174
1347205
5138031
2154797
4287836
2019560
842352
4866524
1138208
1604479
2347411
2798211
2006982
2771178
1628402
2774261
3298326
3750561
872066
771007
950372
3673756
472678
523777
2697885
2149499
1754621
4333741
4518751
429914
2418245
2343996
3320422
2469716
4544975
339858
3755593
1647589
4757001
4189670
3830774
844128
2817585
1152134
4545911
4204960
547997
2522770
108924
998620
4807743
3818564
767575
752737
2882119
255793
3840645
77152
2290117
4002615
4376865
3530281
2322216
579681
2759481
2758810
2151680
4421592
3429578
3932889
2458715
2901119
4746873
508681
2717075
401458
1275545
4144813
2715656
2769892
896033
3507214
4007021
920272
1415423
3986110
1682608
5064567
1881540
1657472
1912673
1335401
2415310
5220280
3481970
2785038
4232033
4420449
1294557
5404958
2835166
460165
365224
3297953
129812
4072019
2580336
1691077
310539
1278741
1736084
3184599
2608557
2027477
4058676
304495
655946
203219
235028
3844505
1417052
2364006
2827273
541119
3393443
1701748
764879
5315540
3028790
1305030
4392451
4718270
4813888
3877277
1421969
1774998
1544029
1758637
1412316
1176349
87683
3738898
2256307
580284
1538002
2824002
3858169
1566506
2626840
4410413
2017145
1997576
4450475
3227563
3637266
1689997
2556847
1488276
2665985
2724071
4855437
1751476
3400759
721060
5469699
1066130
2657113
4846273
4373935
1689653
3523265
941590
3599952
673440
3120543
781894
3299059
3903721
481365
962823
2649870
387760
908531
1303573
984691
672684
1563846
1363833
3002770
3418711
320337
3120023
3665115
1129853
615007
2612979
94089
2669458
4524194
1104834
911577
293621
2523377
186015
1936619
2224312
3386188
1519601
1852238
1608903
3241619
2035127
132842
4048866
584802
3106748
683268
723727
2433084
4192970
1638307
736471
4271915
946093
1154185
1949858
3831773
2424609
100768
623600
5453054
790476
1882026
747991
1090070
1441535
1261723
2949160
4069833
4071951
1529834
2477569
3513665
2495930
737104
2940726
4091089
1742955
3241383
155425
2865513
4418454
4413639
930250
4411350
4479205
1983398
3785974
4784753
2740297
2911512
1051493
747745
1561267
4546588
332821
2571927
3566821
4850082
2769174
1662666
863712
2035366
3467916
2735170
1303562
551410
1356863
237870
2286462
4610325
3645915
558874
975839
3966336
1260733
3473941
4210992
2630633
2512618
388970
1977912
741682
3048726
1460919
2756017
2399535
904652
5158842
1115675
799737
3472493
2906282
667520
5538830
2256725
947745
2520805
1762802
4603152
4295853
2428053
136629
2355493
1266592
4440700
1760146
2153396
4471417
3648822
2206007
4129709
5008229
2259239
1455921
3719122
3158815
854459
222897
1109136
318846
852371
143501
5086578
4547549
2826590
173536
1990709
1170588
929711
995936
1427087
960094
1427718
4148139
5259361
5186682
1230990
4588155
1445972
2776519
4774279
1031191
3640742
3759590
3469940
2764997
4926511
4508333
126202
1224675
5317116
1685427
3754545
5012626
2670721
3315156
2840945
1202299
2572845
2303834
4545133
306723
5339236
2741847
5364022
2539015
3578542
4651222
3686793
2240189
2475188
605881
570654
1427859
1596464
2164818
615857
4658006
1282070
3124643
243448
688090
1269937
1345986
343035
3109093
4468633
801927
1313366
3173517
198269
1963355
420761
4171859
3327456
3295834
2804875
3148287
5047582
597697
4167975
1511790
2781606
1213809
2836985
1896048
4451776
1659023
2671262
2383877
555107
2326044
3552479
4012926
1101241
3834359
3902992
1797963
1622454
537741
582483
1154753
4717721
1421823
509320
3985728
98249
2551771
109188
3214115
2257254
4155458
2633872
147956
168720
1177134
1156107
566677
3376318
688213
3360182
1775769
1737875
2900032
2608095
803620
3007239
5101148
3348265
4508747
1240608
3589705
5046514
2773967
4927884
2356265
4038214
4262630
1152549
525344
2816983
3578738
4800433
726639
3104970
2776623
2568304
734601
4456709
2113005
2359646
2164476
2120295
1543140
716101
2616757
3933493
1214630
3266381
3649929
1581982
4068882
111015
2335965
3949364
4600930
872566
329839
2873607
4166359
4785120
1048874
750312
4429878
474530
3168253
4853567
807382
1516664
976735
514773
1552753
2830719
5003007
1521956
1197856
2228339
2269439
4422785
3357921
4238218
3626899
4452010
352746
926943
1196479
3814969
3906364
2645927
4374011
3307314
546491
3611049
1881356
343913
2337504
3154624
2285015
4264927
4820875
554970
1248701
5327899
1294873
2749098
3061988
482217
4804912
2792073
3980260
4836770
1387118
734898
127048
1956356
2935156
3041919
2554446
3533670
828919
4867024
3638622
407414
1433063
71503
2226109
2744152
4731218
2020268
395594
690624
1469915
2022516
1511285
1251393
2898360
4625589
3700681
1496284
3128163
3072646
1759372
4954861
933830
511710
2658639
556854
2943151
1679862
4638785
576853
1335399
4495737
4950139
2081940
4756600
3248791
4826763
4386303
4507484
5002195
2725733
2205721
4652007
2424911
2592381
1972725
781415
3274742
3570473
3969864
566272
1298194
4188937
3340621
4722891
3920101
931746
4272344
3088634
1088491
1070776
4469719
2111008
2179135
1953625
2152078
2753313
4893792
1769670
374105
4892146
880627
3941223
670946
3481899
2765477
5726426
1172205
915507
3655052
1043039
613609
3816264
4347013
3176839
893457
4797739
2862067
4326548
885562
3123104
3051840
542620
3833926
688786
2326097
3390107
1934752
4175305
4486492
2217729
3219982
3190499
4472245
4325918
2775665
3485907
936346
2402721
1409097
2780382
196442
3852826
2303309
1206787
5053202
2620947
2157942
3992498
3637754
292127
640738
356789
4807301
847141
917579
4855542
3505875
310313
938982
696578
1116999
654807
4592327
1743094
4135523
842396
3179092
618955
4115803
1633059
1282568
1897177
156830
161305
760166
2953224
2483446
3986928
1977038
2273918
4562958
4354062
1659678
3317630
2128027
167955
2147036
4537456
1213765
4874565
1422100
4657928
1358590
597974
798968
2249761
1443865
4215215
713755
4887792
4092091
1746337
2345762
1928363
476041
3547043
5597455
2243411
215276
3616281
4037849
935422
1868490
523856
812148
426891
2338418
3388555
601203
4125374
3700960
1183177
3995252
1622926
3431548
1056071
3648898
1052263
1235963
1409656
3078461
1621178
3460666
2632596
2878303
859405
3568593
2832920
575604
51549
2073318
4231881
1828941
3267655
5058622
254989
3795365
3344130
2227729
1094231
2951611
3654903
1268106
4421761
1085806
743101
846013
640368
446144
4128034
4625291
4765909
4894171
2463673
3085404
3191249
419874
2741394
4373375
2704656
3580508
4227545
3891469
2971735
2462069
3239790
1959104
3527561
2218861
2511000
4598395
5046347
4424588
1873210
4572074
1606761
2822753
4308051
3071130
2600188
125482
1548321
812804
5141624
2893644
4421214
3432747
1435059
2625528
3414750
3642734
1641172
2082594
3491341
2579143
1473015
3358604
3842605
39659
5040181
2329544
4040633
3522770
3005815
251623
973451
2216230
4530288
1849808
3792252
2520250
3878179
3390901
3546844
1426473
4277128
5315160
1931382
550123
2737484
961358
4238755
1593099
404562
4253014
2621811
2728263
2970312
296848
5077188
3734991
3842884
2047571
5425010
4545733
463884
2519941
4648903
2436879
4275050
340142
3009165
4520743
449645
3128000
2639883
2342272
2819860
1931885
594416
2491033
2833886
2168207
905420
1094450
4316741
671936
4920575
1970471
3087643
4145705
2846951
214855
2703772
3825869
5115713
1229592
4237534
4209807
2966336
1445963
362675
3475231
1096414
828372
1684103
1992088
3120501
2342807
2848545
4086512
396491
3808600
1438277
4225483
309179
4387321
5109917
3370630
3303995
1696585
4119382
4386684
1553964
652182
3550471
1495662
1933858
345938
272832
1737459
132373
2559614
4575457
4700735
3630562
1542608
2813550
3977953
94498
1651846
936392
2812513
3596385
3970002
3972880
1307877
3357707
4410068
2173814
1348265
1627122
1998119
2015590
1585476
243038
1504303
767350
3824639
1162132
4590783
1381972
3320403
1207133
2187308
3285288
579459
2681210
4168504
1239927
649269
3475443
2954586
115113
3984475
2778751
4805206
1639576
328032
100666
2415359
950507
2769513
1513764
3729192
154640
2827432
3993705
4190909
436948
2675360
2594047
5039838
4189600
4650432
5000610
3308578
1308295
4043381
3666426
2086246
3358639
2505464
5263258
838780
2853792
4681484
3840558
3601962
4335302
4998446
4833380
2328430
3374973
3963052
4662774
480043
4970136
243698
2672970
1421862
706906
4355543
2763886
236135
205631
4210144
3272491
2380220
4043668
2104900
434458
3391477
2620590
1479894
4026991
2437593
1069282
4639709
599349
132578
1983706
627267
4108878
3678939
3177150
4666702
697979
4921865
2335481
176316
1999971
1844272
3304482
2774251
1190044
3472386
3360737
2043141
1081995
908082
1941240
1821670
4540965
4356233
2845445
5213562
3529622
1951711
4703499
1457146
2633218
1885731
3725158
4385538
2832832
3343342
2991961
3431161
161650
5119960
2696730
3751423
2972247
966961
2769819
132018
914056
729772
965346
4974914
1286732
2599795
3994913
1810169
2596109
125203
1289527
1777261
4787134
3629324
3027287
3792242
3591623
2540444
405394
3338263
2048959
3867257
951217
1178875
655582
3895760
4182398
5538188
3291240
2847675
936768
347087
1608340
4168042
1717087
3899813
1132505
2899381
1317139
3310198
2880309
1620515
4884770
3948557
293009
3176421
2894200
562763
1698814
1360220
4562278
4711251
4544444
215276
4263941
538081
4814144
1232320
3721201
3296940
1638613
3617806
3948508
4176677
3922171
4821814
2685688
859294
4219776
3580198
5288340
931544
3645242
4476120
584576
965724
1792884
3447043
3412780
1869084
4270443
463250
1535621
4730037
4469419
2350316
4953601
457576
355772
3337251
4478087
4974089
358377
4153839
423339
1620831
1329637
602864
3958635
390293
345256
4573253
2841527
1440034
1702919
3272792
3451089
2828720
2570198
4156209
2750846
2689135
2876795
1880412
4514378
2498427
1400676
1981999
1898641
2776809
2134367
1648439
243987
2281242
4528241
982739
454419
5010834
2939252
721940
1032093
25425
3141280
3336290
2014796
2927663
4644695
2432484
4896570
3453752
4611761
2617746
4244748
480172
106327
1680400
4977386
1520218
2075373
3547895
1656510
1750599
3467606
4421941
3551480
486297
111422
3772879
395550
2828287
3499495
4312941
4640461
2148789
3776162
127737
1601599
2193807
1768360
1186785
516049
1781578
2730913
1278683
2791104
773315
4149165
3089582
3413127
2608491
1642777
5224236
3266910
3616731
4863032
4170734
2270612
4588329
3423154
2344535
3802819
4414013
2328597
4718738
4712163
4198579
4307009
3784927
4736911
4303487
2139311
4813762
5195415
257075
1473075
4521985
3223490
1357955
2860277
1875951
81371
928619
2112559
4313480
1517029
3833982
888181
2175546
1427807
295327
2307659
3535887
4636603
4035675
2349132
2816792
752534
1046530
1408294
2932864
4441167
5373182
1211237
2891099
778274
3485716
2170206
2414310
103224
2073104
1112810
83355
4252813
3203384
3524004
4990384
4714126
1005527
465304
1599674
4357106
4569238
642121
2416177
574366
4000466
1117684
3743500
4242731
4816089
4199924
125636
147572
3100173
4537063
3758790
3154859
85404
205402
3805463
104595
3954813
1715735
1661587
895625
2103966
2574513
4796346
329584
4302950
4598641
4287818
1423892
3939311
2758228
4552385
264946
3681102
3626305
2427910
807931
3295136
4778661
4025439
2533425
3264978
3079478
3351589
3118511
5473991
1385240
3501418
4684467
1663695
2403670
4764996
592778
3496744
2824157
2864501
2374746
965265
3661741
2035450
2743216
1923990
4226655
5050924
3690468
4427731
4877663
213843
2943199
1858620
670969
2090571
3452918
2706729
4738081
2671287
2037279
4905476
1682247
43339
1710127
3459194
146933
1416892
4927011
3691030
1411773
1692564
4362423
804985
4041806
298004
5035261
802494
100552
1297614
4180242
3398932
1150922
2494619
406994
282985
1790331
1669902
481965
1915530
2504910
4898536
4772395
4869929
5021272
902820
1208951
854974
4697313
646665
4242733
3810208
559381
1586115
1713683
275706
2016232
1276067
1287816
1978403
3956940
583376
2329209
5285139
4924318
617594
595325
3974095
3857861
2364550
2816000
1534300
3429803
3787157
785347
2441597
4206054
2225207
5113902
421974
504244
2907579
1017513
2628218
2804985
1915125
1279621
4895055
780305
5203475
2930732
3101189
1019813
558988
1688302
1920521
403007
3136930
2982620
2660934
1206996
677423
4973820
3525646
2442146
1935523
4420068
5117451
1628548
964511
4979002
2303202
4714771
2383149
2468236
2664393
2759135
744519
2223664
3895022
4115513
3832488
3150216
2485487
1707691
1048209
552874
4382090
2799516
3273973
3965587
2737497
4244986
2505965
2237899
3721658
175524
686571
3351906
722354
2016637
1046190
1313713
4610070
436605
3103262
1469489
3622053
834472
778627
2909849
1314790
3777012
2268006
822536
5315275
3784762
212313
3981770
3923855
1529820
2670194
3566688
2323834
2410224
5345518
1138843
305385
4515976
164004
4155716
3328229
2740996
1211761
3523919
2144537
854881
3303582
2405872
4457572
103224
1124444
847853
463506
2897594
3450468
4617922
4499039
5345005
4498436
4886200
659316
3988604
3536027
2263582
496785
514744
2556702
2995073
1478600
4281708
5068241
3837912
322815
3553953
4553830
1522257
2542499
2834200
3830930
3716959
3526154
1227089
1281995
753580
242793
2749108
5257563
746434
3383926
328032
1681244
3834207
232763
1923143
2247086
2842439
517703
1324850
1044428
3719956
5173750
3520533
5503274
1674536
2835405
3173916
1049975
2232368
1029356
2750925
4639549
4205090
1246305
366187
867056
406570
3796998
4459086
3172378
4635359
3882472
1579067
928182
3982769
3819356
4895137
3196591
4145741
3606423
414509
3160237
2529378
1787852
4549082
3943083
4707172
2215885
4262656
4548561
4566421
2466334
2717648
3921789
2843351
3265626
5373786
4090311
1415300
1989035
3876490
189441
3492208
3727600
1876519
2496520
2474813
4407633
1246702
2829091
4775837
2017450
1505850
1464292
2544917
1672290
1293826
2479042
3377376
217222
3895482
4148194
3654169
357185
4947269
3640893
3172803
3999020
1872708
573625
2975779
3051608
652646
1122675
4667876
1946315
2041102
949593
1313285
3128979
642547
2697769
2027701
2865053
4795419
2017356
2975932
1189614
615397
3999526
3306241
2948528
613284
3585981
614308
3229061
848140
3653004
578707
4042726
5384143
4204092
3380119
2816176
2703242
391152
49932
425990
4655554
1657996
230030
343188
1238164
3362463
4057266
875768
1974750
4225961
4125069
3710095
2964834
425572
429455
3052263
304614
3658594
2688874
3234938
715500
4649073
5251498
3322449
2147824
4769370
59614
4793328
2763925
4478548
810387
2318283
3358325
3333372
272748
3448821
1534066
2256072
4593101
2994628
68687
2667578
3880961
742776
2442207
2494509
1941348
3340431
2848773
4803333
1956332
3975283
2171948
579334
276683
2869754
4690700
2257230
3394894
3556610
1879175
5122060
4767979
1163398
4212498
1040484
1316532
745774
5056359
838104
1788781
3596234
5041788
4562544
553179
4347383
3653329
1532599
3042602
455031
306748
431856
4218933
2436629
1323549
2533059
930070
427508
1247297
1608379
1763797
3834514
4348457
5072124
1539485
453646
222778
4899294
3688879
436637
1566591
5060357
4745805
2239888
4318367
373284
3956380
687930
2678720
1861419
153514
3443089
1766052
2202176
4156162
3056233
3982352
1568166
3409533
2233185
4697360
3196139
1967882
322413
2243309
5062051
4699988
655287
3040867
285186
2178439
1696488
262298
3238647
1876789
2495082
2546650
2605765
5066871
1380628
3265352
2238980
134546
3535957
208488
1452847
2928465
4407033
3352573
4963843
665947
2309272
4669884
4358038
1434427
4579457
954026
866627
3771840
605798
5160055
3884785
1155438
2267456
3638681
4082500
3530305
2179900
4954900
2981854
4047177
2718961
574159
2394276
790261
977685
3882359
1769740
1874938
2470830
4819076
2451984
2692914
3847101
3172099
3649175
415965
1160757
1826151
3680820
5246353
2479529
4933258
265367
2517107
1036205
3953803
4098832
1623212
147437
3625538
3796513
1045439
2317350
4726931
1680183
347848
2059556
1981525
4434183
4124713
2791223
3803828
3413534
3739120
4070008
854723
2323141
3354076
1288615
4362958
251237
2339050
4927032
3257740
4881302
284738
905479
1214661
5191709
4207067
3617327
2285422
4625839
4455439
2511642
4261001
4793256
4647953
1113066
5119494
3733282
2765775
4180318
4728326
4828873
2010985
1650689
2032792
2593416
2192595
1089614
509672
2534877
3123297
4083390
347502
2662454
2926301
2714082
1381817
3394374
1666728
1213793
1325580
2162133
246753
4021132
722193
712682
3829350
4255885
2024312
3548820
649002
4721611
4143064
1283470
4068930
2755764
5284874
970873
4817574
1233912
2585783
4372831
4171683
2108426
1781487
1314200
2720942
235247
1802156
2063343
5093531
2830259
4756764
2712940
3276751
3730339
2476285
1047714
1289657
2471708
4842397
2133132
1095042
3368402
1103322
182298
4580972
2362824
3643501
2484721
3957383
3171847
3901590
1264880
233474
2279075
2905586
2635408
4682245
4239975
3439205
632069
3583403
1760487
2392378
1376706
3526060
1336503
3943986
425593
797788
661480
1648592
1185259
149560
1125766
3878209
4623593
2554851
1809098
3018148
4179502
1371111
1352587
3559962
346938
986491
3035738
98730
4462810
323516
1874491
4796148
941030
3905559
3652905
1388355
219070
523409
2500749
2183977
1398623
4306308
3423036
3400329
650833
2649827
3087992
1272498
3443113
3555170
2929004
2665038
3666227
3949567
3062666
3705611
566281
1409449
2985133
3760934
5062588
1419647
2142691
2388238
1733880
3125053
367551
1941017
3343396
858534
226356
1934069
111086
2832018
4044074
1816353
3067470
3224362
2339410
3805138
2669580
2644676
3490959
3391211
2800657
1316928
3774395
4118681
2512981
1284674
4333973
424270
1828170
317051
1580282
3574913
4416611
1591980
2979755
638807
1103826
2939640
988396
104576
4246817
2553899
808718
2551633
486331
2092672
2689527
4694526
1883682
3188907
2575551
3487511
643780
1267778
3619188
4865817
3974877
923483
4414331
1461302
3498402
4553985
2234297
3889058
1685234
3702713
5062053
4566644
2721990
994121
567899
3411395
2892906
2707195
3836499
3704881
3935590
3567243
691774
5328305
1247580
3993243
2485441
4343309
2630438
321718
2953544
4100948
2696269
3286671
4545646
4941771
3390232
4400451
1698044
1353640
1319483
344184
4167362
4131332
733069
750068
5198252
271444
2845149
3482553
