140855
318044
146932
341013
233311
121839
529560
315888
540125
400391
99272
136231
414460
300594
267447
261724
271168
110644
358598
745955
470246
154836
220693
206259
250374
332277
134257
223035
287316
180974
247801
289469
639347
146370
550191
529578
329695
338829
169304
324093
322487
545868
484113
409311
324864
494652
345825
286165
517544
169894
389307
74018
425899
247671
410226
150401
542073
543676
413801
367260
306170
482655
422010
503003
315680
169399
440385
477236
53934
367767
364591
331620
317007
376348
654358
109650
212224
494955
183337
626005
233323
148026
462179
565589
289746
68541
106126
172726
359886
428467
171818
444263
157719
358853
174920
174937
127818
205640
443709
261668
368664
459768
259804
453026
513971
273076
149583
309606
420448
458919
438936
472987
156553
71987
165365
265782
189129
121917
98491
65041
18218
547760
306199
207246
381453
259171
555296
484300
150052
141284
414790
18218
191685
137894
202590
419515
559596
611025
167606
389166
141324
326664
87529
155978
151613
49973
143086
293435
469830
108265
382771
144799
136705
583709
522654
378823
404627
218612
417324
271898
248141
189515
97588
419144
211818
293435
272245
286661
210378
688694
134378
304884
558407
449688
500591
80429
584684
354645
644553
308686
130491
480481
373453
98596
68161
536245
531435
183588
426601
225988
345825
493334
251498
322487
202531
507943
285870
302422
146471
679478
321264
419583
51049
431676
479024
130898
574005
310548
374146
402912
237451
50689
182790
24694
184084
455557
86927
581187
353175
568766
423209
494727
409358
422072
196597
65793
341255
475794
229542
679968
236793
364630
57281
150401
252111
182303
290686
162574
199765
597158
213788
421322
181356
613432
284098
252035
252626
201762
184008
325724
601284
143458
311379
274907
355580
238651
233535
138630
320602
713390
49200
175634
574667
247017
248329
551311
201577
496331
296476
368826
94773
423091
393916
419180
336733
399811
366831
257482
170817
436146
254145
88896
445212
137894
562735
273047
563341
472373
56122
422530
318946
518802
218655
103885
455146
406751
587426
147603
183540
496772
224934
180754
617719
364871
508175
368904
118674
401481
287214
122613
323545
127830
238086
111836
553044
386262
195797
138287
577929
453332
375942
245305
216757
301159
412545
293617
213483
82400
169304
414398
613864
295140
362298
196597
70807
381201
131569
107548
186365
317301
177101
446362
288278
431556
515418
379905
362063
397795
312187
93293
189515
459768
319098
266778
604365
326284
105505
170761
523487
235260
455198
222526
141324
167699
218330
425046
214998
505001
51726
440285
391632
146471
403972
531435
214668
57632
244496
464554
463296
62920
660723
247739
139406
503253
508175
503590
277283
445136
416305
494217
216519
494727
446570
317301
469830
248016
621043
312348
276554
235260
88796
189907
481581
344963
410786
212615
562994
174541
187723
498725
500591
305976
493211
195855
243599
138133
168055
384146
446271
390965
332209
591469
442944
306067
439568
421270
521902
511815
169521
273690
324920
143743
322339
145684
271168
143458
500591
408562
186450
165478
127474
181839
290049
152545
472378
366115
576119
405587
163709
593874
34884
532447
432916
252111
185444
479410
689066
208058
115568
461998
252111
130991
642476
305406
138957
326153
104202
220498
484548
453085
456955
546355
617719
680322
646467
456717
304884
241796
264204
279646
270805
651337
169304
576478
425729
308213
183552
628604
546355
352542
467638
244580
145437
304569
303427
270343
252912
140390
601081
145437
