44997737
39398017
33498312
37798099
39598005
29598512
44997730
27498543
28398579
26098623
34098204
25798643
35098231
30198416
25298707
39198027
30898393
42997832
35598133
28998482
33898216
35698183
27398592
26198698
25198690
26198661
25498679
26398649
29398507
39797975
32198347
38498068
43897770
35098229
38298057
34598215
27298633
28698553
36498146
28898516
31598416
41797842
39198019
25198731
40997919
34698235
26398681
26198644
32098395
30098408
43197830
35398194
45597698
32898280
28998475
29698521
27198549
41797842
31098389
37898078
25598717
31098398
41197925
41897896
32298341
32498302
30098447
28398590
26998572
42497864
28198572
28498522
34098271
41097925
29098550
38298009
25498695
47297613
29098527
26198622
35898153
28898451
37398114
44197782
34098286
35198214
28998463
29198495
26398609
29398463
27398609
30398404
31498364
39398009
25598644
30298429
33898275
37998004
25598669
35998162
28698529
40997948
47097623
43497781
31898326
25898689
32098302
38098088
31298364
27998507
31998346
47797575
30398474
26198665
25698656
32098318
34098214
38398055
43897761
32798279
42597866
25398704
39098015
30698458
29398538
25998700
27298629
25998645
34998239
27898600
30698470
27498518
39198041
28898522
25398680
27698549
26798642
31898413
41997887
34398263
32998290
45197721
34898200
38198061
28698479
33698257
43697806
38498070
38998019
39797955
42997826
42697858
39398005
42897834
28298584
33098276
35398152
46997618
27998503
45197706
28398593
26198621
36398145
26298670
25498661
36698079
29198526
26998644
43797786
35598218
27498524
38098080
42697853
32798301
39698012
27798616
31298445
43697791
28898517
33898232
25998677
34398259
25698696
33598243
43797800
29898511
27898523
30898374
36998125
32098321
28598584
33998256
35298225
28998470
42797848
30998369
27998507
26398625
46097666
46497659
41797916
25798669
34798232
32998342
27998498
42997814
37098045
36098165
32098320
40497966
40197953
26898600
26898611
31698344
45697686
33298258
44997726
33798280
40097980
46697646
30298402
26898617
26998584
41297926
25498694
25598717
28598579
25098694
38998059
34098238
36698091
30398426
39897958
26298631
38897973
31798395
44397781
34998218
25298724
28398572
29998501
27698603
32298310
35698124
32198316
34698179
30498479
30198495
27598547
27798559
27198630
29898451
42097892
31198368
25998588
39698016
38198018
43497784
29998412
37698088
25398724
39597977
33998225
35798179
27798527
28198583
26598597
27098588
41097885
31498343
34198268
40197992
36198114
37298113
31898327
37298100
47797573
31098438
27698601
25598730
43197820
38398024
31698340
39097946
41897895
28498568
25498732
28698531
34498216
39697995
42897840
42697834
29098473
28998469
31898334
31198450
41597862
34698213
42797852
28598517
31798410
25698715
27698519
29798441
27098602
28398546
42797849
32998277
36498157
30798378
28498543
25498679
33698266
44497764
27298593
38498033
29798445
38798067
40097919
26898580
39598000
38998048
39798008
47197604
31598359
41797848
26498651
36198186
25898661
33098336
37998072
25898707
38098095
46597638
28798509
39997986
31898396
27498529
25298744
26898625
27898534
31298365
28398490
33998224
25298744
34898247
26198614
25998699
34598252
31598390
32998332
39498008
34698245
33198255
26098696
29098511
41897901
25598712
36098169
32698318
47097622
25998609
25098751
33498229
29098504
33398323
30798401
28298571
26198647
48497543
34198224
29498458
32898355
26498677
31198421
25898616
40497960
25398679
37998094
25298722
29298461
29098493
30198398
43297830
25098678
45197730
25298659
28998539
41697842
41997856
27998579
38997989
38998049
41297919
35598138
32298320
26898547
32298308
26198683
25398653
33798241
28898462
37498098
39198054
28298549
32698291
27698620
39897968
36598086
33198337
33598321
26198702
36498149
40097915
34498216
33598278
38798055
25698681
39598025
30898397
26898641
40997898
43297806
49697491
46497663
38498075
26398674
25798623
38398074
27798551
33598255
32498293
33998218
40097952
30398482
27598598
31298374
37598105
35698151
46697643
42197844
26398679
45897687
32898266
25198728
27198573
31698329
33798303
35098152
25098731
44297756
37797996
30298481
33398326
31798333
29998501
42197878
32898346
32098320
41097947
31498360
27898576
44397749
43197836
39997995
35398144
25898613
31398436
36798143
34198230
35198147
39297941
28098514
34898171
37998032
29298447
31598420
38498071
31898407
32998284
35398133
26798621
30498403
41797914
26798569
38598013
34998245
26698588
29598472
25798703
36698152
25398701
28498542
25198692
33298252
26198687
26698666
25898700
39997919
27298551
